[ 2018-05-30T09:46:44+08:00 ] 127.0.0.1 /
INFO: [ app_init ] --START--
INFO: Run Behavior\BuildLiteBehavior [ RunTime:0.000017s ]
INFO: [ app_init ] --END-- [ RunTime:0.057643s ]
INFO: [ app_begin ] --START--
INFO: Run Behavior\ReadHtmlCacheBehavior [ RunTime:0.068729s ]
INFO: [ app_begin ] --END-- [ RunTime:0.068795s ]
SQL: SHOW COLUMNS FROM `sq_system` [ RunTime:0.0060s ]
SQL: SELECT * FROM `sq_system` WHERE ( id = 1 ) LIMIT 1   [ RunTime:0.0004s ]
SQL: SHOW COLUMNS FROM `sq_link` [ RunTime:0.0066s ]
SQL: SELECT * FROM `sq_link` WHERE `status` = 1 LIMIT 18   [ RunTime:0.0003s ]
SQL: SHOW COLUMNS FROM `sq_category` [ RunTime:0.0056s ]
NOTIC: [8] Undefined variable: where F:\www\jiuxiang\Application\Home\Controller\BaseController.class.php 第 50 行.
SQL: SELECT * FROM `sq_category` ORDER BY sort ASC,id ASC  [ RunTime:0.0005s ]
SQL: SHOW COLUMNS FROM `sq_image` [ RunTime:0.0080s ]
SQL: SELECT * FROM `sq_image` WHERE `status` = 1 AND `cid` = 54 ORDER BY id ASC  [ RunTime:0.0004s ]
SQL: SHOW COLUMNS FROM `sq_news` [ RunTime:0.0059s ]
SQL: SELECT * FROM `sq_category` WHERE ( pid = 2 and status = 2 )  [ RunTime:0.0004s ]
NOTIC: [8] Undefined variable: str F:\www\jiuxiang\Application\Home\Controller\IndexController.class.php 第 11 行.
SQL: SELECT * FROM `sq_news` WHERE `status` = 1 AND `cid` IN ('31','32','33','55','58','') AND `is_recommend` = 1 ORDER BY sort DESC,news_time DESC,id DESC LIMIT 0,5   [ RunTime:0.0878s ]
SQL: SELECT * FROM `sq_image` WHERE ( cid = 54 and status = 1 ) ORDER BY id ASC LIMIT 10,3   [ RunTime:0.0003s ]
SQL: SELECT * FROM `sq_image` WHERE ( cid = 54 and status = 1 ) ORDER BY id ASC LIMIT 14,3   [ RunTime:0.0002s ]
SQL: SELECT * FROM `sq_image` WHERE ( cid = 47 and status = 1 ) ORDER BY id DESC  [ RunTime:0.0003s ]
INFO: [ view_parse ] --START--
INFO: [ template_filter ] --START--
INFO: Run Behavior\ContentReplaceBehavior [ RunTime:0.000086s ]
INFO: [ template_filter ] --END-- [ RunTime:0.000130s ]
NOTIC: [8] Undefined index: title F:\www\jiuxiang\Runtime\Cache\Home\2a94b8bda04ff446dcedd42276fc99ee.php 第 91 行.
NOTIC: [8] Undefined index: title F:\www\jiuxiang\Runtime\Cache\Home\2a94b8bda04ff446dcedd42276fc99ee.php 第 91 行.
NOTIC: [8] Undefined index: title F:\www\jiuxiang\Runtime\Cache\Home\2a94b8bda04ff446dcedd42276fc99ee.php 第 91 行.
NOTIC: [8] Undefined index: title F:\www\jiuxiang\Runtime\Cache\Home\2a94b8bda04ff446dcedd42276fc99ee.php 第 91 行.
NOTIC: [8] Undefined index: title F:\www\jiuxiang\Runtime\Cache\Home\2a94b8bda04ff446dcedd42276fc99ee.php 第 91 行.
NOTIC: [8] Undefined index: title F:\www\jiuxiang\Runtime\Cache\Home\2a94b8bda04ff446dcedd42276fc99ee.php 第 91 行.
NOTIC: [8] Undefined index: title F:\www\jiuxiang\Runtime\Cache\Home\2a94b8bda04ff446dcedd42276fc99ee.php 第 98 行.
NOTIC: [8] Undefined index: title F:\www\jiuxiang\Runtime\Cache\Home\2a94b8bda04ff446dcedd42276fc99ee.php 第 98 行.
NOTIC: [8] Undefined index: title F:\www\jiuxiang\Runtime\Cache\Home\2a94b8bda04ff446dcedd42276fc99ee.php 第 98 行.
INFO: Run Behavior\ParseTemplateBehavior [ RunTime:0.119957s ]
INFO: [ view_parse ] --END-- [ RunTime:0.120014s ]
INFO: [ view_filter ] --START--
INFO: Run Behavior\WriteHtmlCacheBehavior [ RunTime:0.009918s ]
INFO: [ view_filter ] --END-- [ RunTime:0.009977s ]
INFO: [ app_end ] --START--
INFO: Run Behavior\ShowPageTraceBehavior [ RunTime:0.015922s ]
INFO: [ app_end ] --END-- [ RunTime:0.016003s ]

[ 2018-05-30T09:46:58+08:00 ] 127.0.0.1 /
INFO: [ app_init ] --START--
INFO: Run Behavior\BuildLiteBehavior [ RunTime:0.000021s ]
INFO: [ app_init ] --END-- [ RunTime:0.000828s ]
INFO: [ app_begin ] --START--
INFO: Run Behavior\ReadHtmlCacheBehavior [ RunTime:0.001953s ]
INFO: [ app_begin ] --END-- [ RunTime:0.002039s ]
SQL: SHOW COLUMNS FROM `sq_system` [ RunTime:0.0143s ]
SQL: SELECT * FROM `sq_system` WHERE ( id = 1 ) LIMIT 1   [ RunTime:0.0008s ]
SQL: SHOW COLUMNS FROM `sq_link` [ RunTime:0.0139s ]
SQL: SELECT * FROM `sq_link` WHERE `status` = 1 LIMIT 18   [ RunTime:0.0006s ]
SQL: SHOW COLUMNS FROM `sq_category` [ RunTime:0.0150s ]
NOTIC: [8] Undefined variable: where F:\www\jiuxiang\Application\Home\Controller\BaseController.class.php 第 50 行.
SQL: SELECT * FROM `sq_category` ORDER BY sort ASC,id ASC  [ RunTime:0.0013s ]
SQL: SHOW COLUMNS FROM `sq_image` [ RunTime:0.0140s ]
SQL: SELECT * FROM `sq_image` WHERE `status` = 1 AND `cid` = 54 ORDER BY id ASC  [ RunTime:0.0008s ]
SQL: SHOW COLUMNS FROM `sq_news` [ RunTime:0.0148s ]
SQL: SELECT * FROM `sq_category` WHERE ( pid = 2 and status = 2 )  [ RunTime:0.0007s ]
NOTIC: [8] Undefined variable: str F:\www\jiuxiang\Application\Home\Controller\IndexController.class.php 第 11 行.
SQL: SELECT * FROM `sq_news` WHERE `status` = 1 AND `cid` IN ('31','32','33','55','58','') AND `is_recommend` = 1 ORDER BY sort DESC,news_time DESC,id DESC LIMIT 0,5   [ RunTime:0.0020s ]
SQL: SELECT * FROM `sq_image` WHERE ( cid = 54 and status = 1 ) ORDER BY id ASC LIMIT 10,3   [ RunTime:0.0006s ]
SQL: SELECT * FROM `sq_image` WHERE ( cid = 54 and status = 1 ) ORDER BY id ASC LIMIT 14,3   [ RunTime:0.0007s ]
SQL: SELECT * FROM `sq_image` WHERE ( cid = 47 and status = 1 ) ORDER BY id DESC  [ RunTime:0.0007s ]
INFO: [ view_parse ] --START--
INFO: [ template_filter ] --START--
INFO: Run Behavior\ContentReplaceBehavior [ RunTime:0.000091s ]
INFO: [ template_filter ] --END-- [ RunTime:0.000144s ]
NOTIC: [8] Undefined index: title F:\www\jiuxiang\Runtime\Cache\Home\2a94b8bda04ff446dcedd42276fc99ee.php 第 91 行.
NOTIC: [8] Undefined index: title F:\www\jiuxiang\Runtime\Cache\Home\2a94b8bda04ff446dcedd42276fc99ee.php 第 91 行.
NOTIC: [8] Undefined index: title F:\www\jiuxiang\Runtime\Cache\Home\2a94b8bda04ff446dcedd42276fc99ee.php 第 91 行.
NOTIC: [8] Undefined index: title F:\www\jiuxiang\Runtime\Cache\Home\2a94b8bda04ff446dcedd42276fc99ee.php 第 91 行.
NOTIC: [8] Undefined index: title F:\www\jiuxiang\Runtime\Cache\Home\2a94b8bda04ff446dcedd42276fc99ee.php 第 91 行.
NOTIC: [8] Undefined index: title F:\www\jiuxiang\Runtime\Cache\Home\2a94b8bda04ff446dcedd42276fc99ee.php 第 91 行.
NOTIC: [8] Undefined index: title F:\www\jiuxiang\Runtime\Cache\Home\2a94b8bda04ff446dcedd42276fc99ee.php 第 98 行.
NOTIC: [8] Undefined index: title F:\www\jiuxiang\Runtime\Cache\Home\2a94b8bda04ff446dcedd42276fc99ee.php 第 98 行.
NOTIC: [8] Undefined index: title F:\www\jiuxiang\Runtime\Cache\Home\2a94b8bda04ff446dcedd42276fc99ee.php 第 98 行.
INFO: Run Behavior\ParseTemplateBehavior [ RunTime:0.022401s ]
INFO: [ view_parse ] --END-- [ RunTime:0.022484s ]
INFO: [ view_filter ] --START--
INFO: Run Behavior\WriteHtmlCacheBehavior [ RunTime:0.001237s ]
INFO: [ view_filter ] --END-- [ RunTime:0.001278s ]
INFO: [ app_end ] --START--
INFO: Run Behavior\ShowPageTraceBehavior [ RunTime:0.001152s ]
INFO: [ app_end ] --END-- [ RunTime:0.001196s ]

