[ 2018-06-12T10:29:13+08:00 ] 127.0.0.1 /
INFO: [ app_init ] --START--
INFO: Run Behavior\BuildLiteBehavior [ RunTime:0.000019s ]
INFO: [ app_init ] --END-- [ RunTime:0.004842s ]
INFO: [ app_begin ] --START--
INFO: Run Behavior\ReadHtmlCacheBehavior [ RunTime:0.002394s ]
INFO: [ app_begin ] --END-- [ RunTime:0.002459s ]
SQL: SHOW COLUMNS FROM `jx_system` [ RunTime:0.0481s ]
SQL: SELECT * FROM `jx_system` WHERE ( id = 1 ) LIMIT 1   [ RunTime:0.0006s ]
SQL: SHOW COLUMNS FROM `jx_link` [ RunTime:0.0549s ]
SQL: SELECT * FROM `jx_link` WHERE `status` = 1 LIMIT 18   [ RunTime:0.0006s ]
SQL: SHOW COLUMNS FROM `jx_category` [ RunTime:0.0638s ]
NOTIC: [8] Undefined variable: where F:\www\jiuxiang\Application\Home\Controller\BaseController.class.php 第 50 行.
SQL: SELECT * FROM `jx_category` ORDER BY sort ASC,id ASC  [ RunTime:0.0010s ]
SQL: SHOW COLUMNS FROM `jx_image` [ RunTime:0.0350s ]
SQL: SELECT * FROM `jx_image` WHERE `status` = 1 AND `cid` = 54 ORDER BY id ASC  [ RunTime:0.0004s ]
SQL: SHOW COLUMNS FROM `jx_news` [ RunTime:0.0659s ]
SQL: SELECT * FROM `jx_category` WHERE ( pid = 2 and status = 2 )  [ RunTime:0.0004s ]
NOTIC: [8] Undefined variable: str F:\www\jiuxiang\Application\Home\Controller\IndexController.class.php 第 11 行.
SQL: SELECT * FROM `jx_news` WHERE `status` = 1 AND `cid` IN ('10','11','12','13','') ORDER BY sort DESC,news_time DESC,id DESC LIMIT 0,5   [ RunTime:0.0555s ]
SQL: SELECT * FROM `jx_image` WHERE ( cid = 54 and status = 1 ) ORDER BY id ASC LIMIT 10,3   [ RunTime:0.0002s ]
SQL: SELECT * FROM `jx_image` WHERE ( cid = 54 and status = 1 ) ORDER BY id ASC LIMIT 14,3   [ RunTime:0.0002s ]
INFO: [ view_parse ] --START--
INFO: [ template_filter ] --START--
INFO: Run Behavior\ContentReplaceBehavior [ RunTime:0.000101s ]
INFO: [ template_filter ] --END-- [ RunTime:0.000148s ]
NOTIC: [8] Undefined index: title F:\www\jiuxiang\Runtime\Cache\Home\2a94b8bda04ff446dcedd42276fc99ee.php 第 158 行.
NOTIC: [8] Undefined index: title F:\www\jiuxiang\Runtime\Cache\Home\2a94b8bda04ff446dcedd42276fc99ee.php 第 158 行.
NOTIC: [8] Undefined index: title F:\www\jiuxiang\Runtime\Cache\Home\2a94b8bda04ff446dcedd42276fc99ee.php 第 158 行.
NOTIC: [8] Undefined index: title F:\www\jiuxiang\Runtime\Cache\Home\2a94b8bda04ff446dcedd42276fc99ee.php 第 158 行.
NOTIC: [8] Undefined index: title F:\www\jiuxiang\Runtime\Cache\Home\2a94b8bda04ff446dcedd42276fc99ee.php 第 158 行.
NOTIC: [8] Undefined index: title F:\www\jiuxiang\Runtime\Cache\Home\2a94b8bda04ff446dcedd42276fc99ee.php 第 158 行.
NOTIC: [8] Undefined index: title F:\www\jiuxiang\Runtime\Cache\Home\2a94b8bda04ff446dcedd42276fc99ee.php 第 165 行.
NOTIC: [8] Undefined index: title F:\www\jiuxiang\Runtime\Cache\Home\2a94b8bda04ff446dcedd42276fc99ee.php 第 165 行.
NOTIC: [8] Undefined index: title F:\www\jiuxiang\Runtime\Cache\Home\2a94b8bda04ff446dcedd42276fc99ee.php 第 165 行.
INFO: Run Behavior\ParseTemplateBehavior [ RunTime:0.123057s ]
INFO: [ view_parse ] --END-- [ RunTime:0.123103s ]
INFO: [ view_filter ] --START--
INFO: Run Behavior\WriteHtmlCacheBehavior [ RunTime:0.013085s ]
INFO: [ view_filter ] --END-- [ RunTime:0.013127s ]
INFO: [ app_end ] --START--
INFO: Run Behavior\ShowPageTraceBehavior [ RunTime:0.005559s ]
INFO: [ app_end ] --END-- [ RunTime:0.005610s ]

[ 2018-06-12T15:48:39+08:00 ] 127.0.0.1 /
INFO: [ app_init ] --START--
INFO: Run Behavior\BuildLiteBehavior [ RunTime:0.000012s ]
INFO: [ app_init ] --END-- [ RunTime:0.003837s ]
INFO: [ app_begin ] --START--
INFO: Run Behavior\ReadHtmlCacheBehavior [ RunTime:0.002867s ]
INFO: [ app_begin ] --END-- [ RunTime:0.003005s ]
SQL: SHOW COLUMNS FROM `jx_system` [ RunTime:0.0263s ]
SQL: SELECT * FROM `jx_system` WHERE ( id = 1 ) LIMIT 1   [ RunTime:0.0008s ]
SQL: SHOW COLUMNS FROM `jx_link` [ RunTime:0.0058s ]
SQL: SELECT * FROM `jx_link` WHERE `status` = 1 LIMIT 18   [ RunTime:0.0004s ]
SQL: SHOW COLUMNS FROM `jx_category` [ RunTime:0.0078s ]
NOTIC: [8] Undefined variable: where F:\www\jiuxiang\Application\Home\Controller\BaseController.class.php 第 50 行.
SQL: SELECT * FROM `jx_category` ORDER BY sort ASC,id ASC  [ RunTime:0.0004s ]
SQL: SHOW COLUMNS FROM `jx_image` [ RunTime:0.0063s ]
SQL: SELECT * FROM `jx_image` WHERE `status` = 1 AND `cid` = 54 ORDER BY id ASC  [ RunTime:0.0006s ]
SQL: SHOW COLUMNS FROM `jx_news` [ RunTime:0.0067s ]
SQL: SELECT * FROM `jx_category` WHERE ( pid = 2 and status = 2 )  [ RunTime:0.0003s ]
NOTIC: [8] Undefined variable: str F:\www\jiuxiang\Application\Home\Controller\IndexController.class.php 第 11 行.
SQL: SELECT * FROM `jx_news` WHERE `status` = 1 AND `cid` IN ('10','11','12','13','') ORDER BY sort DESC,news_time DESC,id DESC LIMIT 0,5   [ RunTime:0.0029s ]
SQL: SELECT * FROM `jx_image` WHERE ( cid = 54 and status = 1 ) ORDER BY id ASC LIMIT 10,3   [ RunTime:0.0003s ]
SQL: SELECT * FROM `jx_image` WHERE ( cid = 54 and status = 1 ) ORDER BY id ASC LIMIT 14,3   [ RunTime:0.0003s ]
INFO: [ view_parse ] --START--
INFO: [ template_filter ] --START--
INFO: Run Behavior\ContentReplaceBehavior [ RunTime:0.000104s ]
INFO: [ template_filter ] --END-- [ RunTime:0.000154s ]
NOTIC: [8] Undefined index: title F:\www\jiuxiang\Runtime\Cache\Home\2a94b8bda04ff446dcedd42276fc99ee.php 第 158 行.
NOTIC: [8] Undefined index: title F:\www\jiuxiang\Runtime\Cache\Home\2a94b8bda04ff446dcedd42276fc99ee.php 第 158 行.
NOTIC: [8] Undefined index: title F:\www\jiuxiang\Runtime\Cache\Home\2a94b8bda04ff446dcedd42276fc99ee.php 第 158 行.
NOTIC: [8] Undefined index: title F:\www\jiuxiang\Runtime\Cache\Home\2a94b8bda04ff446dcedd42276fc99ee.php 第 158 行.
NOTIC: [8] Undefined index: title F:\www\jiuxiang\Runtime\Cache\Home\2a94b8bda04ff446dcedd42276fc99ee.php 第 158 行.
NOTIC: [8] Undefined index: title F:\www\jiuxiang\Runtime\Cache\Home\2a94b8bda04ff446dcedd42276fc99ee.php 第 158 行.
NOTIC: [8] Undefined index: title F:\www\jiuxiang\Runtime\Cache\Home\2a94b8bda04ff446dcedd42276fc99ee.php 第 165 行.
NOTIC: [8] Undefined index: title F:\www\jiuxiang\Runtime\Cache\Home\2a94b8bda04ff446dcedd42276fc99ee.php 第 165 行.
NOTIC: [8] Undefined index: title F:\www\jiuxiang\Runtime\Cache\Home\2a94b8bda04ff446dcedd42276fc99ee.php 第 165 行.
INFO: Run Behavior\ParseTemplateBehavior [ RunTime:0.095353s ]
INFO: [ view_parse ] --END-- [ RunTime:0.095462s ]
INFO: [ view_filter ] --START--
INFO: Run Behavior\WriteHtmlCacheBehavior [ RunTime:0.007995s ]
INFO: [ view_filter ] --END-- [ RunTime:0.008035s ]
INFO: [ app_end ] --START--
INFO: Run Behavior\ShowPageTraceBehavior [ RunTime:0.005061s ]
INFO: [ app_end ] --END-- [ RunTime:0.005114s ]

