[ 2018-06-23T17:33:57+08:00 ] 127.0.0.1 /
INFO: [ app_init ] --START--
INFO: Run Behavior\BuildLiteBehavior [ RunTime:0.000032s ]
INFO: [ app_init ] --END-- [ RunTime:0.037473s ]
INFO: [ app_begin ] --START--
INFO: Run Behavior\ReadHtmlCacheBehavior [ RunTime:0.034987s ]
INFO: [ app_begin ] --END-- [ RunTime:0.035157s ]
SQL: SHOW COLUMNS FROM `jx_system` [ RunTime:0.2573s ]
SQL: SELECT * FROM `jx_system` WHERE ( id = 1 ) LIMIT 1   [ RunTime:0.0348s ]
SQL: SHOW COLUMNS FROM `jx_link` [ RunTime:0.0748s ]
SQL: SELECT * FROM `jx_link` WHERE `status` = 1 LIMIT 18   [ RunTime:0.0007s ]
SQL: SHOW COLUMNS FROM `jx_category` [ RunTime:0.0808s ]
NOTIC: [8] Undefined variable: where F:\www\jiuxiang\Application\Home\Controller\BaseController.class.php 第 50 行.
SQL: SELECT * FROM `jx_category` ORDER BY sort ASC,id ASC  [ RunTime:0.0005s ]
SQL: SHOW COLUMNS FROM `jx_image` [ RunTime:0.0101s ]
SQL: SELECT * FROM `jx_image` WHERE `status` = 1 AND `cid` = 54 ORDER BY id ASC  [ RunTime:0.0003s ]
SQL: SHOW COLUMNS FROM `jx_news` [ RunTime:0.0264s ]
SQL: SELECT * FROM `jx_category` WHERE ( pid = 2 and status = 2 )  [ RunTime:0.0003s ]
NOTIC: [8] Undefined variable: str F:\www\jiuxiang\Application\Home\Controller\IndexController.class.php 第 11 行.
SQL: SELECT * FROM `jx_news` WHERE `status` = 1 AND `cid` IN ('10','11','12','13','') ORDER BY sort DESC,news_time DESC,id DESC LIMIT 0,5   [ RunTime:0.0724s ]
SQL: SELECT * FROM `jx_image` WHERE ( cid = 54 and status = 1 ) ORDER BY id ASC LIMIT 10,3   [ RunTime:0.0012s ]
SQL: SELECT * FROM `jx_image` WHERE ( cid = 54 and status = 1 ) ORDER BY id ASC LIMIT 14,3   [ RunTime:0.0009s ]
SQL: SHOW COLUMNS FROM `jx_goods` [ RunTime:0.0945s ]
SQL: SELECT * FROM `jx_goods` WHERE ( cid = 5 )  [ RunTime:0.0020s ]
INFO: [ view_parse ] --START--
INFO: [ template_filter ] --START--
INFO: Run Behavior\ContentReplaceBehavior [ RunTime:0.013688s ]
INFO: [ template_filter ] --END-- [ RunTime:0.013780s ]
NOTIC: [8] Undefined index: title F:\www\jiuxiang\Runtime\Cache\Home\2a94b8bda04ff446dcedd42276fc99ee.php 第 126 行.
NOTIC: [8] Undefined index: title F:\www\jiuxiang\Runtime\Cache\Home\2a94b8bda04ff446dcedd42276fc99ee.php 第 126 行.
NOTIC: [8] Undefined index: title F:\www\jiuxiang\Runtime\Cache\Home\2a94b8bda04ff446dcedd42276fc99ee.php 第 126 行.
NOTIC: [8] Undefined index: title F:\www\jiuxiang\Runtime\Cache\Home\2a94b8bda04ff446dcedd42276fc99ee.php 第 126 行.
NOTIC: [8] Undefined index: title F:\www\jiuxiang\Runtime\Cache\Home\2a94b8bda04ff446dcedd42276fc99ee.php 第 126 行.
NOTIC: [8] Undefined index: title F:\www\jiuxiang\Runtime\Cache\Home\2a94b8bda04ff446dcedd42276fc99ee.php 第 126 行.
NOTIC: [8] Undefined index: title F:\www\jiuxiang\Runtime\Cache\Home\2a94b8bda04ff446dcedd42276fc99ee.php 第 133 行.
NOTIC: [8] Undefined index: title F:\www\jiuxiang\Runtime\Cache\Home\2a94b8bda04ff446dcedd42276fc99ee.php 第 133 行.
NOTIC: [8] Undefined index: title F:\www\jiuxiang\Runtime\Cache\Home\2a94b8bda04ff446dcedd42276fc99ee.php 第 133 行.
INFO: Run Behavior\ParseTemplateBehavior [ RunTime:0.192784s ]
INFO: [ view_parse ] --END-- [ RunTime:0.193004s ]
INFO: [ view_filter ] --START--
INFO: Run Behavior\WriteHtmlCacheBehavior [ RunTime:0.012928s ]
INFO: [ view_filter ] --END-- [ RunTime:0.013094s ]
INFO: [ app_end ] --START--
INFO: Run Behavior\ShowPageTraceBehavior [ RunTime:0.016471s ]
INFO: [ app_end ] --END-- [ RunTime:0.016557s ]

[ 2018-06-23T17:33:57+08:00 ] 127.0.0.1 /
INFO: [ app_init ] --START--
INFO: Run Behavior\BuildLiteBehavior [ RunTime:0.000043s ]
INFO: [ app_init ] --END-- [ RunTime:0.037615s ]
INFO: [ app_begin ] --START--
INFO: Run Behavior\ReadHtmlCacheBehavior [ RunTime:0.036245s ]
INFO: [ app_begin ] --END-- [ RunTime:0.036466s ]
SQL: SHOW COLUMNS FROM `jx_system` [ RunTime:0.2578s ]
SQL: SELECT * FROM `jx_system` WHERE ( id = 1 ) LIMIT 1   [ RunTime:0.0344s ]
SQL: SHOW COLUMNS FROM `jx_link` [ RunTime:0.0755s ]
SQL: SELECT * FROM `jx_link` WHERE `status` = 1 LIMIT 18   [ RunTime:0.0006s ]
SQL: SHOW COLUMNS FROM `jx_category` [ RunTime:0.0806s ]
NOTIC: [8] Undefined variable: where F:\www\jiuxiang\Application\Home\Controller\BaseController.class.php 第 50 行.
SQL: SELECT * FROM `jx_category` ORDER BY sort ASC,id ASC  [ RunTime:0.0005s ]
SQL: SHOW COLUMNS FROM `jx_image` [ RunTime:0.0103s ]
SQL: SELECT * FROM `jx_image` WHERE `status` = 1 AND `cid` = 54 ORDER BY id ASC  [ RunTime:0.0003s ]
SQL: SHOW COLUMNS FROM `jx_news` [ RunTime:0.0264s ]
SQL: SELECT * FROM `jx_category` WHERE ( pid = 2 and status = 2 )  [ RunTime:0.0003s ]
NOTIC: [8] Undefined variable: str F:\www\jiuxiang\Application\Home\Controller\IndexController.class.php 第 11 行.
SQL: SELECT * FROM `jx_news` WHERE `status` = 1 AND `cid` IN ('10','11','12','13','') ORDER BY sort DESC,news_time DESC,id DESC LIMIT 0,5   [ RunTime:0.0725s ]
SQL: SELECT * FROM `jx_image` WHERE ( cid = 54 and status = 1 ) ORDER BY id ASC LIMIT 10,3   [ RunTime:0.0012s ]
SQL: SELECT * FROM `jx_image` WHERE ( cid = 54 and status = 1 ) ORDER BY id ASC LIMIT 14,3   [ RunTime:0.0008s ]
SQL: SHOW COLUMNS FROM `jx_goods` [ RunTime:0.0875s ]
SQL: SELECT * FROM `jx_goods` WHERE ( cid = 5 )  [ RunTime:0.0006s ]
INFO: [ view_parse ] --START--
INFO: [ template_filter ] --START--
INFO: Run Behavior\ContentReplaceBehavior [ RunTime:0.014576s ]
INFO: [ template_filter ] --END-- [ RunTime:0.014654s ]
NOTIC: [8] Undefined index: title F:\www\jiuxiang\Runtime\Cache\Home\2a94b8bda04ff446dcedd42276fc99ee.php 第 126 行.
NOTIC: [8] Undefined index: title F:\www\jiuxiang\Runtime\Cache\Home\2a94b8bda04ff446dcedd42276fc99ee.php 第 126 行.
NOTIC: [8] Undefined index: title F:\www\jiuxiang\Runtime\Cache\Home\2a94b8bda04ff446dcedd42276fc99ee.php 第 126 行.
NOTIC: [8] Undefined index: title F:\www\jiuxiang\Runtime\Cache\Home\2a94b8bda04ff446dcedd42276fc99ee.php 第 126 行.
NOTIC: [8] Undefined index: title F:\www\jiuxiang\Runtime\Cache\Home\2a94b8bda04ff446dcedd42276fc99ee.php 第 126 行.
NOTIC: [8] Undefined index: title F:\www\jiuxiang\Runtime\Cache\Home\2a94b8bda04ff446dcedd42276fc99ee.php 第 126 行.
NOTIC: [8] Undefined index: title F:\www\jiuxiang\Runtime\Cache\Home\2a94b8bda04ff446dcedd42276fc99ee.php 第 133 行.
NOTIC: [8] Undefined index: title F:\www\jiuxiang\Runtime\Cache\Home\2a94b8bda04ff446dcedd42276fc99ee.php 第 133 行.
NOTIC: [8] Undefined index: title F:\www\jiuxiang\Runtime\Cache\Home\2a94b8bda04ff446dcedd42276fc99ee.php 第 133 行.
INFO: Run Behavior\ParseTemplateBehavior [ RunTime:0.193594s ]
INFO: [ view_parse ] --END-- [ RunTime:0.193821s ]
INFO: [ view_filter ] --START--
INFO: Run Behavior\WriteHtmlCacheBehavior [ RunTime:0.013145s ]
INFO: [ view_filter ] --END-- [ RunTime:0.013279s ]
INFO: [ app_end ] --START--
INFO: Run Behavior\ShowPageTraceBehavior [ RunTime:0.016250s ]
INFO: [ app_end ] --END-- [ RunTime:0.016321s ]

[ 2018-06-23T17:34:01+08:00 ] 127.0.0.1 /index.php/Home/Liquor/index.html
INFO: [ app_init ] --START--
INFO: Run Behavior\BuildLiteBehavior [ RunTime:0.000014s ]
INFO: [ app_init ] --END-- [ RunTime:0.000415s ]
INFO: [ app_begin ] --START--
INFO: Run Behavior\ReadHtmlCacheBehavior [ RunTime:0.000544s ]
INFO: [ app_begin ] --END-- [ RunTime:0.000589s ]
SQL: SHOW COLUMNS FROM `jx_system` [ RunTime:0.0095s ]
SQL: SELECT * FROM `jx_system` WHERE ( id = 1 ) LIMIT 1   [ RunTime:0.0006s ]
SQL: SHOW COLUMNS FROM `jx_link` [ RunTime:0.0095s ]
SQL: SELECT * FROM `jx_link` WHERE `status` = 1 LIMIT 18   [ RunTime:0.0004s ]
SQL: SHOW COLUMNS FROM `jx_category` [ RunTime:0.0103s ]
NOTIC: [8] Undefined variable: where F:\www\jiuxiang\Application\Home\Controller\BaseController.class.php 第 50 行.
SQL: SELECT * FROM `jx_category` ORDER BY sort ASC,id ASC  [ RunTime:0.0005s ]
SQL: SHOW COLUMNS FROM `jx_image` [ RunTime:0.0075s ]
SQL: SELECT * FROM `jx_image` WHERE `status` = 1 AND `cid` = 54 ORDER BY id ASC  [ RunTime:0.0013s ]
SQL: SHOW COLUMNS FROM `jx_goods` [ RunTime:0.0091s ]
SQL: SELECT * FROM `jx_category` WHERE ( pid=4 and status=1 )  [ RunTime:0.0004s ]
SQL: SELECT `cname` FROM `jx_category` WHERE ( id=5 ) LIMIT 1   [ RunTime:0.0003s ]
NOTIC: [8] Undefined index: page F:\www\jiuxiang\Application\Home\Controller\LiquorController.class.php 第 13 行.
SQL: SELECT COUNT(*) AS tp_count FROM `jx_goods` WHERE `cid` = 5 LIMIT 1   [ RunTime:0.0631s ]
SQL: SELECT * FROM `jx_goods` WHERE `cid` = 5 LIMIT 0,20   [ RunTime:0.0004s ]
INFO: [ view_parse ] --START--
INFO: [ template_filter ] --START--
INFO: Run Behavior\ContentReplaceBehavior [ RunTime:0.000087s ]
INFO: [ template_filter ] --END-- [ RunTime:0.000141s ]
INFO: Run Behavior\ParseTemplateBehavior [ RunTime:0.020628s ]
INFO: [ view_parse ] --END-- [ RunTime:0.020717s ]
INFO: [ view_filter ] --START--
INFO: Run Behavior\WriteHtmlCacheBehavior [ RunTime:0.000399s ]
INFO: [ view_filter ] --END-- [ RunTime:0.000441s ]
INFO: [ app_end ] --START--
INFO: Run Behavior\ShowPageTraceBehavior [ RunTime:0.000636s ]
INFO: [ app_end ] --END-- [ RunTime:0.000680s ]

[ 2018-06-23T17:34:37+08:00 ] 127.0.0.1 /index.php/Home/Liquor/index.html
INFO: [ app_init ] --START--
INFO: Run Behavior\BuildLiteBehavior [ RunTime:0.000019s ]
INFO: [ app_init ] --END-- [ RunTime:0.000639s ]
INFO: [ app_begin ] --START--
INFO: Run Behavior\ReadHtmlCacheBehavior [ RunTime:0.002887s ]
INFO: [ app_begin ] --END-- [ RunTime:0.002989s ]
SQL: SHOW COLUMNS FROM `jx_system` [ RunTime:0.0060s ]
SQL: SELECT * FROM `jx_system` WHERE ( id = 1 ) LIMIT 1   [ RunTime:0.0005s ]
SQL: SHOW COLUMNS FROM `jx_link` [ RunTime:0.0061s ]
SQL: SELECT * FROM `jx_link` WHERE `status` = 1 LIMIT 18   [ RunTime:0.0003s ]
SQL: SHOW COLUMNS FROM `jx_category` [ RunTime:0.0063s ]
NOTIC: [8] Undefined variable: where F:\www\jiuxiang\Application\Home\Controller\BaseController.class.php 第 50 行.
SQL: SELECT * FROM `jx_category` ORDER BY sort ASC,id ASC  [ RunTime:0.0003s ]
SQL: SHOW COLUMNS FROM `jx_image` [ RunTime:0.0050s ]
SQL: SELECT * FROM `jx_image` WHERE `status` = 1 AND `cid` = 54 ORDER BY id ASC  [ RunTime:0.0003s ]
SQL: SHOW COLUMNS FROM `jx_goods` [ RunTime:0.0053s ]
SQL: SELECT * FROM `jx_category` WHERE ( pid=4 and status=1 )  [ RunTime:0.0004s ]
SQL: SELECT `cname` FROM `jx_category` WHERE ( id=5 ) LIMIT 1   [ RunTime:0.0003s ]
NOTIC: [8] Undefined index: page F:\www\jiuxiang\Application\Home\Controller\LiquorController.class.php 第 13 行.
SQL: SELECT COUNT(*) AS tp_count FROM `jx_goods` WHERE `cid` = 5 LIMIT 1   [ RunTime:0.0003s ]
SQL: SELECT * FROM `jx_goods` WHERE `cid` = 5 LIMIT 0,20   [ RunTime:0.0004s ]
INFO: [ view_parse ] --START--
INFO: [ template_filter ] --START--
INFO: Run Behavior\ContentReplaceBehavior [ RunTime:0.000058s ]
INFO: [ template_filter ] --END-- [ RunTime:0.000103s ]
INFO: Run Behavior\ParseTemplateBehavior [ RunTime:0.010474s ]
INFO: [ view_parse ] --END-- [ RunTime:0.010529s ]
INFO: [ view_filter ] --START--
INFO: Run Behavior\WriteHtmlCacheBehavior [ RunTime:0.000500s ]
INFO: [ view_filter ] --END-- [ RunTime:0.000540s ]
INFO: [ app_end ] --START--
INFO: Run Behavior\ShowPageTraceBehavior [ RunTime:0.000785s ]
INFO: [ app_end ] --END-- [ RunTime:0.000828s ]

[ 2018-06-23T17:34:39+08:00 ] 127.0.0.1 /index.php/Home/Liquor/index.html
INFO: [ app_init ] --START--
INFO: Run Behavior\BuildLiteBehavior [ RunTime:0.000018s ]
INFO: [ app_init ] --END-- [ RunTime:0.000505s ]
INFO: [ app_begin ] --START--
INFO: Run Behavior\ReadHtmlCacheBehavior [ RunTime:0.000894s ]
INFO: [ app_begin ] --END-- [ RunTime:0.000970s ]
SQL: SHOW COLUMNS FROM `jx_system` [ RunTime:0.1030s ]
SQL: SELECT * FROM `jx_system` WHERE ( id = 1 ) LIMIT 1   [ RunTime:0.0005s ]
SQL: SHOW COLUMNS FROM `jx_link` [ RunTime:0.0802s ]
SQL: SELECT * FROM `jx_link` WHERE `status` = 1 LIMIT 18   [ RunTime:0.0003s ]
SQL: SHOW COLUMNS FROM `jx_category` [ RunTime:0.0172s ]
NOTIC: [8] Undefined variable: where F:\www\jiuxiang\Application\Home\Controller\BaseController.class.php 第 50 行.
SQL: SELECT * FROM `jx_category` ORDER BY sort ASC,id ASC  [ RunTime:0.0004s ]
SQL: SHOW COLUMNS FROM `jx_image` [ RunTime:0.0051s ]
SQL: SELECT * FROM `jx_image` WHERE `status` = 1 AND `cid` = 54 ORDER BY id ASC  [ RunTime:0.0004s ]
SQL: SHOW COLUMNS FROM `jx_goods` [ RunTime:0.0059s ]
SQL: SELECT * FROM `jx_category` WHERE ( pid=4 and status=1 )  [ RunTime:0.0004s ]
SQL: SELECT `cname` FROM `jx_category` WHERE ( id=5 ) LIMIT 1   [ RunTime:0.0003s ]
NOTIC: [8] Undefined index: page F:\www\jiuxiang\Application\Home\Controller\LiquorController.class.php 第 13 行.
SQL: SELECT COUNT(*) AS tp_count FROM `jx_goods` WHERE `cid` = 5 LIMIT 1   [ RunTime:0.0002s ]
SQL: SELECT * FROM `jx_goods` WHERE `cid` = 5 LIMIT 0,20   [ RunTime:0.0003s ]
INFO: [ view_parse ] --START--
INFO: [ template_filter ] --START--
INFO: Run Behavior\ContentReplaceBehavior [ RunTime:0.000054s ]
INFO: [ template_filter ] --END-- [ RunTime:0.000100s ]
INFO: Run Behavior\ParseTemplateBehavior [ RunTime:0.013484s ]
INFO: [ view_parse ] --END-- [ RunTime:0.013529s ]
INFO: [ view_filter ] --START--
INFO: Run Behavior\WriteHtmlCacheBehavior [ RunTime:0.000274s ]
INFO: [ view_filter ] --END-- [ RunTime:0.000306s ]
INFO: [ app_end ] --START--
INFO: Run Behavior\ShowPageTraceBehavior [ RunTime:0.000527s ]
INFO: [ app_end ] --END-- [ RunTime:0.000562s ]

[ 2018-06-23T17:35:18+08:00 ] 127.0.0.1 /index.php/Home/Liquor/index.html
INFO: [ app_init ] --START--
INFO: Run Behavior\BuildLiteBehavior [ RunTime:0.000012s ]
INFO: [ app_init ] --END-- [ RunTime:0.000372s ]
INFO: [ app_begin ] --START--
INFO: Run Behavior\ReadHtmlCacheBehavior [ RunTime:0.000519s ]
INFO: [ app_begin ] --END-- [ RunTime:0.000562s ]
SQL: SHOW COLUMNS FROM `jx_system` [ RunTime:0.0055s ]
SQL: SELECT * FROM `jx_system` WHERE ( id = 1 ) LIMIT 1   [ RunTime:0.0004s ]
SQL: SHOW COLUMNS FROM `jx_link` [ RunTime:0.0063s ]
SQL: SELECT * FROM `jx_link` WHERE `status` = 1 LIMIT 18   [ RunTime:0.0004s ]
SQL: SHOW COLUMNS FROM `jx_category` [ RunTime:0.0063s ]
NOTIC: [8] Undefined variable: where F:\www\jiuxiang\Application\Home\Controller\BaseController.class.php 第 50 行.
SQL: SELECT * FROM `jx_category` ORDER BY sort ASC,id ASC  [ RunTime:0.0005s ]
SQL: SHOW COLUMNS FROM `jx_image` [ RunTime:0.0068s ]
SQL: SELECT * FROM `jx_image` WHERE `status` = 1 AND `cid` = 54 ORDER BY id ASC  [ RunTime:0.0005s ]
SQL: SHOW COLUMNS FROM `jx_goods` [ RunTime:0.0066s ]
SQL: SELECT * FROM `jx_category` WHERE ( pid=4 and status=1 )  [ RunTime:0.0004s ]
SQL: SELECT `cname` FROM `jx_category` WHERE ( id=5 ) LIMIT 1   [ RunTime:0.0002s ]
NOTIC: [8] Undefined index: page F:\www\jiuxiang\Application\Home\Controller\LiquorController.class.php 第 13 行.
SQL: SELECT COUNT(*) AS tp_count FROM `jx_goods` WHERE `cid` = 5 LIMIT 1   [ RunTime:0.0003s ]
SQL: SELECT * FROM `jx_goods` WHERE `cid` = 5 LIMIT 0,20   [ RunTime:0.0004s ]
INFO: [ view_parse ] --START--
INFO: [ template_filter ] --START--
INFO: Run Behavior\ContentReplaceBehavior [ RunTime:0.000054s ]
INFO: [ template_filter ] --END-- [ RunTime:0.000096s ]
INFO: Run Behavior\ParseTemplateBehavior [ RunTime:0.008738s ]
INFO: [ view_parse ] --END-- [ RunTime:0.008787s ]
INFO: [ view_filter ] --START--
INFO: Run Behavior\WriteHtmlCacheBehavior [ RunTime:0.000254s ]
INFO: [ view_filter ] --END-- [ RunTime:0.000286s ]
INFO: [ app_end ] --START--
INFO: Run Behavior\ShowPageTraceBehavior [ RunTime:0.000514s ]
INFO: [ app_end ] --END-- [ RunTime:0.000548s ]

[ 2018-06-23T17:35:36+08:00 ] 127.0.0.1 /index.php/Home/Liquor/index.html
INFO: [ app_init ] --START--
INFO: Run Behavior\BuildLiteBehavior [ RunTime:0.000019s ]
INFO: [ app_init ] --END-- [ RunTime:0.000581s ]
INFO: [ app_begin ] --START--
INFO: Run Behavior\ReadHtmlCacheBehavior [ RunTime:0.005402s ]
INFO: [ app_begin ] --END-- [ RunTime:0.005708s ]
SQL: SHOW COLUMNS FROM `jx_system` [ RunTime:0.0231s ]
SQL: SELECT * FROM `jx_system` WHERE ( id = 1 ) LIMIT 1   [ RunTime:0.0017s ]
SQL: SHOW COLUMNS FROM `jx_link` [ RunTime:0.0190s ]
SQL: SELECT * FROM `jx_link` WHERE `status` = 1 LIMIT 18   [ RunTime:0.0005s ]
SQL: SHOW COLUMNS FROM `jx_category` [ RunTime:0.0121s ]
NOTIC: [8] Undefined variable: where F:\www\jiuxiang\Application\Home\Controller\BaseController.class.php 第 50 行.
SQL: SELECT * FROM `jx_category` ORDER BY sort ASC,id ASC  [ RunTime:0.0005s ]
SQL: SHOW COLUMNS FROM `jx_image` [ RunTime:0.0067s ]
SQL: SELECT * FROM `jx_image` WHERE `status` = 1 AND `cid` = 54 ORDER BY id ASC  [ RunTime:0.0003s ]
SQL: SHOW COLUMNS FROM `jx_goods` [ RunTime:0.0068s ]
SQL: SELECT * FROM `jx_category` WHERE ( pid=4 and status=1 )  [ RunTime:0.0003s ]
SQL: SELECT `cname` FROM `jx_category` WHERE ( id=5 ) LIMIT 1   [ RunTime:0.0001s ]
NOTIC: [8] Undefined index: page F:\www\jiuxiang\Application\Home\Controller\LiquorController.class.php 第 13 行.
SQL: SELECT COUNT(*) AS tp_count FROM `jx_goods` WHERE `cid` = 5 LIMIT 1   [ RunTime:0.0001s ]
SQL: SELECT * FROM `jx_goods` WHERE `cid` = 5 LIMIT 0,20   [ RunTime:0.0002s ]
INFO: [ view_parse ] --START--
INFO: [ template_filter ] --START--
INFO: Run Behavior\ContentReplaceBehavior [ RunTime:0.000064s ]
INFO: [ template_filter ] --END-- [ RunTime:0.000122s ]
INFO: Run Behavior\ParseTemplateBehavior [ RunTime:0.013178s ]
INFO: [ view_parse ] --END-- [ RunTime:0.013253s ]
INFO: [ view_filter ] --START--
INFO: Run Behavior\WriteHtmlCacheBehavior [ RunTime:0.000504s ]
INFO: [ view_filter ] --END-- [ RunTime:0.000543s ]
INFO: [ app_end ] --START--
INFO: Run Behavior\ShowPageTraceBehavior [ RunTime:0.000791s ]
INFO: [ app_end ] --END-- [ RunTime:0.000835s ]

[ 2018-06-23T17:35:55+08:00 ] 127.0.0.1 /index.php/Home/Liquor/index.html
INFO: [ app_init ] --START--
INFO: Run Behavior\BuildLiteBehavior [ RunTime:0.000037s ]
INFO: [ app_init ] --END-- [ RunTime:0.001114s ]
INFO: [ app_begin ] --START--
INFO: Run Behavior\ReadHtmlCacheBehavior [ RunTime:0.003831s ]
INFO: [ app_begin ] --END-- [ RunTime:0.003970s ]
SQL: SHOW COLUMNS FROM `jx_system` [ RunTime:0.0194s ]
SQL: SELECT * FROM `jx_system` WHERE ( id = 1 ) LIMIT 1   [ RunTime:0.0007s ]
SQL: SHOW COLUMNS FROM `jx_link` [ RunTime:0.0151s ]
SQL: SELECT * FROM `jx_link` WHERE `status` = 1 LIMIT 18   [ RunTime:0.0039s ]
SQL: SHOW COLUMNS FROM `jx_category` [ RunTime:0.0222s ]
NOTIC: [8] Undefined variable: where F:\www\jiuxiang\Application\Home\Controller\BaseController.class.php 第 50 行.
SQL: SELECT * FROM `jx_category` ORDER BY sort ASC,id ASC  [ RunTime:0.0013s ]
SQL: SHOW COLUMNS FROM `jx_image` [ RunTime:0.0177s ]
SQL: SELECT * FROM `jx_image` WHERE `status` = 1 AND `cid` = 54 ORDER BY id ASC  [ RunTime:0.0006s ]
SQL: SHOW COLUMNS FROM `jx_goods` [ RunTime:0.0222s ]
SQL: SELECT * FROM `jx_category` WHERE ( pid=4 and status=1 )  [ RunTime:0.0011s ]
SQL: SELECT `cname` FROM `jx_category` WHERE ( id=5 ) LIMIT 1   [ RunTime:0.0006s ]
NOTIC: [8] Undefined index: page F:\www\jiuxiang\Application\Home\Controller\LiquorController.class.php 第 13 行.
SQL: SELECT COUNT(*) AS tp_count FROM `jx_goods` WHERE `cid` = 5 LIMIT 1   [ RunTime:0.0008s ]
SQL: SELECT * FROM `jx_goods` WHERE `cid` = 5 LIMIT 0,20   [ RunTime:0.0025s ]
INFO: [ view_parse ] --START--
INFO: [ template_filter ] --START--
INFO: Run Behavior\ContentReplaceBehavior [ RunTime:0.000191s ]
INFO: [ template_filter ] --END-- [ RunTime:0.000401s ]
INFO: Run Behavior\ParseTemplateBehavior [ RunTime:0.029148s ]
INFO: [ view_parse ] --END-- [ RunTime:0.029327s ]
INFO: [ view_filter ] --START--
INFO: Run Behavior\WriteHtmlCacheBehavior [ RunTime:0.001462s ]
INFO: [ view_filter ] --END-- [ RunTime:0.001604s ]
INFO: [ app_end ] --START--
INFO: Run Behavior\ShowPageTraceBehavior [ RunTime:0.001223s ]
INFO: [ app_end ] --END-- [ RunTime:0.001344s ]

[ 2018-06-23T17:40:07+08:00 ] 127.0.0.1 /Home/Liquor/index/cid/5.html
INFO: [ app_init ] --START--
INFO: Run Behavior\BuildLiteBehavior [ RunTime:0.000014s ]
INFO: [ app_init ] --END-- [ RunTime:0.000486s ]
INFO: [ app_begin ] --START--
INFO: Run Behavior\ReadHtmlCacheBehavior [ RunTime:0.000768s ]
INFO: [ app_begin ] --END-- [ RunTime:0.000815s ]
SQL: SHOW COLUMNS FROM `jx_system` [ RunTime:0.0104s ]
SQL: SELECT * FROM `jx_system` WHERE ( id = 1 ) LIMIT 1   [ RunTime:0.0005s ]
SQL: SHOW COLUMNS FROM `jx_link` [ RunTime:0.0054s ]
SQL: SELECT * FROM `jx_link` WHERE `status` = 1 LIMIT 18   [ RunTime:0.0004s ]
SQL: SHOW COLUMNS FROM `jx_category` [ RunTime:0.0142s ]
NOTIC: [8] Undefined variable: where F:\www\jiuxiang\Application\Home\Controller\BaseController.class.php 第 50 行.
SQL: SELECT * FROM `jx_category` ORDER BY sort ASC,id ASC  [ RunTime:0.0005s ]
SQL: SHOW COLUMNS FROM `jx_image` [ RunTime:0.0058s ]
SQL: SELECT * FROM `jx_image` WHERE `status` = 1 AND `cid` = 54 ORDER BY id ASC  [ RunTime:0.0004s ]
SQL: SHOW COLUMNS FROM `jx_goods` [ RunTime:0.0057s ]
SQL: SELECT * FROM `jx_category` WHERE ( pid=4 and status=1 )  [ RunTime:0.0003s ]
SQL: SELECT `cname` FROM `jx_category` WHERE ( id=5 ) LIMIT 1   [ RunTime:0.0002s ]
NOTIC: [8] Undefined index: page F:\www\jiuxiang\Application\Home\Controller\LiquorController.class.php 第 13 行.
SQL: SELECT COUNT(*) AS tp_count FROM `jx_goods` WHERE `cid` = 5 LIMIT 1   [ RunTime:0.0002s ]
SQL: SELECT * FROM `jx_goods` WHERE `cid` = 5 LIMIT 0,20   [ RunTime:0.0003s ]
INFO: [ view_parse ] --START--
INFO: [ template_filter ] --START--
INFO: Run Behavior\ContentReplaceBehavior [ RunTime:0.000056s ]
INFO: [ template_filter ] --END-- [ RunTime:0.000103s ]
INFO: Run Behavior\ParseTemplateBehavior [ RunTime:0.010421s ]
INFO: [ view_parse ] --END-- [ RunTime:0.010469s ]
INFO: [ view_filter ] --START--
INFO: Run Behavior\WriteHtmlCacheBehavior [ RunTime:0.000440s ]
INFO: [ view_filter ] --END-- [ RunTime:0.000474s ]
INFO: [ app_end ] --START--
INFO: Run Behavior\ShowPageTraceBehavior [ RunTime:0.000699s ]
INFO: [ app_end ] --END-- [ RunTime:0.000735s ]

[ 2018-06-23T17:40:13+08:00 ] 127.0.0.1 /index.php/Home/News/index.html
INFO: [ app_init ] --START--
INFO: Run Behavior\BuildLiteBehavior [ RunTime:0.000014s ]
INFO: [ app_init ] --END-- [ RunTime:0.000412s ]
INFO: [ app_begin ] --START--
INFO: Run Behavior\ReadHtmlCacheBehavior [ RunTime:0.000827s ]
INFO: [ app_begin ] --END-- [ RunTime:0.000877s ]
SQL: SHOW COLUMNS FROM `jx_system` [ RunTime:0.0097s ]
SQL: SELECT * FROM `jx_system` WHERE ( id = 1 ) LIMIT 1   [ RunTime:0.0005s ]
SQL: SHOW COLUMNS FROM `jx_link` [ RunTime:0.0052s ]
SQL: SELECT * FROM `jx_link` WHERE `status` = 1 LIMIT 18   [ RunTime:0.0002s ]
SQL: SHOW COLUMNS FROM `jx_category` [ RunTime:0.0153s ]
NOTIC: [8] Undefined variable: where F:\www\jiuxiang\Application\Home\Controller\BaseController.class.php 第 50 行.
SQL: SELECT * FROM `jx_category` ORDER BY sort ASC,id ASC  [ RunTime:0.0004s ]
SQL: SHOW COLUMNS FROM `jx_image` [ RunTime:0.0052s ]
SQL: SELECT * FROM `jx_image` WHERE `status` = 1 AND `cid` = 54 ORDER BY id ASC  [ RunTime:0.0003s ]
SQL: SHOW COLUMNS FROM `jx_news` [ RunTime:0.0056s ]
SQL: SELECT * FROM `jx_category` WHERE ( pid=2 and status=2 )  [ RunTime:0.0004s ]
SQL: SELECT `cname` FROM `jx_category` WHERE ( id=10 ) LIMIT 1   [ RunTime:0.0003s ]
NOTIC: [8] Undefined index: page F:\www\jiuxiang\Application\Home\Controller\NewsController.class.php 第 13 行.
SQL: SELECT COUNT(*) AS tp_count FROM `jx_news` WHERE `cid` = 10 LIMIT 1   [ RunTime:0.0003s ]
SQL: SELECT * FROM `jx_news` WHERE `cid` = 10 LIMIT 0,20   [ RunTime:0.0937s ]
INFO: [ view_parse ] --START--
INFO: [ template_filter ] --START--
INFO: Run Behavior\ContentReplaceBehavior [ RunTime:0.000057s ]
INFO: [ template_filter ] --END-- [ RunTime:0.000105s ]
INFO: Run Behavior\ParseTemplateBehavior [ RunTime:0.056286s ]
INFO: [ view_parse ] --END-- [ RunTime:0.056356s ]
INFO: [ view_filter ] --START--
INFO: Run Behavior\WriteHtmlCacheBehavior [ RunTime:0.000638s ]
INFO: [ view_filter ] --END-- [ RunTime:0.000677s ]
INFO: [ app_end ] --START--
INFO: Run Behavior\ShowPageTraceBehavior [ RunTime:0.000792s ]
INFO: [ app_end ] --END-- [ RunTime:0.000837s ]

[ 2018-06-23T17:40:16+08:00 ] 127.0.0.1 /Home/News/index/cid/11.html
INFO: [ app_init ] --START--
INFO: Run Behavior\BuildLiteBehavior [ RunTime:0.000014s ]
INFO: [ app_init ] --END-- [ RunTime:0.000381s ]
INFO: [ app_begin ] --START--
INFO: Run Behavior\ReadHtmlCacheBehavior [ RunTime:0.000542s ]
INFO: [ app_begin ] --END-- [ RunTime:0.000587s ]
SQL: SHOW COLUMNS FROM `jx_system` [ RunTime:0.0107s ]
SQL: SELECT * FROM `jx_system` WHERE ( id = 1 ) LIMIT 1   [ RunTime:0.0007s ]
SQL: SHOW COLUMNS FROM `jx_link` [ RunTime:0.0105s ]
SQL: SELECT * FROM `jx_link` WHERE `status` = 1 LIMIT 18   [ RunTime:0.0005s ]
SQL: SHOW COLUMNS FROM `jx_category` [ RunTime:0.0111s ]
NOTIC: [8] Undefined variable: where F:\www\jiuxiang\Application\Home\Controller\BaseController.class.php 第 50 行.
SQL: SELECT * FROM `jx_category` ORDER BY sort ASC,id ASC  [ RunTime:0.0007s ]
SQL: SHOW COLUMNS FROM `jx_image` [ RunTime:0.0109s ]
SQL: SELECT * FROM `jx_image` WHERE `status` = 1 AND `cid` = 54 ORDER BY id ASC  [ RunTime:0.0007s ]
SQL: SHOW COLUMNS FROM `jx_news` [ RunTime:0.0534s ]
SQL: SELECT * FROM `jx_category` WHERE ( pid=2 and status=2 )  [ RunTime:0.0006s ]
SQL: SELECT `cname` FROM `jx_category` WHERE ( id=11 ) LIMIT 1   [ RunTime:0.0003s ]
NOTIC: [8] Undefined index: page F:\www\jiuxiang\Application\Home\Controller\NewsController.class.php 第 13 行.
SQL: SELECT COUNT(*) AS tp_count FROM `jx_news` WHERE `cid` = 11 LIMIT 1   [ RunTime:0.0004s ]
SQL: SELECT * FROM `jx_news` WHERE `cid` = 11 LIMIT 0,20   [ RunTime:0.0014s ]
INFO: [ view_parse ] --START--
INFO: [ template_filter ] --START--
INFO: Run Behavior\ContentReplaceBehavior [ RunTime:0.000115s ]
INFO: [ template_filter ] --END-- [ RunTime:0.000211s ]
INFO: Run Behavior\ParseTemplateBehavior [ RunTime:0.020101s ]
INFO: [ view_parse ] --END-- [ RunTime:0.020206s ]
INFO: [ view_filter ] --START--
INFO: Run Behavior\WriteHtmlCacheBehavior [ RunTime:0.000609s ]
INFO: [ view_filter ] --END-- [ RunTime:0.000681s ]
INFO: [ app_end ] --START--
INFO: Run Behavior\ShowPageTraceBehavior [ RunTime:0.001174s ]
INFO: [ app_end ] --END-- [ RunTime:0.001252s ]

[ 2018-06-23T17:40:20+08:00 ] 127.0.0.1 /index.php/Home/Business/index.html
INFO: [ app_init ] --START--
INFO: Run Behavior\BuildLiteBehavior [ RunTime:0.000015s ]
INFO: [ app_init ] --END-- [ RunTime:0.000457s ]
INFO: [ app_begin ] --START--
INFO: Run Behavior\ReadHtmlCacheBehavior [ RunTime:0.002112s ]
INFO: [ app_begin ] --END-- [ RunTime:0.003916s ]
SQL: SHOW COLUMNS FROM `jx_system` [ RunTime:0.0056s ]
SQL: SELECT * FROM `jx_system` WHERE ( id = 1 ) LIMIT 1   [ RunTime:0.0003s ]
SQL: SHOW COLUMNS FROM `jx_link` [ RunTime:0.0049s ]
SQL: SELECT * FROM `jx_link` WHERE `status` = 1 LIMIT 18   [ RunTime:0.0002s ]
SQL: SHOW COLUMNS FROM `jx_category` [ RunTime:0.0065s ]
NOTIC: [8] Undefined variable: where F:\www\jiuxiang\Application\Home\Controller\BaseController.class.php 第 50 行.
SQL: SELECT * FROM `jx_category` ORDER BY sort ASC,id ASC  [ RunTime:0.0003s ]
SQL: SHOW COLUMNS FROM `jx_image` [ RunTime:0.0058s ]
SQL: SELECT * FROM `jx_image` WHERE `status` = 1 AND `cid` = 54 ORDER BY id ASC  [ RunTime:0.0003s ]
SQL: SHOW COLUMNS FROM `jx_news` [ RunTime:0.0071s ]
SQL: SELECT * FROM `jx_category` WHERE ( pid=3 and status=2 )  [ RunTime:0.0003s ]
SQL: SELECT `cname` FROM `jx_category` WHERE ( id=14 ) LIMIT 1   [ RunTime:0.0002s ]
NOTIC: [8] Undefined index: page F:\www\jiuxiang\Application\Home\Controller\BusinessController.class.php 第 13 行.
SQL: SELECT COUNT(*) AS tp_count FROM `jx_news` WHERE `cid` = 14 LIMIT 1   [ RunTime:0.0002s ]
SQL: SELECT * FROM `jx_news` WHERE `cid` = 14 LIMIT 0,20   [ RunTime:0.0004s ]
INFO: [ view_parse ] --START--
INFO: [ template_filter ] --START--
INFO: Run Behavior\ContentReplaceBehavior [ RunTime:0.000054s ]
INFO: [ template_filter ] --END-- [ RunTime:0.000097s ]
INFO: Run Behavior\ParseTemplateBehavior [ RunTime:0.015617s ]
INFO: [ view_parse ] --END-- [ RunTime:0.015677s ]
INFO: [ view_filter ] --START--
INFO: Run Behavior\WriteHtmlCacheBehavior [ RunTime:0.000297s ]
INFO: [ view_filter ] --END-- [ RunTime:0.000330s ]
INFO: [ app_end ] --START--
INFO: Run Behavior\ShowPageTraceBehavior [ RunTime:0.000555s ]
INFO: [ app_end ] --END-- [ RunTime:0.000589s ]

[ 2018-06-23T17:40:23+08:00 ] 127.0.0.1 /Home/Business/index/cid/15.html
INFO: [ app_init ] --START--
INFO: Run Behavior\BuildLiteBehavior [ RunTime:0.000014s ]
INFO: [ app_init ] --END-- [ RunTime:0.000451s ]
INFO: [ app_begin ] --START--
INFO: Run Behavior\ReadHtmlCacheBehavior [ RunTime:0.001013s ]
INFO: [ app_begin ] --END-- [ RunTime:0.001146s ]
SQL: SHOW COLUMNS FROM `jx_system` [ RunTime:0.0058s ]
SQL: SELECT * FROM `jx_system` WHERE ( id = 1 ) LIMIT 1   [ RunTime:0.0004s ]
SQL: SHOW COLUMNS FROM `jx_link` [ RunTime:0.0046s ]
SQL: SELECT * FROM `jx_link` WHERE `status` = 1 LIMIT 18   [ RunTime:0.0003s ]
SQL: SHOW COLUMNS FROM `jx_category` [ RunTime:0.0052s ]
NOTIC: [8] Undefined variable: where F:\www\jiuxiang\Application\Home\Controller\BaseController.class.php 第 50 行.
SQL: SELECT * FROM `jx_category` ORDER BY sort ASC,id ASC  [ RunTime:0.0004s ]
SQL: SHOW COLUMNS FROM `jx_image` [ RunTime:0.0053s ]
SQL: SELECT * FROM `jx_image` WHERE `status` = 1 AND `cid` = 54 ORDER BY id ASC  [ RunTime:0.0003s ]
SQL: SHOW COLUMNS FROM `jx_news` [ RunTime:0.0051s ]
SQL: SELECT * FROM `jx_category` WHERE ( pid=3 and status=2 )  [ RunTime:0.0003s ]
SQL: SELECT `cname` FROM `jx_category` WHERE ( id=15 ) LIMIT 1   [ RunTime:0.0002s ]
NOTIC: [8] Undefined index: page F:\www\jiuxiang\Application\Home\Controller\BusinessController.class.php 第 13 行.
SQL: SELECT COUNT(*) AS tp_count FROM `jx_news` WHERE `cid` = 15 LIMIT 1   [ RunTime:0.0002s ]
SQL: SELECT * FROM `jx_news` WHERE `cid` = 15 LIMIT 0,20   [ RunTime:0.0004s ]
INFO: [ view_parse ] --START--
INFO: [ template_filter ] --START--
INFO: Run Behavior\ContentReplaceBehavior [ RunTime:0.000057s ]
INFO: [ template_filter ] --END-- [ RunTime:0.000105s ]
INFO: Run Behavior\ParseTemplateBehavior [ RunTime:0.008431s ]
INFO: [ view_parse ] --END-- [ RunTime:0.008473s ]
INFO: [ view_filter ] --START--
INFO: Run Behavior\WriteHtmlCacheBehavior [ RunTime:0.000263s ]
INFO: [ view_filter ] --END-- [ RunTime:0.000295s ]
INFO: [ app_end ] --START--
INFO: Run Behavior\ShowPageTraceBehavior [ RunTime:0.000515s ]
INFO: [ app_end ] --END-- [ RunTime:0.000548s ]

[ 2018-06-23T17:40:26+08:00 ] 127.0.0.1 /Home/Business/index/cid/16.html
INFO: [ app_init ] --START--
INFO: Run Behavior\BuildLiteBehavior [ RunTime:0.000014s ]
INFO: [ app_init ] --END-- [ RunTime:0.000382s ]
INFO: [ app_begin ] --START--
INFO: Run Behavior\ReadHtmlCacheBehavior [ RunTime:0.000604s ]
INFO: [ app_begin ] --END-- [ RunTime:0.000668s ]
SQL: SHOW COLUMNS FROM `jx_system` [ RunTime:0.0059s ]
SQL: SELECT * FROM `jx_system` WHERE ( id = 1 ) LIMIT 1   [ RunTime:0.0003s ]
SQL: SHOW COLUMNS FROM `jx_link` [ RunTime:0.0050s ]
SQL: SELECT * FROM `jx_link` WHERE `status` = 1 LIMIT 18   [ RunTime:0.0003s ]
SQL: SHOW COLUMNS FROM `jx_category` [ RunTime:0.0062s ]
NOTIC: [8] Undefined variable: where F:\www\jiuxiang\Application\Home\Controller\BaseController.class.php 第 50 行.
SQL: SELECT * FROM `jx_category` ORDER BY sort ASC,id ASC  [ RunTime:0.0004s ]
SQL: SHOW COLUMNS FROM `jx_image` [ RunTime:0.0060s ]
SQL: SELECT * FROM `jx_image` WHERE `status` = 1 AND `cid` = 54 ORDER BY id ASC  [ RunTime:0.0004s ]
SQL: SHOW COLUMNS FROM `jx_news` [ RunTime:0.0058s ]
SQL: SELECT * FROM `jx_category` WHERE ( pid=3 and status=2 )  [ RunTime:0.0004s ]
SQL: SELECT `cname` FROM `jx_category` WHERE ( id=16 ) LIMIT 1   [ RunTime:0.0003s ]
NOTIC: [8] Undefined index: page F:\www\jiuxiang\Application\Home\Controller\BusinessController.class.php 第 13 行.
SQL: SELECT COUNT(*) AS tp_count FROM `jx_news` WHERE `cid` = 16 LIMIT 1   [ RunTime:0.0002s ]
SQL: SELECT * FROM `jx_news` WHERE `cid` = 16 LIMIT 0,20   [ RunTime:0.0005s ]
INFO: [ view_parse ] --START--
INFO: [ template_filter ] --START--
INFO: Run Behavior\ContentReplaceBehavior [ RunTime:0.000059s ]
INFO: [ template_filter ] --END-- [ RunTime:0.000105s ]
INFO: Run Behavior\ParseTemplateBehavior [ RunTime:0.008702s ]
INFO: [ view_parse ] --END-- [ RunTime:0.008748s ]
INFO: [ view_filter ] --START--
INFO: Run Behavior\WriteHtmlCacheBehavior [ RunTime:0.000281s ]
INFO: [ view_filter ] --END-- [ RunTime:0.000314s ]
INFO: [ app_end ] --START--
INFO: Run Behavior\ShowPageTraceBehavior [ RunTime:0.000517s ]
INFO: [ app_end ] --END-- [ RunTime:0.000552s ]

[ 2018-06-23T17:40:29+08:00 ] 127.0.0.1 /index.php/Home/News/index.html
INFO: [ app_init ] --START--
INFO: Run Behavior\BuildLiteBehavior [ RunTime:0.000015s ]
INFO: [ app_init ] --END-- [ RunTime:0.000426s ]
INFO: [ app_begin ] --START--
INFO: Run Behavior\ReadHtmlCacheBehavior [ RunTime:0.000611s ]
INFO: [ app_begin ] --END-- [ RunTime:0.000663s ]
SQL: SHOW COLUMNS FROM `jx_system` [ RunTime:0.0098s ]
SQL: SELECT * FROM `jx_system` WHERE ( id = 1 ) LIMIT 1   [ RunTime:0.0004s ]
SQL: SHOW COLUMNS FROM `jx_link` [ RunTime:0.0051s ]
SQL: SELECT * FROM `jx_link` WHERE `status` = 1 LIMIT 18   [ RunTime:0.0003s ]
SQL: SHOW COLUMNS FROM `jx_category` [ RunTime:0.0138s ]
NOTIC: [8] Undefined variable: where F:\www\jiuxiang\Application\Home\Controller\BaseController.class.php 第 50 行.
SQL: SELECT * FROM `jx_category` ORDER BY sort ASC,id ASC  [ RunTime:0.0003s ]
SQL: SHOW COLUMNS FROM `jx_image` [ RunTime:0.0048s ]
SQL: SELECT * FROM `jx_image` WHERE `status` = 1 AND `cid` = 54 ORDER BY id ASC  [ RunTime:0.0003s ]
SQL: SHOW COLUMNS FROM `jx_news` [ RunTime:0.0054s ]
SQL: SELECT * FROM `jx_category` WHERE ( pid=2 and status=2 )  [ RunTime:0.0003s ]
SQL: SELECT `cname` FROM `jx_category` WHERE ( id=10 ) LIMIT 1   [ RunTime:0.0002s ]
NOTIC: [8] Undefined index: page F:\www\jiuxiang\Application\Home\Controller\NewsController.class.php 第 13 行.
SQL: SELECT COUNT(*) AS tp_count FROM `jx_news` WHERE `cid` = 10 LIMIT 1   [ RunTime:0.0002s ]
SQL: SELECT * FROM `jx_news` WHERE `cid` = 10 LIMIT 0,20   [ RunTime:0.0005s ]
INFO: [ view_parse ] --START--
INFO: [ template_filter ] --START--
INFO: Run Behavior\ContentReplaceBehavior [ RunTime:0.000055s ]
INFO: [ template_filter ] --END-- [ RunTime:0.000102s ]
INFO: Run Behavior\ParseTemplateBehavior [ RunTime:0.008929s ]
INFO: [ view_parse ] --END-- [ RunTime:0.008976s ]
INFO: [ view_filter ] --START--
INFO: Run Behavior\WriteHtmlCacheBehavior [ RunTime:0.000292s ]
INFO: [ view_filter ] --END-- [ RunTime:0.000326s ]
INFO: [ app_end ] --START--
INFO: Run Behavior\ShowPageTraceBehavior [ RunTime:0.000608s ]
INFO: [ app_end ] --END-- [ RunTime:0.000645s ]

[ 2018-06-23T17:40:36+08:00 ] 127.0.0.1 /index.php/Home/Business/index.html
INFO: [ app_init ] --START--
INFO: Run Behavior\BuildLiteBehavior [ RunTime:0.000013s ]
INFO: [ app_init ] --END-- [ RunTime:0.000387s ]
INFO: [ app_begin ] --START--
INFO: Run Behavior\ReadHtmlCacheBehavior [ RunTime:0.000542s ]
INFO: [ app_begin ] --END-- [ RunTime:0.000588s ]
SQL: SHOW COLUMNS FROM `jx_system` [ RunTime:0.0113s ]
SQL: SELECT * FROM `jx_system` WHERE ( id = 1 ) LIMIT 1   [ RunTime:0.0011s ]
SQL: SHOW COLUMNS FROM `jx_link` [ RunTime:0.0071s ]
SQL: SELECT * FROM `jx_link` WHERE `status` = 1 LIMIT 18   [ RunTime:0.0004s ]
SQL: SHOW COLUMNS FROM `jx_category` [ RunTime:0.0115s ]
NOTIC: [8] Undefined variable: where F:\www\jiuxiang\Application\Home\Controller\BaseController.class.php 第 50 行.
SQL: SELECT * FROM `jx_category` ORDER BY sort ASC,id ASC  [ RunTime:0.0004s ]
SQL: SHOW COLUMNS FROM `jx_image` [ RunTime:0.0103s ]
SQL: SELECT * FROM `jx_image` WHERE `status` = 1 AND `cid` = 54 ORDER BY id ASC  [ RunTime:0.0015s ]
SQL: SHOW COLUMNS FROM `jx_news` [ RunTime:0.0079s ]
SQL: SELECT * FROM `jx_category` WHERE ( pid=3 and status=2 )  [ RunTime:0.0004s ]
SQL: SELECT `cname` FROM `jx_category` WHERE ( id=14 ) LIMIT 1   [ RunTime:0.0003s ]
NOTIC: [8] Undefined index: page F:\www\jiuxiang\Application\Home\Controller\BusinessController.class.php 第 13 行.
SQL: SELECT COUNT(*) AS tp_count FROM `jx_news` WHERE `cid` = 14 LIMIT 1   [ RunTime:0.0005s ]
SQL: SELECT * FROM `jx_news` WHERE `cid` = 14 LIMIT 0,20   [ RunTime:0.0015s ]
INFO: [ view_parse ] --START--
INFO: [ template_filter ] --START--
INFO: Run Behavior\ContentReplaceBehavior [ RunTime:0.000067s ]
INFO: [ template_filter ] --END-- [ RunTime:0.000123s ]
INFO: Run Behavior\ParseTemplateBehavior [ RunTime:0.016052s ]
INFO: [ view_parse ] --END-- [ RunTime:0.016298s ]
INFO: [ view_filter ] --START--
INFO: Run Behavior\WriteHtmlCacheBehavior [ RunTime:0.001788s ]
INFO: [ view_filter ] --END-- [ RunTime:0.001972s ]
INFO: [ app_end ] --START--
INFO: Run Behavior\ShowPageTraceBehavior [ RunTime:0.000917s ]
INFO: [ app_end ] --END-- [ RunTime:0.000970s ]

[ 2018-06-23T17:40:42+08:00 ] 127.0.0.1 /index.php/Home/Liquor/index.html
INFO: [ app_init ] --START--
INFO: Run Behavior\BuildLiteBehavior [ RunTime:0.000013s ]
INFO: [ app_init ] --END-- [ RunTime:0.000382s ]
INFO: [ app_begin ] --START--
INFO: Run Behavior\ReadHtmlCacheBehavior [ RunTime:0.000540s ]
INFO: [ app_begin ] --END-- [ RunTime:0.000585s ]
SQL: SHOW COLUMNS FROM `jx_system` [ RunTime:0.0056s ]
SQL: SELECT * FROM `jx_system` WHERE ( id = 1 ) LIMIT 1   [ RunTime:0.0003s ]
SQL: SHOW COLUMNS FROM `jx_link` [ RunTime:0.0070s ]
SQL: SELECT * FROM `jx_link` WHERE `status` = 1 LIMIT 18   [ RunTime:0.0004s ]
SQL: SHOW COLUMNS FROM `jx_category` [ RunTime:0.0063s ]
NOTIC: [8] Undefined variable: where F:\www\jiuxiang\Application\Home\Controller\BaseController.class.php 第 50 行.
SQL: SELECT * FROM `jx_category` ORDER BY sort ASC,id ASC  [ RunTime:0.0004s ]
SQL: SHOW COLUMNS FROM `jx_image` [ RunTime:0.0062s ]
SQL: SELECT * FROM `jx_image` WHERE `status` = 1 AND `cid` = 54 ORDER BY id ASC  [ RunTime:0.0003s ]
SQL: SHOW COLUMNS FROM `jx_goods` [ RunTime:0.0068s ]
SQL: SELECT * FROM `jx_category` WHERE ( pid=4 and status=1 )  [ RunTime:0.0004s ]
SQL: SELECT `cname` FROM `jx_category` WHERE ( id=5 ) LIMIT 1   [ RunTime:0.0003s ]
NOTIC: [8] Undefined index: page F:\www\jiuxiang\Application\Home\Controller\LiquorController.class.php 第 13 行.
SQL: SELECT COUNT(*) AS tp_count FROM `jx_goods` WHERE `cid` = 5 LIMIT 1   [ RunTime:0.0003s ]
SQL: SELECT * FROM `jx_goods` WHERE `cid` = 5 LIMIT 0,20   [ RunTime:0.0003s ]
INFO: [ view_parse ] --START--
INFO: [ template_filter ] --START--
INFO: Run Behavior\ContentReplaceBehavior [ RunTime:0.000054s ]
INFO: [ template_filter ] --END-- [ RunTime:0.000097s ]
INFO: Run Behavior\ParseTemplateBehavior [ RunTime:0.008964s ]
INFO: [ view_parse ] --END-- [ RunTime:0.009009s ]
INFO: [ view_filter ] --START--
INFO: Run Behavior\WriteHtmlCacheBehavior [ RunTime:0.000270s ]
INFO: [ view_filter ] --END-- [ RunTime:0.000302s ]
INFO: [ app_end ] --START--
INFO: Run Behavior\ShowPageTraceBehavior [ RunTime:0.000546s ]
INFO: [ app_end ] --END-- [ RunTime:0.000583s ]

[ 2018-06-23T17:40:45+08:00 ] 127.0.0.1 /
INFO: [ app_init ] --START--
INFO: Run Behavior\BuildLiteBehavior [ RunTime:0.000014s ]
INFO: [ app_init ] --END-- [ RunTime:0.000426s ]
INFO: [ app_begin ] --START--
INFO: Run Behavior\ReadHtmlCacheBehavior [ RunTime:0.000605s ]
INFO: [ app_begin ] --END-- [ RunTime:0.000658s ]
SQL: SHOW COLUMNS FROM `jx_system` [ RunTime:0.0453s ]
SQL: SELECT * FROM `jx_system` WHERE ( id = 1 ) LIMIT 1   [ RunTime:0.0004s ]
SQL: SHOW COLUMNS FROM `jx_link` [ RunTime:0.0830s ]
SQL: SELECT * FROM `jx_link` WHERE `status` = 1 LIMIT 18   [ RunTime:0.0003s ]
SQL: SHOW COLUMNS FROM `jx_category` [ RunTime:0.0050s ]
NOTIC: [8] Undefined variable: where F:\www\jiuxiang\Application\Home\Controller\BaseController.class.php 第 50 行.
SQL: SELECT * FROM `jx_category` ORDER BY sort ASC,id ASC  [ RunTime:0.0004s ]
SQL: SHOW COLUMNS FROM `jx_image` [ RunTime:0.0060s ]
SQL: SELECT * FROM `jx_image` WHERE `status` = 1 AND `cid` = 54 ORDER BY id ASC  [ RunTime:0.0004s ]
SQL: SHOW COLUMNS FROM `jx_news` [ RunTime:0.0054s ]
SQL: SELECT * FROM `jx_category` WHERE ( pid = 2 and status = 2 )  [ RunTime:0.0003s ]
NOTIC: [8] Undefined variable: str F:\www\jiuxiang\Application\Home\Controller\IndexController.class.php 第 11 行.
SQL: SELECT * FROM `jx_news` WHERE `status` = 1 AND `cid` IN ('10','11','12','13','') ORDER BY sort DESC,news_time DESC,id DESC LIMIT 0,5   [ RunTime:0.0009s ]
SQL: SELECT * FROM `jx_image` WHERE ( cid = 54 and status = 1 ) ORDER BY id ASC LIMIT 10,3   [ RunTime:0.0002s ]
SQL: SELECT * FROM `jx_image` WHERE ( cid = 54 and status = 1 ) ORDER BY id ASC LIMIT 14,3   [ RunTime:0.0002s ]
SQL: SHOW COLUMNS FROM `jx_goods` [ RunTime:0.0063s ]
SQL: SELECT * FROM `jx_goods` WHERE ( cid = 5 )  [ RunTime:0.0003s ]
INFO: [ view_parse ] --START--
INFO: [ template_filter ] --START--
INFO: Run Behavior\ContentReplaceBehavior [ RunTime:0.000088s ]
INFO: [ template_filter ] --END-- [ RunTime:0.000131s ]
NOTIC: [8] Undefined index: title F:\www\jiuxiang\Runtime\Cache\Home\2a94b8bda04ff446dcedd42276fc99ee.php 第 126 行.
NOTIC: [8] Undefined index: title F:\www\jiuxiang\Runtime\Cache\Home\2a94b8bda04ff446dcedd42276fc99ee.php 第 126 行.
NOTIC: [8] Undefined index: title F:\www\jiuxiang\Runtime\Cache\Home\2a94b8bda04ff446dcedd42276fc99ee.php 第 126 行.
NOTIC: [8] Undefined index: title F:\www\jiuxiang\Runtime\Cache\Home\2a94b8bda04ff446dcedd42276fc99ee.php 第 126 行.
NOTIC: [8] Undefined index: title F:\www\jiuxiang\Runtime\Cache\Home\2a94b8bda04ff446dcedd42276fc99ee.php 第 126 行.
NOTIC: [8] Undefined index: title F:\www\jiuxiang\Runtime\Cache\Home\2a94b8bda04ff446dcedd42276fc99ee.php 第 126 行.
NOTIC: [8] Undefined index: title F:\www\jiuxiang\Runtime\Cache\Home\2a94b8bda04ff446dcedd42276fc99ee.php 第 133 行.
NOTIC: [8] Undefined index: title F:\www\jiuxiang\Runtime\Cache\Home\2a94b8bda04ff446dcedd42276fc99ee.php 第 133 行.
NOTIC: [8] Undefined index: title F:\www\jiuxiang\Runtime\Cache\Home\2a94b8bda04ff446dcedd42276fc99ee.php 第 133 行.
INFO: Run Behavior\ParseTemplateBehavior [ RunTime:0.012772s ]
INFO: [ view_parse ] --END-- [ RunTime:0.012814s ]
INFO: [ view_filter ] --START--
INFO: Run Behavior\WriteHtmlCacheBehavior [ RunTime:0.000283s ]
INFO: [ view_filter ] --END-- [ RunTime:0.000315s ]
INFO: [ app_end ] --START--
INFO: Run Behavior\ShowPageTraceBehavior [ RunTime:0.000813s ]
INFO: [ app_end ] --END-- [ RunTime:0.000860s ]

