[ 2018-06-28T11:09:57+08:00 ] 127.0.0.1 /
INFO: [ app_init ] --START--
INFO: Run Behavior\BuildLiteBehavior [ RunTime:0.000022s ]
INFO: [ app_init ] --END-- [ RunTime:0.030931s ]
INFO: [ app_begin ] --START--
INFO: Run Behavior\ReadHtmlCacheBehavior [ RunTime:0.001552s ]
INFO: [ app_begin ] --END-- [ RunTime:0.001621s ]
SQL: SHOW COLUMNS FROM `jx_system` [ RunTime:0.1956s ]
SQL: SELECT * FROM `jx_system` WHERE ( id = 1 ) LIMIT 1   [ RunTime:0.0247s ]
SQL: SHOW COLUMNS FROM `jx_link` [ RunTime:0.0661s ]
SQL: SELECT * FROM `jx_link` WHERE `status` = 1 LIMIT 18   [ RunTime:0.0002s ]
SQL: SHOW COLUMNS FROM `jx_category` [ RunTime:0.2309s ]
NOTIC: [8] Undefined variable: where F:\www\jiuxiang\Application\Home\Controller\BaseController.class.php 第 50 行.
SQL: SELECT * FROM `jx_category` ORDER BY sort ASC,id ASC  [ RunTime:0.0202s ]
SQL: SHOW COLUMNS FROM `jx_image` [ RunTime:0.0079s ]
SQL: SELECT * FROM `jx_image` WHERE `status` = 1 AND `cid` = 54 ORDER BY id ASC  [ RunTime:0.0088s ]
SQL: SHOW COLUMNS FROM `jx_news` [ RunTime:0.0362s ]
SQL: SELECT * FROM `jx_category` WHERE ( pid = 2 and status = 2 )  [ RunTime:0.0003s ]
NOTIC: [8] Undefined variable: str F:\www\jiuxiang\Application\Home\Controller\IndexController.class.php 第 11 行.
SQL: SELECT * FROM `jx_news` WHERE `status` = 1 AND `cid` IN ('10','11','12','13','') ORDER BY sort DESC,news_time DESC,id DESC LIMIT 0,5   [ RunTime:0.0306s ]
SQL: SELECT * FROM `jx_image` WHERE ( cid = 54 and status = 1 ) ORDER BY id ASC LIMIT 10,3   [ RunTime:0.0004s ]
SQL: SELECT * FROM `jx_image` WHERE ( cid = 54 and status = 1 ) ORDER BY id ASC LIMIT 14,3   [ RunTime:0.0003s ]
SQL: SHOW COLUMNS FROM `jx_goods` [ RunTime:0.0437s ]
SQL: SELECT * FROM `jx_goods` WHERE ( cid = 5 )  [ RunTime:0.0005s ]
INFO: [ view_parse ] --START--
INFO: [ template_filter ] --START--
INFO: Run Behavior\ContentReplaceBehavior [ RunTime:0.044671s ]
INFO: [ template_filter ] --END-- [ RunTime:0.044743s ]
NOTIC: [8] Undefined index: title F:\www\jiuxiang\Runtime\Cache\Home\2a94b8bda04ff446dcedd42276fc99ee.php 第 101 行.
NOTIC: [8] Undefined index: title F:\www\jiuxiang\Runtime\Cache\Home\2a94b8bda04ff446dcedd42276fc99ee.php 第 101 行.
NOTIC: [8] Undefined index: title F:\www\jiuxiang\Runtime\Cache\Home\2a94b8bda04ff446dcedd42276fc99ee.php 第 101 行.
NOTIC: [8] Undefined index: title F:\www\jiuxiang\Runtime\Cache\Home\2a94b8bda04ff446dcedd42276fc99ee.php 第 101 行.
NOTIC: [8] Undefined index: title F:\www\jiuxiang\Runtime\Cache\Home\2a94b8bda04ff446dcedd42276fc99ee.php 第 101 行.
NOTIC: [8] Undefined index: title F:\www\jiuxiang\Runtime\Cache\Home\2a94b8bda04ff446dcedd42276fc99ee.php 第 101 行.
NOTIC: [8] Undefined index: title F:\www\jiuxiang\Runtime\Cache\Home\2a94b8bda04ff446dcedd42276fc99ee.php 第 108 行.
NOTIC: [8] Undefined index: title F:\www\jiuxiang\Runtime\Cache\Home\2a94b8bda04ff446dcedd42276fc99ee.php 第 108 行.
NOTIC: [8] Undefined index: title F:\www\jiuxiang\Runtime\Cache\Home\2a94b8bda04ff446dcedd42276fc99ee.php 第 108 行.
INFO: Run Behavior\ParseTemplateBehavior [ RunTime:0.194366s ]
INFO: [ view_parse ] --END-- [ RunTime:0.194430s ]
INFO: [ view_filter ] --START--
INFO: Run Behavior\WriteHtmlCacheBehavior [ RunTime:0.024256s ]
INFO: [ view_filter ] --END-- [ RunTime:0.024309s ]
INFO: [ app_end ] --START--
INFO: Run Behavior\ShowPageTraceBehavior [ RunTime:0.016670s ]
INFO: [ app_end ] --END-- [ RunTime:0.016736s ]

[ 2018-06-28T18:13:06+08:00 ] 127.0.0.1 /
INFO: [ app_init ] --START--
INFO: Run Behavior\BuildLiteBehavior [ RunTime:0.000031s ]
INFO: [ app_init ] --END-- [ RunTime:0.022771s ]
INFO: [ app_begin ] --START--
INFO: Run Behavior\ReadHtmlCacheBehavior [ RunTime:0.012689s ]
INFO: [ app_begin ] --END-- [ RunTime:0.012757s ]
SQL: SHOW COLUMNS FROM `jx_system` [ RunTime:0.0224s ]
SQL: SELECT * FROM `jx_system` WHERE ( id = 1 ) LIMIT 1   [ RunTime:0.0168s ]
SQL: SHOW COLUMNS FROM `jx_link` [ RunTime:0.0061s ]
SQL: SELECT * FROM `jx_link` WHERE `status` = 1 LIMIT 18   [ RunTime:0.0005s ]
SQL: SHOW COLUMNS FROM `jx_category` [ RunTime:0.0060s ]
NOTIC: [8] Undefined variable: where F:\www\jiuxiang\Application\Home\Controller\BaseController.class.php 第 50 行.
SQL: SELECT * FROM `jx_category` ORDER BY sort ASC,id ASC  [ RunTime:0.0005s ]
SQL: SHOW COLUMNS FROM `jx_image` [ RunTime:0.0059s ]
SQL: SELECT * FROM `jx_image` WHERE `status` = 1 AND `cid` = 54 ORDER BY id ASC  [ RunTime:0.0118s ]
SQL: SHOW COLUMNS FROM `jx_news` [ RunTime:0.0069s ]
SQL: SELECT * FROM `jx_category` WHERE ( pid = 2 and status = 2 )  [ RunTime:0.0004s ]
NOTIC: [8] Undefined variable: str F:\www\jiuxiang\Application\Home\Controller\IndexController.class.php 第 11 行.
SQL: SELECT * FROM `jx_news` WHERE `status` = 1 AND `cid` IN ('10','11','12','13','') ORDER BY sort DESC,news_time DESC,id DESC LIMIT 0,5   [ RunTime:0.0004s ]
SQL: SELECT * FROM `jx_image` WHERE ( cid = 54 and status = 1 ) ORDER BY id ASC LIMIT 10,3   [ RunTime:0.0002s ]
SQL: SELECT * FROM `jx_image` WHERE ( cid = 54 and status = 1 ) ORDER BY id ASC LIMIT 14,3   [ RunTime:0.0003s ]
SQL: SHOW COLUMNS FROM `jx_goods` [ RunTime:0.0058s ]
SQL: SELECT * FROM `jx_goods` WHERE ( cid = 5 )  [ RunTime:0.0004s ]
INFO: [ view_parse ] --START--
INFO: [ template_filter ] --START--
INFO: Run Behavior\ContentReplaceBehavior [ RunTime:0.000101s ]
INFO: [ template_filter ] --END-- [ RunTime:0.000149s ]
NOTIC: [8] Undefined index: title F:\www\jiuxiang\Runtime\Cache\Home\2a94b8bda04ff446dcedd42276fc99ee.php 第 101 行.
NOTIC: [8] Undefined index: title F:\www\jiuxiang\Runtime\Cache\Home\2a94b8bda04ff446dcedd42276fc99ee.php 第 101 行.
NOTIC: [8] Undefined index: title F:\www\jiuxiang\Runtime\Cache\Home\2a94b8bda04ff446dcedd42276fc99ee.php 第 101 行.
NOTIC: [8] Undefined index: title F:\www\jiuxiang\Runtime\Cache\Home\2a94b8bda04ff446dcedd42276fc99ee.php 第 101 行.
NOTIC: [8] Undefined index: title F:\www\jiuxiang\Runtime\Cache\Home\2a94b8bda04ff446dcedd42276fc99ee.php 第 101 行.
NOTIC: [8] Undefined index: title F:\www\jiuxiang\Runtime\Cache\Home\2a94b8bda04ff446dcedd42276fc99ee.php 第 101 行.
NOTIC: [8] Undefined index: title F:\www\jiuxiang\Runtime\Cache\Home\2a94b8bda04ff446dcedd42276fc99ee.php 第 108 行.
NOTIC: [8] Undefined index: title F:\www\jiuxiang\Runtime\Cache\Home\2a94b8bda04ff446dcedd42276fc99ee.php 第 108 行.
NOTIC: [8] Undefined index: title F:\www\jiuxiang\Runtime\Cache\Home\2a94b8bda04ff446dcedd42276fc99ee.php 第 108 行.
INFO: Run Behavior\ParseTemplateBehavior [ RunTime:0.130589s ]
INFO: [ view_parse ] --END-- [ RunTime:0.130635s ]
INFO: [ view_filter ] --START--
INFO: Run Behavior\WriteHtmlCacheBehavior [ RunTime:0.010034s ]
INFO: [ view_filter ] --END-- [ RunTime:0.010087s ]
INFO: [ app_end ] --START--
INFO: Run Behavior\ShowPageTraceBehavior [ RunTime:0.014965s ]
INFO: [ app_end ] --END-- [ RunTime:0.015022s ]

