[ 2018-06-22T09:45:17+08:00 ] 127.0.0.1 /
INFO: [ app_init ] --START--
INFO: Run Behavior\BuildLiteBehavior [ RunTime:0.000022s ]
INFO: [ app_init ] --END-- [ RunTime:0.042297s ]
INFO: [ app_begin ] --START--
INFO: Run Behavior\ReadHtmlCacheBehavior [ RunTime:0.001794s ]
INFO: [ app_begin ] --END-- [ RunTime:0.001868s ]
SQL: SHOW COLUMNS FROM `jx_system` [ RunTime:0.0470s ]
SQL: SELECT * FROM `jx_system` WHERE ( id = 1 ) LIMIT 1   [ RunTime:0.0005s ]
SQL: SHOW COLUMNS FROM `jx_link` [ RunTime:0.0625s ]
SQL: SELECT * FROM `jx_link` WHERE `status` = 1 LIMIT 18   [ RunTime:0.0007s ]
SQL: SHOW COLUMNS FROM `jx_category` [ RunTime:0.0192s ]
NOTIC: [8] Undefined variable: where F:\www\jiuxiang\Application\Home\Controller\BaseController.class.php 第 50 行.
SQL: SELECT * FROM `jx_category` ORDER BY sort ASC,id ASC  [ RunTime:0.0004s ]
SQL: SHOW COLUMNS FROM `jx_image` [ RunTime:0.0063s ]
SQL: SELECT * FROM `jx_image` WHERE `status` = 1 AND `cid` = 54 ORDER BY id ASC  [ RunTime:0.0003s ]
SQL: SHOW COLUMNS FROM `jx_news` [ RunTime:0.0408s ]
SQL: SELECT * FROM `jx_category` WHERE ( pid = 2 and status = 2 )  [ RunTime:0.0004s ]
NOTIC: [8] Undefined variable: str F:\www\jiuxiang\Application\Home\Controller\IndexController.class.php 第 11 行.
SQL: SELECT * FROM `jx_news` WHERE `status` = 1 AND `cid` IN ('10','11','12','13','') ORDER BY sort DESC,news_time DESC,id DESC LIMIT 0,5   [ RunTime:0.0641s ]
SQL: SELECT * FROM `jx_image` WHERE ( cid = 54 and status = 1 ) ORDER BY id ASC LIMIT 10,3   [ RunTime:0.0003s ]
SQL: SELECT * FROM `jx_image` WHERE ( cid = 54 and status = 1 ) ORDER BY id ASC LIMIT 14,3   [ RunTime:0.0002s ]
SQL: SHOW COLUMNS FROM `jx_goods` [ RunTime:0.0414s ]
SQL: SELECT * FROM `jx_goods` WHERE ( cid = 5 )  [ RunTime:0.0004s ]
INFO: [ view_parse ] --START--
INFO: [ template_filter ] --START--
INFO: Run Behavior\ContentReplaceBehavior [ RunTime:0.016973s ]
INFO: [ template_filter ] --END-- [ RunTime:0.017034s ]
NOTIC: [8] Undefined index: title F:\www\jiuxiang\Runtime\Cache\Home\2a94b8bda04ff446dcedd42276fc99ee.php 第 126 行.
NOTIC: [8] Undefined index: title F:\www\jiuxiang\Runtime\Cache\Home\2a94b8bda04ff446dcedd42276fc99ee.php 第 126 行.
NOTIC: [8] Undefined index: title F:\www\jiuxiang\Runtime\Cache\Home\2a94b8bda04ff446dcedd42276fc99ee.php 第 126 行.
NOTIC: [8] Undefined index: title F:\www\jiuxiang\Runtime\Cache\Home\2a94b8bda04ff446dcedd42276fc99ee.php 第 126 行.
NOTIC: [8] Undefined index: title F:\www\jiuxiang\Runtime\Cache\Home\2a94b8bda04ff446dcedd42276fc99ee.php 第 126 行.
NOTIC: [8] Undefined index: title F:\www\jiuxiang\Runtime\Cache\Home\2a94b8bda04ff446dcedd42276fc99ee.php 第 126 行.
NOTIC: [8] Undefined index: title F:\www\jiuxiang\Runtime\Cache\Home\2a94b8bda04ff446dcedd42276fc99ee.php 第 133 行.
NOTIC: [8] Undefined index: title F:\www\jiuxiang\Runtime\Cache\Home\2a94b8bda04ff446dcedd42276fc99ee.php 第 133 行.
NOTIC: [8] Undefined index: title F:\www\jiuxiang\Runtime\Cache\Home\2a94b8bda04ff446dcedd42276fc99ee.php 第 133 行.
INFO: Run Behavior\ParseTemplateBehavior [ RunTime:0.134677s ]
INFO: [ view_parse ] --END-- [ RunTime:0.134730s ]
INFO: [ view_filter ] --START--
INFO: Run Behavior\WriteHtmlCacheBehavior [ RunTime:0.013159s ]
INFO: [ view_filter ] --END-- [ RunTime:0.013214s ]
INFO: [ app_end ] --START--
INFO: Run Behavior\ShowPageTraceBehavior [ RunTime:0.014276s ]
INFO: [ app_end ] --END-- [ RunTime:0.014346s ]

[ 2018-06-22T09:45:22+08:00 ] 127.0.0.1 /index.php
INFO: [ app_init ] --START--
INFO: Run Behavior\BuildLiteBehavior [ RunTime:0.000014s ]
INFO: [ app_init ] --END-- [ RunTime:0.000440s ]
INFO: [ app_begin ] --START--
INFO: Run Behavior\ReadHtmlCacheBehavior [ RunTime:0.000751s ]
INFO: [ app_begin ] --END-- [ RunTime:0.000796s ]
SQL: SHOW COLUMNS FROM `jx_system` [ RunTime:0.0055s ]
SQL: SELECT * FROM `jx_system` WHERE ( id = 1 ) LIMIT 1   [ RunTime:0.0004s ]
SQL: SHOW COLUMNS FROM `jx_link` [ RunTime:0.0060s ]
SQL: SELECT * FROM `jx_link` WHERE `status` = 1 LIMIT 18   [ RunTime:0.0004s ]
SQL: SHOW COLUMNS FROM `jx_category` [ RunTime:0.0054s ]
NOTIC: [8] Undefined variable: where F:\www\jiuxiang\Application\Home\Controller\BaseController.class.php 第 50 行.
SQL: SELECT * FROM `jx_category` ORDER BY sort ASC,id ASC  [ RunTime:0.0004s ]
SQL: SHOW COLUMNS FROM `jx_image` [ RunTime:0.0073s ]
SQL: SELECT * FROM `jx_image` WHERE `status` = 1 AND `cid` = 54 ORDER BY id ASC  [ RunTime:0.0004s ]
SQL: SHOW COLUMNS FROM `jx_news` [ RunTime:0.0076s ]
SQL: SELECT * FROM `jx_category` WHERE ( pid = 2 and status = 2 )  [ RunTime:0.0004s ]
NOTIC: [8] Undefined variable: str F:\www\jiuxiang\Application\Home\Controller\IndexController.class.php 第 11 行.
SQL: SELECT * FROM `jx_news` WHERE `status` = 1 AND `cid` IN ('10','11','12','13','') ORDER BY sort DESC,news_time DESC,id DESC LIMIT 0,5   [ RunTime:0.0011s ]
SQL: SELECT * FROM `jx_image` WHERE ( cid = 54 and status = 1 ) ORDER BY id ASC LIMIT 10,3   [ RunTime:0.0003s ]
SQL: SELECT * FROM `jx_image` WHERE ( cid = 54 and status = 1 ) ORDER BY id ASC LIMIT 14,3   [ RunTime:0.0003s ]
SQL: SHOW COLUMNS FROM `jx_goods` [ RunTime:0.0077s ]
SQL: SELECT * FROM `jx_goods` WHERE ( cid = 5 )  [ RunTime:0.0003s ]
INFO: [ view_parse ] --START--
INFO: [ template_filter ] --START--
INFO: Run Behavior\ContentReplaceBehavior [ RunTime:0.000087s ]
INFO: [ template_filter ] --END-- [ RunTime:0.000124s ]
NOTIC: [8] Undefined index: title F:\www\jiuxiang\Runtime\Cache\Home\2a94b8bda04ff446dcedd42276fc99ee.php 第 126 行.
NOTIC: [8] Undefined index: title F:\www\jiuxiang\Runtime\Cache\Home\2a94b8bda04ff446dcedd42276fc99ee.php 第 126 行.
NOTIC: [8] Undefined index: title F:\www\jiuxiang\Runtime\Cache\Home\2a94b8bda04ff446dcedd42276fc99ee.php 第 126 行.
NOTIC: [8] Undefined index: title F:\www\jiuxiang\Runtime\Cache\Home\2a94b8bda04ff446dcedd42276fc99ee.php 第 126 行.
NOTIC: [8] Undefined index: title F:\www\jiuxiang\Runtime\Cache\Home\2a94b8bda04ff446dcedd42276fc99ee.php 第 126 行.
NOTIC: [8] Undefined index: title F:\www\jiuxiang\Runtime\Cache\Home\2a94b8bda04ff446dcedd42276fc99ee.php 第 126 行.
NOTIC: [8] Undefined index: title F:\www\jiuxiang\Runtime\Cache\Home\2a94b8bda04ff446dcedd42276fc99ee.php 第 133 行.
NOTIC: [8] Undefined index: title F:\www\jiuxiang\Runtime\Cache\Home\2a94b8bda04ff446dcedd42276fc99ee.php 第 133 行.
NOTIC: [8] Undefined index: title F:\www\jiuxiang\Runtime\Cache\Home\2a94b8bda04ff446dcedd42276fc99ee.php 第 133 行.
INFO: Run Behavior\ParseTemplateBehavior [ RunTime:0.013740s ]
INFO: [ view_parse ] --END-- [ RunTime:0.013788s ]
INFO: [ view_filter ] --START--
INFO: Run Behavior\WriteHtmlCacheBehavior [ RunTime:0.000505s ]
INFO: [ view_filter ] --END-- [ RunTime:0.000541s ]
INFO: [ app_end ] --START--
INFO: Run Behavior\ShowPageTraceBehavior [ RunTime:0.000794s ]
INFO: [ app_end ] --END-- [ RunTime:0.000835s ]

