[ 2018-07-04T10:36:35+08:00 ] 127.0.0.1 /
INFO: [ app_init ] --START--
INFO: Run Behavior\BuildLiteBehavior [ RunTime:0.000014s ]
INFO: [ app_init ] --END-- [ RunTime:0.000396s ]
INFO: [ app_begin ] --START--
INFO: Run Behavior\ReadHtmlCacheBehavior [ RunTime:0.000832s ]
INFO: [ app_begin ] --END-- [ RunTime:0.000942s ]
SQL: SHOW COLUMNS FROM `jx_system` [ RunTime:0.0066s ]
SQL: SELECT * FROM `jx_system` WHERE ( id = 1 ) LIMIT 1   [ RunTime:0.0004s ]
SQL: SHOW COLUMNS FROM `jx_link` [ RunTime:0.0378s ]
SQL: SELECT * FROM `jx_link` WHERE `status` = 1 LIMIT 18   [ RunTime:0.0003s ]
SQL: SHOW COLUMNS FROM `jx_category` [ RunTime:0.0049s ]
NOTIC: [8] Undefined variable: where F:\www\jiuxiang\Application\Home\Controller\BaseController.class.php 第 50 行.
SQL: SELECT * FROM `jx_category` ORDER BY sort ASC,id ASC  [ RunTime:0.0006s ]
SQL: SHOW COLUMNS FROM `jx_image` [ RunTime:0.0064s ]
SQL: SELECT * FROM `jx_image` WHERE `status` = 1 AND `cid` = 7 ORDER BY id ASC  [ RunTime:0.0004s ]
SQL: SHOW COLUMNS FROM `jx_news` [ RunTime:0.0057s ]
SQL: SELECT * FROM `jx_category` WHERE ( pid = 2 and status = 2 )  [ RunTime:0.0003s ]
NOTIC: [8] Undefined variable: str F:\www\jiuxiang\Application\Home\Controller\IndexController.class.php 第 13 行.
SQL: SELECT * FROM `jx_news` WHERE `status` = 1 AND `cid` IN ('') ORDER BY sort DESC,news_time DESC,id DESC LIMIT 0,5   [ RunTime:0.0003s ]
SQL: SELECT * FROM `jx_image` WHERE ( cid = 8 and status = 1 ) ORDER BY id ASC  [ RunTime:0.0002s ]
SQL: SELECT * FROM `jx_image` WHERE ( cid = 9 and status = 1 ) LIMIT 1   [ RunTime:0.0002s ]
SQL: SELECT * FROM `jx_image` WHERE ( cid = 10 and status = 1 ) LIMIT 1   [ RunTime:0.0002s ]
SQL: SELECT * FROM `jx_category` WHERE ( pid = 2 and status = 1 )  [ RunTime:0.0003s ]
SQL: SHOW COLUMNS FROM `jx_goods` [ RunTime:0.0571s ]
SQL: SELECT * FROM `jx_goods` WHERE ( cid = 5 )  [ RunTime:0.0008s ]
SQL: SELECT * FROM `jx_link` WHERE ( status = 1 ) ORDER BY id DESC  [ RunTime:0.0003s ]
INFO: [ view_parse ] --START--
INFO: [ template_filter ] --START--
INFO: Run Behavior\ContentReplaceBehavior [ RunTime:0.000146s ]
INFO: [ template_filter ] --END-- [ RunTime:0.000196s ]
INFO: Run Behavior\ParseTemplateBehavior [ RunTime:0.082943s ]
INFO: [ view_parse ] --END-- [ RunTime:0.083086s ]
INFO: [ view_filter ] --START--
INFO: Run Behavior\WriteHtmlCacheBehavior [ RunTime:0.000298s ]
INFO: [ view_filter ] --END-- [ RunTime:0.000342s ]
INFO: [ app_end ] --START--
INFO: Run Behavior\ShowPageTraceBehavior [ RunTime:0.005588s ]
INFO: [ app_end ] --END-- [ RunTime:0.006002s ]

[ 2018-07-04T10:36:42+08:00 ] 127.0.0.1 /Home/About/index
INFO: [ app_init ] --START--
INFO: Run Behavior\BuildLiteBehavior [ RunTime:0.000018s ]
INFO: [ app_init ] --END-- [ RunTime:0.000500s ]
INFO: [ app_begin ] --START--
INFO: Run Behavior\ReadHtmlCacheBehavior [ RunTime:0.000701s ]
INFO: [ app_begin ] --END-- [ RunTime:0.000761s ]
SQL: SHOW COLUMNS FROM `jx_system` [ RunTime:0.0471s ]
SQL: SELECT * FROM `jx_system` WHERE ( id = 1 ) LIMIT 1   [ RunTime:0.0006s ]
SQL: SHOW COLUMNS FROM `jx_link` [ RunTime:0.0591s ]
SQL: SELECT * FROM `jx_link` WHERE `status` = 1 LIMIT 18   [ RunTime:0.0003s ]
SQL: SHOW COLUMNS FROM `jx_category` [ RunTime:0.0770s ]
NOTIC: [8] Undefined variable: where F:\www\jiuxiang\Application\Home\Controller\BaseController.class.php 第 50 行.
SQL: SELECT * FROM `jx_category` ORDER BY sort ASC,id ASC  [ RunTime:0.0007s ]
SQL: SHOW COLUMNS FROM `jx_image` [ RunTime:0.0279s ]
SQL: SELECT * FROM `jx_image` WHERE `status` = 1 AND `cid` = 7 ORDER BY id ASC  [ RunTime:0.0004s ]
SQL: SHOW COLUMNS FROM `jx_news` [ RunTime:0.0058s ]
SQL: SELECT * FROM `jx_category` WHERE ( pid = 1 and status = 2 )  [ RunTime:0.0006s ]
NOTIC: [8] Undefined variable: id F:\www\jiuxiang\Application\Home\Controller\AboutController.class.php 第 29 行.
NOTIC: [8] Undefined index: page F:\www\jiuxiang\Application\Home\Controller\AboutController.class.php 第 31 行.
SQL: SELECT COUNT(*) AS tp_count FROM `jx_news` WHERE `cid` = 0 LIMIT 1   [ RunTime:0.0002s ]
SQL: SELECT * FROM `jx_news` WHERE `cid` = 0 LIMIT 0,20   [ RunTime:0.0498s ]
NOTIC: [8] Undefined variable: article F:\www\jiuxiang\Application\Home\Controller\AboutController.class.php 第 42 行.
INFO: [ view_parse ] --START--
INFO: [ template_filter ] --START--
INFO: Run Behavior\ContentReplaceBehavior [ RunTime:0.000215s ]
INFO: [ template_filter ] --END-- [ RunTime:0.000360s ]
INFO: Run Behavior\ParseTemplateBehavior [ RunTime:0.035514s ]
INFO: [ view_parse ] --END-- [ RunTime:0.035601s ]
INFO: [ view_filter ] --START--
INFO: Run Behavior\WriteHtmlCacheBehavior [ RunTime:0.000284s ]
INFO: [ view_filter ] --END-- [ RunTime:0.000320s ]
INFO: [ app_end ] --START--
INFO: Run Behavior\ShowPageTraceBehavior [ RunTime:0.000568s ]
INFO: [ app_end ] --END-- [ RunTime:0.000612s ]

[ 2018-07-04T10:36:42+08:00 ] 127.0.0.1 /Home/About/images/20151231030339132.jpg
INFO: [ app_init ] --START--
INFO: Run Behavior\BuildLiteBehavior [ RunTime:0.000020s ]
INFO: [ app_init ] --END-- [ RunTime:0.000970s ]

[ 2018-07-04T10:36:42+08:00 ] 127.0.0.1 /Home/About/favicon.ico
INFO: [ app_init ] --START--
INFO: Run Behavior\BuildLiteBehavior [ RunTime:0.000016s ]
INFO: [ app_init ] --END-- [ RunTime:0.000492s ]

[ 2018-07-04T10:52:54+08:00 ] 127.0.0.1 /Home/About/index
INFO: [ app_init ] --START--
INFO: Run Behavior\BuildLiteBehavior [ RunTime:0.000014s ]
INFO: [ app_init ] --END-- [ RunTime:0.000470s ]
INFO: [ app_begin ] --START--
INFO: Run Behavior\ReadHtmlCacheBehavior [ RunTime:0.000773s ]
INFO: [ app_begin ] --END-- [ RunTime:0.000829s ]
SQL: SHOW COLUMNS FROM `jx_system` [ RunTime:0.0506s ]
SQL: SELECT * FROM `jx_system` WHERE ( id = 1 ) LIMIT 1   [ RunTime:0.0004s ]
SQL: SHOW COLUMNS FROM `jx_link` [ RunTime:0.0065s ]
SQL: SELECT * FROM `jx_link` WHERE `status` = 1 LIMIT 18   [ RunTime:0.0002s ]
SQL: SHOW COLUMNS FROM `jx_category` [ RunTime:0.0059s ]
NOTIC: [8] Undefined variable: where F:\www\jiuxiang\Application\Home\Controller\BaseController.class.php 第 50 行.
SQL: SELECT * FROM `jx_category` ORDER BY sort ASC,id ASC  [ RunTime:0.0006s ]
SQL: SHOW COLUMNS FROM `jx_image` [ RunTime:0.0063s ]
SQL: SELECT * FROM `jx_image` WHERE `status` = 1 AND `cid` = 7 ORDER BY id ASC  [ RunTime:0.0003s ]
SQL: SHOW COLUMNS FROM `jx_news` [ RunTime:0.0059s ]
SQL: SELECT * FROM `jx_category` WHERE ( pid = 1 and status = 2 )  [ RunTime:0.0004s ]
NOTIC: [8] Undefined variable: id F:\www\jiuxiang\Application\Home\Controller\AboutController.class.php 第 29 行.
NOTIC: [8] Undefined index: page F:\www\jiuxiang\Application\Home\Controller\AboutController.class.php 第 31 行.
SQL: SELECT COUNT(*) AS tp_count FROM `jx_news` WHERE `cid` = 0 LIMIT 1   [ RunTime:0.0003s ]
SQL: SELECT * FROM `jx_news` WHERE `cid` = 0 LIMIT 0,20   [ RunTime:0.0004s ]
NOTIC: [8] Undefined variable: article F:\www\jiuxiang\Application\Home\Controller\AboutController.class.php 第 42 行.
INFO: [ view_parse ] --START--
INFO: [ template_filter ] --START--
INFO: Run Behavior\ContentReplaceBehavior [ RunTime:0.000053s ]
INFO: [ template_filter ] --END-- [ RunTime:0.000097s ]
INFO: Run Behavior\ParseTemplateBehavior [ RunTime:0.010547s ]
INFO: [ view_parse ] --END-- [ RunTime:0.010594s ]
INFO: [ view_filter ] --START--
INFO: Run Behavior\WriteHtmlCacheBehavior [ RunTime:0.000425s ]
INFO: [ view_filter ] --END-- [ RunTime:0.000459s ]
INFO: [ app_end ] --START--
INFO: Run Behavior\ShowPageTraceBehavior [ RunTime:0.000687s ]
INFO: [ app_end ] --END-- [ RunTime:0.000724s ]

[ 2018-07-04T10:52:54+08:00 ] 127.0.0.1 /Home/About/images/20151231030339132.jpg
INFO: [ app_init ] --START--
INFO: Run Behavior\BuildLiteBehavior [ RunTime:0.000017s ]
INFO: [ app_init ] --END-- [ RunTime:0.000480s ]

[ 2018-07-04T10:52:58+08:00 ] 127.0.0.1 /Home/About/index
INFO: [ app_init ] --START--
INFO: Run Behavior\BuildLiteBehavior [ RunTime:0.000015s ]
INFO: [ app_init ] --END-- [ RunTime:0.000399s ]
INFO: [ app_begin ] --START--
INFO: Run Behavior\ReadHtmlCacheBehavior [ RunTime:0.000555s ]
INFO: [ app_begin ] --END-- [ RunTime:0.000604s ]
SQL: SHOW COLUMNS FROM `jx_system` [ RunTime:0.0095s ]
SQL: SELECT * FROM `jx_system` WHERE ( id = 1 ) LIMIT 1   [ RunTime:0.0004s ]
SQL: SHOW COLUMNS FROM `jx_link` [ RunTime:0.0061s ]
SQL: SELECT * FROM `jx_link` WHERE `status` = 1 LIMIT 18   [ RunTime:0.0003s ]
SQL: SHOW COLUMNS FROM `jx_category` [ RunTime:0.0143s ]
NOTIC: [8] Undefined variable: where F:\www\jiuxiang\Application\Home\Controller\BaseController.class.php 第 50 行.
SQL: SELECT * FROM `jx_category` ORDER BY sort ASC,id ASC  [ RunTime:0.0007s ]
SQL: SHOW COLUMNS FROM `jx_image` [ RunTime:0.0067s ]
SQL: SELECT * FROM `jx_image` WHERE `status` = 1 AND `cid` = 7 ORDER BY id ASC  [ RunTime:0.0004s ]
SQL: SHOW COLUMNS FROM `jx_news` [ RunTime:0.0071s ]
SQL: SELECT * FROM `jx_category` WHERE ( pid = 1 and status = 2 )  [ RunTime:0.0004s ]
NOTIC: [8] Undefined variable: id F:\www\jiuxiang\Application\Home\Controller\AboutController.class.php 第 29 行.
NOTIC: [8] Undefined index: page F:\www\jiuxiang\Application\Home\Controller\AboutController.class.php 第 31 行.
SQL: SELECT COUNT(*) AS tp_count FROM `jx_news` WHERE `cid` = 0 LIMIT 1   [ RunTime:0.0003s ]
SQL: SELECT * FROM `jx_news` WHERE `cid` = 0 LIMIT 0,20   [ RunTime:0.0004s ]
NOTIC: [8] Undefined variable: article F:\www\jiuxiang\Application\Home\Controller\AboutController.class.php 第 42 行.
INFO: [ view_parse ] --START--
INFO: [ template_filter ] --START--
INFO: Run Behavior\ContentReplaceBehavior [ RunTime:0.000062s ]
INFO: [ template_filter ] --END-- [ RunTime:0.000111s ]
INFO: Run Behavior\ParseTemplateBehavior [ RunTime:0.011806s ]
INFO: [ view_parse ] --END-- [ RunTime:0.011862s ]
INFO: [ view_filter ] --START--
INFO: Run Behavior\WriteHtmlCacheBehavior [ RunTime:0.000275s ]
INFO: [ view_filter ] --END-- [ RunTime:0.000308s ]
INFO: [ app_end ] --START--
INFO: Run Behavior\ShowPageTraceBehavior [ RunTime:0.000541s ]
INFO: [ app_end ] --END-- [ RunTime:0.000577s ]

[ 2018-07-04T10:52:58+08:00 ] 127.0.0.1 /Home/About/images/20151231030339132.jpg
INFO: [ app_init ] --START--
INFO: Run Behavior\BuildLiteBehavior [ RunTime:0.000014s ]
INFO: [ app_init ] --END-- [ RunTime:0.000422s ]

[ 2018-07-04T10:53:02+08:00 ] 127.0.0.1 /Home/About/about/cid/17
INFO: [ app_init ] --START--
INFO: Run Behavior\BuildLiteBehavior [ RunTime:0.000018s ]
INFO: [ app_init ] --END-- [ RunTime:0.000544s ]
INFO: [ app_begin ] --START--
INFO: Run Behavior\ReadHtmlCacheBehavior [ RunTime:0.000923s ]
INFO: [ app_begin ] --END-- [ RunTime:0.001002s ]
SQL: SHOW COLUMNS FROM `jx_system` [ RunTime:0.0057s ]
SQL: SELECT * FROM `jx_system` WHERE ( id = 1 ) LIMIT 1   [ RunTime:0.0004s ]
SQL: SHOW COLUMNS FROM `jx_link` [ RunTime:0.0063s ]
SQL: SELECT * FROM `jx_link` WHERE `status` = 1 LIMIT 18   [ RunTime:0.0003s ]
SQL: SHOW COLUMNS FROM `jx_category` [ RunTime:0.0055s ]
NOTIC: [8] Undefined variable: where F:\www\jiuxiang\Application\Home\Controller\BaseController.class.php 第 50 行.
SQL: SELECT * FROM `jx_category` ORDER BY sort ASC,id ASC  [ RunTime:0.0005s ]
SQL: SHOW COLUMNS FROM `jx_image` [ RunTime:0.0058s ]
SQL: SELECT * FROM `jx_image` WHERE `status` = 1 AND `cid` = 7 ORDER BY id ASC  [ RunTime:0.0004s ]
SQL: SHOW COLUMNS FROM `jx_news` [ RunTime:0.0057s ]
SQL: SELECT * FROM `jx_category` WHERE ( pid = 1 and status = 2 )  [ RunTime:0.0003s ]
SQL: SELECT * FROM `jx_news` WHERE `cid` = 17 LIMIT 1   [ RunTime:0.0004s ]
NOTIC: [8] Undefined variable: con F:\www\jiuxiang\Application\Home\Controller\AboutController.class.php 第 16 行.
SQL: SELECT * FROM `jx_news` LIMIT 1   [ RunTime:0.0003s ]
INFO: [ view_parse ] --START--
INFO: [ template_filter ] --START--
INFO: Run Behavior\ContentReplaceBehavior [ RunTime:0.000053s ]
INFO: [ template_filter ] --END-- [ RunTime:0.000095s ]
INFO: Run Behavior\ParseTemplateBehavior [ RunTime:0.068262s ]
INFO: [ view_parse ] --END-- [ RunTime:0.068320s ]
INFO: [ view_filter ] --START--
INFO: Run Behavior\WriteHtmlCacheBehavior [ RunTime:0.000290s ]
INFO: [ view_filter ] --END-- [ RunTime:0.000326s ]
INFO: [ app_end ] --START--
INFO: Run Behavior\ShowPageTraceBehavior [ RunTime:0.000569s ]
INFO: [ app_end ] --END-- [ RunTime:0.000611s ]

[ 2018-07-04T10:53:02+08:00 ] 127.0.0.1 /Home/About/about/cid/images/20151231030339132.jpg
INFO: [ app_init ] --START--
INFO: Run Behavior\BuildLiteBehavior [ RunTime:0.000015s ]
INFO: [ app_init ] --END-- [ RunTime:0.000499s ]

[ 2018-07-04T10:53:03+08:00 ] 127.0.0.1 /Home/About/about/cid/favicon.ico
INFO: [ app_init ] --START--
INFO: Run Behavior\BuildLiteBehavior [ RunTime:0.000053s ]
INFO: [ app_init ] --END-- [ RunTime:0.001907s ]

[ 2018-07-04T10:53:32+08:00 ] 127.0.0.1 /Home/About/index
INFO: [ app_init ] --START--
INFO: Run Behavior\BuildLiteBehavior [ RunTime:0.000014s ]
INFO: [ app_init ] --END-- [ RunTime:0.000382s ]
INFO: [ app_begin ] --START--
INFO: Run Behavior\ReadHtmlCacheBehavior [ RunTime:0.000852s ]
INFO: [ app_begin ] --END-- [ RunTime:0.000908s ]
SQL: SHOW COLUMNS FROM `jx_system` [ RunTime:0.0070s ]
SQL: SELECT * FROM `jx_system` WHERE ( id = 1 ) LIMIT 1   [ RunTime:0.0004s ]
SQL: SHOW COLUMNS FROM `jx_link` [ RunTime:0.0063s ]
SQL: SELECT * FROM `jx_link` WHERE `status` = 1 LIMIT 18   [ RunTime:0.0003s ]
SQL: SHOW COLUMNS FROM `jx_category` [ RunTime:0.0073s ]
NOTIC: [8] Undefined variable: where F:\www\jiuxiang\Application\Home\Controller\BaseController.class.php 第 50 行.
SQL: SELECT * FROM `jx_category` ORDER BY sort ASC,id ASC  [ RunTime:0.0007s ]
SQL: SHOW COLUMNS FROM `jx_image` [ RunTime:0.0088s ]
SQL: SELECT * FROM `jx_image` WHERE `status` = 1 AND `cid` = 7 ORDER BY id ASC  [ RunTime:0.0004s ]
SQL: SHOW COLUMNS FROM `jx_news` [ RunTime:0.0081s ]
SQL: SELECT * FROM `jx_category` WHERE ( pid = 1 and status = 2 )  [ RunTime:0.0005s ]
NOTIC: [8] Undefined variable: id F:\www\jiuxiang\Application\Home\Controller\AboutController.class.php 第 29 行.
NOTIC: [8] Undefined index: page F:\www\jiuxiang\Application\Home\Controller\AboutController.class.php 第 31 行.
SQL: SELECT COUNT(*) AS tp_count FROM `jx_news` WHERE `cid` = 0 LIMIT 1   [ RunTime:0.0003s ]
SQL: SELECT * FROM `jx_news` WHERE `cid` = 0 LIMIT 0,20   [ RunTime:0.0004s ]
NOTIC: [8] Undefined variable: article F:\www\jiuxiang\Application\Home\Controller\AboutController.class.php 第 42 行.
INFO: [ view_parse ] --START--
INFO: [ template_filter ] --START--
INFO: Run Behavior\ContentReplaceBehavior [ RunTime:0.000141s ]
INFO: [ template_filter ] --END-- [ RunTime:0.000222s ]
INFO: Run Behavior\ParseTemplateBehavior [ RunTime:0.012352s ]
INFO: [ view_parse ] --END-- [ RunTime:0.012411s ]
INFO: [ view_filter ] --START--
INFO: Run Behavior\WriteHtmlCacheBehavior [ RunTime:0.000438s ]
INFO: [ view_filter ] --END-- [ RunTime:0.000475s ]
INFO: [ app_end ] --START--
INFO: Run Behavior\ShowPageTraceBehavior [ RunTime:0.000812s ]
INFO: [ app_end ] --END-- [ RunTime:0.000884s ]

[ 2018-07-04T10:53:32+08:00 ] 127.0.0.1 /Home/About/images/20151231030339132.jpg
INFO: [ app_init ] --START--
INFO: Run Behavior\BuildLiteBehavior [ RunTime:0.000019s ]
INFO: [ app_init ] --END-- [ RunTime:0.000457s ]

[ 2018-07-04T10:53:38+08:00 ] 127.0.0.1 /Home/About/about/cid/17
INFO: [ app_init ] --START--
INFO: Run Behavior\BuildLiteBehavior [ RunTime:0.000014s ]
INFO: [ app_init ] --END-- [ RunTime:0.000480s ]
INFO: [ app_begin ] --START--
INFO: Run Behavior\ReadHtmlCacheBehavior [ RunTime:0.000552s ]
INFO: [ app_begin ] --END-- [ RunTime:0.000598s ]
SQL: SHOW COLUMNS FROM `jx_system` [ RunTime:0.0059s ]
SQL: SELECT * FROM `jx_system` WHERE ( id = 1 ) LIMIT 1   [ RunTime:0.0004s ]
SQL: SHOW COLUMNS FROM `jx_link` [ RunTime:0.0061s ]
SQL: SELECT * FROM `jx_link` WHERE `status` = 1 LIMIT 18   [ RunTime:0.0004s ]
SQL: SHOW COLUMNS FROM `jx_category` [ RunTime:0.0058s ]
NOTIC: [8] Undefined variable: where F:\www\jiuxiang\Application\Home\Controller\BaseController.class.php 第 50 行.
SQL: SELECT * FROM `jx_category` ORDER BY sort ASC,id ASC  [ RunTime:0.0006s ]
SQL: SHOW COLUMNS FROM `jx_image` [ RunTime:0.0064s ]
SQL: SELECT * FROM `jx_image` WHERE `status` = 1 AND `cid` = 7 ORDER BY id ASC  [ RunTime:0.0002s ]
SQL: SHOW COLUMNS FROM `jx_news` [ RunTime:0.0058s ]
SQL: SELECT * FROM `jx_category` WHERE ( pid = 1 and status = 2 )  [ RunTime:0.0004s ]
SQL: SELECT * FROM `jx_news` WHERE `cid` = 17 LIMIT 1   [ RunTime:0.0004s ]
NOTIC: [8] Undefined variable: con F:\www\jiuxiang\Application\Home\Controller\AboutController.class.php 第 16 行.
SQL: SELECT * FROM `jx_news` LIMIT 1   [ RunTime:0.0003s ]
INFO: [ view_parse ] --START--
INFO: [ template_filter ] --START--
INFO: Run Behavior\ContentReplaceBehavior [ RunTime:0.000055s ]
INFO: [ template_filter ] --END-- [ RunTime:0.000099s ]
INFO: Run Behavior\ParseTemplateBehavior [ RunTime:0.009804s ]
INFO: [ view_parse ] --END-- [ RunTime:0.009856s ]
INFO: [ view_filter ] --START--
INFO: Run Behavior\WriteHtmlCacheBehavior [ RunTime:0.000268s ]
INFO: [ view_filter ] --END-- [ RunTime:0.000301s ]
INFO: [ app_end ] --START--
INFO: Run Behavior\ShowPageTraceBehavior [ RunTime:0.000569s ]
INFO: [ app_end ] --END-- [ RunTime:0.000611s ]

[ 2018-07-04T10:53:38+08:00 ] 127.0.0.1 /Home/About/about/cid/images/20151231030339132.jpg
INFO: [ app_init ] --START--
INFO: Run Behavior\BuildLiteBehavior [ RunTime:0.000013s ]
INFO: [ app_init ] --END-- [ RunTime:0.000386s ]

[ 2018-07-04T10:53:48+08:00 ] 127.0.0.1 /Home/About/index
INFO: [ app_init ] --START--
INFO: Run Behavior\BuildLiteBehavior [ RunTime:0.000015s ]
INFO: [ app_init ] --END-- [ RunTime:0.000433s ]
INFO: [ app_begin ] --START--
INFO: Run Behavior\ReadHtmlCacheBehavior [ RunTime:0.000609s ]
INFO: [ app_begin ] --END-- [ RunTime:0.000661s ]
SQL: SHOW COLUMNS FROM `jx_system` [ RunTime:0.0064s ]
SQL: SELECT * FROM `jx_system` WHERE ( id = 1 ) LIMIT 1   [ RunTime:0.0004s ]
SQL: SHOW COLUMNS FROM `jx_link` [ RunTime:0.0057s ]
SQL: SELECT * FROM `jx_link` WHERE `status` = 1 LIMIT 18   [ RunTime:0.0003s ]
SQL: SHOW COLUMNS FROM `jx_category` [ RunTime:0.0063s ]
NOTIC: [8] Undefined variable: where F:\www\jiuxiang\Application\Home\Controller\BaseController.class.php 第 50 行.
SQL: SELECT * FROM `jx_category` ORDER BY sort ASC,id ASC  [ RunTime:0.0006s ]
SQL: SHOW COLUMNS FROM `jx_image` [ RunTime:0.0076s ]
SQL: SELECT * FROM `jx_image` WHERE `status` = 1 AND `cid` = 7 ORDER BY id ASC  [ RunTime:0.0003s ]
SQL: SHOW COLUMNS FROM `jx_news` [ RunTime:0.0072s ]
SQL: SELECT * FROM `jx_category` WHERE ( pid = 1 and status = 2 )  [ RunTime:0.0003s ]
NOTIC: [8] Undefined variable: id F:\www\jiuxiang\Application\Home\Controller\AboutController.class.php 第 29 行.
NOTIC: [8] Undefined index: page F:\www\jiuxiang\Application\Home\Controller\AboutController.class.php 第 31 行.
SQL: SELECT COUNT(*) AS tp_count FROM `jx_news` WHERE `cid` = 0 LIMIT 1   [ RunTime:0.0002s ]
SQL: SELECT * FROM `jx_news` WHERE `cid` = 0 LIMIT 0,20   [ RunTime:0.0003s ]
NOTIC: [8] Undefined variable: article F:\www\jiuxiang\Application\Home\Controller\AboutController.class.php 第 42 行.
INFO: [ view_parse ] --START--
INFO: [ template_filter ] --START--
INFO: Run Behavior\ContentReplaceBehavior [ RunTime:0.000063s ]
INFO: [ template_filter ] --END-- [ RunTime:0.000107s ]
INFO: Run Behavior\ParseTemplateBehavior [ RunTime:0.010093s ]
INFO: [ view_parse ] --END-- [ RunTime:0.010148s ]
INFO: [ view_filter ] --START--
INFO: Run Behavior\WriteHtmlCacheBehavior [ RunTime:0.000282s ]
INFO: [ view_filter ] --END-- [ RunTime:0.000316s ]
INFO: [ app_end ] --START--
INFO: Run Behavior\ShowPageTraceBehavior [ RunTime:0.000543s ]
INFO: [ app_end ] --END-- [ RunTime:0.000583s ]

[ 2018-07-04T10:53:48+08:00 ] 127.0.0.1 /Home/About/images/20151231030339132.jpg
INFO: [ app_init ] --START--
INFO: Run Behavior\BuildLiteBehavior [ RunTime:0.000015s ]
INFO: [ app_init ] --END-- [ RunTime:0.000447s ]

[ 2018-07-04T10:53:50+08:00 ] 127.0.0.1 /index.php
INFO: [ app_init ] --START--
INFO: Run Behavior\BuildLiteBehavior [ RunTime:0.000016s ]
INFO: [ app_init ] --END-- [ RunTime:0.000423s ]
INFO: [ app_begin ] --START--
INFO: Run Behavior\ReadHtmlCacheBehavior [ RunTime:0.000568s ]
INFO: [ app_begin ] --END-- [ RunTime:0.000613s ]
SQL: SHOW COLUMNS FROM `jx_system` [ RunTime:0.0058s ]
SQL: SELECT * FROM `jx_system` WHERE ( id = 1 ) LIMIT 1   [ RunTime:0.0004s ]
SQL: SHOW COLUMNS FROM `jx_link` [ RunTime:0.0049s ]
SQL: SELECT * FROM `jx_link` WHERE `status` = 1 LIMIT 18   [ RunTime:0.0003s ]
SQL: SHOW COLUMNS FROM `jx_category` [ RunTime:0.0051s ]
NOTIC: [8] Undefined variable: where F:\www\jiuxiang\Application\Home\Controller\BaseController.class.php 第 50 行.
SQL: SELECT * FROM `jx_category` ORDER BY sort ASC,id ASC  [ RunTime:0.0005s ]
SQL: SHOW COLUMNS FROM `jx_image` [ RunTime:0.0051s ]
SQL: SELECT * FROM `jx_image` WHERE `status` = 1 AND `cid` = 7 ORDER BY id ASC  [ RunTime:0.0003s ]
SQL: SHOW COLUMNS FROM `jx_news` [ RunTime:0.0060s ]
SQL: SELECT * FROM `jx_category` WHERE ( pid = 2 and status = 2 )  [ RunTime:0.0003s ]
NOTIC: [8] Undefined variable: str F:\www\jiuxiang\Application\Home\Controller\IndexController.class.php 第 13 行.
SQL: SELECT * FROM `jx_news` WHERE `status` = 1 AND `cid` IN ('') ORDER BY sort DESC,news_time DESC,id DESC LIMIT 0,5   [ RunTime:0.0003s ]
SQL: SELECT * FROM `jx_image` WHERE ( cid = 8 and status = 1 ) ORDER BY id ASC  [ RunTime:0.0002s ]
SQL: SELECT * FROM `jx_image` WHERE ( cid = 9 and status = 1 ) LIMIT 1   [ RunTime:0.0003s ]
SQL: SELECT * FROM `jx_image` WHERE ( cid = 10 and status = 1 ) LIMIT 1   [ RunTime:0.0003s ]
SQL: SELECT * FROM `jx_category` WHERE ( pid = 2 and status = 1 )  [ RunTime:0.0002s ]
SQL: SHOW COLUMNS FROM `jx_goods` [ RunTime:0.0054s ]
SQL: SELECT * FROM `jx_goods` WHERE ( cid = 5 )  [ RunTime:0.0003s ]
SQL: SELECT * FROM `jx_link` WHERE ( status = 1 ) ORDER BY id DESC  [ RunTime:0.0002s ]
INFO: [ view_parse ] --START--
INFO: [ template_filter ] --START--
INFO: Run Behavior\ContentReplaceBehavior [ RunTime:0.000143s ]
INFO: [ template_filter ] --END-- [ RunTime:0.000189s ]
INFO: Run Behavior\ParseTemplateBehavior [ RunTime:0.015136s ]
INFO: [ view_parse ] --END-- [ RunTime:0.015186s ]
INFO: [ view_filter ] --START--
INFO: Run Behavior\WriteHtmlCacheBehavior [ RunTime:0.000273s ]
INFO: [ view_filter ] --END-- [ RunTime:0.000308s ]
INFO: [ app_end ] --START--
INFO: Run Behavior\ShowPageTraceBehavior [ RunTime:0.000533s ]
INFO: [ app_end ] --END-- [ RunTime:0.000572s ]

[ 2018-07-04T10:54:32+08:00 ] 127.0.0.1 /Home/About/index
INFO: [ app_init ] --START--
INFO: Run Behavior\BuildLiteBehavior [ RunTime:0.000014s ]
INFO: [ app_init ] --END-- [ RunTime:0.000418s ]
INFO: [ app_begin ] --START--
INFO: Run Behavior\ReadHtmlCacheBehavior [ RunTime:0.000885s ]
INFO: [ app_begin ] --END-- [ RunTime:0.000980s ]
SQL: SHOW COLUMNS FROM `jx_system` [ RunTime:0.0096s ]
SQL: SELECT * FROM `jx_system` WHERE ( id = 1 ) LIMIT 1   [ RunTime:0.0004s ]
SQL: SHOW COLUMNS FROM `jx_link` [ RunTime:0.0054s ]
SQL: SELECT * FROM `jx_link` WHERE `status` = 1 LIMIT 18   [ RunTime:0.0003s ]
SQL: SHOW COLUMNS FROM `jx_category` [ RunTime:0.0150s ]
NOTIC: [8] Undefined variable: where F:\www\jiuxiang\Application\Home\Controller\BaseController.class.php 第 50 行.
SQL: SELECT * FROM `jx_category` ORDER BY sort ASC,id ASC  [ RunTime:0.0006s ]
SQL: SHOW COLUMNS FROM `jx_image` [ RunTime:0.0051s ]
SQL: SELECT * FROM `jx_image` WHERE `status` = 1 AND `cid` = 7 ORDER BY id ASC  [ RunTime:0.0003s ]
SQL: SHOW COLUMNS FROM `jx_news` [ RunTime:0.0058s ]
SQL: SELECT * FROM `jx_category` WHERE ( pid = 1 and status = 2 )  [ RunTime:0.0003s ]
NOTIC: [8] Undefined variable: id F:\www\jiuxiang\Application\Home\Controller\AboutController.class.php 第 29 行.
NOTIC: [8] Undefined index: page F:\www\jiuxiang\Application\Home\Controller\AboutController.class.php 第 31 行.
SQL: SELECT COUNT(*) AS tp_count FROM `jx_news` WHERE `cid` = 0 LIMIT 1   [ RunTime:0.0003s ]
SQL: SELECT * FROM `jx_news` WHERE `cid` = 0 LIMIT 0,20   [ RunTime:0.0003s ]
NOTIC: [8] Undefined variable: article F:\www\jiuxiang\Application\Home\Controller\AboutController.class.php 第 42 行.
INFO: [ view_parse ] --START--
INFO: [ template_filter ] --START--
INFO: Run Behavior\ContentReplaceBehavior [ RunTime:0.000054s ]
INFO: [ template_filter ] --END-- [ RunTime:0.000098s ]
INFO: Run Behavior\ParseTemplateBehavior [ RunTime:0.009952s ]
INFO: [ view_parse ] --END-- [ RunTime:0.010017s ]
INFO: [ view_filter ] --START--
INFO: Run Behavior\WriteHtmlCacheBehavior [ RunTime:0.000285s ]
INFO: [ view_filter ] --END-- [ RunTime:0.000318s ]
INFO: [ app_end ] --START--
INFO: Run Behavior\ShowPageTraceBehavior [ RunTime:0.000540s ]
INFO: [ app_end ] --END-- [ RunTime:0.000590s ]

[ 2018-07-04T10:54:32+08:00 ] 127.0.0.1 /Home/About/images/20151231030339132.jpg
INFO: [ app_init ] --START--
INFO: Run Behavior\BuildLiteBehavior [ RunTime:0.000015s ]
INFO: [ app_init ] --END-- [ RunTime:0.000391s ]

[ 2018-07-04T10:54:34+08:00 ] 127.0.0.1 /Home/About/about
INFO: [ app_init ] --START--
INFO: Run Behavior\BuildLiteBehavior [ RunTime:0.000014s ]
INFO: [ app_init ] --END-- [ RunTime:0.000388s ]
INFO: [ app_begin ] --START--
INFO: Run Behavior\ReadHtmlCacheBehavior [ RunTime:0.000550s ]
INFO: [ app_begin ] --END-- [ RunTime:0.000597s ]
SQL: SHOW COLUMNS FROM `jx_system` [ RunTime:0.1007s ]
SQL: SELECT * FROM `jx_system` WHERE ( id = 1 ) LIMIT 1   [ RunTime:0.0004s ]
SQL: SHOW COLUMNS FROM `jx_link` [ RunTime:0.0056s ]
SQL: SELECT * FROM `jx_link` WHERE `status` = 1 LIMIT 18   [ RunTime:0.0003s ]
SQL: SHOW COLUMNS FROM `jx_category` [ RunTime:0.0051s ]
NOTIC: [8] Undefined variable: where F:\www\jiuxiang\Application\Home\Controller\BaseController.class.php 第 50 行.
SQL: SELECT * FROM `jx_category` ORDER BY sort ASC,id ASC  [ RunTime:0.0005s ]
SQL: SHOW COLUMNS FROM `jx_image` [ RunTime:0.0051s ]
SQL: SELECT * FROM `jx_image` WHERE `status` = 1 AND `cid` = 7 ORDER BY id ASC  [ RunTime:0.0003s ]
SQL: SHOW COLUMNS FROM `jx_news` [ RunTime:0.0055s ]
SQL: SELECT * FROM `jx_category` WHERE ( pid = 1 and status = 2 )  [ RunTime:0.0004s ]
SQL: SELECT * FROM `jx_news` WHERE `cid` = 0 LIMIT 1   [ RunTime:0.0003s ]
NOTIC: [8] Undefined variable: con F:\www\jiuxiang\Application\Home\Controller\AboutController.class.php 第 16 行.
SQL: SELECT * FROM `jx_news` LIMIT 1   [ RunTime:0.0003s ]
INFO: [ view_parse ] --START--
INFO: [ template_filter ] --START--
INFO: Run Behavior\ContentReplaceBehavior [ RunTime:0.000055s ]
INFO: [ template_filter ] --END-- [ RunTime:0.000102s ]
INFO: Run Behavior\ParseTemplateBehavior [ RunTime:0.009886s ]
INFO: [ view_parse ] --END-- [ RunTime:0.009945s ]
INFO: [ view_filter ] --START--
INFO: Run Behavior\WriteHtmlCacheBehavior [ RunTime:0.000287s ]
INFO: [ view_filter ] --END-- [ RunTime:0.000323s ]
INFO: [ app_end ] --START--
INFO: Run Behavior\ShowPageTraceBehavior [ RunTime:0.000537s ]
INFO: [ app_end ] --END-- [ RunTime:0.000572s ]

[ 2018-07-04T10:54:34+08:00 ] 127.0.0.1 /Home/About/images/20151231030339132.jpg
INFO: [ app_init ] --START--
INFO: Run Behavior\BuildLiteBehavior [ RunTime:0.000015s ]
INFO: [ app_init ] --END-- [ RunTime:0.000405s ]

[ 2018-07-04T10:55:06+08:00 ] 127.0.0.1 /Home/About/about
INFO: [ app_init ] --START--
INFO: Run Behavior\BuildLiteBehavior [ RunTime:0.000018s ]
INFO: [ app_init ] --END-- [ RunTime:0.000625s ]
INFO: [ app_begin ] --START--
INFO: Run Behavior\ReadHtmlCacheBehavior [ RunTime:0.000818s ]
INFO: [ app_begin ] --END-- [ RunTime:0.000882s ]
SQL: SHOW COLUMNS FROM `jx_system` [ RunTime:0.0059s ]
SQL: SELECT * FROM `jx_system` WHERE ( id = 1 ) LIMIT 1   [ RunTime:0.0003s ]
SQL: SHOW COLUMNS FROM `jx_link` [ RunTime:0.0052s ]
SQL: SELECT * FROM `jx_link` WHERE `status` = 1 LIMIT 18   [ RunTime:0.0003s ]
SQL: SHOW COLUMNS FROM `jx_category` [ RunTime:0.0066s ]
NOTIC: [8] Undefined variable: where F:\www\jiuxiang\Application\Home\Controller\BaseController.class.php 第 50 行.
SQL: SELECT * FROM `jx_category` ORDER BY sort ASC,id ASC  [ RunTime:0.0005s ]
SQL: SHOW COLUMNS FROM `jx_image` [ RunTime:0.0049s ]
SQL: SELECT * FROM `jx_image` WHERE `status` = 1 AND `cid` = 7 ORDER BY id ASC  [ RunTime:0.0003s ]
SQL: SHOW COLUMNS FROM `jx_news` [ RunTime:0.0064s ]
SQL: SELECT * FROM `jx_category` WHERE ( pid = 1 and status = 2 )  [ RunTime:0.0003s ]
SQL: SELECT * FROM `jx_news` WHERE `cid` = 17 LIMIT 1   [ RunTime:0.0004s ]
NOTIC: [8] Undefined variable: con F:\www\jiuxiang\Application\Home\Controller\AboutController.class.php 第 16 行.
SQL: SELECT * FROM `jx_news` LIMIT 1   [ RunTime:0.0003s ]
INFO: [ view_parse ] --START--
INFO: [ template_filter ] --START--
INFO: Run Behavior\ContentReplaceBehavior [ RunTime:0.000055s ]
INFO: [ template_filter ] --END-- [ RunTime:0.000095s ]
INFO: Run Behavior\ParseTemplateBehavior [ RunTime:0.009638s ]
INFO: [ view_parse ] --END-- [ RunTime:0.009690s ]
INFO: [ view_filter ] --START--
INFO: Run Behavior\WriteHtmlCacheBehavior [ RunTime:0.000283s ]
INFO: [ view_filter ] --END-- [ RunTime:0.000317s ]
INFO: [ app_end ] --START--
INFO: Run Behavior\ShowPageTraceBehavior [ RunTime:0.000701s ]
INFO: [ app_end ] --END-- [ RunTime:0.000746s ]

[ 2018-07-04T10:55:06+08:00 ] 127.0.0.1 /Home/About/images/20151231030339132.jpg
INFO: [ app_init ] --START--
INFO: Run Behavior\BuildLiteBehavior [ RunTime:0.000036s ]
INFO: [ app_init ] --END-- [ RunTime:0.000829s ]

[ 2018-07-04T10:55:09+08:00 ] 127.0.0.1 /Home/About/about
INFO: [ app_init ] --START--
INFO: Run Behavior\BuildLiteBehavior [ RunTime:0.000026s ]
INFO: [ app_init ] --END-- [ RunTime:0.000554s ]
INFO: [ app_begin ] --START--
INFO: Run Behavior\ReadHtmlCacheBehavior [ RunTime:0.000570s ]
INFO: [ app_begin ] --END-- [ RunTime:0.000617s ]
SQL: SHOW COLUMNS FROM `jx_system` [ RunTime:0.0094s ]
SQL: SELECT * FROM `jx_system` WHERE ( id = 1 ) LIMIT 1   [ RunTime:0.0005s ]
SQL: SHOW COLUMNS FROM `jx_link` [ RunTime:0.0055s ]
SQL: SELECT * FROM `jx_link` WHERE `status` = 1 LIMIT 18   [ RunTime:0.0003s ]
SQL: SHOW COLUMNS FROM `jx_category` [ RunTime:0.0152s ]
NOTIC: [8] Undefined variable: where F:\www\jiuxiang\Application\Home\Controller\BaseController.class.php 第 50 行.
SQL: SELECT * FROM `jx_category` ORDER BY sort ASC,id ASC  [ RunTime:0.0006s ]
SQL: SHOW COLUMNS FROM `jx_image` [ RunTime:0.0056s ]
SQL: SELECT * FROM `jx_image` WHERE `status` = 1 AND `cid` = 7 ORDER BY id ASC  [ RunTime:0.0003s ]
SQL: SHOW COLUMNS FROM `jx_news` [ RunTime:0.0058s ]
SQL: SELECT * FROM `jx_category` WHERE ( pid = 1 and status = 2 )  [ RunTime:0.0003s ]
SQL: SELECT * FROM `jx_news` WHERE `cid` = 17 LIMIT 1   [ RunTime:0.0004s ]
NOTIC: [8] Undefined variable: con F:\www\jiuxiang\Application\Home\Controller\AboutController.class.php 第 16 行.
SQL: SELECT * FROM `jx_news` LIMIT 1   [ RunTime:0.0003s ]
INFO: [ view_parse ] --START--
INFO: [ template_filter ] --START--
INFO: Run Behavior\ContentReplaceBehavior [ RunTime:0.000053s ]
INFO: [ template_filter ] --END-- [ RunTime:0.000096s ]
INFO: Run Behavior\ParseTemplateBehavior [ RunTime:0.009755s ]
INFO: [ view_parse ] --END-- [ RunTime:0.009804s ]
INFO: [ view_filter ] --START--
INFO: Run Behavior\WriteHtmlCacheBehavior [ RunTime:0.000261s ]
INFO: [ view_filter ] --END-- [ RunTime:0.000294s ]
INFO: [ app_end ] --START--
INFO: Run Behavior\ShowPageTraceBehavior [ RunTime:0.000833s ]
INFO: [ app_end ] --END-- [ RunTime:0.000881s ]

[ 2018-07-04T10:55:09+08:00 ] 127.0.0.1 /Home/About/images/20151231030339132.jpg
INFO: [ app_init ] --START--
INFO: Run Behavior\BuildLiteBehavior [ RunTime:0.000014s ]
INFO: [ app_init ] --END-- [ RunTime:0.000423s ]

[ 2018-07-04T10:55:14+08:00 ] 127.0.0.1 /Home/About/index/cid/18
INFO: [ app_init ] --START--
INFO: Run Behavior\BuildLiteBehavior [ RunTime:0.000020s ]
INFO: [ app_init ] --END-- [ RunTime:0.000620s ]
INFO: [ app_begin ] --START--
INFO: Run Behavior\ReadHtmlCacheBehavior [ RunTime:0.000785s ]
INFO: [ app_begin ] --END-- [ RunTime:0.000839s ]
SQL: SHOW COLUMNS FROM `jx_system` [ RunTime:0.0502s ]
SQL: SELECT * FROM `jx_system` WHERE ( id = 1 ) LIMIT 1   [ RunTime:0.0006s ]
SQL: SHOW COLUMNS FROM `jx_link` [ RunTime:0.0087s ]
SQL: SELECT * FROM `jx_link` WHERE `status` = 1 LIMIT 18   [ RunTime:0.0003s ]
SQL: SHOW COLUMNS FROM `jx_category` [ RunTime:0.0057s ]
NOTIC: [8] Undefined variable: where F:\www\jiuxiang\Application\Home\Controller\BaseController.class.php 第 50 行.
SQL: SELECT * FROM `jx_category` ORDER BY sort ASC,id ASC  [ RunTime:0.0006s ]
SQL: SHOW COLUMNS FROM `jx_image` [ RunTime:0.0057s ]
SQL: SELECT * FROM `jx_image` WHERE `status` = 1 AND `cid` = 7 ORDER BY id ASC  [ RunTime:0.0004s ]
SQL: SHOW COLUMNS FROM `jx_news` [ RunTime:0.0063s ]
SQL: SELECT * FROM `jx_category` WHERE ( pid = 1 and status = 2 )  [ RunTime:0.0004s ]
NOTIC: [8] Undefined variable: id F:\www\jiuxiang\Application\Home\Controller\AboutController.class.php 第 29 行.
NOTIC: [8] Undefined index: page F:\www\jiuxiang\Application\Home\Controller\AboutController.class.php 第 31 行.
SQL: SELECT COUNT(*) AS tp_count FROM `jx_news` WHERE `cid` = 18 LIMIT 1   [ RunTime:0.0003s ]
SQL: SELECT * FROM `jx_news` WHERE `cid` = 18 LIMIT 0,20   [ RunTime:0.0004s ]
NOTIC: [8] Undefined variable: article F:\www\jiuxiang\Application\Home\Controller\AboutController.class.php 第 42 行.
INFO: [ view_parse ] --START--
INFO: [ template_filter ] --START--
INFO: Run Behavior\ContentReplaceBehavior [ RunTime:0.000055s ]
INFO: [ template_filter ] --END-- [ RunTime:0.000102s ]
INFO: Run Behavior\ParseTemplateBehavior [ RunTime:0.010318s ]
INFO: [ view_parse ] --END-- [ RunTime:0.010367s ]
INFO: [ view_filter ] --START--
INFO: Run Behavior\WriteHtmlCacheBehavior [ RunTime:0.000259s ]
INFO: [ view_filter ] --END-- [ RunTime:0.000292s ]
INFO: [ app_end ] --START--
INFO: Run Behavior\ShowPageTraceBehavior [ RunTime:0.000550s ]
INFO: [ app_end ] --END-- [ RunTime:0.000588s ]

[ 2018-07-04T10:55:14+08:00 ] 127.0.0.1 /Home/About/index/cid/images/20151231030339132.jpg
INFO: [ app_init ] --START--
INFO: Run Behavior\BuildLiteBehavior [ RunTime:0.000014s ]
INFO: [ app_init ] --END-- [ RunTime:0.000472s ]

[ 2018-07-04T10:55:14+08:00 ] 127.0.0.1 /Home/About/index/cid/favicon.ico
INFO: [ app_init ] --START--
INFO: Run Behavior\BuildLiteBehavior [ RunTime:0.000018s ]
INFO: [ app_init ] --END-- [ RunTime:0.000505s ]

[ 2018-07-04T10:55:17+08:00 ] 127.0.0.1 /Home/About/about/cid/19
INFO: [ app_init ] --START--
INFO: Run Behavior\BuildLiteBehavior [ RunTime:0.000033s ]
INFO: [ app_init ] --END-- [ RunTime:0.000718s ]
INFO: [ app_begin ] --START--
INFO: Run Behavior\ReadHtmlCacheBehavior [ RunTime:0.001106s ]
INFO: [ app_begin ] --END-- [ RunTime:0.001194s ]
SQL: SHOW COLUMNS FROM `jx_system` [ RunTime:0.0060s ]
SQL: SELECT * FROM `jx_system` WHERE ( id = 1 ) LIMIT 1   [ RunTime:0.0004s ]
SQL: SHOW COLUMNS FROM `jx_link` [ RunTime:0.0051s ]
SQL: SELECT * FROM `jx_link` WHERE `status` = 1 LIMIT 18   [ RunTime:0.0003s ]
SQL: SHOW COLUMNS FROM `jx_category` [ RunTime:0.0061s ]
NOTIC: [8] Undefined variable: where F:\www\jiuxiang\Application\Home\Controller\BaseController.class.php 第 50 行.
SQL: SELECT * FROM `jx_category` ORDER BY sort ASC,id ASC  [ RunTime:0.0005s ]
SQL: SHOW COLUMNS FROM `jx_image` [ RunTime:0.0050s ]
SQL: SELECT * FROM `jx_image` WHERE `status` = 1 AND `cid` = 7 ORDER BY id ASC  [ RunTime:0.0003s ]
SQL: SHOW COLUMNS FROM `jx_news` [ RunTime:0.0064s ]
SQL: SELECT * FROM `jx_category` WHERE ( pid = 1 and status = 2 )  [ RunTime:0.0004s ]
SQL: SELECT * FROM `jx_news` WHERE `cid` = 19 LIMIT 1   [ RunTime:0.0003s ]
NOTIC: [8] Undefined variable: con F:\www\jiuxiang\Application\Home\Controller\AboutController.class.php 第 16 行.
SQL: SELECT * FROM `jx_news` LIMIT 1   [ RunTime:0.0003s ]
INFO: [ view_parse ] --START--
INFO: [ template_filter ] --START--
INFO: Run Behavior\ContentReplaceBehavior [ RunTime:0.000060s ]
INFO: [ template_filter ] --END-- [ RunTime:0.000112s ]
INFO: Run Behavior\ParseTemplateBehavior [ RunTime:0.010495s ]
INFO: [ view_parse ] --END-- [ RunTime:0.010546s ]
INFO: [ view_filter ] --START--
INFO: Run Behavior\WriteHtmlCacheBehavior [ RunTime:0.000430s ]
INFO: [ view_filter ] --END-- [ RunTime:0.000464s ]
INFO: [ app_end ] --START--
INFO: Run Behavior\ShowPageTraceBehavior [ RunTime:0.000694s ]
INFO: [ app_end ] --END-- [ RunTime:0.000729s ]

[ 2018-07-04T10:55:17+08:00 ] 127.0.0.1 /Home/About/about/cid/images/20151231030339132.jpg
INFO: [ app_init ] --START--
INFO: Run Behavior\BuildLiteBehavior [ RunTime:0.000022s ]
INFO: [ app_init ] --END-- [ RunTime:0.000991s ]

[ 2018-07-04T10:55:21+08:00 ] 127.0.0.1 /Home/About/about/cid/20
INFO: [ app_init ] --START--
INFO: Run Behavior\BuildLiteBehavior [ RunTime:0.000014s ]
INFO: [ app_init ] --END-- [ RunTime:0.000395s ]
INFO: [ app_begin ] --START--
INFO: Run Behavior\ReadHtmlCacheBehavior [ RunTime:0.000543s ]
INFO: [ app_begin ] --END-- [ RunTime:0.000590s ]
SQL: SHOW COLUMNS FROM `jx_system` [ RunTime:0.0058s ]
SQL: SELECT * FROM `jx_system` WHERE ( id = 1 ) LIMIT 1   [ RunTime:0.0003s ]
SQL: SHOW COLUMNS FROM `jx_link` [ RunTime:0.0053s ]
SQL: SELECT * FROM `jx_link` WHERE `status` = 1 LIMIT 18   [ RunTime:0.0003s ]
SQL: SHOW COLUMNS FROM `jx_category` [ RunTime:0.0066s ]
NOTIC: [8] Undefined variable: where F:\www\jiuxiang\Application\Home\Controller\BaseController.class.php 第 50 行.
SQL: SELECT * FROM `jx_category` ORDER BY sort ASC,id ASC  [ RunTime:0.0006s ]
SQL: SHOW COLUMNS FROM `jx_image` [ RunTime:0.0065s ]
SQL: SELECT * FROM `jx_image` WHERE `status` = 1 AND `cid` = 7 ORDER BY id ASC  [ RunTime:0.0002s ]
SQL: SHOW COLUMNS FROM `jx_news` [ RunTime:0.0053s ]
SQL: SELECT * FROM `jx_category` WHERE ( pid = 1 and status = 2 )  [ RunTime:0.0003s ]
SQL: SELECT * FROM `jx_news` WHERE `cid` = 20 LIMIT 1   [ RunTime:0.0004s ]
NOTIC: [8] Undefined variable: con F:\www\jiuxiang\Application\Home\Controller\AboutController.class.php 第 16 行.
SQL: SELECT * FROM `jx_news` LIMIT 1   [ RunTime:0.0003s ]
INFO: [ view_parse ] --START--
INFO: [ template_filter ] --START--
INFO: Run Behavior\ContentReplaceBehavior [ RunTime:0.000054s ]
INFO: [ template_filter ] --END-- [ RunTime:0.000096s ]
INFO: Run Behavior\ParseTemplateBehavior [ RunTime:0.008919s ]
INFO: [ view_parse ] --END-- [ RunTime:0.008963s ]
INFO: [ view_filter ] --START--
INFO: Run Behavior\WriteHtmlCacheBehavior [ RunTime:0.000272s ]
INFO: [ view_filter ] --END-- [ RunTime:0.000304s ]
INFO: [ app_end ] --START--
INFO: Run Behavior\ShowPageTraceBehavior [ RunTime:0.000523s ]
INFO: [ app_end ] --END-- [ RunTime:0.000557s ]

[ 2018-07-04T10:55:21+08:00 ] 127.0.0.1 /Home/About/about/cid/images/20151231030339132.jpg
INFO: [ app_init ] --START--
INFO: Run Behavior\BuildLiteBehavior [ RunTime:0.000034s ]
INFO: [ app_init ] --END-- [ RunTime:0.000990s ]

[ 2018-07-04T10:55:26+08:00 ] 127.0.0.1 /Home/News/index
INFO: [ app_init ] --START--
INFO: Run Behavior\BuildLiteBehavior [ RunTime:0.000023s ]
INFO: [ app_init ] --END-- [ RunTime:0.000459s ]
INFO: [ app_begin ] --START--
INFO: Run Behavior\ReadHtmlCacheBehavior [ RunTime:0.000966s ]
INFO: [ app_begin ] --END-- [ RunTime:0.001083s ]
SQL: SHOW COLUMNS FROM `jx_system` [ RunTime:0.0091s ]
SQL: SELECT * FROM `jx_system` WHERE ( id = 1 ) LIMIT 1   [ RunTime:0.0004s ]
SQL: SHOW COLUMNS FROM `jx_link` [ RunTime:0.0062s ]
SQL: SELECT * FROM `jx_link` WHERE `status` = 1 LIMIT 18   [ RunTime:0.0003s ]
SQL: SHOW COLUMNS FROM `jx_category` [ RunTime:0.0147s ]
NOTIC: [8] Undefined variable: where F:\www\jiuxiang\Application\Home\Controller\BaseController.class.php 第 50 行.
SQL: SELECT * FROM `jx_category` ORDER BY sort ASC,id ASC  [ RunTime:0.0005s ]
SQL: SHOW COLUMNS FROM `jx_image` [ RunTime:0.0058s ]
SQL: SELECT * FROM `jx_image` WHERE `status` = 1 AND `cid` = 7 ORDER BY id ASC  [ RunTime:0.0003s ]
SQL: SHOW COLUMNS FROM `jx_news` [ RunTime:0.0066s ]
SQL: SELECT * FROM `jx_category` WHERE ( pid=2 and status=2 )  [ RunTime:0.0003s ]
NOTIC: [8] Undefined offset: 0 F:\www\jiuxiang\Application\Home\Controller\NewsController.class.php 第 9 行.
ERR: 1064:You have an error in your SQL syntax; check the manual that corresponds to your MySQL server version for the right syntax to use near ') LIMIT 1' at line 1
 [ SQL语句 ] : SELECT `cname` FROM `jx_category` WHERE ( id= ) LIMIT 1  
ERR: 1064:You have an error in your SQL syntax; check the manual that corresponds to your MySQL server version for the right syntax to use near ') LIMIT 1' at line 1
 [ SQL语句 ] : SELECT `cname` FROM `jx_category` WHERE ( id= ) LIMIT 1  

[ 2018-07-04T10:55:58+08:00 ] 127.0.0.1 /Home/News/index
INFO: [ app_init ] --START--
INFO: Run Behavior\BuildLiteBehavior [ RunTime:0.000013s ]
INFO: [ app_init ] --END-- [ RunTime:0.000390s ]
INFO: [ app_begin ] --START--
INFO: Run Behavior\ReadHtmlCacheBehavior [ RunTime:0.000604s ]
INFO: [ app_begin ] --END-- [ RunTime:0.000655s ]
SQL: SHOW COLUMNS FROM `jx_system` [ RunTime:0.0054s ]
SQL: SELECT * FROM `jx_system` WHERE ( id = 1 ) LIMIT 1   [ RunTime:0.0004s ]
SQL: SHOW COLUMNS FROM `jx_link` [ RunTime:0.0061s ]
SQL: SELECT * FROM `jx_link` WHERE `status` = 1 LIMIT 18   [ RunTime:0.0003s ]
SQL: SHOW COLUMNS FROM `jx_category` [ RunTime:0.0065s ]
NOTIC: [8] Undefined variable: where F:\www\jiuxiang\Application\Home\Controller\BaseController.class.php 第 50 行.
SQL: SELECT * FROM `jx_category` ORDER BY sort ASC,id ASC  [ RunTime:0.0005s ]
SQL: SHOW COLUMNS FROM `jx_image` [ RunTime:0.0052s ]
SQL: SELECT * FROM `jx_image` WHERE `status` = 1 AND `cid` = 7 ORDER BY id ASC  [ RunTime:0.0003s ]
SQL: SHOW COLUMNS FROM `jx_news` [ RunTime:0.0058s ]
SQL: SELECT * FROM `jx_category` WHERE ( pid=2 and status=2 )  [ RunTime:0.0004s ]
NOTIC: [8] Undefined offset: 0 F:\www\jiuxiang\Application\Home\Controller\NewsController.class.php 第 9 行.
NOTIC: [8] Undefined index: page F:\www\jiuxiang\Application\Home\Controller\NewsController.class.php 第 13 行.
SQL: SELECT COUNT(*) AS tp_count FROM `jx_news` WHERE `cid` = null LIMIT 1   [ RunTime:0.0002s ]
SQL: SELECT * FROM `jx_news` WHERE `cid` = null LIMIT 0,20   [ RunTime:0.0003s ]
NOTIC: [8] Undefined variable: cname F:\www\jiuxiang\Application\Home\Controller\NewsController.class.php 第 22 行.
INFO: [ view_parse ] --START--
INFO: [ template_filter ] --START--
INFO: Run Behavior\ContentReplaceBehavior [ RunTime:0.000084s ]
INFO: [ template_filter ] --END-- [ RunTime:0.000133s ]
INFO: Run Behavior\ParseTemplateBehavior [ RunTime:0.049707s ]
INFO: [ view_parse ] --END-- [ RunTime:0.049834s ]
INFO: [ view_filter ] --START--
INFO: Run Behavior\WriteHtmlCacheBehavior [ RunTime:0.000424s ]
INFO: [ view_filter ] --END-- [ RunTime:0.000464s ]
INFO: [ app_end ] --START--
INFO: Run Behavior\ShowPageTraceBehavior [ RunTime:0.000805s ]
INFO: [ app_end ] --END-- [ RunTime:0.000856s ]

[ 2018-07-04T10:55:58+08:00 ] 127.0.0.1 /Home/News/picture/20160729031501416_1.jpg
INFO: [ app_init ] --START--
INFO: Run Behavior\BuildLiteBehavior [ RunTime:0.000015s ]
INFO: [ app_init ] --END-- [ RunTime:0.000433s ]

[ 2018-07-04T10:55:58+08:00 ] 127.0.0.1 /Home/News/picture/20151226105738404.jpg
INFO: [ app_init ] --START--
INFO: Run Behavior\BuildLiteBehavior [ RunTime:0.000038s ]
INFO: [ app_init ] --END-- [ RunTime:0.000924s ]

[ 2018-07-04T10:55:59+08:00 ] 127.0.0.1 /Home/News/js/hades_6.js
INFO: [ app_init ] --START--
INFO: Run Behavior\BuildLiteBehavior [ RunTime:0.000016s ]
INFO: [ app_init ] --END-- [ RunTime:0.000446s ]
INFO: [ app_begin ] --START--
INFO: Run Behavior\ReadHtmlCacheBehavior [ RunTime:0.000621s ]
INFO: [ app_begin ] --END-- [ RunTime:0.000676s ]
SQL: SHOW COLUMNS FROM `jx_system` [ RunTime:0.0094s ]
SQL: SELECT * FROM `jx_system` WHERE ( id = 1 ) LIMIT 1   [ RunTime:0.0004s ]
SQL: SHOW COLUMNS FROM `jx_link` [ RunTime:0.0056s ]
SQL: SELECT * FROM `jx_link` WHERE `status` = 1 LIMIT 18   [ RunTime:0.0003s ]
SQL: SHOW COLUMNS FROM `jx_category` [ RunTime:0.0153s ]
NOTIC: [8] Undefined variable: where F:\www\jiuxiang\Application\Home\Controller\BaseController.class.php 第 50 行.
SQL: SELECT * FROM `jx_category` ORDER BY sort ASC,id ASC  [ RunTime:0.0005s ]
SQL: SHOW COLUMNS FROM `jx_image` [ RunTime:0.0063s ]
SQL: SELECT * FROM `jx_image` WHERE `status` = 1 AND `cid` = 7 ORDER BY id ASC  [ RunTime:0.0006s ]
ERR: 非法操作:js

[ 2018-07-04T10:55:59+08:00 ] 127.0.0.1 /Home/News/images/20160623044610386.jpg
INFO: [ app_init ] --START--
INFO: Run Behavior\BuildLiteBehavior [ RunTime:0.000015s ]
INFO: [ app_init ] --END-- [ RunTime:0.000454s ]

[ 2018-07-04T10:55:59+08:00 ] 127.0.0.1 /Home/News/images/20160119090335319_2.jpg
INFO: [ app_init ] --START--
INFO: Run Behavior\BuildLiteBehavior [ RunTime:0.000015s ]
INFO: [ app_init ] --END-- [ RunTime:0.000419s ]

[ 2018-07-04T10:56:00+08:00 ] 127.0.0.1 /Home/News/favicon.ico
INFO: [ app_init ] --START--
INFO: Run Behavior\BuildLiteBehavior [ RunTime:0.000014s ]
INFO: [ app_init ] --END-- [ RunTime:0.000393s ]

[ 2018-07-04T10:56:18+08:00 ] 127.0.0.1 /Home/News/index
INFO: [ app_init ] --START--
INFO: Run Behavior\BuildLiteBehavior [ RunTime:0.000015s ]
INFO: [ app_init ] --END-- [ RunTime:0.000416s ]
INFO: [ app_begin ] --START--
INFO: Run Behavior\ReadHtmlCacheBehavior [ RunTime:0.000765s ]
INFO: [ app_begin ] --END-- [ RunTime:0.000813s ]

[ 2018-07-04T10:57:12+08:00 ] 127.0.0.1 /Home/News/index
INFO: [ app_init ] --START--
INFO: Run Behavior\BuildLiteBehavior [ RunTime:0.000013s ]
INFO: [ app_init ] --END-- [ RunTime:0.000388s ]
INFO: [ app_begin ] --START--
INFO: Run Behavior\ReadHtmlCacheBehavior [ RunTime:0.000578s ]
INFO: [ app_begin ] --END-- [ RunTime:0.000643s ]
SQL: SHOW COLUMNS FROM `jx_system` [ RunTime:0.0120s ]
SQL: SELECT * FROM `jx_system` WHERE ( id = 1 ) LIMIT 1   [ RunTime:0.0012s ]
SQL: SHOW COLUMNS FROM `jx_link` [ RunTime:0.0134s ]
SQL: SELECT * FROM `jx_link` WHERE `status` = 1 LIMIT 18   [ RunTime:0.0003s ]
SQL: SHOW COLUMNS FROM `jx_category` [ RunTime:0.0058s ]
NOTIC: [8] Undefined variable: where F:\www\jiuxiang\Application\Home\Controller\BaseController.class.php 第 50 行.
SQL: SELECT * FROM `jx_category` ORDER BY sort ASC,id ASC  [ RunTime:0.0005s ]
SQL: SHOW COLUMNS FROM `jx_image` [ RunTime:0.0101s ]
SQL: SELECT * FROM `jx_image` WHERE `status` = 1 AND `cid` = 7 ORDER BY id ASC  [ RunTime:0.0003s ]
SQL: SHOW COLUMNS FROM `jx_news` [ RunTime:0.0078s ]
SQL: SELECT * FROM `jx_category` WHERE ( pid=2 and status=2 )  [ RunTime:0.0008s ]
NOTIC: [8] Undefined offset: 0 F:\www\jiuxiang\Application\Home\Controller\NewsController.class.php 第 9 行.
NOTIC: [8] Undefined index: page F:\www\jiuxiang\Application\Home\Controller\NewsController.class.php 第 13 行.
SQL: SELECT COUNT(*) AS tp_count FROM `jx_news` WHERE `cid` = null LIMIT 1   [ RunTime:0.0004s ]
SQL: SELECT * FROM `jx_news` WHERE `cid` = null LIMIT 0,20   [ RunTime:0.0003s ]
NOTIC: [8] Undefined variable: cname F:\www\jiuxiang\Application\Home\Controller\NewsController.class.php 第 22 行.
INFO: [ view_parse ] --START--
INFO: [ template_filter ] --START--
INFO: Run Behavior\ContentReplaceBehavior [ RunTime:0.000097s ]
INFO: [ template_filter ] --END-- [ RunTime:0.000162s ]
INFO: Run Behavior\ParseTemplateBehavior [ RunTime:0.010915s ]
INFO: [ view_parse ] --END-- [ RunTime:0.010989s ]
INFO: [ view_filter ] --START--
INFO: Run Behavior\WriteHtmlCacheBehavior [ RunTime:0.000771s ]
INFO: [ view_filter ] --END-- [ RunTime:0.000819s ]
INFO: [ app_end ] --START--
INFO: Run Behavior\ShowPageTraceBehavior [ RunTime:0.001324s ]
INFO: [ app_end ] --END-- [ RunTime:0.001386s ]

[ 2018-07-04T10:57:12+08:00 ] 127.0.0.1 /Home/News/picture/20151226105738404.jpg
INFO: [ app_init ] --START--
INFO: Run Behavior\BuildLiteBehavior [ RunTime:0.000014s ]
INFO: [ app_init ] --END-- [ RunTime:0.000398s ]

[ 2018-07-04T10:57:12+08:00 ] 127.0.0.1 /Home/News/picture/20160729031501416_1.jpg
INFO: [ app_init ] --START--
INFO: Run Behavior\BuildLiteBehavior [ RunTime:0.000043s ]
INFO: [ app_init ] --END-- [ RunTime:0.001672s ]

[ 2018-07-04T10:57:13+08:00 ] 127.0.0.1 /Home/News/js/hades_6.js
INFO: [ app_init ] --START--
INFO: Run Behavior\BuildLiteBehavior [ RunTime:0.000035s ]
INFO: [ app_init ] --END-- [ RunTime:0.000578s ]
INFO: [ app_begin ] --START--
INFO: Run Behavior\ReadHtmlCacheBehavior [ RunTime:0.000979s ]
INFO: [ app_begin ] --END-- [ RunTime:0.001115s ]
SQL: SHOW COLUMNS FROM `jx_system` [ RunTime:0.0060s ]
SQL: SELECT * FROM `jx_system` WHERE ( id = 1 ) LIMIT 1   [ RunTime:0.0004s ]
SQL: SHOW COLUMNS FROM `jx_link` [ RunTime:0.0064s ]
SQL: SELECT * FROM `jx_link` WHERE `status` = 1 LIMIT 18   [ RunTime:0.0003s ]
SQL: SHOW COLUMNS FROM `jx_category` [ RunTime:0.0062s ]
NOTIC: [8] Undefined variable: where F:\www\jiuxiang\Application\Home\Controller\BaseController.class.php 第 50 行.
SQL: SELECT * FROM `jx_category` ORDER BY sort ASC,id ASC  [ RunTime:0.0006s ]
SQL: SHOW COLUMNS FROM `jx_image` [ RunTime:0.0071s ]
SQL: SELECT * FROM `jx_image` WHERE `status` = 1 AND `cid` = 7 ORDER BY id ASC  [ RunTime:0.0003s ]
ERR: 非法操作:js

[ 2018-07-04T10:57:13+08:00 ] 127.0.0.1 /Home/News/images/20160623044610386.jpg
INFO: [ app_init ] --START--
INFO: Run Behavior\BuildLiteBehavior [ RunTime:0.000015s ]
INFO: [ app_init ] --END-- [ RunTime:0.000471s ]

[ 2018-07-04T10:57:13+08:00 ] 127.0.0.1 /Home/News/images/20160119090335319_2.jpg
INFO: [ app_init ] --START--
INFO: Run Behavior\BuildLiteBehavior [ RunTime:0.000016s ]
INFO: [ app_init ] --END-- [ RunTime:0.000427s ]

[ 2018-07-04T11:01:06+08:00 ] 127.0.0.1 /Home/News/index
INFO: [ app_init ] --START--
INFO: Run Behavior\BuildLiteBehavior [ RunTime:0.000014s ]
INFO: [ app_init ] --END-- [ RunTime:0.000594s ]
INFO: [ app_begin ] --START--
INFO: Run Behavior\ReadHtmlCacheBehavior [ RunTime:0.000834s ]
INFO: [ app_begin ] --END-- [ RunTime:0.000891s ]
SQL: SHOW COLUMNS FROM `jx_system` [ RunTime:0.0883s ]
SQL: SELECT * FROM `jx_system` WHERE ( id = 1 ) LIMIT 1   [ RunTime:0.0004s ]
SQL: SHOW COLUMNS FROM `jx_link` [ RunTime:0.0070s ]
SQL: SELECT * FROM `jx_link` WHERE `status` = 1 LIMIT 18   [ RunTime:0.0003s ]
SQL: SHOW COLUMNS FROM `jx_category` [ RunTime:0.0054s ]
NOTIC: [8] Undefined variable: where F:\www\jiuxiang\Application\Home\Controller\BaseController.class.php 第 50 行.
SQL: SELECT * FROM `jx_category` ORDER BY sort ASC,id ASC  [ RunTime:0.0006s ]
SQL: SHOW COLUMNS FROM `jx_image` [ RunTime:0.0094s ]
SQL: SELECT * FROM `jx_image` WHERE `status` = 1 AND `cid` = 7 ORDER BY id ASC  [ RunTime:0.0003s ]
SQL: SHOW COLUMNS FROM `jx_news` [ RunTime:0.0073s ]
SQL: SELECT * FROM `jx_category` WHERE ( pid=2 and status=2 )  [ RunTime:0.0004s ]
NOTIC: [8] Undefined offset: 0 F:\www\jiuxiang\Application\Home\Controller\NewsController.class.php 第 9 行.
NOTIC: [8] Undefined index: page F:\www\jiuxiang\Application\Home\Controller\NewsController.class.php 第 13 行.
SQL: SELECT COUNT(*) AS tp_count FROM `jx_news` WHERE `cid` = null LIMIT 1   [ RunTime:0.0003s ]
SQL: SELECT * FROM `jx_news` WHERE `cid` = null LIMIT 0,20   [ RunTime:0.0004s ]
NOTIC: [8] Undefined variable: cname F:\www\jiuxiang\Application\Home\Controller\NewsController.class.php 第 22 行.
INFO: [ view_parse ] --START--
INFO: [ template_filter ] --START--
INFO: Run Behavior\ContentReplaceBehavior [ RunTime:0.000088s ]
INFO: [ template_filter ] --END-- [ RunTime:0.000134s ]
INFO: Run Behavior\ParseTemplateBehavior [ RunTime:0.011772s ]
INFO: [ view_parse ] --END-- [ RunTime:0.011819s ]
INFO: [ view_filter ] --START--
INFO: Run Behavior\WriteHtmlCacheBehavior [ RunTime:0.000437s ]
INFO: [ view_filter ] --END-- [ RunTime:0.000471s ]
INFO: [ app_end ] --START--
INFO: Run Behavior\ShowPageTraceBehavior [ RunTime:0.000773s ]
INFO: [ app_end ] --END-- [ RunTime:0.000819s ]

[ 2018-07-04T11:01:06+08:00 ] 127.0.0.1 /Home/News/picture/20160729031501416_1.jpg
INFO: [ app_init ] --START--
INFO: Run Behavior\BuildLiteBehavior [ RunTime:0.000025s ]
INFO: [ app_init ] --END-- [ RunTime:0.000636s ]

[ 2018-07-04T11:01:06+08:00 ] 127.0.0.1 /Home/News/picture/20151226105738404.jpg
INFO: [ app_init ] --START--
INFO: Run Behavior\BuildLiteBehavior [ RunTime:0.000015s ]
INFO: [ app_init ] --END-- [ RunTime:0.000627s ]

[ 2018-07-04T11:01:07+08:00 ] 127.0.0.1 /Home/News/js/hades_6.js
INFO: [ app_init ] --START--
INFO: Run Behavior\BuildLiteBehavior [ RunTime:0.000021s ]
INFO: [ app_init ] --END-- [ RunTime:0.000595s ]
INFO: [ app_begin ] --START--
INFO: Run Behavior\ReadHtmlCacheBehavior [ RunTime:0.000593s ]
INFO: [ app_begin ] --END-- [ RunTime:0.000649s ]
SQL: SHOW COLUMNS FROM `jx_system` [ RunTime:0.0092s ]
SQL: SELECT * FROM `jx_system` WHERE ( id = 1 ) LIMIT 1   [ RunTime:0.0003s ]
SQL: SHOW COLUMNS FROM `jx_link` [ RunTime:0.0088s ]
SQL: SELECT * FROM `jx_link` WHERE `status` = 1 LIMIT 18   [ RunTime:0.0003s ]
SQL: SHOW COLUMNS FROM `jx_category` [ RunTime:0.0123s ]
NOTIC: [8] Undefined variable: where F:\www\jiuxiang\Application\Home\Controller\BaseController.class.php 第 50 行.
SQL: SELECT * FROM `jx_category` ORDER BY sort ASC,id ASC  [ RunTime:0.0006s ]
SQL: SHOW COLUMNS FROM `jx_image` [ RunTime:0.0060s ]
SQL: SELECT * FROM `jx_image` WHERE `status` = 1 AND `cid` = 7 ORDER BY id ASC  [ RunTime:0.0003s ]
ERR: 非法操作:js

[ 2018-07-04T11:01:07+08:00 ] 127.0.0.1 /Home/News/images/20160623044610386.jpg
INFO: [ app_init ] --START--
INFO: Run Behavior\BuildLiteBehavior [ RunTime:0.000016s ]
INFO: [ app_init ] --END-- [ RunTime:0.000449s ]


[ 2018-07-04T11:01:41+08:00 ] 127.0.0.1 /Home/News/index
INFO: [ app_init ] --START--
INFO: Run Behavior\BuildLiteBehavior [ RunTime:0.000015s ]
INFO: [ app_init ] --END-- [ RunTime:0.000409s ]
INFO: [ app_begin ] --START--
INFO: Run Behavior\ReadHtmlCacheBehavior [ RunTime:0.000588s ]
INFO: [ app_begin ] --END-- [ RunTime:0.000648s ]
SQL: SHOW COLUMNS FROM `jx_system` [ RunTime:0.0057s ]
SQL: SELECT * FROM `jx_system` WHERE ( id = 1 ) LIMIT 1   [ RunTime:0.0004s ]
SQL: SHOW COLUMNS FROM `jx_link` [ RunTime:0.0052s ]
SQL: SELECT * FROM `jx_link` WHERE `status` = 1 LIMIT 18   [ RunTime:0.0003s ]
SQL: SHOW COLUMNS FROM `jx_category` [ RunTime:0.0057s ]
NOTIC: [8] Undefined variable: where F:\www\jiuxiang\Application\Home\Controller\BaseController.class.php 第 50 行.
SQL: SELECT * FROM `jx_category` ORDER BY sort ASC,id ASC  [ RunTime:0.0006s ]
SQL: SHOW COLUMNS FROM `jx_image` [ RunTime:0.0051s ]
SQL: SELECT * FROM `jx_image` WHERE `status` = 1 AND `cid` = 7 ORDER BY id ASC  [ RunTime:0.0003s ]
SQL: SHOW COLUMNS FROM `jx_news` [ RunTime:0.0057s ]
SQL: SELECT * FROM `jx_category` WHERE ( pid=3 and status=2 )  [ RunTime:0.0004s ]
NOTIC: [8] Undefined index: page F:\www\jiuxiang\Application\Home\Controller\NewsController.class.php 第 13 行.
SQL: SELECT COUNT(*) AS tp_count FROM `jx_news` WHERE `cid` = 25 LIMIT 1   [ RunTime:0.0002s ]
SQL: SELECT * FROM `jx_news` WHERE `cid` = 25 LIMIT 0,20   [ RunTime:0.0003s ]
NOTIC: [8] Undefined variable: cname F:\www\jiuxiang\Application\Home\Controller\NewsController.class.php 第 22 行.
INFO: [ view_parse ] --START--
INFO: [ template_filter ] --START--
INFO: Run Behavior\ContentReplaceBehavior [ RunTime:0.000085s ]
INFO: [ template_filter ] --END-- [ RunTime:0.000135s ]
INFO: Run Behavior\ParseTemplateBehavior [ RunTime:0.010479s ]
INFO: [ view_parse ] --END-- [ RunTime:0.010524s ]
INFO: [ view_filter ] --START--
INFO: Run Behavior\WriteHtmlCacheBehavior [ RunTime:0.000264s ]
INFO: [ view_filter ] --END-- [ RunTime:0.000297s ]
INFO: [ app_end ] --START--
INFO: Run Behavior\ShowPageTraceBehavior [ RunTime:0.000550s ]
INFO: [ app_end ] --END-- [ RunTime:0.000592s ]

[ 2018-07-04T11:01:41+08:00 ] 127.0.0.1 /Home/News/picture/20151226105738404.jpg
INFO: [ app_init ] --START--
INFO: Run Behavior\BuildLiteBehavior [ RunTime:0.000013s ]
INFO: [ app_init ] --END-- [ RunTime:0.000398s ]

[ 2018-07-04T11:01:41+08:00 ] 127.0.0.1 /Home/News/picture/20160729031501416_1.jpg
INFO: [ app_init ] --START--
INFO: Run Behavior\BuildLiteBehavior [ RunTime:0.000013s ]
INFO: [ app_init ] --END-- [ RunTime:0.000388s ]

[ 2018-07-04T11:01:42+08:00 ] 127.0.0.1 /Home/News/js/hades_6.js
INFO: [ app_init ] --START--
INFO: Run Behavior\BuildLiteBehavior [ RunTime:0.000017s ]
INFO: [ app_init ] --END-- [ RunTime:0.001027s ]
INFO: [ app_begin ] --START--
INFO: Run Behavior\ReadHtmlCacheBehavior [ RunTime:0.000578s ]
INFO: [ app_begin ] --END-- [ RunTime:0.000628s ]
SQL: SHOW COLUMNS FROM `jx_system` [ RunTime:0.0055s ]
SQL: SELECT * FROM `jx_system` WHERE ( id = 1 ) LIMIT 1   [ RunTime:0.0004s ]
SQL: SHOW COLUMNS FROM `jx_link` [ RunTime:0.0063s ]
SQL: SELECT * FROM `jx_link` WHERE `status` = 1 LIMIT 18   [ RunTime:0.0003s ]
SQL: SHOW COLUMNS FROM `jx_category` [ RunTime:0.0073s ]
NOTIC: [8] Undefined variable: where F:\www\jiuxiang\Application\Home\Controller\BaseController.class.php 第 50 行.
SQL: SELECT * FROM `jx_category` ORDER BY sort ASC,id ASC  [ RunTime:0.0006s ]
SQL: SHOW COLUMNS FROM `jx_image` [ RunTime:0.0061s ]
SQL: SELECT * FROM `jx_image` WHERE `status` = 1 AND `cid` = 7 ORDER BY id ASC  [ RunTime:0.0003s ]
ERR: 非法操作:js

[ 2018-07-04T11:01:42+08:00 ] 127.0.0.1 /Home/News/images/20160119090335319_2.jpg
INFO: [ app_init ] --START--
INFO: Run Behavior\BuildLiteBehavior [ RunTime:0.000015s ]
INFO: [ app_init ] --END-- [ RunTime:0.000407s ]

[ 2018-07-04T11:01:42+08:00 ] 127.0.0.1 /Home/News/images/20160623044610386.jpg
INFO: [ app_init ] --START--
INFO: Run Behavior\BuildLiteBehavior [ RunTime:0.000017s ]
INFO: [ app_init ] --END-- [ RunTime:0.000549s ]

[ 2018-07-04T11:02:39+08:00 ] 127.0.0.1 /Home/News/index
INFO: [ app_init ] --START--
INFO: Run Behavior\BuildLiteBehavior [ RunTime:0.000014s ]
INFO: [ app_init ] --END-- [ RunTime:0.000395s ]
INFO: [ app_begin ] --START--
INFO: Run Behavior\ReadHtmlCacheBehavior [ RunTime:0.000691s ]
INFO: [ app_begin ] --END-- [ RunTime:0.000741s ]
SQL: SHOW COLUMNS FROM `jx_system` [ RunTime:0.0083s ]
SQL: SELECT * FROM `jx_system` WHERE ( id = 1 ) LIMIT 1   [ RunTime:0.0006s ]
SQL: SHOW COLUMNS FROM `jx_link` [ RunTime:0.0072s ]
SQL: SELECT * FROM `jx_link` WHERE `status` = 1 LIMIT 18   [ RunTime:0.0004s ]
SQL: SHOW COLUMNS FROM `jx_category` [ RunTime:0.0074s ]
NOTIC: [8] Undefined variable: where F:\www\jiuxiang\Application\Home\Controller\BaseController.class.php 第 50 行.
SQL: SELECT * FROM `jx_category` ORDER BY sort ASC,id ASC  [ RunTime:0.0008s ]
SQL: SHOW COLUMNS FROM `jx_image` [ RunTime:0.0086s ]
SQL: SELECT * FROM `jx_image` WHERE `status` = 1 AND `cid` = 7 ORDER BY id ASC  [ RunTime:0.0003s ]
SQL: SHOW COLUMNS FROM `jx_news` [ RunTime:0.0091s ]
SQL: SELECT * FROM `jx_category` WHERE ( pid=3 and status=2 )  [ RunTime:0.0004s ]
NOTIC: [8] Undefined index: page F:\www\jiuxiang\Application\Home\Controller\NewsController.class.php 第 13 行.
SQL: SELECT COUNT(*) AS tp_count FROM `jx_news` WHERE `cid` = 25 LIMIT 1   [ RunTime:0.0003s ]
SQL: SELECT * FROM `jx_news` WHERE `cid` = 25 LIMIT 0,20   [ RunTime:0.0004s ]
NOTIC: [8] Undefined variable: cname F:\www\jiuxiang\Application\Home\Controller\NewsController.class.php 第 22 行.
INFO: [ view_parse ] --START--
INFO: [ template_filter ] --START--
INFO: Run Behavior\ContentReplaceBehavior [ RunTime:0.000086s ]
INFO: [ template_filter ] --END-- [ RunTime:0.000133s ]
INFO: Run Behavior\ParseTemplateBehavior [ RunTime:0.011543s ]
INFO: [ view_parse ] --END-- [ RunTime:0.011602s ]
INFO: [ view_filter ] --START--
INFO: Run Behavior\WriteHtmlCacheBehavior [ RunTime:0.000269s ]
INFO: [ view_filter ] --END-- [ RunTime:0.000301s ]
INFO: [ app_end ] --START--
INFO: Run Behavior\ShowPageTraceBehavior [ RunTime:0.000595s ]
INFO: [ app_end ] --END-- [ RunTime:0.000645s ]

[ 2018-07-04T11:02:39+08:00 ] 127.0.0.1 /Home/News/picture/20151226105738404.jpg
INFO: [ app_init ] --START--
INFO: Run Behavior\BuildLiteBehavior [ RunTime:0.000014s ]
INFO: [ app_init ] --END-- [ RunTime:0.000391s ]

[ 2018-07-04T11:02:40+08:00 ] 127.0.0.1 /Home/News/js/hades_6.js
INFO: [ app_init ] --START--
INFO: Run Behavior\BuildLiteBehavior [ RunTime:0.000015s ]
INFO: [ app_init ] --END-- [ RunTime:0.000403s ]
INFO: [ app_begin ] --START--
INFO: Run Behavior\ReadHtmlCacheBehavior [ RunTime:0.000577s ]
INFO: [ app_begin ] --END-- [ RunTime:0.000624s ]
SQL: SHOW COLUMNS FROM `jx_system` [ RunTime:0.0061s ]
SQL: SELECT * FROM `jx_system` WHERE ( id = 1 ) LIMIT 1   [ RunTime:0.0008s ]
SQL: SHOW COLUMNS FROM `jx_link` [ RunTime:0.0062s ]
SQL: SELECT * FROM `jx_link` WHERE `status` = 1 LIMIT 18   [ RunTime:0.0004s ]
SQL: SHOW COLUMNS FROM `jx_category` [ RunTime:0.0062s ]
NOTIC: [8] Undefined variable: where F:\www\jiuxiang\Application\Home\Controller\BaseController.class.php 第 50 行.
SQL: SELECT * FROM `jx_category` ORDER BY sort ASC,id ASC  [ RunTime:0.0007s ]
SQL: SHOW COLUMNS FROM `jx_image` [ RunTime:0.0068s ]
SQL: SELECT * FROM `jx_image` WHERE `status` = 1 AND `cid` = 7 ORDER BY id ASC  [ RunTime:0.0003s ]
ERR: 非法操作:js

[ 2018-07-04T11:02:40+08:00 ] 127.0.0.1 /Home/News/images/20160119090335319_2.jpg
INFO: [ app_init ] --START--
INFO: Run Behavior\BuildLiteBehavior [ RunTime:0.000016s ]
INFO: [ app_init ] --END-- [ RunTime:0.000428s ]

[ 2018-07-04T11:02:40+08:00 ] 127.0.0.1 /Home/News/images/20160623044610386.jpg
INFO: [ app_init ] --START--
INFO: Run Behavior\BuildLiteBehavior [ RunTime:0.000014s ]
INFO: [ app_init ] --END-- [ RunTime:0.000427s ]

[ 2018-07-04T11:04:16+08:00 ] 127.0.0.1 /Home/News/index
INFO: [ app_init ] --START--
INFO: Run Behavior\BuildLiteBehavior [ RunTime:0.000015s ]
INFO: [ app_init ] --END-- [ RunTime:0.000517s ]
INFO: [ app_begin ] --START--
INFO: Run Behavior\ReadHtmlCacheBehavior [ RunTime:0.000795s ]
INFO: [ app_begin ] --END-- [ RunTime:0.000846s ]
SQL: SHOW COLUMNS FROM `jx_system` [ RunTime:0.0062s ]
SQL: SELECT * FROM `jx_system` WHERE ( id = 1 ) LIMIT 1   [ RunTime:0.0004s ]
SQL: SHOW COLUMNS FROM `jx_link` [ RunTime:0.0056s ]
SQL: SELECT * FROM `jx_link` WHERE `status` = 1 LIMIT 18   [ RunTime:0.0004s ]
SQL: SHOW COLUMNS FROM `jx_category` [ RunTime:0.0066s ]
NOTIC: [8] Undefined variable: where F:\www\jiuxiang\Application\Home\Controller\BaseController.class.php 第 50 行.
SQL: SELECT * FROM `jx_category` ORDER BY sort ASC,id ASC  [ RunTime:0.0006s ]
SQL: SHOW COLUMNS FROM `jx_image` [ RunTime:0.0063s ]
SQL: SELECT * FROM `jx_image` WHERE `status` = 1 AND `cid` = 7 ORDER BY id ASC  [ RunTime:0.0004s ]
SQL: SHOW COLUMNS FROM `jx_news` [ RunTime:0.0068s ]
SQL: SELECT * FROM `jx_category` WHERE ( pid=3 and status=2 )  [ RunTime:0.0004s ]
NOTIC: [8] Undefined index: page F:\www\jiuxiang\Application\Home\Controller\NewsController.class.php 第 13 行.
SQL: SELECT COUNT(*) AS tp_count FROM `jx_news` WHERE `cid` = 25 LIMIT 1   [ RunTime:0.0003s ]
SQL: SELECT * FROM `jx_news` WHERE `cid` = 25 LIMIT 0,20   [ RunTime:0.0003s ]
NOTIC: [8] Undefined variable: cname F:\www\jiuxiang\Application\Home\Controller\NewsController.class.php 第 22 行.
INFO: [ view_parse ] --START--
INFO: [ template_filter ] --START--
INFO: Run Behavior\ContentReplaceBehavior [ RunTime:0.000094s ]
INFO: [ template_filter ] --END-- [ RunTime:0.000151s ]
INFO: Run Behavior\ParseTemplateBehavior [ RunTime:0.011679s ]
INFO: [ view_parse ] --END-- [ RunTime:0.011742s ]
INFO: [ view_filter ] --START--
INFO: Run Behavior\WriteHtmlCacheBehavior [ RunTime:0.000437s ]
INFO: [ view_filter ] --END-- [ RunTime:0.000472s ]
INFO: [ app_end ] --START--
INFO: Run Behavior\ShowPageTraceBehavior [ RunTime:0.000716s ]
INFO: [ app_end ] --END-- [ RunTime:0.000759s ]

[ 2018-07-04T11:04:16+08:00 ] 127.0.0.1 /Home/News/20151226105738404.jpg
INFO: [ app_init ] --START--
INFO: Run Behavior\BuildLiteBehavior [ RunTime:0.000070s ]
INFO: [ app_init ] --END-- [ RunTime:0.000625s ]

[ 2018-07-04T11:04:17+08:00 ] 127.0.0.1 /Home/News/js/hades_6.js
INFO: [ app_init ] --START--
INFO: Run Behavior\BuildLiteBehavior [ RunTime:0.000047s ]
INFO: [ app_init ] --END-- [ RunTime:0.001448s ]
INFO: [ app_begin ] --START--
INFO: Run Behavior\ReadHtmlCacheBehavior [ RunTime:0.000660s ]
INFO: [ app_begin ] --END-- [ RunTime:0.000722s ]
SQL: SHOW COLUMNS FROM `jx_system` [ RunTime:0.0065s ]
SQL: SELECT * FROM `jx_system` WHERE ( id = 1 ) LIMIT 1   [ RunTime:0.0004s ]
SQL: SHOW COLUMNS FROM `jx_link` [ RunTime:0.0055s ]
SQL: SELECT * FROM `jx_link` WHERE `status` = 1 LIMIT 18   [ RunTime:0.0003s ]
SQL: SHOW COLUMNS FROM `jx_category` [ RunTime:0.0055s ]
NOTIC: [8] Undefined variable: where F:\www\jiuxiang\Application\Home\Controller\BaseController.class.php 第 50 行.
SQL: SELECT * FROM `jx_category` ORDER BY sort ASC,id ASC  [ RunTime:0.0005s ]
SQL: SHOW COLUMNS FROM `jx_image` [ RunTime:0.0052s ]
SQL: SELECT * FROM `jx_image` WHERE `status` = 1 AND `cid` = 7 ORDER BY id ASC  [ RunTime:0.0002s ]
ERR: 非法操作:js

[ 2018-07-04T11:04:17+08:00 ] 127.0.0.1 /Home/News/images/20160119090335319_2.jpg
INFO: [ app_init ] --START--
INFO: Run Behavior\BuildLiteBehavior [ RunTime:0.000015s ]
INFO: [ app_init ] --END-- [ RunTime:0.000401s ]

[ 2018-07-04T11:04:17+08:00 ] 127.0.0.1 /Home/News/images/20160623044610386.jpg
INFO: [ app_init ] --START--
INFO: Run Behavior\BuildLiteBehavior [ RunTime:0.000016s ]
INFO: [ app_init ] --END-- [ RunTime:0.000528s ]

[ 2018-07-04T11:04:43+08:00 ] 127.0.0.1 /Home/News/index
INFO: [ app_init ] --START--
INFO: Run Behavior\BuildLiteBehavior [ RunTime:0.000016s ]
INFO: [ app_init ] --END-- [ RunTime:0.000447s ]
INFO: [ app_begin ] --START--
INFO: Run Behavior\ReadHtmlCacheBehavior [ RunTime:0.000900s ]
INFO: [ app_begin ] --END-- [ RunTime:0.001023s ]
SQL: SHOW COLUMNS FROM `jx_system` [ RunTime:0.0062s ]
SQL: SELECT * FROM `jx_system` WHERE ( id = 1 ) LIMIT 1   [ RunTime:0.0004s ]
SQL: SHOW COLUMNS FROM `jx_link` [ RunTime:0.0054s ]
SQL: SELECT * FROM `jx_link` WHERE `status` = 1 LIMIT 18   [ RunTime:0.0003s ]
SQL: SHOW COLUMNS FROM `jx_category` [ RunTime:0.0065s ]
NOTIC: [8] Undefined variable: where F:\www\jiuxiang\Application\Home\Controller\BaseController.class.php 第 50 行.
SQL: SELECT * FROM `jx_category` ORDER BY sort ASC,id ASC  [ RunTime:0.0005s ]
SQL: SHOW COLUMNS FROM `jx_image` [ RunTime:0.0054s ]
SQL: SELECT * FROM `jx_image` WHERE `status` = 1 AND `cid` = 7 ORDER BY id ASC  [ RunTime:0.0002s ]
SQL: SHOW COLUMNS FROM `jx_news` [ RunTime:0.0060s ]
SQL: SELECT * FROM `jx_category` WHERE ( pid=3 and status=2 )  [ RunTime:0.0003s ]
NOTIC: [8] Undefined index: page F:\www\jiuxiang\Application\Home\Controller\NewsController.class.php 第 13 行.
SQL: SELECT COUNT(*) AS tp_count FROM `jx_news` WHERE `cid` = 25 LIMIT 1   [ RunTime:0.0002s ]
SQL: SELECT * FROM `jx_news` WHERE `cid` = 25 LIMIT 0,20   [ RunTime:0.0003s ]
NOTIC: [8] Undefined variable: cname F:\www\jiuxiang\Application\Home\Controller\NewsController.class.php 第 22 行.
INFO: [ view_parse ] --START--
INFO: [ template_filter ] --START--
INFO: Run Behavior\ContentReplaceBehavior [ RunTime:0.000091s ]
INFO: [ template_filter ] --END-- [ RunTime:0.000148s ]
INFO: Run Behavior\ParseTemplateBehavior [ RunTime:0.010825s ]
INFO: [ view_parse ] --END-- [ RunTime:0.010902s ]
INFO: [ view_filter ] --START--
INFO: Run Behavior\WriteHtmlCacheBehavior [ RunTime:0.000422s ]
INFO: [ view_filter ] --END-- [ RunTime:0.000476s ]
INFO: [ app_end ] --START--
INFO: Run Behavior\ShowPageTraceBehavior [ RunTime:0.000756s ]
INFO: [ app_end ] --END-- [ RunTime:0.000806s ]

[ 2018-07-04T11:04:44+08:00 ] 127.0.0.1 /Home/News/js/hades_6.js
INFO: [ app_init ] --START--
INFO: Run Behavior\BuildLiteBehavior [ RunTime:0.000022s ]
INFO: [ app_init ] --END-- [ RunTime:0.000969s ]
INFO: [ app_begin ] --START--
INFO: Run Behavior\ReadHtmlCacheBehavior [ RunTime:0.000771s ]
INFO: [ app_begin ] --END-- [ RunTime:0.000861s ]
SQL: SHOW COLUMNS FROM `jx_system` [ RunTime:0.0059s ]
SQL: SELECT * FROM `jx_system` WHERE ( id = 1 ) LIMIT 1   [ RunTime:0.0004s ]
SQL: SHOW COLUMNS FROM `jx_link` [ RunTime:0.0053s ]
SQL: SELECT * FROM `jx_link` WHERE `status` = 1 LIMIT 18   [ RunTime:0.0003s ]
SQL: SHOW COLUMNS FROM `jx_category` [ RunTime:0.0052s ]
NOTIC: [8] Undefined variable: where F:\www\jiuxiang\Application\Home\Controller\BaseController.class.php 第 50 行.
SQL: SELECT * FROM `jx_category` ORDER BY sort ASC,id ASC  [ RunTime:0.0005s ]
SQL: SHOW COLUMNS FROM `jx_image` [ RunTime:0.0085s ]
SQL: SELECT * FROM `jx_image` WHERE `status` = 1 AND `cid` = 7 ORDER BY id ASC  [ RunTime:0.0004s ]
ERR: 非法操作:js

[ 2018-07-04T11:04:44+08:00 ] 127.0.0.1 /Home/News/images/20160119090335319_2.jpg
INFO: [ app_init ] --START--
INFO: Run Behavior\BuildLiteBehavior [ RunTime:0.000028s ]
INFO: [ app_init ] --END-- [ RunTime:0.005247s ]

[ 2018-07-04T11:04:44+08:00 ] 127.0.0.1 /Home/News/images/20160623044610386.jpg
INFO: [ app_init ] --START--
INFO: Run Behavior\BuildLiteBehavior [ RunTime:0.000020s ]
INFO: [ app_init ] --END-- [ RunTime:0.020836s ]

[ 2018-07-04T11:05:19+08:00 ] 127.0.0.1 /Home/News/news/cid/25
INFO: [ app_init ] --START--
INFO: Run Behavior\BuildLiteBehavior [ RunTime:0.000016s ]
INFO: [ app_init ] --END-- [ RunTime:0.000471s ]
INFO: [ app_begin ] --START--
INFO: Run Behavior\ReadHtmlCacheBehavior [ RunTime:0.000705s ]
INFO: [ app_begin ] --END-- [ RunTime:0.000781s ]
SQL: SHOW COLUMNS FROM `jx_system` [ RunTime:0.0063s ]
SQL: SELECT * FROM `jx_system` WHERE ( id = 1 ) LIMIT 1   [ RunTime:0.0005s ]
SQL: SHOW COLUMNS FROM `jx_link` [ RunTime:0.0056s ]
SQL: SELECT * FROM `jx_link` WHERE `status` = 1 LIMIT 18   [ RunTime:0.0004s ]
SQL: SHOW COLUMNS FROM `jx_category` [ RunTime:0.0071s ]
NOTIC: [8] Undefined variable: where F:\www\jiuxiang\Application\Home\Controller\BaseController.class.php 第 50 行.
SQL: SELECT * FROM `jx_category` ORDER BY sort ASC,id ASC  [ RunTime:0.0006s ]
SQL: SHOW COLUMNS FROM `jx_image` [ RunTime:0.0053s ]
SQL: SELECT * FROM `jx_image` WHERE `status` = 1 AND `cid` = 7 ORDER BY id ASC  [ RunTime:0.0003s ]
SQL: SHOW COLUMNS FROM `jx_news` [ RunTime:0.0060s ]
SQL: SELECT * FROM `jx_category` WHERE ( pid=3 and status=2 )  [ RunTime:0.0004s ]
NOTIC: [8] Undefined index: page F:\www\jiuxiang\Application\Home\Controller\NewsController.class.php 第 40 行.
SQL: SELECT COUNT(*) AS tp_count FROM `jx_news` WHERE `cid` = 25 LIMIT 1   [ RunTime:0.0002s ]
SQL: SELECT * FROM `jx_news` WHERE `cid` = 25 LIMIT 0,20   [ RunTime:0.0004s ]
NOTIC: [8] Undefined variable: cname F:\www\jiuxiang\Application\Home\Controller\NewsController.class.php 第 49 行.
INFO: [ view_parse ] --START--
INFO: [ template_filter ] --START--
INFO: Run Behavior\ContentReplaceBehavior [ RunTime:0.000076s ]
INFO: [ template_filter ] --END-- [ RunTime:0.000125s ]
INFO: Run Behavior\ParseTemplateBehavior [ RunTime:0.034787s ]
INFO: [ view_parse ] --END-- [ RunTime:0.034836s ]
INFO: [ view_filter ] --START--
INFO: Run Behavior\WriteHtmlCacheBehavior [ RunTime:0.000277s ]
INFO: [ view_filter ] --END-- [ RunTime:0.000310s ]
INFO: [ app_end ] --START--
INFO: Run Behavior\ShowPageTraceBehavior [ RunTime:0.000557s ]
INFO: [ app_end ] --END-- [ RunTime:0.000598s ]

[ 2018-07-04T11:05:19+08:00 ] 127.0.0.1 /Home/News/news/cid/images/20160119090335319.jpg
INFO: [ app_init ] --START--
INFO: Run Behavior\BuildLiteBehavior [ RunTime:0.000014s ]
INFO: [ app_init ] --END-- [ RunTime:0.000404s ]

[ 2018-07-04T11:05:21+08:00 ] 127.0.0.1 /Home/News/news/cid/favicon.ico
INFO: [ app_init ] --START--
INFO: Run Behavior\BuildLiteBehavior [ RunTime:0.000014s ]
INFO: [ app_init ] --END-- [ RunTime:0.000394s ]

[ 2018-07-04T11:07:42+08:00 ] 127.0.0.1 /Home/News/news/cid/25
INFO: [ app_init ] --START--
INFO: Run Behavior\BuildLiteBehavior [ RunTime:0.000037s ]
INFO: [ app_init ] --END-- [ RunTime:0.000856s ]
INFO: [ app_begin ] --START--
INFO: Run Behavior\ReadHtmlCacheBehavior [ RunTime:0.000835s ]
INFO: [ app_begin ] --END-- [ RunTime:0.000886s ]
SQL: SHOW COLUMNS FROM `jx_system` [ RunTime:0.0094s ]
SQL: SELECT * FROM `jx_system` WHERE ( id = 1 ) LIMIT 1   [ RunTime:0.0005s ]
SQL: SHOW COLUMNS FROM `jx_link` [ RunTime:0.0079s ]
SQL: SELECT * FROM `jx_link` WHERE `status` = 1 LIMIT 18   [ RunTime:0.0004s ]
SQL: SHOW COLUMNS FROM `jx_category` [ RunTime:0.0076s ]
NOTIC: [8] Undefined variable: where F:\www\jiuxiang\Application\Home\Controller\BaseController.class.php 第 50 行.
SQL: SELECT * FROM `jx_category` ORDER BY sort ASC,id ASC  [ RunTime:0.0008s ]
SQL: SHOW COLUMNS FROM `jx_image` [ RunTime:0.0082s ]
SQL: SELECT * FROM `jx_image` WHERE `status` = 1 AND `cid` = 7 ORDER BY id ASC  [ RunTime:0.0006s ]
SQL: SHOW COLUMNS FROM `jx_news` [ RunTime:0.0086s ]
SQL: SELECT * FROM `jx_category` WHERE ( pid=3 and status=2 )  [ RunTime:0.0004s ]
NOTIC: [8] Undefined index: page F:\www\jiuxiang\Application\Home\Controller\NewsController.class.php 第 40 行.
SQL: SELECT COUNT(*) AS tp_count FROM `jx_news` WHERE `cid` = 25 LIMIT 1   [ RunTime:0.0003s ]
SQL: SELECT * FROM `jx_news` WHERE `cid` = 25 LIMIT 0,20   [ RunTime:0.0004s ]
NOTIC: [8] Undefined variable: cname F:\www\jiuxiang\Application\Home\Controller\NewsController.class.php 第 49 行.
INFO: [ view_parse ] --START--
INFO: [ template_filter ] --START--
INFO: Run Behavior\ContentReplaceBehavior [ RunTime:0.000068s ]
INFO: [ template_filter ] --END-- [ RunTime:0.000122s ]
NOTIC: [8] A non well formed numeric value encountered F:\www\jiuxiang\Runtime\Cache\Home\6be51b3900cccae2c73119baf20891ff.php 第 47 行.
INFO: Run Behavior\ParseTemplateBehavior [ RunTime:0.012907s ]
INFO: [ view_parse ] --END-- [ RunTime:0.012963s ]
INFO: [ view_filter ] --START--
INFO: Run Behavior\WriteHtmlCacheBehavior [ RunTime:0.000538s ]
INFO: [ view_filter ] --END-- [ RunTime:0.000578s ]
INFO: [ app_end ] --START--
INFO: Run Behavior\ShowPageTraceBehavior [ RunTime:0.000921s ]
INFO: [ app_end ] --END-- [ RunTime:0.000974s ]

[ 2018-07-04T11:07:42+08:00 ] 127.0.0.1 /Home/News/news/cid/images/20160119090335319.jpg
INFO: [ app_init ] --START--
INFO: Run Behavior\BuildLiteBehavior [ RunTime:0.000016s ]
INFO: [ app_init ] --END-- [ RunTime:0.000455s ]

[ 2018-07-04T11:07:49+08:00 ] 127.0.0.1 /Home/News/detail/id/8
INFO: [ app_init ] --START--
INFO: Run Behavior\BuildLiteBehavior [ RunTime:0.000014s ]
INFO: [ app_init ] --END-- [ RunTime:0.000393s ]
INFO: [ app_begin ] --START--
INFO: Run Behavior\ReadHtmlCacheBehavior [ RunTime:0.000551s ]
INFO: [ app_begin ] --END-- [ RunTime:0.000595s ]
SQL: SHOW COLUMNS FROM `jx_system` [ RunTime:0.0105s ]
SQL: SELECT * FROM `jx_system` WHERE ( id = 1 ) LIMIT 1   [ RunTime:0.0004s ]
SQL: SHOW COLUMNS FROM `jx_link` [ RunTime:0.0058s ]
SQL: SELECT * FROM `jx_link` WHERE `status` = 1 LIMIT 18   [ RunTime:0.0003s ]
SQL: SHOW COLUMNS FROM `jx_category` [ RunTime:0.0124s ]
NOTIC: [8] Undefined variable: where F:\www\jiuxiang\Application\Home\Controller\BaseController.class.php 第 50 行.
SQL: SELECT * FROM `jx_category` ORDER BY sort ASC,id ASC  [ RunTime:0.0005s ]
SQL: SHOW COLUMNS FROM `jx_image` [ RunTime:0.0065s ]
SQL: SELECT * FROM `jx_image` WHERE `status` = 1 AND `cid` = 7 ORDER BY id ASC  [ RunTime:0.0004s ]
SQL: SHOW COLUMNS FROM `jx_news` [ RunTime:0.0065s ]
SQL: SELECT * FROM `jx_category` WHERE ( pid=2 and status=2 )  [ RunTime:0.0002s ]
SQL: SELECT * FROM `jx_news` WHERE `id` = 8 LIMIT 1   [ RunTime:0.0002s ]
INFO: [ view_parse ] --START--
INFO: [ template_filter ] --START--
INFO: Run Behavior\ContentReplaceBehavior [ RunTime:0.000067s ]
INFO: [ template_filter ] --END-- [ RunTime:0.000121s ]
INFO: Run Behavior\ParseTemplateBehavior [ RunTime:0.075071s ]
INFO: [ view_parse ] --END-- [ RunTime:0.075129s ]
INFO: [ view_filter ] --START--
INFO: Run Behavior\WriteHtmlCacheBehavior [ RunTime:0.000288s ]
INFO: [ view_filter ] --END-- [ RunTime:0.000323s ]
INFO: [ app_end ] --START--
INFO: Run Behavior\ShowPageTraceBehavior [ RunTime:0.000570s ]
INFO: [ app_end ] --END-- [ RunTime:0.000606s ]

[ 2018-07-04T11:07:49+08:00 ] 127.0.0.1 /Home/News/detail/id/picture/20180702102204194.png
INFO: [ app_init ] --START--
INFO: Run Behavior\BuildLiteBehavior [ RunTime:0.000014s ]
INFO: [ app_init ] --END-- [ RunTime:0.000478s ]

[ 2018-07-04T11:07:49+08:00 ] 127.0.0.1 /Home/News/detail/id/picture/20180702102203570.jpg
INFO: [ app_init ] --START--
INFO: Run Behavior\BuildLiteBehavior [ RunTime:0.000024s ]
INFO: [ app_init ] --END-- [ RunTime:0.000506s ]

[ 2018-07-04T11:07:49+08:00 ] 127.0.0.1 /Home/News/detail/id/picture/20180702102203431.png
INFO: [ app_init ] --START--
INFO: Run Behavior\BuildLiteBehavior [ RunTime:0.000014s ]
INFO: [ app_init ] --END-- [ RunTime:0.000457s ]

[ 2018-07-04T11:07:50+08:00 ] 127.0.0.1 /Home/News/detail/id/js/hades_1.js
INFO: [ app_init ] --START--
INFO: Run Behavior\BuildLiteBehavior [ RunTime:0.000014s ]
INFO: [ app_init ] --END-- [ RunTime:0.000409s ]
INFO: [ app_begin ] --START--
INFO: Run Behavior\ReadHtmlCacheBehavior [ RunTime:0.003793s ]
INFO: [ app_begin ] --END-- [ RunTime:0.003945s ]
SQL: SHOW COLUMNS FROM `jx_system` [ RunTime:0.0522s ]
SQL: SELECT * FROM `jx_system` WHERE ( id = 1 ) LIMIT 1   [ RunTime:0.0004s ]
SQL: SHOW COLUMNS FROM `jx_link` [ RunTime:0.0057s ]
SQL: SELECT * FROM `jx_link` WHERE `status` = 1 LIMIT 18   [ RunTime:0.0003s ]
SQL: SHOW COLUMNS FROM `jx_category` [ RunTime:0.0058s ]
NOTIC: [8] Undefined variable: where F:\www\jiuxiang\Application\Home\Controller\BaseController.class.php 第 50 行.
SQL: SELECT * FROM `jx_category` ORDER BY sort ASC,id ASC  [ RunTime:0.0006s ]
SQL: SHOW COLUMNS FROM `jx_image` [ RunTime:0.0060s ]
SQL: SELECT * FROM `jx_image` WHERE `status` = 1 AND `cid` = 7 ORDER BY id ASC  [ RunTime:0.0004s ]
SQL: SHOW COLUMNS FROM `jx_news` [ RunTime:0.0063s ]
SQL: SELECT * FROM `jx_category` WHERE ( pid=2 and status=2 )  [ RunTime:0.0003s ]
SQL: SELECT * FROM `jx_news` WHERE `id` = 0 LIMIT 1   [ RunTime:0.0003s ]
INFO: [ view_parse ] --START--
INFO: [ template_filter ] --START--
INFO: Run Behavior\ContentReplaceBehavior [ RunTime:0.000062s ]
INFO: [ template_filter ] --END-- [ RunTime:0.000109s ]
INFO: Run Behavior\ParseTemplateBehavior [ RunTime:0.008610s ]
INFO: [ view_parse ] --END-- [ RunTime:0.008659s ]
INFO: [ view_filter ] --START--
INFO: Run Behavior\WriteHtmlCacheBehavior [ RunTime:0.000270s ]
INFO: [ view_filter ] --END-- [ RunTime:0.000303s ]
INFO: [ app_end ] --START--
INFO: Run Behavior\ShowPageTraceBehavior [ RunTime:0.000538s ]
INFO: [ app_end ] --END-- [ RunTime:0.000573s ]

[ 2018-07-04T11:07:51+08:00 ] 127.0.0.1 /Home/News/detail/id/images/20160119090335319_1.jpg
INFO: [ app_init ] --START--
INFO: Run Behavior\BuildLiteBehavior [ RunTime:0.000019s ]
INFO: [ app_init ] --END-- [ RunTime:0.000427s ]

[ 2018-07-04T11:07:51+08:00 ] 127.0.0.1 /Home/News/detail/id/favicon.ico
INFO: [ app_init ] --START--
INFO: Run Behavior\BuildLiteBehavior [ RunTime:0.000015s ]
INFO: [ app_init ] --END-- [ RunTime:0.000456s ]

[ 2018-07-04T11:08:11+08:00 ] 127.0.0.1 /Home/News/detail/id/8
INFO: [ app_init ] --START--
INFO: Run Behavior\BuildLiteBehavior [ RunTime:0.000027s ]
INFO: [ app_init ] --END-- [ RunTime:0.000487s ]
INFO: [ app_begin ] --START--
INFO: Run Behavior\ReadHtmlCacheBehavior [ RunTime:0.001382s ]
INFO: [ app_begin ] --END-- [ RunTime:0.001518s ]
SQL: SHOW COLUMNS FROM `jx_system` [ RunTime:0.0057s ]
SQL: SELECT * FROM `jx_system` WHERE ( id = 1 ) LIMIT 1   [ RunTime:0.0004s ]
SQL: SHOW COLUMNS FROM `jx_link` [ RunTime:0.0053s ]
SQL: SELECT * FROM `jx_link` WHERE `status` = 1 LIMIT 18   [ RunTime:0.0002s ]
SQL: SHOW COLUMNS FROM `jx_category` [ RunTime:0.0051s ]
NOTIC: [8] Undefined variable: where F:\www\jiuxiang\Application\Home\Controller\BaseController.class.php 第 50 行.
SQL: SELECT * FROM `jx_category` ORDER BY sort ASC,id ASC  [ RunTime:0.0006s ]
SQL: SHOW COLUMNS FROM `jx_image` [ RunTime:0.0054s ]
SQL: SELECT * FROM `jx_image` WHERE `status` = 1 AND `cid` = 7 ORDER BY id ASC  [ RunTime:0.0003s ]
SQL: SHOW COLUMNS FROM `jx_news` [ RunTime:0.0070s ]
SQL: SELECT * FROM `jx_category` WHERE ( pid=3 and status=2 )  [ RunTime:0.0004s ]
SQL: SELECT * FROM `jx_news` WHERE `id` = 8 LIMIT 1   [ RunTime:0.0003s ]
INFO: [ view_parse ] --START--
INFO: [ template_filter ] --START--
INFO: Run Behavior\ContentReplaceBehavior [ RunTime:0.000062s ]
INFO: [ template_filter ] --END-- [ RunTime:0.000114s ]
INFO: Run Behavior\ParseTemplateBehavior [ RunTime:0.008818s ]
INFO: [ view_parse ] --END-- [ RunTime:0.008869s ]
INFO: [ view_filter ] --START--
INFO: Run Behavior\WriteHtmlCacheBehavior [ RunTime:0.000297s ]
INFO: [ view_filter ] --END-- [ RunTime:0.000332s ]
INFO: [ app_end ] --START--
INFO: Run Behavior\ShowPageTraceBehavior [ RunTime:0.000569s ]
INFO: [ app_end ] --END-- [ RunTime:0.000609s ]

[ 2018-07-04T11:08:11+08:00 ] 127.0.0.1 /Home/News/detail/id/picture/20180702102203570.jpg
INFO: [ app_init ] --START--
INFO: Run Behavior\BuildLiteBehavior [ RunTime:0.000013s ]
INFO: [ app_init ] --END-- [ RunTime:0.000385s ]

[ 2018-07-04T11:08:11+08:00 ] 127.0.0.1 /Home/News/detail/id/picture/20180702102204194.png
INFO: [ app_init ] --START--
INFO: Run Behavior\BuildLiteBehavior [ RunTime:0.000024s ]
INFO: [ app_init ] --END-- [ RunTime:0.000602s ]

[ 2018-07-04T11:08:11+08:00 ] 127.0.0.1 /Home/News/detail/id/picture/20180702102203431.png
INFO: [ app_init ] --START--
INFO: Run Behavior\BuildLiteBehavior [ RunTime:0.000055s ]
INFO: [ app_init ] --END-- [ RunTime:0.000720s ]

[ 2018-07-04T11:08:12+08:00 ] 127.0.0.1 /Home/News/detail/id/js/hades_1.js
INFO: [ app_init ] --START--
INFO: Run Behavior\BuildLiteBehavior [ RunTime:0.000017s ]
INFO: [ app_init ] --END-- [ RunTime:0.000447s ]
INFO: [ app_begin ] --START--
INFO: Run Behavior\ReadHtmlCacheBehavior [ RunTime:0.000617s ]
INFO: [ app_begin ] --END-- [ RunTime:0.000675s ]
SQL: SHOW COLUMNS FROM `jx_system` [ RunTime:0.0055s ]
SQL: SELECT * FROM `jx_system` WHERE ( id = 1 ) LIMIT 1   [ RunTime:0.0004s ]
SQL: SHOW COLUMNS FROM `jx_link` [ RunTime:0.0059s ]
SQL: SELECT * FROM `jx_link` WHERE `status` = 1 LIMIT 18   [ RunTime:0.0003s ]
SQL: SHOW COLUMNS FROM `jx_category` [ RunTime:0.0050s ]
NOTIC: [8] Undefined variable: where F:\www\jiuxiang\Application\Home\Controller\BaseController.class.php 第 50 行.
SQL: SELECT * FROM `jx_category` ORDER BY sort ASC,id ASC  [ RunTime:0.0006s ]
SQL: SHOW COLUMNS FROM `jx_image` [ RunTime:0.0061s ]
SQL: SELECT * FROM `jx_image` WHERE `status` = 1 AND `cid` = 7 ORDER BY id ASC  [ RunTime:0.0004s ]
SQL: SHOW COLUMNS FROM `jx_news` [ RunTime:0.0054s ]
SQL: SELECT * FROM `jx_category` WHERE ( pid=3 and status=2 )  [ RunTime:0.0004s ]
SQL: SELECT * FROM `jx_news` WHERE `id` = 0 LIMIT 1   [ RunTime:0.0003s ]
INFO: [ view_parse ] --START--
INFO: [ template_filter ] --START--
INFO: Run Behavior\ContentReplaceBehavior [ RunTime:0.000059s ]
INFO: [ template_filter ] --END-- [ RunTime:0.000104s ]
INFO: Run Behavior\ParseTemplateBehavior [ RunTime:0.008686s ]
INFO: [ view_parse ] --END-- [ RunTime:0.008736s ]
INFO: [ view_filter ] --START--
INFO: Run Behavior\WriteHtmlCacheBehavior [ RunTime:0.000284s ]
INFO: [ view_filter ] --END-- [ RunTime:0.000318s ]
INFO: [ app_end ] --START--
INFO: Run Behavior\ShowPageTraceBehavior [ RunTime:0.000580s ]
INFO: [ app_end ] --END-- [ RunTime:0.000620s ]

[ 2018-07-04T11:08:12+08:00 ] 127.0.0.1 /Home/News/detail/id/images/20160119090335319_1.jpg
INFO: [ app_init ] --START--
INFO: Run Behavior\BuildLiteBehavior [ RunTime:0.000018s ]
INFO: [ app_init ] --END-- [ RunTime:0.000507s ]

[ 2018-07-04T11:09:38+08:00 ] 127.0.0.1 /Home/News/detail/id/8
INFO: [ app_init ] --START--
INFO: Run Behavior\BuildLiteBehavior [ RunTime:0.000014s ]
INFO: [ app_init ] --END-- [ RunTime:0.000390s ]
INFO: [ app_begin ] --START--
INFO: Run Behavior\ReadHtmlCacheBehavior [ RunTime:0.000776s ]
INFO: [ app_begin ] --END-- [ RunTime:0.000825s ]
SQL: SHOW COLUMNS FROM `jx_system` [ RunTime:0.0461s ]
SQL: SELECT * FROM `jx_system` WHERE ( id = 1 ) LIMIT 1   [ RunTime:0.0005s ]
SQL: SHOW COLUMNS FROM `jx_link` [ RunTime:0.0058s ]
SQL: SELECT * FROM `jx_link` WHERE `status` = 1 LIMIT 18   [ RunTime:0.0003s ]
SQL: SHOW COLUMNS FROM `jx_category` [ RunTime:0.0070s ]
NOTIC: [8] Undefined variable: where F:\www\jiuxiang\Application\Home\Controller\BaseController.class.php 第 50 行.
SQL: SELECT * FROM `jx_category` ORDER BY sort ASC,id ASC  [ RunTime:0.0007s ]
SQL: SHOW COLUMNS FROM `jx_image` [ RunTime:0.0070s ]
SQL: SELECT * FROM `jx_image` WHERE `status` = 1 AND `cid` = 7 ORDER BY id ASC  [ RunTime:0.0004s ]
SQL: SHOW COLUMNS FROM `jx_news` [ RunTime:0.0069s ]
SQL: SELECT * FROM `jx_category` WHERE ( pid=3 and status=2 )  [ RunTime:0.0004s ]
SQL: SELECT * FROM `jx_news` WHERE `id` = 8 LIMIT 1   [ RunTime:0.0004s ]
INFO: [ view_parse ] --START--
INFO: [ template_filter ] --START--
INFO: Run Behavior\ContentReplaceBehavior [ RunTime:0.000059s ]
INFO: [ template_filter ] --END-- [ RunTime:0.000104s ]
NOTIC: [8] A non well formed numeric value encountered F:\www\jiuxiang\Runtime\Cache\Home\aca8b289ff6c2c7180f304ffd37940b8.php 第 47 行.
INFO: Run Behavior\ParseTemplateBehavior [ RunTime:0.009940s ]
INFO: [ view_parse ] --END-- [ RunTime:0.009991s ]
INFO: [ view_filter ] --START--
INFO: Run Behavior\WriteHtmlCacheBehavior [ RunTime:0.000466s ]
INFO: [ view_filter ] --END-- [ RunTime:0.000503s ]
INFO: [ app_end ] --START--
INFO: Run Behavior\ShowPageTraceBehavior [ RunTime:0.000734s ]
INFO: [ app_end ] --END-- [ RunTime:0.000778s ]

[ 2018-07-04T11:09:39+08:00 ] 127.0.0.1 /Home/News/detail/id/js/hades_1.js
INFO: [ app_init ] --START--
INFO: Run Behavior\BuildLiteBehavior [ RunTime:0.000016s ]
INFO: [ app_init ] --END-- [ RunTime:0.000455s ]
INFO: [ app_begin ] --START--
INFO: Run Behavior\ReadHtmlCacheBehavior [ RunTime:0.000773s ]
INFO: [ app_begin ] --END-- [ RunTime:0.000834s ]
SQL: SHOW COLUMNS FROM `jx_system` [ RunTime:0.0106s ]
SQL: SELECT * FROM `jx_system` WHERE ( id = 1 ) LIMIT 1   [ RunTime:0.0004s ]
SQL: SHOW COLUMNS FROM `jx_link` [ RunTime:0.0061s ]
SQL: SELECT * FROM `jx_link` WHERE `status` = 1 LIMIT 18   [ RunTime:0.0002s ]
SQL: SHOW COLUMNS FROM `jx_category` [ RunTime:0.0135s ]
NOTIC: [8] Undefined variable: where F:\www\jiuxiang\Application\Home\Controller\BaseController.class.php 第 50 行.
SQL: SELECT * FROM `jx_category` ORDER BY sort ASC,id ASC  [ RunTime:0.0007s ]
SQL: SHOW COLUMNS FROM `jx_image` [ RunTime:0.0071s ]
SQL: SELECT * FROM `jx_image` WHERE `status` = 1 AND `cid` = 7 ORDER BY id ASC  [ RunTime:0.0003s ]
SQL: SHOW COLUMNS FROM `jx_news` [ RunTime:0.0064s ]
SQL: SELECT * FROM `jx_category` WHERE ( pid=3 and status=2 )  [ RunTime:0.0003s ]
SQL: SELECT * FROM `jx_news` WHERE `id` = 0 LIMIT 1   [ RunTime:0.0002s ]
INFO: [ view_parse ] --START--
INFO: [ template_filter ] --START--
INFO: Run Behavior\ContentReplaceBehavior [ RunTime:0.000055s ]
INFO: [ template_filter ] --END-- [ RunTime:0.000102s ]
INFO: Run Behavior\ParseTemplateBehavior [ RunTime:0.008275s ]
INFO: [ view_parse ] --END-- [ RunTime:0.008321s ]
INFO: [ view_filter ] --START--
INFO: Run Behavior\WriteHtmlCacheBehavior [ RunTime:0.000274s ]
INFO: [ view_filter ] --END-- [ RunTime:0.000309s ]
INFO: [ app_end ] --START--
INFO: Run Behavior\ShowPageTraceBehavior [ RunTime:0.000546s ]
INFO: [ app_end ] --END-- [ RunTime:0.000584s ]

[ 2018-07-04T11:09:39+08:00 ] 127.0.0.1 /Home/News/detail/id/images/20160119090335319_1.jpg
INFO: [ app_init ] --START--
INFO: Run Behavior\BuildLiteBehavior [ RunTime:0.000019s ]
INFO: [ app_init ] --END-- [ RunTime:0.000741s ]

[ 2018-07-04T11:09:50+08:00 ] 127.0.0.1 /Home/Service/index
INFO: [ app_init ] --START--
INFO: Run Behavior\BuildLiteBehavior [ RunTime:0.000022s ]
INFO: [ app_init ] --END-- [ RunTime:0.000515s ]
INFO: [ app_begin ] --START--
INFO: Run Behavior\ReadHtmlCacheBehavior [ RunTime:0.000546s ]
INFO: [ app_begin ] --END-- [ RunTime:0.000593s ]
SQL: SHOW COLUMNS FROM `jx_system` [ RunTime:0.0075s ]
SQL: SELECT * FROM `jx_system` WHERE ( id = 1 ) LIMIT 1   [ RunTime:0.0004s ]
SQL: SHOW COLUMNS FROM `jx_link` [ RunTime:0.0074s ]
SQL: SELECT * FROM `jx_link` WHERE `status` = 1 LIMIT 18   [ RunTime:0.0004s ]
SQL: SHOW COLUMNS FROM `jx_category` [ RunTime:0.0087s ]
NOTIC: [8] Undefined variable: where F:\www\jiuxiang\Application\Home\Controller\BaseController.class.php 第 50 行.
SQL: SELECT * FROM `jx_category` ORDER BY sort ASC,id ASC  [ RunTime:0.0007s ]
SQL: SHOW COLUMNS FROM `jx_image` [ RunTime:0.0078s ]
SQL: SELECT * FROM `jx_image` WHERE `status` = 1 AND `cid` = 7 ORDER BY id ASC  [ RunTime:0.0003s ]
SQL: SHOW COLUMNS FROM `jx_news` [ RunTime:0.0057s ]
NOTIC: [8] Undefined variable: cate F:\www\jiuxiang\Application\Home\Controller\ServiceController.class.php 第 9 行.
NOTIC: [8] Undefined index: page F:\www\jiuxiang\Application\Home\Controller\ServiceController.class.php 第 13 行.
SQL: SELECT COUNT(*) AS tp_count FROM `jx_news` WHERE `cid` = null LIMIT 1   [ RunTime:0.0003s ]
SQL: SELECT * FROM `jx_news` WHERE `cid` = null LIMIT 0,20   [ RunTime:0.0003s ]
NOTIC: [8] Undefined variable: cname F:\www\jiuxiang\Application\Home\Controller\ServiceController.class.php 第 22 行.
NOTIC: [8] Undefined variable: cate F:\www\jiuxiang\Application\Home\Controller\ServiceController.class.php 第 27 行.
INFO: [ view_parse ] --START--
INFO: [ template_filter ] --START--
INFO: Run Behavior\ContentReplaceBehavior [ RunTime:0.000072s ]
INFO: [ template_filter ] --END-- [ RunTime:0.000119s ]
INFO: Run Behavior\ParseTemplateBehavior [ RunTime:0.064261s ]
INFO: [ view_parse ] --END-- [ RunTime:0.064324s ]
INFO: [ view_filter ] --START--
INFO: Run Behavior\WriteHtmlCacheBehavior [ RunTime:0.000318s ]
INFO: [ view_filter ] --END-- [ RunTime:0.000357s ]
INFO: [ app_end ] --START--
INFO: Run Behavior\ShowPageTraceBehavior [ RunTime:0.001033s ]
INFO: [ app_end ] --END-- [ RunTime:0.001458s ]

[ 2018-07-04T11:09:50+08:00 ] 127.0.0.1 /Home/Service/picture/20160729031501416.jpg
INFO: [ app_init ] --START--
INFO: Run Behavior\BuildLiteBehavior [ RunTime:0.000039s ]
INFO: [ app_init ] --END-- [ RunTime:0.001378s ]

[ 2018-07-04T11:09:51+08:00 ] 127.0.0.1 /Home/Service/images/20160119090335319.jpg
INFO: [ app_init ] --START--
INFO: Run Behavior\BuildLiteBehavior [ RunTime:0.000017s ]
INFO: [ app_init ] --END-- [ RunTime:0.000482s ]

[ 2018-07-04T11:09:51+08:00 ] 127.0.0.1 /Home/Service/favicon.ico
INFO: [ app_init ] --START--
INFO: Run Behavior\BuildLiteBehavior [ RunTime:0.000052s ]
INFO: [ app_init ] --END-- [ RunTime:0.001184s ]

