[ 2018-05-13T13:08:52+08:00 ] 127.0.0.1 /Home/Index/index.html
INFO: [ app_init ] --START--
INFO: Run Behavior\BuildLiteBehavior [ RunTime:0.000013s ]
INFO: [ app_init ] --END-- [ RunTime:0.000519s ]
INFO: [ app_begin ] --START--
INFO: Run Behavior\ReadHtmlCacheBehavior [ RunTime:0.000664s ]
INFO: [ app_begin ] --END-- [ RunTime:0.000712s ]
SQL: SHOW COLUMNS FROM `sq_system` [ RunTime:0.0104s ]
SQL: SELECT * FROM `sq_system` WHERE ( id = 1 ) LIMIT 1   [ RunTime:0.0009s ]
SQL: SHOW COLUMNS FROM `sq_link` [ RunTime:0.0051s ]
SQL: SELECT * FROM `sq_link` WHERE `status` = 1 LIMIT 18   [ RunTime:0.0003s ]
SQL: SHOW COLUMNS FROM `sq_category` [ RunTime:0.0093s ]
NOTIC: [8] Undefined variable: where F:\www\jiuxiang\Application\Home\Controller\BaseController.class.php 第 50 行.
SQL: SELECT * FROM `sq_category` ORDER BY sort ASC,id ASC  [ RunTime:0.0006s ]
SQL: SHOW COLUMNS FROM `sq_image` [ RunTime:0.0098s ]
SQL: SELECT * FROM `sq_image` WHERE `status` = 1 AND `cid` = 54 ORDER BY id ASC  [ RunTime:0.0012s ]
SQL: SHOW COLUMNS FROM `sq_views` [ RunTime:0.0077s ]
SQL: INSERT INTO `sq_views` (`ip`) VALUES ('127.0.0.1') [ RunTime:0.0669s ]
SQL: SHOW COLUMNS FROM `sq_news` [ RunTime:0.0084s ]
SQL: SELECT * FROM `sq_category` WHERE ( pid = 2 and status = 2 )  [ RunTime:0.0005s ]
NOTIC: [8] Undefined variable: str F:\www\jiuxiang\Application\Home\Controller\IndexController.class.php 第 11 行.
SQL: SELECT * FROM `sq_news` WHERE `status` = 1 AND `cid` IN ('31','32','33','55','58','') AND `is_recommend` = 1 ORDER BY sort DESC,news_time DESC,id DESC LIMIT 0,7   [ RunTime:0.0016s ]
SQL: SELECT * FROM `sq_image` WHERE ( cid = 54 and status = 1 ) ORDER BY id ASC LIMIT 10,3   [ RunTime:0.0006s ]
SQL: SELECT * FROM `sq_image` WHERE ( cid = 54 and status = 1 ) ORDER BY id ASC LIMIT 14,3   [ RunTime:0.0003s ]
SQL: SELECT * FROM `sq_image` WHERE ( cid = 47 and status = 1 ) ORDER BY id DESC  [ RunTime:0.0003s ]
INFO: [ view_parse ] --START--
INFO: [ template_filter ] --START--
INFO: Run Behavior\ContentReplaceBehavior [ RunTime:0.000092s ]
INFO: [ template_filter ] --END-- [ RunTime:0.000141s ]
NOTIC: [8] Undefined index: title F:\www\jiuxiang\Runtime\Cache\Home\2a94b8bda04ff446dcedd42276fc99ee.php 第 91 行.
NOTIC: [8] Undefined index: title F:\www\jiuxiang\Runtime\Cache\Home\2a94b8bda04ff446dcedd42276fc99ee.php 第 91 行.
NOTIC: [8] Undefined index: title F:\www\jiuxiang\Runtime\Cache\Home\2a94b8bda04ff446dcedd42276fc99ee.php 第 91 行.
NOTIC: [8] Undefined index: title F:\www\jiuxiang\Runtime\Cache\Home\2a94b8bda04ff446dcedd42276fc99ee.php 第 91 行.
NOTIC: [8] Undefined index: title F:\www\jiuxiang\Runtime\Cache\Home\2a94b8bda04ff446dcedd42276fc99ee.php 第 91 行.
NOTIC: [8] Undefined index: title F:\www\jiuxiang\Runtime\Cache\Home\2a94b8bda04ff446dcedd42276fc99ee.php 第 91 行.
NOTIC: [8] Undefined index: title F:\www\jiuxiang\Runtime\Cache\Home\2a94b8bda04ff446dcedd42276fc99ee.php 第 98 行.
NOTIC: [8] Undefined index: title F:\www\jiuxiang\Runtime\Cache\Home\2a94b8bda04ff446dcedd42276fc99ee.php 第 98 行.
NOTIC: [8] Undefined index: title F:\www\jiuxiang\Runtime\Cache\Home\2a94b8bda04ff446dcedd42276fc99ee.php 第 98 行.
INFO: Run Behavior\ParseTemplateBehavior [ RunTime:0.015852s ]
INFO: [ view_parse ] --END-- [ RunTime:0.015897s ]
INFO: [ view_filter ] --START--
INFO: Run Behavior\WriteHtmlCacheBehavior [ RunTime:0.000428s ]
INFO: [ view_filter ] --END-- [ RunTime:0.000464s ]
INFO: [ app_end ] --START--
INFO: Run Behavior\ShowPageTraceBehavior [ RunTime:0.000587s ]
INFO: [ app_end ] --END-- [ RunTime:0.000630s ]

[ 2018-05-13T13:09:49+08:00 ] 127.0.0.1 /Home/Index/index.html
INFO: [ app_init ] --START--
INFO: Run Behavior\BuildLiteBehavior [ RunTime:0.000014s ]
INFO: [ app_init ] --END-- [ RunTime:0.000570s ]
INFO: [ app_begin ] --START--
INFO: Run Behavior\ReadHtmlCacheBehavior [ RunTime:0.000471s ]
INFO: [ app_begin ] --END-- [ RunTime:0.000525s ]
SQL: SHOW COLUMNS FROM `sq_system` [ RunTime:0.0072s ]
SQL: SELECT * FROM `sq_system` WHERE ( id = 1 ) LIMIT 1   [ RunTime:0.0005s ]
SQL: SHOW COLUMNS FROM `sq_link` [ RunTime:0.0098s ]
SQL: SELECT * FROM `sq_link` WHERE `status` = 1 LIMIT 18   [ RunTime:0.0013s ]
SQL: SHOW COLUMNS FROM `sq_category` [ RunTime:0.0070s ]
NOTIC: [8] Undefined variable: where F:\www\jiuxiang\Application\Home\Controller\BaseController.class.php 第 50 行.
SQL: SELECT * FROM `sq_category` ORDER BY sort ASC,id ASC  [ RunTime:0.0009s ]
SQL: SHOW COLUMNS FROM `sq_image` [ RunTime:0.0111s ]
SQL: SELECT * FROM `sq_image` WHERE `status` = 1 AND `cid` = 54 ORDER BY id ASC  [ RunTime:0.0004s ]
SQL: SHOW COLUMNS FROM `sq_views` [ RunTime:0.0086s ]
SQL: INSERT INTO `sq_views` (`ip`) VALUES ('127.0.0.1') [ RunTime:0.0914s ]
SQL: SHOW COLUMNS FROM `sq_news` [ RunTime:0.0153s ]
SQL: SELECT * FROM `sq_category` WHERE ( pid = 2 and status = 2 )  [ RunTime:0.0005s ]
NOTIC: [8] Undefined variable: str F:\www\jiuxiang\Application\Home\Controller\IndexController.class.php 第 11 行.
SQL: SELECT * FROM `sq_news` WHERE `status` = 1 AND `cid` IN ('31','32','33','55','58','') AND `is_recommend` = 1 ORDER BY sort DESC,news_time DESC,id DESC LIMIT 0,6   [ RunTime:0.0027s ]
SQL: SELECT * FROM `sq_image` WHERE ( cid = 54 and status = 1 ) ORDER BY id ASC LIMIT 10,3   [ RunTime:0.0008s ]
SQL: SELECT * FROM `sq_image` WHERE ( cid = 54 and status = 1 ) ORDER BY id ASC LIMIT 14,3   [ RunTime:0.0007s ]
SQL: SELECT * FROM `sq_image` WHERE ( cid = 47 and status = 1 ) ORDER BY id DESC  [ RunTime:0.0010s ]
INFO: [ view_parse ] --START--
INFO: [ template_filter ] --START--
INFO: Run Behavior\ContentReplaceBehavior [ RunTime:0.000191s ]
INFO: [ template_filter ] --END-- [ RunTime:0.000288s ]
NOTIC: [8] Undefined index: title F:\www\jiuxiang\Runtime\Cache\Home\2a94b8bda04ff446dcedd42276fc99ee.php 第 91 行.
NOTIC: [8] Undefined index: title F:\www\jiuxiang\Runtime\Cache\Home\2a94b8bda04ff446dcedd42276fc99ee.php 第 91 行.
NOTIC: [8] Undefined index: title F:\www\jiuxiang\Runtime\Cache\Home\2a94b8bda04ff446dcedd42276fc99ee.php 第 91 行.
NOTIC: [8] Undefined index: title F:\www\jiuxiang\Runtime\Cache\Home\2a94b8bda04ff446dcedd42276fc99ee.php 第 91 行.
NOTIC: [8] Undefined index: title F:\www\jiuxiang\Runtime\Cache\Home\2a94b8bda04ff446dcedd42276fc99ee.php 第 91 行.
NOTIC: [8] Undefined index: title F:\www\jiuxiang\Runtime\Cache\Home\2a94b8bda04ff446dcedd42276fc99ee.php 第 91 行.
NOTIC: [8] Undefined index: title F:\www\jiuxiang\Runtime\Cache\Home\2a94b8bda04ff446dcedd42276fc99ee.php 第 98 行.
NOTIC: [8] Undefined index: title F:\www\jiuxiang\Runtime\Cache\Home\2a94b8bda04ff446dcedd42276fc99ee.php 第 98 行.
NOTIC: [8] Undefined index: title F:\www\jiuxiang\Runtime\Cache\Home\2a94b8bda04ff446dcedd42276fc99ee.php 第 98 行.
INFO: Run Behavior\ParseTemplateBehavior [ RunTime:0.030531s ]
INFO: [ view_parse ] --END-- [ RunTime:0.030680s ]
INFO: [ view_filter ] --START--
INFO: Run Behavior\WriteHtmlCacheBehavior [ RunTime:0.001001s ]
INFO: [ view_filter ] --END-- [ RunTime:0.001144s ]
INFO: [ app_end ] --START--
INFO: Run Behavior\ShowPageTraceBehavior [ RunTime:0.002378s ]
INFO: [ app_end ] --END-- [ RunTime:0.002551s ]

[ 2018-05-13T13:09:53+08:00 ] 127.0.0.1 /Home/Index/index.html
INFO: [ app_init ] --START--
INFO: Run Behavior\BuildLiteBehavior [ RunTime:0.000061s ]
INFO: [ app_init ] --END-- [ RunTime:0.002923s ]
INFO: [ app_begin ] --START--
INFO: Run Behavior\ReadHtmlCacheBehavior [ RunTime:0.001081s ]
INFO: [ app_begin ] --END-- [ RunTime:0.001199s ]
SQL: SHOW COLUMNS FROM `sq_system` [ RunTime:0.0100s ]
SQL: SELECT * FROM `sq_system` WHERE ( id = 1 ) LIMIT 1   [ RunTime:0.0004s ]
SQL: SHOW COLUMNS FROM `sq_link` [ RunTime:0.0062s ]
SQL: SELECT * FROM `sq_link` WHERE `status` = 1 LIMIT 18   [ RunTime:0.0003s ]
SQL: SHOW COLUMNS FROM `sq_category` [ RunTime:0.0136s ]
NOTIC: [8] Undefined variable: where F:\www\jiuxiang\Application\Home\Controller\BaseController.class.php 第 50 行.
SQL: SELECT * FROM `sq_category` ORDER BY sort ASC,id ASC  [ RunTime:0.0006s ]
SQL: SHOW COLUMNS FROM `sq_image` [ RunTime:0.0066s ]
SQL: SELECT * FROM `sq_image` WHERE `status` = 1 AND `cid` = 54 ORDER BY id ASC  [ RunTime:0.0004s ]
SQL: SHOW COLUMNS FROM `sq_views` [ RunTime:0.0057s ]
SQL: INSERT INTO `sq_views` (`ip`) VALUES ('127.0.0.1') [ RunTime:0.1289s ]
SQL: SHOW COLUMNS FROM `sq_news` [ RunTime:0.0061s ]
SQL: SELECT * FROM `sq_category` WHERE ( pid = 2 and status = 2 )  [ RunTime:0.0004s ]
NOTIC: [8] Undefined variable: str F:\www\jiuxiang\Application\Home\Controller\IndexController.class.php 第 11 行.
SQL: SELECT * FROM `sq_news` WHERE `status` = 1 AND `cid` IN ('31','32','33','55','58','') AND `is_recommend` = 1 ORDER BY sort DESC,news_time DESC,id DESC LIMIT 0,6   [ RunTime:0.0009s ]
SQL: SELECT * FROM `sq_image` WHERE ( cid = 54 and status = 1 ) ORDER BY id ASC LIMIT 10,3   [ RunTime:0.0003s ]
SQL: SELECT * FROM `sq_image` WHERE ( cid = 54 and status = 1 ) ORDER BY id ASC LIMIT 14,3   [ RunTime:0.0003s ]
SQL: SELECT * FROM `sq_image` WHERE ( cid = 47 and status = 1 ) ORDER BY id DESC  [ RunTime:0.0003s ]
INFO: [ view_parse ] --START--
INFO: [ template_filter ] --START--
INFO: Run Behavior\ContentReplaceBehavior [ RunTime:0.000095s ]
INFO: [ template_filter ] --END-- [ RunTime:0.000142s ]
NOTIC: [8] Undefined index: title F:\www\jiuxiang\Runtime\Cache\Home\2a94b8bda04ff446dcedd42276fc99ee.php 第 91 行.
NOTIC: [8] Undefined index: title F:\www\jiuxiang\Runtime\Cache\Home\2a94b8bda04ff446dcedd42276fc99ee.php 第 91 行.
NOTIC: [8] Undefined index: title F:\www\jiuxiang\Runtime\Cache\Home\2a94b8bda04ff446dcedd42276fc99ee.php 第 91 行.
NOTIC: [8] Undefined index: title F:\www\jiuxiang\Runtime\Cache\Home\2a94b8bda04ff446dcedd42276fc99ee.php 第 91 行.
NOTIC: [8] Undefined index: title F:\www\jiuxiang\Runtime\Cache\Home\2a94b8bda04ff446dcedd42276fc99ee.php 第 91 行.
NOTIC: [8] Undefined index: title F:\www\jiuxiang\Runtime\Cache\Home\2a94b8bda04ff446dcedd42276fc99ee.php 第 91 行.
NOTIC: [8] Undefined index: title F:\www\jiuxiang\Runtime\Cache\Home\2a94b8bda04ff446dcedd42276fc99ee.php 第 98 行.
NOTIC: [8] Undefined index: title F:\www\jiuxiang\Runtime\Cache\Home\2a94b8bda04ff446dcedd42276fc99ee.php 第 98 行.
NOTIC: [8] Undefined index: title F:\www\jiuxiang\Runtime\Cache\Home\2a94b8bda04ff446dcedd42276fc99ee.php 第 98 行.
INFO: Run Behavior\ParseTemplateBehavior [ RunTime:0.048674s ]
INFO: [ view_parse ] --END-- [ RunTime:0.048722s ]
INFO: [ view_filter ] --START--
INFO: Run Behavior\WriteHtmlCacheBehavior [ RunTime:0.000290s ]
INFO: [ view_filter ] --END-- [ RunTime:0.000325s ]
INFO: [ app_end ] --START--
INFO: Run Behavior\ShowPageTraceBehavior [ RunTime:0.000531s ]
INFO: [ app_end ] --END-- [ RunTime:0.000572s ]

[ 2018-05-13T13:10:17+08:00 ] 127.0.0.1 /Home/Index/index.html
INFO: [ app_init ] --START--
INFO: Run Behavior\BuildLiteBehavior [ RunTime:0.000016s ]
INFO: [ app_init ] --END-- [ RunTime:0.000499s ]
INFO: [ app_begin ] --START--
INFO: Run Behavior\ReadHtmlCacheBehavior [ RunTime:0.000573s ]
INFO: [ app_begin ] --END-- [ RunTime:0.000631s ]
SQL: SHOW COLUMNS FROM `sq_system` [ RunTime:0.0061s ]
SQL: SELECT * FROM `sq_system` WHERE ( id = 1 ) LIMIT 1   [ RunTime:0.0004s ]
SQL: SHOW COLUMNS FROM `sq_link` [ RunTime:0.0063s ]
SQL: SELECT * FROM `sq_link` WHERE `status` = 1 LIMIT 18   [ RunTime:0.0003s ]
SQL: SHOW COLUMNS FROM `sq_category` [ RunTime:0.0069s ]
NOTIC: [8] Undefined variable: where F:\www\jiuxiang\Application\Home\Controller\BaseController.class.php 第 50 行.
SQL: SELECT * FROM `sq_category` ORDER BY sort ASC,id ASC  [ RunTime:0.0006s ]
SQL: SHOW COLUMNS FROM `sq_image` [ RunTime:0.0080s ]
SQL: SELECT * FROM `sq_image` WHERE `status` = 1 AND `cid` = 54 ORDER BY id ASC  [ RunTime:0.0005s ]
SQL: SHOW COLUMNS FROM `sq_views` [ RunTime:0.0077s ]
SQL: INSERT INTO `sq_views` (`ip`) VALUES ('127.0.0.1') [ RunTime:0.1045s ]
SQL: SHOW COLUMNS FROM `sq_news` [ RunTime:0.0066s ]
SQL: SELECT * FROM `sq_category` WHERE ( pid = 2 and status = 2 )  [ RunTime:0.0004s ]
NOTIC: [8] Undefined variable: str F:\www\jiuxiang\Application\Home\Controller\IndexController.class.php 第 11 行.
SQL: SELECT * FROM `sq_news` WHERE `status` = 1 AND `cid` IN ('31','32','33','55','58','') AND `is_recommend` = 1 ORDER BY sort DESC,news_time DESC,id DESC LIMIT 0,5   [ RunTime:0.0009s ]
SQL: SELECT * FROM `sq_image` WHERE ( cid = 54 and status = 1 ) ORDER BY id ASC LIMIT 10,3   [ RunTime:0.0003s ]
SQL: SELECT * FROM `sq_image` WHERE ( cid = 54 and status = 1 ) ORDER BY id ASC LIMIT 14,3   [ RunTime:0.0003s ]
SQL: SELECT * FROM `sq_image` WHERE ( cid = 47 and status = 1 ) ORDER BY id DESC  [ RunTime:0.0003s ]
INFO: [ view_parse ] --START--
INFO: [ template_filter ] --START--
INFO: Run Behavior\ContentReplaceBehavior [ RunTime:0.000160s ]
INFO: [ template_filter ] --END-- [ RunTime:0.000225s ]
NOTIC: [8] Undefined index: title F:\www\jiuxiang\Runtime\Cache\Home\2a94b8bda04ff446dcedd42276fc99ee.php 第 91 行.
NOTIC: [8] Undefined index: title F:\www\jiuxiang\Runtime\Cache\Home\2a94b8bda04ff446dcedd42276fc99ee.php 第 91 行.
NOTIC: [8] Undefined index: title F:\www\jiuxiang\Runtime\Cache\Home\2a94b8bda04ff446dcedd42276fc99ee.php 第 91 行.
NOTIC: [8] Undefined index: title F:\www\jiuxiang\Runtime\Cache\Home\2a94b8bda04ff446dcedd42276fc99ee.php 第 91 行.
NOTIC: [8] Undefined index: title F:\www\jiuxiang\Runtime\Cache\Home\2a94b8bda04ff446dcedd42276fc99ee.php 第 91 行.
NOTIC: [8] Undefined index: title F:\www\jiuxiang\Runtime\Cache\Home\2a94b8bda04ff446dcedd42276fc99ee.php 第 91 行.
NOTIC: [8] Undefined index: title F:\www\jiuxiang\Runtime\Cache\Home\2a94b8bda04ff446dcedd42276fc99ee.php 第 98 行.
NOTIC: [8] Undefined index: title F:\www\jiuxiang\Runtime\Cache\Home\2a94b8bda04ff446dcedd42276fc99ee.php 第 98 行.
NOTIC: [8] Undefined index: title F:\www\jiuxiang\Runtime\Cache\Home\2a94b8bda04ff446dcedd42276fc99ee.php 第 98 行.
INFO: Run Behavior\ParseTemplateBehavior [ RunTime:0.014413s ]
INFO: [ view_parse ] --END-- [ RunTime:0.014472s ]
INFO: [ view_filter ] --START--
INFO: Run Behavior\WriteHtmlCacheBehavior [ RunTime:0.000385s ]
INFO: [ view_filter ] --END-- [ RunTime:0.000436s ]
INFO: [ app_end ] --START--
INFO: Run Behavior\ShowPageTraceBehavior [ RunTime:0.000688s ]
INFO: [ app_end ] --END-- [ RunTime:0.000752s ]

[ 2018-05-13T13:13:14+08:00 ] 127.0.0.1 /Home/Index/index.html
INFO: [ app_init ] --START--
INFO: Run Behavior\BuildLiteBehavior [ RunTime:0.000014s ]
INFO: [ app_init ] --END-- [ RunTime:0.000596s ]
INFO: [ app_begin ] --START--
INFO: Run Behavior\ReadHtmlCacheBehavior [ RunTime:0.000713s ]
INFO: [ app_begin ] --END-- [ RunTime:0.000767s ]
SQL: SHOW COLUMNS FROM `sq_system` [ RunTime:0.0115s ]
SQL: SELECT * FROM `sq_system` WHERE ( id = 1 ) LIMIT 1   [ RunTime:0.0006s ]
SQL: SHOW COLUMNS FROM `sq_link` [ RunTime:0.0098s ]
SQL: SELECT * FROM `sq_link` WHERE `status` = 1 LIMIT 18   [ RunTime:0.0009s ]
SQL: SHOW COLUMNS FROM `sq_category` [ RunTime:0.0107s ]
NOTIC: [8] Undefined variable: where F:\www\jiuxiang\Application\Home\Controller\BaseController.class.php 第 50 行.
SQL: SELECT * FROM `sq_category` ORDER BY sort ASC,id ASC  [ RunTime:0.0013s ]
SQL: SHOW COLUMNS FROM `sq_image` [ RunTime:0.0122s ]
SQL: SELECT * FROM `sq_image` WHERE `status` = 1 AND `cid` = 54 ORDER BY id ASC  [ RunTime:0.0005s ]
SQL: SHOW COLUMNS FROM `sq_views` [ RunTime:0.0111s ]
SQL: INSERT INTO `sq_views` (`ip`) VALUES ('127.0.0.1') [ RunTime:0.0480s ]
SQL: SHOW COLUMNS FROM `sq_news` [ RunTime:0.0086s ]
SQL: SELECT * FROM `sq_category` WHERE ( pid = 2 and status = 2 )  [ RunTime:0.0012s ]
NOTIC: [8] Undefined variable: str F:\www\jiuxiang\Application\Home\Controller\IndexController.class.php 第 11 行.
SQL: SELECT * FROM `sq_news` WHERE `status` = 1 AND `cid` IN ('31','32','33','55','58','') AND `is_recommend` = 1 ORDER BY sort DESC,news_time DESC,id DESC LIMIT 0,5   [ RunTime:0.0025s ]
SQL: SELECT * FROM `sq_image` WHERE ( cid = 54 and status = 1 ) ORDER BY id ASC LIMIT 10,3   [ RunTime:0.0007s ]
SQL: SELECT * FROM `sq_image` WHERE ( cid = 54 and status = 1 ) ORDER BY id ASC LIMIT 14,3   [ RunTime:0.0003s ]
SQL: SELECT * FROM `sq_image` WHERE ( cid = 47 and status = 1 ) ORDER BY id DESC  [ RunTime:0.0004s ]
INFO: [ view_parse ] --START--
INFO: [ template_filter ] --START--
INFO: Run Behavior\ContentReplaceBehavior [ RunTime:0.000160s ]
INFO: [ template_filter ] --END-- [ RunTime:0.000269s ]
NOTIC: [8] Undefined index: title F:\www\jiuxiang\Runtime\Cache\Home\2a94b8bda04ff446dcedd42276fc99ee.php 第 91 行.
NOTIC: [8] Undefined index: title F:\www\jiuxiang\Runtime\Cache\Home\2a94b8bda04ff446dcedd42276fc99ee.php 第 91 行.
NOTIC: [8] Undefined index: title F:\www\jiuxiang\Runtime\Cache\Home\2a94b8bda04ff446dcedd42276fc99ee.php 第 91 行.
NOTIC: [8] Undefined index: title F:\www\jiuxiang\Runtime\Cache\Home\2a94b8bda04ff446dcedd42276fc99ee.php 第 91 行.
NOTIC: [8] Undefined index: title F:\www\jiuxiang\Runtime\Cache\Home\2a94b8bda04ff446dcedd42276fc99ee.php 第 91 行.
NOTIC: [8] Undefined index: title F:\www\jiuxiang\Runtime\Cache\Home\2a94b8bda04ff446dcedd42276fc99ee.php 第 91 行.
NOTIC: [8] Undefined index: title F:\www\jiuxiang\Runtime\Cache\Home\2a94b8bda04ff446dcedd42276fc99ee.php 第 98 行.
NOTIC: [8] Undefined index: title F:\www\jiuxiang\Runtime\Cache\Home\2a94b8bda04ff446dcedd42276fc99ee.php 第 98 行.
NOTIC: [8] Undefined index: title F:\www\jiuxiang\Runtime\Cache\Home\2a94b8bda04ff446dcedd42276fc99ee.php 第 98 行.
INFO: Run Behavior\ParseTemplateBehavior [ RunTime:0.018910s ]
INFO: [ view_parse ] --END-- [ RunTime:0.018973s ]
INFO: [ view_filter ] --START--
INFO: Run Behavior\WriteHtmlCacheBehavior [ RunTime:0.000559s ]
INFO: [ view_filter ] --END-- [ RunTime:0.000608s ]
INFO: [ app_end ] --START--
INFO: Run Behavior\ShowPageTraceBehavior [ RunTime:0.000813s ]
INFO: [ app_end ] --END-- [ RunTime:0.000870s ]

[ 2018-05-13T13:13:22+08:00 ] 127.0.0.1 /Home/Index/index.html
INFO: [ app_init ] --START--
INFO: Run Behavior\BuildLiteBehavior [ RunTime:0.000012s ]
INFO: [ app_init ] --END-- [ RunTime:0.000331s ]
INFO: [ app_begin ] --START--
INFO: Run Behavior\ReadHtmlCacheBehavior [ RunTime:0.000710s ]
INFO: [ app_begin ] --END-- [ RunTime:0.000755s ]
SQL: SHOW COLUMNS FROM `sq_system` [ RunTime:0.0179s ]
SQL: SELECT * FROM `sq_system` WHERE ( id = 1 ) LIMIT 1   [ RunTime:0.0010s ]
SQL: SHOW COLUMNS FROM `sq_link` [ RunTime:0.0176s ]
SQL: SELECT * FROM `sq_link` WHERE `status` = 1 LIMIT 18   [ RunTime:0.0018s ]
SQL: SHOW COLUMNS FROM `sq_category` [ RunTime:0.0204s ]
NOTIC: [8] Undefined variable: where F:\www\jiuxiang\Application\Home\Controller\BaseController.class.php 第 50 行.
SQL: SELECT * FROM `sq_category` ORDER BY sort ASC,id ASC  [ RunTime:0.0016s ]
SQL: SHOW COLUMNS FROM `sq_image` [ RunTime:0.0173s ]
SQL: SELECT * FROM `sq_image` WHERE `status` = 1 AND `cid` = 54 ORDER BY id ASC  [ RunTime:0.0009s ]
SQL: SHOW COLUMNS FROM `sq_views` [ RunTime:0.0170s ]
SQL: INSERT INTO `sq_views` (`ip`) VALUES ('127.0.0.1') [ RunTime:0.0561s ]
SQL: SHOW COLUMNS FROM `sq_news` [ RunTime:0.0187s ]
SQL: SELECT * FROM `sq_category` WHERE ( pid = 2 and status = 2 )  [ RunTime:0.0009s ]
NOTIC: [8] Undefined variable: str F:\www\jiuxiang\Application\Home\Controller\IndexController.class.php 第 11 行.
SQL: SELECT * FROM `sq_news` WHERE `status` = 1 AND `cid` IN ('31','32','33','55','58','') AND `is_recommend` = 1 ORDER BY sort DESC,news_time DESC,id DESC LIMIT 0,5   [ RunTime:0.0025s ]
SQL: SELECT * FROM `sq_image` WHERE ( cid = 54 and status = 1 ) ORDER BY id ASC LIMIT 10,3   [ RunTime:0.0007s ]
SQL: SELECT * FROM `sq_image` WHERE ( cid = 54 and status = 1 ) ORDER BY id ASC LIMIT 14,3   [ RunTime:0.0008s ]
SQL: SELECT * FROM `sq_image` WHERE ( cid = 47 and status = 1 ) ORDER BY id DESC  [ RunTime:0.0016s ]
INFO: [ view_parse ] --START--
INFO: [ template_filter ] --START--
INFO: Run Behavior\ContentReplaceBehavior [ RunTime:0.000340s ]
INFO: [ template_filter ] --END-- [ RunTime:0.000488s ]
NOTIC: [8] Undefined index: title F:\www\jiuxiang\Runtime\Cache\Home\2a94b8bda04ff446dcedd42276fc99ee.php 第 91 行.
NOTIC: [8] Undefined index: title F:\www\jiuxiang\Runtime\Cache\Home\2a94b8bda04ff446dcedd42276fc99ee.php 第 91 行.
NOTIC: [8] Undefined index: title F:\www\jiuxiang\Runtime\Cache\Home\2a94b8bda04ff446dcedd42276fc99ee.php 第 91 行.
NOTIC: [8] Undefined index: title F:\www\jiuxiang\Runtime\Cache\Home\2a94b8bda04ff446dcedd42276fc99ee.php 第 91 行.
NOTIC: [8] Undefined index: title F:\www\jiuxiang\Runtime\Cache\Home\2a94b8bda04ff446dcedd42276fc99ee.php 第 91 行.
NOTIC: [8] Undefined index: title F:\www\jiuxiang\Runtime\Cache\Home\2a94b8bda04ff446dcedd42276fc99ee.php 第 91 行.
NOTIC: [8] Undefined index: title F:\www\jiuxiang\Runtime\Cache\Home\2a94b8bda04ff446dcedd42276fc99ee.php 第 98 行.
NOTIC: [8] Undefined index: title F:\www\jiuxiang\Runtime\Cache\Home\2a94b8bda04ff446dcedd42276fc99ee.php 第 98 行.
NOTIC: [8] Undefined index: title F:\www\jiuxiang\Runtime\Cache\Home\2a94b8bda04ff446dcedd42276fc99ee.php 第 98 行.
INFO: Run Behavior\ParseTemplateBehavior [ RunTime:0.047776s ]
INFO: [ view_parse ] --END-- [ RunTime:0.048064s ]
INFO: [ view_filter ] --START--
INFO: Run Behavior\WriteHtmlCacheBehavior [ RunTime:0.001911s ]
INFO: [ view_filter ] --END-- [ RunTime:0.002070s ]
INFO: [ app_end ] --START--
INFO: Run Behavior\ShowPageTraceBehavior [ RunTime:0.003718s ]
INFO: [ app_end ] --END-- [ RunTime:0.003968s ]

[ 2018-05-13T13:14:11+08:00 ] 127.0.0.1 /Home/Index/index.html
INFO: [ app_init ] --START--
INFO: Run Behavior\BuildLiteBehavior [ RunTime:0.000012s ]
INFO: [ app_init ] --END-- [ RunTime:0.000378s ]
INFO: [ app_begin ] --START--
INFO: Run Behavior\ReadHtmlCacheBehavior [ RunTime:0.000624s ]
INFO: [ app_begin ] --END-- [ RunTime:0.000673s ]
SQL: SHOW COLUMNS FROM `sq_system` [ RunTime:0.0218s ]
SQL: SELECT * FROM `sq_system` WHERE ( id = 1 ) LIMIT 1   [ RunTime:0.0010s ]
SQL: SHOW COLUMNS FROM `sq_link` [ RunTime:0.0196s ]
SQL: SELECT * FROM `sq_link` WHERE `status` = 1 LIMIT 18   [ RunTime:0.0010s ]
SQL: SHOW COLUMNS FROM `sq_category` [ RunTime:0.0179s ]
NOTIC: [8] Undefined variable: where F:\www\jiuxiang\Application\Home\Controller\BaseController.class.php 第 50 行.
SQL: SELECT * FROM `sq_category` ORDER BY sort ASC,id ASC  [ RunTime:0.0023s ]
SQL: SHOW COLUMNS FROM `sq_image` [ RunTime:0.0185s ]
SQL: SELECT * FROM `sq_image` WHERE `status` = 1 AND `cid` = 54 ORDER BY id ASC  [ RunTime:0.0009s ]
SQL: SHOW COLUMNS FROM `sq_views` [ RunTime:0.0177s ]
SQL: INSERT INTO `sq_views` (`ip`) VALUES ('127.0.0.1') [ RunTime:0.1002s ]
SQL: SHOW COLUMNS FROM `sq_news` [ RunTime:0.0095s ]
SQL: SELECT * FROM `sq_category` WHERE ( pid = 2 and status = 2 )  [ RunTime:0.0004s ]
NOTIC: [8] Undefined variable: str F:\www\jiuxiang\Application\Home\Controller\IndexController.class.php 第 11 行.
SQL: SELECT * FROM `sq_news` WHERE `status` = 1 AND `cid` IN ('31','32','33','55','58','') AND `is_recommend` = 1 ORDER BY sort DESC,news_time DESC,id DESC LIMIT 0,5   [ RunTime:0.0010s ]
SQL: SELECT * FROM `sq_image` WHERE ( cid = 54 and status = 1 ) ORDER BY id ASC LIMIT 10,3   [ RunTime:0.0003s ]
SQL: SELECT * FROM `sq_image` WHERE ( cid = 54 and status = 1 ) ORDER BY id ASC LIMIT 14,3   [ RunTime:0.0003s ]
SQL: SELECT * FROM `sq_image` WHERE ( cid = 47 and status = 1 ) ORDER BY id DESC  [ RunTime:0.0004s ]
INFO: [ view_parse ] --START--
INFO: [ template_filter ] --START--
INFO: Run Behavior\ContentReplaceBehavior [ RunTime:0.000148s ]
INFO: [ template_filter ] --END-- [ RunTime:0.000206s ]
NOTIC: [8] Undefined index: title F:\www\jiuxiang\Runtime\Cache\Home\2a94b8bda04ff446dcedd42276fc99ee.php 第 91 行.
NOTIC: [8] Undefined index: title F:\www\jiuxiang\Runtime\Cache\Home\2a94b8bda04ff446dcedd42276fc99ee.php 第 91 行.
NOTIC: [8] Undefined index: title F:\www\jiuxiang\Runtime\Cache\Home\2a94b8bda04ff446dcedd42276fc99ee.php 第 91 行.
NOTIC: [8] Undefined index: title F:\www\jiuxiang\Runtime\Cache\Home\2a94b8bda04ff446dcedd42276fc99ee.php 第 91 行.
NOTIC: [8] Undefined index: title F:\www\jiuxiang\Runtime\Cache\Home\2a94b8bda04ff446dcedd42276fc99ee.php 第 91 行.
NOTIC: [8] Undefined index: title F:\www\jiuxiang\Runtime\Cache\Home\2a94b8bda04ff446dcedd42276fc99ee.php 第 91 行.
NOTIC: [8] Undefined index: title F:\www\jiuxiang\Runtime\Cache\Home\2a94b8bda04ff446dcedd42276fc99ee.php 第 98 行.
NOTIC: [8] Undefined index: title F:\www\jiuxiang\Runtime\Cache\Home\2a94b8bda04ff446dcedd42276fc99ee.php 第 98 行.
NOTIC: [8] Undefined index: title F:\www\jiuxiang\Runtime\Cache\Home\2a94b8bda04ff446dcedd42276fc99ee.php 第 98 行.
INFO: Run Behavior\ParseTemplateBehavior [ RunTime:0.018213s ]
INFO: [ view_parse ] --END-- [ RunTime:0.018301s ]
INFO: [ view_filter ] --START--
INFO: Run Behavior\WriteHtmlCacheBehavior [ RunTime:0.000992s ]
INFO: [ view_filter ] --END-- [ RunTime:0.022495s ]
INFO: [ app_end ] --START--
INFO: Run Behavior\ShowPageTraceBehavior [ RunTime:0.001923s ]
INFO: [ app_end ] --END-- [ RunTime:0.002060s ]

[ 2018-05-13T13:14:14+08:00 ] 127.0.0.1 /Home/Index/index.html
INFO: [ app_init ] --START--
INFO: Run Behavior\BuildLiteBehavior [ RunTime:0.000010s ]
INFO: [ app_init ] --END-- [ RunTime:0.000345s ]
INFO: [ app_begin ] --START--
INFO: Run Behavior\ReadHtmlCacheBehavior [ RunTime:0.000647s ]
INFO: [ app_begin ] --END-- [ RunTime:0.000695s ]
SQL: SHOW COLUMNS FROM `sq_system` [ RunTime:0.0120s ]
SQL: SELECT * FROM `sq_system` WHERE ( id = 1 ) LIMIT 1   [ RunTime:0.0007s ]
SQL: SHOW COLUMNS FROM `sq_link` [ RunTime:0.0099s ]
SQL: SELECT * FROM `sq_link` WHERE `status` = 1 LIMIT 18   [ RunTime:0.0006s ]
SQL: SHOW COLUMNS FROM `sq_category` [ RunTime:0.0099s ]
NOTIC: [8] Undefined variable: where F:\www\jiuxiang\Application\Home\Controller\BaseController.class.php 第 50 行.
SQL: SELECT * FROM `sq_category` ORDER BY sort ASC,id ASC  [ RunTime:0.0014s ]
SQL: SHOW COLUMNS FROM `sq_image` [ RunTime:0.0116s ]
SQL: SELECT * FROM `sq_image` WHERE `status` = 1 AND `cid` = 54 ORDER BY id ASC  [ RunTime:0.0007s ]
SQL: SHOW COLUMNS FROM `sq_views` [ RunTime:0.0102s ]
SQL: INSERT INTO `sq_views` (`ip`) VALUES ('127.0.0.1') [ RunTime:0.0879s ]
SQL: SHOW COLUMNS FROM `sq_news` [ RunTime:0.0116s ]
SQL: SELECT * FROM `sq_category` WHERE ( pid = 2 and status = 2 )  [ RunTime:0.0005s ]
NOTIC: [8] Undefined variable: str F:\www\jiuxiang\Application\Home\Controller\IndexController.class.php 第 11 行.
SQL: SELECT * FROM `sq_news` WHERE `status` = 1 AND `cid` IN ('31','32','33','55','58','') AND `is_recommend` = 1 ORDER BY sort DESC,news_time DESC,id DESC LIMIT 0,5   [ RunTime:0.0015s ]
SQL: SELECT * FROM `sq_image` WHERE ( cid = 54 and status = 1 ) ORDER BY id ASC LIMIT 10,3   [ RunTime:0.0005s ]
SQL: SELECT * FROM `sq_image` WHERE ( cid = 54 and status = 1 ) ORDER BY id ASC LIMIT 14,3   [ RunTime:0.0004s ]
SQL: SELECT * FROM `sq_image` WHERE ( cid = 47 and status = 1 ) ORDER BY id DESC  [ RunTime:0.0005s ]
INFO: [ view_parse ] --START--
INFO: [ template_filter ] --START--
INFO: Run Behavior\ContentReplaceBehavior [ RunTime:0.000211s ]
INFO: [ template_filter ] --END-- [ RunTime:0.000342s ]
NOTIC: [8] Undefined index: title F:\www\jiuxiang\Runtime\Cache\Home\2a94b8bda04ff446dcedd42276fc99ee.php 第 91 行.
NOTIC: [8] Undefined index: title F:\www\jiuxiang\Runtime\Cache\Home\2a94b8bda04ff446dcedd42276fc99ee.php 第 91 行.
NOTIC: [8] Undefined index: title F:\www\jiuxiang\Runtime\Cache\Home\2a94b8bda04ff446dcedd42276fc99ee.php 第 91 行.
NOTIC: [8] Undefined index: title F:\www\jiuxiang\Runtime\Cache\Home\2a94b8bda04ff446dcedd42276fc99ee.php 第 91 行.
NOTIC: [8] Undefined index: title F:\www\jiuxiang\Runtime\Cache\Home\2a94b8bda04ff446dcedd42276fc99ee.php 第 91 行.
NOTIC: [8] Undefined index: title F:\www\jiuxiang\Runtime\Cache\Home\2a94b8bda04ff446dcedd42276fc99ee.php 第 91 行.
NOTIC: [8] Undefined index: title F:\www\jiuxiang\Runtime\Cache\Home\2a94b8bda04ff446dcedd42276fc99ee.php 第 98 行.
NOTIC: [8] Undefined index: title F:\www\jiuxiang\Runtime\Cache\Home\2a94b8bda04ff446dcedd42276fc99ee.php 第 98 行.
NOTIC: [8] Undefined index: title F:\www\jiuxiang\Runtime\Cache\Home\2a94b8bda04ff446dcedd42276fc99ee.php 第 98 行.
INFO: Run Behavior\ParseTemplateBehavior [ RunTime:0.023277s ]
INFO: [ view_parse ] --END-- [ RunTime:0.023358s ]
INFO: [ view_filter ] --START--
INFO: Run Behavior\WriteHtmlCacheBehavior [ RunTime:0.000688s ]
INFO: [ view_filter ] --END-- [ RunTime:0.000739s ]
INFO: [ app_end ] --START--
INFO: Run Behavior\ShowPageTraceBehavior [ RunTime:0.002292s ]
INFO: [ app_end ] --END-- [ RunTime:0.002440s ]

[ 2018-05-13T13:15:38+08:00 ] 127.0.0.1 /Home/Index/index.html
INFO: [ app_init ] --START--
INFO: Run Behavior\BuildLiteBehavior [ RunTime:0.000014s ]
INFO: [ app_init ] --END-- [ RunTime:0.000589s ]
INFO: [ app_begin ] --START--
INFO: Run Behavior\ReadHtmlCacheBehavior [ RunTime:0.000489s ]
INFO: [ app_begin ] --END-- [ RunTime:0.000540s ]
SQL: SHOW COLUMNS FROM `sq_system` [ RunTime:0.0136s ]
SQL: SELECT * FROM `sq_system` WHERE ( id = 1 ) LIMIT 1   [ RunTime:0.0006s ]
SQL: SHOW COLUMNS FROM `sq_link` [ RunTime:0.0223s ]
SQL: SELECT * FROM `sq_link` WHERE `status` = 1 LIMIT 18   [ RunTime:0.0005s ]
SQL: SHOW COLUMNS FROM `sq_category` [ RunTime:0.0084s ]
NOTIC: [8] Undefined variable: where F:\www\jiuxiang\Application\Home\Controller\BaseController.class.php 第 50 行.
SQL: SELECT * FROM `sq_category` ORDER BY sort ASC,id ASC  [ RunTime:0.0006s ]
SQL: SHOW COLUMNS FROM `sq_image` [ RunTime:0.0096s ]
SQL: SELECT * FROM `sq_image` WHERE `status` = 1 AND `cid` = 54 ORDER BY id ASC  [ RunTime:0.0004s ]
SQL: SHOW COLUMNS FROM `sq_views` [ RunTime:0.0054s ]
SQL: INSERT INTO `sq_views` (`ip`) VALUES ('127.0.0.1') [ RunTime:0.1084s ]
SQL: SHOW COLUMNS FROM `sq_news` [ RunTime:0.0077s ]
SQL: SELECT * FROM `sq_category` WHERE ( pid = 2 and status = 2 )  [ RunTime:0.0006s ]
NOTIC: [8] Undefined variable: str F:\www\jiuxiang\Application\Home\Controller\IndexController.class.php 第 11 行.
SQL: SELECT * FROM `sq_news` WHERE `status` = 1 AND `cid` IN ('31','32','33','55','58','') AND `is_recommend` = 1 ORDER BY sort DESC,news_time DESC,id DESC LIMIT 0,5   [ RunTime:0.0022s ]
SQL: SELECT * FROM `sq_image` WHERE ( cid = 54 and status = 1 ) ORDER BY id ASC LIMIT 10,3   [ RunTime:0.0006s ]
SQL: SELECT * FROM `sq_image` WHERE ( cid = 54 and status = 1 ) ORDER BY id ASC LIMIT 14,3   [ RunTime:0.0004s ]
SQL: SELECT * FROM `sq_image` WHERE ( cid = 47 and status = 1 ) ORDER BY id DESC  [ RunTime:0.0009s ]
INFO: [ view_parse ] --START--
INFO: [ template_filter ] --START--
INFO: Run Behavior\ContentReplaceBehavior [ RunTime:0.000247s ]
INFO: [ template_filter ] --END-- [ RunTime:0.000377s ]
NOTIC: [8] Undefined index: title F:\www\jiuxiang\Runtime\Cache\Home\2a94b8bda04ff446dcedd42276fc99ee.php 第 91 行.
NOTIC: [8] Undefined index: title F:\www\jiuxiang\Runtime\Cache\Home\2a94b8bda04ff446dcedd42276fc99ee.php 第 91 行.
NOTIC: [8] Undefined index: title F:\www\jiuxiang\Runtime\Cache\Home\2a94b8bda04ff446dcedd42276fc99ee.php 第 91 行.
NOTIC: [8] Undefined index: title F:\www\jiuxiang\Runtime\Cache\Home\2a94b8bda04ff446dcedd42276fc99ee.php 第 91 行.
NOTIC: [8] Undefined index: title F:\www\jiuxiang\Runtime\Cache\Home\2a94b8bda04ff446dcedd42276fc99ee.php 第 91 行.
NOTIC: [8] Undefined index: title F:\www\jiuxiang\Runtime\Cache\Home\2a94b8bda04ff446dcedd42276fc99ee.php 第 91 行.
NOTIC: [8] Undefined index: title F:\www\jiuxiang\Runtime\Cache\Home\2a94b8bda04ff446dcedd42276fc99ee.php 第 98 行.
NOTIC: [8] Undefined index: title F:\www\jiuxiang\Runtime\Cache\Home\2a94b8bda04ff446dcedd42276fc99ee.php 第 98 行.
NOTIC: [8] Undefined index: title F:\www\jiuxiang\Runtime\Cache\Home\2a94b8bda04ff446dcedd42276fc99ee.php 第 98 行.
INFO: Run Behavior\ParseTemplateBehavior [ RunTime:0.017433s ]
INFO: [ view_parse ] --END-- [ RunTime:0.017555s ]
INFO: [ view_filter ] --START--
INFO: Run Behavior\WriteHtmlCacheBehavior [ RunTime:0.000669s ]
INFO: [ view_filter ] --END-- [ RunTime:0.000723s ]
INFO: [ app_end ] --START--
INFO: Run Behavior\ShowPageTraceBehavior [ RunTime:0.001280s ]
INFO: [ app_end ] --END-- [ RunTime:0.001354s ]

[ 2018-05-13T13:16:12+08:00 ] 127.0.0.1 /Home/Index/index.html
INFO: [ app_init ] --START--
INFO: Run Behavior\BuildLiteBehavior [ RunTime:0.000011s ]
INFO: [ app_init ] --END-- [ RunTime:0.000344s ]
INFO: [ app_begin ] --START--
INFO: Run Behavior\ReadHtmlCacheBehavior [ RunTime:0.000718s ]
INFO: [ app_begin ] --END-- [ RunTime:0.000776s ]
SQL: SHOW COLUMNS FROM `sq_system` [ RunTime:0.0103s ]
SQL: SELECT * FROM `sq_system` WHERE ( id = 1 ) LIMIT 1   [ RunTime:0.0005s ]
SQL: SHOW COLUMNS FROM `sq_link` [ RunTime:0.0055s ]
SQL: SELECT * FROM `sq_link` WHERE `status` = 1 LIMIT 18   [ RunTime:0.0003s ]
SQL: SHOW COLUMNS FROM `sq_category` [ RunTime:0.0136s ]
NOTIC: [8] Undefined variable: where F:\www\jiuxiang\Application\Home\Controller\BaseController.class.php 第 50 行.
SQL: SELECT * FROM `sq_category` ORDER BY sort ASC,id ASC  [ RunTime:0.0005s ]
SQL: SHOW COLUMNS FROM `sq_image` [ RunTime:0.0054s ]
SQL: SELECT * FROM `sq_image` WHERE `status` = 1 AND `cid` = 54 ORDER BY id ASC  [ RunTime:0.0004s ]
SQL: SHOW COLUMNS FROM `sq_views` [ RunTime:0.0048s ]
SQL: INSERT INTO `sq_views` (`ip`) VALUES ('127.0.0.1') [ RunTime:0.0937s ]
SQL: SHOW COLUMNS FROM `sq_news` [ RunTime:0.0079s ]
SQL: SELECT * FROM `sq_category` WHERE ( pid = 2 and status = 2 )  [ RunTime:0.0004s ]
NOTIC: [8] Undefined variable: str F:\www\jiuxiang\Application\Home\Controller\IndexController.class.php 第 11 行.
SQL: SELECT * FROM `sq_news` WHERE `status` = 1 AND `cid` IN ('31','32','33','55','58','') AND `is_recommend` = 1 ORDER BY sort DESC,news_time DESC,id DESC LIMIT 0,5   [ RunTime:0.0013s ]
SQL: SELECT * FROM `sq_image` WHERE ( cid = 54 and status = 1 ) ORDER BY id ASC LIMIT 10,3   [ RunTime:0.0004s ]
SQL: SELECT * FROM `sq_image` WHERE ( cid = 54 and status = 1 ) ORDER BY id ASC LIMIT 14,3   [ RunTime:0.0004s ]
SQL: SELECT * FROM `sq_image` WHERE ( cid = 47 and status = 1 ) ORDER BY id DESC  [ RunTime:0.0004s ]
INFO: [ view_parse ] --START--
INFO: [ template_filter ] --START--
INFO: Run Behavior\ContentReplaceBehavior [ RunTime:0.000192s ]
INFO: [ template_filter ] --END-- [ RunTime:0.000274s ]
NOTIC: [8] Undefined index: title F:\www\jiuxiang\Runtime\Cache\Home\2a94b8bda04ff446dcedd42276fc99ee.php 第 91 行.
NOTIC: [8] Undefined index: title F:\www\jiuxiang\Runtime\Cache\Home\2a94b8bda04ff446dcedd42276fc99ee.php 第 91 行.
NOTIC: [8] Undefined index: title F:\www\jiuxiang\Runtime\Cache\Home\2a94b8bda04ff446dcedd42276fc99ee.php 第 91 行.
NOTIC: [8] Undefined index: title F:\www\jiuxiang\Runtime\Cache\Home\2a94b8bda04ff446dcedd42276fc99ee.php 第 91 行.
NOTIC: [8] Undefined index: title F:\www\jiuxiang\Runtime\Cache\Home\2a94b8bda04ff446dcedd42276fc99ee.php 第 91 行.
NOTIC: [8] Undefined index: title F:\www\jiuxiang\Runtime\Cache\Home\2a94b8bda04ff446dcedd42276fc99ee.php 第 91 行.
NOTIC: [8] Undefined index: title F:\www\jiuxiang\Runtime\Cache\Home\2a94b8bda04ff446dcedd42276fc99ee.php 第 98 行.
NOTIC: [8] Undefined index: title F:\www\jiuxiang\Runtime\Cache\Home\2a94b8bda04ff446dcedd42276fc99ee.php 第 98 行.
NOTIC: [8] Undefined index: title F:\www\jiuxiang\Runtime\Cache\Home\2a94b8bda04ff446dcedd42276fc99ee.php 第 98 行.
INFO: Run Behavior\ParseTemplateBehavior [ RunTime:0.021977s ]
INFO: [ view_parse ] --END-- [ RunTime:0.022059s ]
INFO: [ view_filter ] --START--
INFO: Run Behavior\WriteHtmlCacheBehavior [ RunTime:0.000702s ]
INFO: [ view_filter ] --END-- [ RunTime:0.000763s ]
INFO: [ app_end ] --START--
INFO: Run Behavior\ShowPageTraceBehavior [ RunTime:0.001029s ]
INFO: [ app_end ] --END-- [ RunTime:0.001102s ]

[ 2018-05-13T13:20:01+08:00 ] 127.0.0.1 /Home/Culture/index.html
INFO: [ app_init ] --START--
INFO: Run Behavior\BuildLiteBehavior [ RunTime:0.000018s ]
INFO: [ app_init ] --END-- [ RunTime:0.000774s ]
INFO: [ app_begin ] --START--
INFO: Run Behavior\ReadHtmlCacheBehavior [ RunTime:0.000605s ]
INFO: [ app_begin ] --END-- [ RunTime:0.000671s ]
SQL: SHOW COLUMNS FROM `sq_system` [ RunTime:0.0124s ]
SQL: SELECT * FROM `sq_system` WHERE ( id = 1 ) LIMIT 1   [ RunTime:0.0007s ]
SQL: SHOW COLUMNS FROM `sq_link` [ RunTime:0.0183s ]
SQL: SELECT * FROM `sq_link` WHERE `status` = 1 LIMIT 18   [ RunTime:0.0007s ]
SQL: SHOW COLUMNS FROM `sq_category` [ RunTime:0.0154s ]
NOTIC: [8] Undefined variable: where F:\www\jiuxiang\Application\Home\Controller\BaseController.class.php 第 50 行.
SQL: SELECT * FROM `sq_category` ORDER BY sort ASC,id ASC  [ RunTime:0.0014s ]
SQL: SHOW COLUMNS FROM `sq_image` [ RunTime:0.0114s ]
SQL: SELECT * FROM `sq_image` WHERE `status` = 1 AND `cid` = 54 ORDER BY id ASC  [ RunTime:0.0003s ]
INFO: [ view_parse ] --START--
INFO: [ template_filter ] --START--
INFO: Run Behavior\ContentReplaceBehavior [ RunTime:0.000072s ]
INFO: [ template_filter ] --END-- [ RunTime:0.000121s ]
INFO: Run Behavior\ParseTemplateBehavior [ RunTime:0.068825s ]
INFO: [ view_parse ] --END-- [ RunTime:0.068944s ]
INFO: [ view_filter ] --START--
INFO: Run Behavior\WriteHtmlCacheBehavior [ RunTime:0.000798s ]
INFO: [ view_filter ] --END-- [ RunTime:0.000904s ]
INFO: [ app_end ] --START--
INFO: Run Behavior\ShowPageTraceBehavior [ RunTime:0.001362s ]
INFO: [ app_end ] --END-- [ RunTime:0.001488s ]

[ 2018-05-13T13:20:09+08:00 ] 127.0.0.1 /Home/Index/index.html
INFO: [ app_init ] --START--
INFO: Run Behavior\BuildLiteBehavior [ RunTime:0.000015s ]
INFO: [ app_init ] --END-- [ RunTime:0.000441s ]
INFO: [ app_begin ] --START--
INFO: Run Behavior\ReadHtmlCacheBehavior [ RunTime:0.001005s ]
INFO: [ app_begin ] --END-- [ RunTime:0.001099s ]
SQL: SHOW COLUMNS FROM `sq_system` [ RunTime:0.0095s ]
SQL: SELECT * FROM `sq_system` WHERE ( id = 1 ) LIMIT 1   [ RunTime:0.0004s ]
SQL: SHOW COLUMNS FROM `sq_link` [ RunTime:0.0061s ]
SQL: SELECT * FROM `sq_link` WHERE `status` = 1 LIMIT 18   [ RunTime:0.0003s ]
SQL: SHOW COLUMNS FROM `sq_category` [ RunTime:0.0143s ]
NOTIC: [8] Undefined variable: where F:\www\jiuxiang\Application\Home\Controller\BaseController.class.php 第 50 行.
SQL: SELECT * FROM `sq_category` ORDER BY sort ASC,id ASC  [ RunTime:0.0007s ]
SQL: SHOW COLUMNS FROM `sq_image` [ RunTime:0.0076s ]
SQL: SELECT * FROM `sq_image` WHERE `status` = 1 AND `cid` = 54 ORDER BY id ASC  [ RunTime:0.0005s ]
SQL: SHOW COLUMNS FROM `sq_views` [ RunTime:0.0061s ]
SQL: INSERT INTO `sq_views` (`ip`) VALUES ('127.0.0.1') [ RunTime:0.1190s ]
SQL: SHOW COLUMNS FROM `sq_news` [ RunTime:0.0066s ]
SQL: SELECT * FROM `sq_category` WHERE ( pid = 2 and status = 2 )  [ RunTime:0.0004s ]
NOTIC: [8] Undefined variable: str F:\www\jiuxiang\Application\Home\Controller\IndexController.class.php 第 11 行.
SQL: SELECT * FROM `sq_news` WHERE `status` = 1 AND `cid` IN ('31','32','33','55','58','') AND `is_recommend` = 1 ORDER BY sort DESC,news_time DESC,id DESC LIMIT 0,5   [ RunTime:0.0008s ]
SQL: SELECT * FROM `sq_image` WHERE ( cid = 54 and status = 1 ) ORDER BY id ASC LIMIT 10,3   [ RunTime:0.0002s ]
SQL: SELECT * FROM `sq_image` WHERE ( cid = 54 and status = 1 ) ORDER BY id ASC LIMIT 14,3   [ RunTime:0.0003s ]
SQL: SELECT * FROM `sq_image` WHERE ( cid = 47 and status = 1 ) ORDER BY id DESC  [ RunTime:0.0003s ]
INFO: [ view_parse ] --START--
INFO: [ template_filter ] --START--
INFO: Run Behavior\ContentReplaceBehavior [ RunTime:0.000151s ]
INFO: [ template_filter ] --END-- [ RunTime:0.000210s ]
NOTIC: [8] Undefined index: title F:\www\jiuxiang\Runtime\Cache\Home\2a94b8bda04ff446dcedd42276fc99ee.php 第 91 行.
NOTIC: [8] Undefined index: title F:\www\jiuxiang\Runtime\Cache\Home\2a94b8bda04ff446dcedd42276fc99ee.php 第 91 行.
NOTIC: [8] Undefined index: title F:\www\jiuxiang\Runtime\Cache\Home\2a94b8bda04ff446dcedd42276fc99ee.php 第 91 行.
NOTIC: [8] Undefined index: title F:\www\jiuxiang\Runtime\Cache\Home\2a94b8bda04ff446dcedd42276fc99ee.php 第 91 行.
NOTIC: [8] Undefined index: title F:\www\jiuxiang\Runtime\Cache\Home\2a94b8bda04ff446dcedd42276fc99ee.php 第 91 行.
NOTIC: [8] Undefined index: title F:\www\jiuxiang\Runtime\Cache\Home\2a94b8bda04ff446dcedd42276fc99ee.php 第 91 行.
NOTIC: [8] Undefined index: title F:\www\jiuxiang\Runtime\Cache\Home\2a94b8bda04ff446dcedd42276fc99ee.php 第 98 行.
NOTIC: [8] Undefined index: title F:\www\jiuxiang\Runtime\Cache\Home\2a94b8bda04ff446dcedd42276fc99ee.php 第 98 行.
NOTIC: [8] Undefined index: title F:\www\jiuxiang\Runtime\Cache\Home\2a94b8bda04ff446dcedd42276fc99ee.php 第 98 行.
INFO: Run Behavior\ParseTemplateBehavior [ RunTime:0.014475s ]
INFO: [ view_parse ] --END-- [ RunTime:0.014520s ]
INFO: [ view_filter ] --START--
INFO: Run Behavior\WriteHtmlCacheBehavior [ RunTime:0.000412s ]
INFO: [ view_filter ] --END-- [ RunTime:0.000448s ]
INFO: [ app_end ] --START--
INFO: Run Behavior\ShowPageTraceBehavior [ RunTime:0.000612s ]
INFO: [ app_end ] --END-- [ RunTime:0.000654s ]

[ 2018-05-13T13:26:51+08:00 ] 127.0.0.1 /Home/Index/index.html
INFO: [ app_init ] --START--
INFO: Run Behavior\BuildLiteBehavior [ RunTime:0.000011s ]
INFO: [ app_init ] --END-- [ RunTime:0.000407s ]
INFO: [ app_begin ] --START--
INFO: Run Behavior\ReadHtmlCacheBehavior [ RunTime:0.000601s ]
INFO: [ app_begin ] --END-- [ RunTime:0.000647s ]
SQL: SHOW COLUMNS FROM `sq_system` [ RunTime:0.0725s ]
SQL: SELECT * FROM `sq_system` WHERE ( id = 1 ) LIMIT 1   [ RunTime:0.0016s ]
SQL: SHOW COLUMNS FROM `sq_link` [ RunTime:0.0176s ]
SQL: SELECT * FROM `sq_link` WHERE `status` = 1 LIMIT 18   [ RunTime:0.0010s ]
SQL: SHOW COLUMNS FROM `sq_category` [ RunTime:0.0194s ]
NOTIC: [8] Undefined variable: where F:\www\jiuxiang\Application\Home\Controller\BaseController.class.php 第 50 行.
SQL: SELECT * FROM `sq_category` ORDER BY sort ASC,id ASC  [ RunTime:0.0014s ]
SQL: SHOW COLUMNS FROM `sq_image` [ RunTime:0.0158s ]
SQL: SELECT * FROM `sq_image` WHERE `status` = 1 AND `cid` = 54 ORDER BY id ASC  [ RunTime:0.0010s ]
SQL: SHOW COLUMNS FROM `sq_views` [ RunTime:0.0202s ]
SQL: INSERT INTO `sq_views` (`ip`) VALUES ('127.0.0.1') [ RunTime:0.0599s ]
SQL: SHOW COLUMNS FROM `sq_news` [ RunTime:0.0141s ]
SQL: SELECT * FROM `sq_category` WHERE ( pid = 2 and status = 2 )  [ RunTime:0.0007s ]
NOTIC: [8] Undefined variable: str F:\www\jiuxiang\Application\Home\Controller\IndexController.class.php 第 11 行.
SQL: SELECT * FROM `sq_news` WHERE `status` = 1 AND `cid` IN ('31','32','33','55','58','') AND `is_recommend` = 1 ORDER BY sort DESC,news_time DESC,id DESC LIMIT 0,5   [ RunTime:0.0019s ]
SQL: SELECT * FROM `sq_image` WHERE ( cid = 54 and status = 1 ) ORDER BY id ASC LIMIT 10,3   [ RunTime:0.0005s ]
SQL: SELECT * FROM `sq_image` WHERE ( cid = 54 and status = 1 ) ORDER BY id ASC LIMIT 14,3   [ RunTime:0.0006s ]
SQL: SELECT * FROM `sq_image` WHERE ( cid = 47 and status = 1 ) ORDER BY id DESC  [ RunTime:0.0010s ]
INFO: [ view_parse ] --START--
INFO: [ template_filter ] --START--
INFO: Run Behavior\ContentReplaceBehavior [ RunTime:0.000388s ]
INFO: [ template_filter ] --END-- [ RunTime:0.001190s ]
NOTIC: [8] Undefined index: title F:\www\jiuxiang\Runtime\Cache\Home\2a94b8bda04ff446dcedd42276fc99ee.php 第 91 行.
NOTIC: [8] Undefined index: title F:\www\jiuxiang\Runtime\Cache\Home\2a94b8bda04ff446dcedd42276fc99ee.php 第 91 行.
NOTIC: [8] Undefined index: title F:\www\jiuxiang\Runtime\Cache\Home\2a94b8bda04ff446dcedd42276fc99ee.php 第 91 行.
NOTIC: [8] Undefined index: title F:\www\jiuxiang\Runtime\Cache\Home\2a94b8bda04ff446dcedd42276fc99ee.php 第 91 行.
NOTIC: [8] Undefined index: title F:\www\jiuxiang\Runtime\Cache\Home\2a94b8bda04ff446dcedd42276fc99ee.php 第 91 行.
NOTIC: [8] Undefined index: title F:\www\jiuxiang\Runtime\Cache\Home\2a94b8bda04ff446dcedd42276fc99ee.php 第 91 行.
NOTIC: [8] Undefined index: title F:\www\jiuxiang\Runtime\Cache\Home\2a94b8bda04ff446dcedd42276fc99ee.php 第 98 行.
NOTIC: [8] Undefined index: title F:\www\jiuxiang\Runtime\Cache\Home\2a94b8bda04ff446dcedd42276fc99ee.php 第 98 行.
NOTIC: [8] Undefined index: title F:\www\jiuxiang\Runtime\Cache\Home\2a94b8bda04ff446dcedd42276fc99ee.php 第 98 行.
INFO: Run Behavior\ParseTemplateBehavior [ RunTime:0.036882s ]
INFO: [ view_parse ] --END-- [ RunTime:0.037070s ]
INFO: [ view_filter ] --START--
INFO: Run Behavior\WriteHtmlCacheBehavior [ RunTime:0.001817s ]
INFO: [ view_filter ] --END-- [ RunTime:0.001930s ]
INFO: [ app_end ] --START--
INFO: Run Behavior\ShowPageTraceBehavior [ RunTime:0.001877s ]
INFO: [ app_end ] --END-- [ RunTime:0.002152s ]

[ 2018-05-13T13:30:35+08:00 ] 127.0.0.1 /Home/Index/index.html
INFO: [ app_init ] --START--
INFO: Run Behavior\BuildLiteBehavior [ RunTime:0.000069s ]
INFO: [ app_init ] --END-- [ RunTime:0.001236s ]
INFO: [ app_begin ] --START--
INFO: Run Behavior\ReadHtmlCacheBehavior [ RunTime:0.001820s ]
INFO: [ app_begin ] --END-- [ RunTime:0.001978s ]
SQL: SHOW COLUMNS FROM `sq_system` [ RunTime:0.0243s ]
SQL: SELECT * FROM `sq_system` WHERE ( id = 1 ) LIMIT 1   [ RunTime:0.0004s ]
SQL: SHOW COLUMNS FROM `sq_link` [ RunTime:0.0056s ]
SQL: SELECT * FROM `sq_link` WHERE `status` = 1 LIMIT 18   [ RunTime:0.0004s ]
SQL: SHOW COLUMNS FROM `sq_category` [ RunTime:0.0064s ]
NOTIC: [8] Undefined variable: where F:\www\jiuxiang\Application\Home\Controller\BaseController.class.php 第 50 行.
SQL: SELECT * FROM `sq_category` ORDER BY sort ASC,id ASC  [ RunTime:0.0007s ]
SQL: SHOW COLUMNS FROM `sq_image` [ RunTime:0.0068s ]
SQL: SELECT * FROM `sq_image` WHERE `status` = 1 AND `cid` = 54 ORDER BY id ASC  [ RunTime:0.0004s ]
SQL: SHOW COLUMNS FROM `sq_views` [ RunTime:0.0047s ]
SQL: INSERT INTO `sq_views` (`ip`) VALUES ('127.0.0.1') [ RunTime:0.1225s ]
SQL: SHOW COLUMNS FROM `sq_news` [ RunTime:0.0079s ]
SQL: SELECT * FROM `sq_category` WHERE ( pid = 2 and status = 2 )  [ RunTime:0.0004s ]
NOTIC: [8] Undefined variable: str F:\www\jiuxiang\Application\Home\Controller\IndexController.class.php 第 11 行.
SQL: SELECT * FROM `sq_news` WHERE `status` = 1 AND `cid` IN ('31','32','33','55','58','') AND `is_recommend` = 1 ORDER BY sort DESC,news_time DESC,id DESC LIMIT 0,5   [ RunTime:0.0013s ]
SQL: SELECT * FROM `sq_image` WHERE ( cid = 54 and status = 1 ) ORDER BY id ASC LIMIT 10,3   [ RunTime:0.0004s ]
SQL: SELECT * FROM `sq_image` WHERE ( cid = 54 and status = 1 ) ORDER BY id ASC LIMIT 14,3   [ RunTime:0.0004s ]
SQL: SELECT * FROM `sq_image` WHERE ( cid = 47 and status = 1 ) ORDER BY id DESC  [ RunTime:0.0005s ]
INFO: [ view_parse ] --START--
INFO: [ template_filter ] --START--
INFO: Run Behavior\ContentReplaceBehavior [ RunTime:0.000279s ]
INFO: [ template_filter ] --END-- [ RunTime:0.000420s ]
NOTIC: [8] Undefined index: title F:\www\jiuxiang\Runtime\Cache\Home\2a94b8bda04ff446dcedd42276fc99ee.php 第 91 行.
NOTIC: [8] Undefined index: title F:\www\jiuxiang\Runtime\Cache\Home\2a94b8bda04ff446dcedd42276fc99ee.php 第 91 行.
NOTIC: [8] Undefined index: title F:\www\jiuxiang\Runtime\Cache\Home\2a94b8bda04ff446dcedd42276fc99ee.php 第 91 行.
NOTIC: [8] Undefined index: title F:\www\jiuxiang\Runtime\Cache\Home\2a94b8bda04ff446dcedd42276fc99ee.php 第 91 行.
NOTIC: [8] Undefined index: title F:\www\jiuxiang\Runtime\Cache\Home\2a94b8bda04ff446dcedd42276fc99ee.php 第 91 行.
NOTIC: [8] Undefined index: title F:\www\jiuxiang\Runtime\Cache\Home\2a94b8bda04ff446dcedd42276fc99ee.php 第 91 行.
NOTIC: [8] Undefined index: title F:\www\jiuxiang\Runtime\Cache\Home\2a94b8bda04ff446dcedd42276fc99ee.php 第 98 行.
NOTIC: [8] Undefined index: title F:\www\jiuxiang\Runtime\Cache\Home\2a94b8bda04ff446dcedd42276fc99ee.php 第 98 行.
NOTIC: [8] Undefined index: title F:\www\jiuxiang\Runtime\Cache\Home\2a94b8bda04ff446dcedd42276fc99ee.php 第 98 行.
INFO: Run Behavior\ParseTemplateBehavior [ RunTime:0.032425s ]
INFO: [ view_parse ] --END-- [ RunTime:0.032545s ]
INFO: [ view_filter ] --START--
INFO: Run Behavior\WriteHtmlCacheBehavior [ RunTime:0.001522s ]
INFO: [ view_filter ] --END-- [ RunTime:0.001644s ]
INFO: [ app_end ] --START--
INFO: Run Behavior\ShowPageTraceBehavior [ RunTime:0.002827s ]
INFO: [ app_end ] --END-- [ RunTime:0.002971s ]

[ 2018-05-13T13:30:39+08:00 ] 127.0.0.1 /Home/Index/index.html
INFO: [ app_init ] --START--
INFO: Run Behavior\BuildLiteBehavior [ RunTime:0.000012s ]
INFO: [ app_init ] --END-- [ RunTime:0.000357s ]
INFO: [ app_begin ] --START--
INFO: Run Behavior\ReadHtmlCacheBehavior [ RunTime:0.000645s ]
INFO: [ app_begin ] --END-- [ RunTime:0.000697s ]
SQL: SHOW COLUMNS FROM `sq_system` [ RunTime:0.0098s ]
SQL: SELECT * FROM `sq_system` WHERE ( id = 1 ) LIMIT 1   [ RunTime:0.0005s ]
SQL: SHOW COLUMNS FROM `sq_link` [ RunTime:0.0064s ]
SQL: SELECT * FROM `sq_link` WHERE `status` = 1 LIMIT 18   [ RunTime:0.0003s ]
SQL: SHOW COLUMNS FROM `sq_category` [ RunTime:0.0133s ]
NOTIC: [8] Undefined variable: where F:\www\jiuxiang\Application\Home\Controller\BaseController.class.php 第 50 行.
SQL: SELECT * FROM `sq_category` ORDER BY sort ASC,id ASC  [ RunTime:0.0005s ]
SQL: SHOW COLUMNS FROM `sq_image` [ RunTime:0.0058s ]
SQL: SELECT * FROM `sq_image` WHERE `status` = 1 AND `cid` = 54 ORDER BY id ASC  [ RunTime:0.0006s ]
SQL: SHOW COLUMNS FROM `sq_views` [ RunTime:0.0048s ]
SQL: INSERT INTO `sq_views` (`ip`) VALUES ('127.0.0.1') [ RunTime:0.1147s ]
SQL: SHOW COLUMNS FROM `sq_news` [ RunTime:0.0069s ]
SQL: SELECT * FROM `sq_category` WHERE ( pid = 2 and status = 2 )  [ RunTime:0.0004s ]
NOTIC: [8] Undefined variable: str F:\www\jiuxiang\Application\Home\Controller\IndexController.class.php 第 11 行.
SQL: SELECT * FROM `sq_news` WHERE `status` = 1 AND `cid` IN ('31','32','33','55','58','') AND `is_recommend` = 1 ORDER BY sort DESC,news_time DESC,id DESC LIMIT 0,5   [ RunTime:0.0010s ]
SQL: SELECT * FROM `sq_image` WHERE ( cid = 54 and status = 1 ) ORDER BY id ASC LIMIT 10,3   [ RunTime:0.0003s ]
SQL: SELECT * FROM `sq_image` WHERE ( cid = 54 and status = 1 ) ORDER BY id ASC LIMIT 14,3   [ RunTime:0.0003s ]
SQL: SELECT * FROM `sq_image` WHERE ( cid = 47 and status = 1 ) ORDER BY id DESC  [ RunTime:0.0003s ]
INFO: [ view_parse ] --START--
INFO: [ template_filter ] --START--
INFO: Run Behavior\ContentReplaceBehavior [ RunTime:0.000111s ]
INFO: [ template_filter ] --END-- [ RunTime:0.000160s ]
NOTIC: [8] Undefined index: title F:\www\jiuxiang\Runtime\Cache\Home\2a94b8bda04ff446dcedd42276fc99ee.php 第 91 行.
NOTIC: [8] Undefined index: title F:\www\jiuxiang\Runtime\Cache\Home\2a94b8bda04ff446dcedd42276fc99ee.php 第 91 行.
NOTIC: [8] Undefined index: title F:\www\jiuxiang\Runtime\Cache\Home\2a94b8bda04ff446dcedd42276fc99ee.php 第 91 行.
NOTIC: [8] Undefined index: title F:\www\jiuxiang\Runtime\Cache\Home\2a94b8bda04ff446dcedd42276fc99ee.php 第 91 行.
NOTIC: [8] Undefined index: title F:\www\jiuxiang\Runtime\Cache\Home\2a94b8bda04ff446dcedd42276fc99ee.php 第 91 行.
NOTIC: [8] Undefined index: title F:\www\jiuxiang\Runtime\Cache\Home\2a94b8bda04ff446dcedd42276fc99ee.php 第 91 行.
NOTIC: [8] Undefined index: title F:\www\jiuxiang\Runtime\Cache\Home\2a94b8bda04ff446dcedd42276fc99ee.php 第 98 行.
NOTIC: [8] Undefined index: title F:\www\jiuxiang\Runtime\Cache\Home\2a94b8bda04ff446dcedd42276fc99ee.php 第 98 行.
NOTIC: [8] Undefined index: title F:\www\jiuxiang\Runtime\Cache\Home\2a94b8bda04ff446dcedd42276fc99ee.php 第 98 行.
INFO: Run Behavior\ParseTemplateBehavior [ RunTime:0.014105s ]
INFO: [ view_parse ] --END-- [ RunTime:0.014154s ]
INFO: [ view_filter ] --START--
INFO: Run Behavior\WriteHtmlCacheBehavior [ RunTime:0.000436s ]
INFO: [ view_filter ] --END-- [ RunTime:0.000473s ]
INFO: [ app_end ] --START--
INFO: Run Behavior\ShowPageTraceBehavior [ RunTime:0.000854s ]
INFO: [ app_end ] --END-- [ RunTime:0.000900s ]

[ 2018-05-13T13:30:49+08:00 ] 127.0.0.1 /Home/Index/index.html
INFO: [ app_init ] --START--
INFO: Run Behavior\BuildLiteBehavior [ RunTime:0.000011s ]
INFO: [ app_init ] --END-- [ RunTime:0.000337s ]
INFO: [ app_begin ] --START--
INFO: Run Behavior\ReadHtmlCacheBehavior [ RunTime:0.000413s ]
INFO: [ app_begin ] --END-- [ RunTime:0.000458s ]
SQL: SHOW COLUMNS FROM `sq_system` [ RunTime:0.0060s ]
SQL: SELECT * FROM `sq_system` WHERE ( id = 1 ) LIMIT 1   [ RunTime:0.0004s ]
SQL: SHOW COLUMNS FROM `sq_link` [ RunTime:0.0061s ]
SQL: SELECT * FROM `sq_link` WHERE `status` = 1 LIMIT 18   [ RunTime:0.0004s ]
SQL: SHOW COLUMNS FROM `sq_category` [ RunTime:0.0051s ]
NOTIC: [8] Undefined variable: where F:\www\jiuxiang\Application\Home\Controller\BaseController.class.php 第 50 行.
SQL: SELECT * FROM `sq_category` ORDER BY sort ASC,id ASC  [ RunTime:0.0005s ]
SQL: SHOW COLUMNS FROM `sq_image` [ RunTime:0.0065s ]
SQL: SELECT * FROM `sq_image` WHERE `status` = 1 AND `cid` = 54 ORDER BY id ASC  [ RunTime:0.0004s ]
SQL: SHOW COLUMNS FROM `sq_views` [ RunTime:0.0060s ]
SQL: INSERT INTO `sq_views` (`ip`) VALUES ('127.0.0.1') [ RunTime:0.0940s ]
SQL: SHOW COLUMNS FROM `sq_news` [ RunTime:0.0068s ]
SQL: SELECT * FROM `sq_category` WHERE ( pid = 2 and status = 2 )  [ RunTime:0.0003s ]
NOTIC: [8] Undefined variable: str F:\www\jiuxiang\Application\Home\Controller\IndexController.class.php 第 11 行.
SQL: SELECT * FROM `sq_news` WHERE `status` = 1 AND `cid` IN ('31','32','33','55','58','') AND `is_recommend` = 1 ORDER BY sort DESC,news_time DESC,id DESC LIMIT 0,5   [ RunTime:0.0008s ]
SQL: SELECT * FROM `sq_image` WHERE ( cid = 54 and status = 1 ) ORDER BY id ASC LIMIT 10,3   [ RunTime:0.0002s ]
SQL: SELECT * FROM `sq_image` WHERE ( cid = 54 and status = 1 ) ORDER BY id ASC LIMIT 14,3   [ RunTime:0.0002s ]
SQL: SELECT * FROM `sq_image` WHERE ( cid = 47 and status = 1 ) ORDER BY id DESC  [ RunTime:0.0002s ]
INFO: [ view_parse ] --START--
INFO: [ template_filter ] --START--
INFO: Run Behavior\ContentReplaceBehavior [ RunTime:0.000113s ]
INFO: [ template_filter ] --END-- [ RunTime:0.000174s ]
NOTIC: [8] Undefined index: title F:\www\jiuxiang\Runtime\Cache\Home\2a94b8bda04ff446dcedd42276fc99ee.php 第 91 行.
NOTIC: [8] Undefined index: title F:\www\jiuxiang\Runtime\Cache\Home\2a94b8bda04ff446dcedd42276fc99ee.php 第 91 行.
NOTIC: [8] Undefined index: title F:\www\jiuxiang\Runtime\Cache\Home\2a94b8bda04ff446dcedd42276fc99ee.php 第 91 行.
NOTIC: [8] Undefined index: title F:\www\jiuxiang\Runtime\Cache\Home\2a94b8bda04ff446dcedd42276fc99ee.php 第 91 行.
NOTIC: [8] Undefined index: title F:\www\jiuxiang\Runtime\Cache\Home\2a94b8bda04ff446dcedd42276fc99ee.php 第 91 行.
NOTIC: [8] Undefined index: title F:\www\jiuxiang\Runtime\Cache\Home\2a94b8bda04ff446dcedd42276fc99ee.php 第 91 行.
NOTIC: [8] Undefined index: title F:\www\jiuxiang\Runtime\Cache\Home\2a94b8bda04ff446dcedd42276fc99ee.php 第 98 行.
NOTIC: [8] Undefined index: title F:\www\jiuxiang\Runtime\Cache\Home\2a94b8bda04ff446dcedd42276fc99ee.php 第 98 行.
NOTIC: [8] Undefined index: title F:\www\jiuxiang\Runtime\Cache\Home\2a94b8bda04ff446dcedd42276fc99ee.php 第 98 行.
INFO: Run Behavior\ParseTemplateBehavior [ RunTime:0.013709s ]
INFO: [ view_parse ] --END-- [ RunTime:0.013756s ]
INFO: [ view_filter ] --START--
INFO: Run Behavior\WriteHtmlCacheBehavior [ RunTime:0.000261s ]
INFO: [ view_filter ] --END-- [ RunTime:0.000294s ]
INFO: [ app_end ] --START--
INFO: Run Behavior\ShowPageTraceBehavior [ RunTime:0.000433s ]
INFO: [ app_end ] --END-- [ RunTime:0.000472s ]

[ 2018-05-13T13:30:51+08:00 ] 127.0.0.1 /Home/Index/index.html
INFO: [ app_init ] --START--
INFO: Run Behavior\BuildLiteBehavior [ RunTime:0.000016s ]
INFO: [ app_init ] --END-- [ RunTime:0.000390s ]
INFO: [ app_begin ] --START--
INFO: Run Behavior\ReadHtmlCacheBehavior [ RunTime:0.000517s ]
INFO: [ app_begin ] --END-- [ RunTime:0.000570s ]
SQL: SHOW COLUMNS FROM `sq_system` [ RunTime:0.0091s ]
SQL: SELECT * FROM `sq_system` WHERE ( id = 1 ) LIMIT 1   [ RunTime:0.0005s ]
SQL: SHOW COLUMNS FROM `sq_link` [ RunTime:0.0068s ]
SQL: SELECT * FROM `sq_link` WHERE `status` = 1 LIMIT 18   [ RunTime:0.0003s ]
SQL: SHOW COLUMNS FROM `sq_category` [ RunTime:0.0131s ]
NOTIC: [8] Undefined variable: where F:\www\jiuxiang\Application\Home\Controller\BaseController.class.php 第 50 行.
SQL: SELECT * FROM `sq_category` ORDER BY sort ASC,id ASC  [ RunTime:0.0006s ]
SQL: SHOW COLUMNS FROM `sq_image` [ RunTime:0.0070s ]
SQL: SELECT * FROM `sq_image` WHERE `status` = 1 AND `cid` = 54 ORDER BY id ASC  [ RunTime:0.0004s ]
SQL: SHOW COLUMNS FROM `sq_views` [ RunTime:0.0066s ]
SQL: INSERT INTO `sq_views` (`ip`) VALUES ('127.0.0.1') [ RunTime:0.1394s ]
SQL: SHOW COLUMNS FROM `sq_news` [ RunTime:0.0349s ]
SQL: SELECT * FROM `sq_category` WHERE ( pid = 2 and status = 2 )  [ RunTime:0.0003s ]
NOTIC: [8] Undefined variable: str F:\www\jiuxiang\Application\Home\Controller\IndexController.class.php 第 11 行.
SQL: SELECT * FROM `sq_news` WHERE `status` = 1 AND `cid` IN ('31','32','33','55','58','') AND `is_recommend` = 1 ORDER BY sort DESC,news_time DESC,id DESC LIMIT 0,5   [ RunTime:0.0007s ]
SQL: SELECT * FROM `sq_image` WHERE ( cid = 54 and status = 1 ) ORDER BY id ASC LIMIT 10,3   [ RunTime:0.0002s ]
SQL: SELECT * FROM `sq_image` WHERE ( cid = 54 and status = 1 ) ORDER BY id ASC LIMIT 14,3   [ RunTime:0.0002s ]
SQL: SELECT * FROM `sq_image` WHERE ( cid = 47 and status = 1 ) ORDER BY id DESC  [ RunTime:0.0003s ]
INFO: [ view_parse ] --START--
INFO: [ template_filter ] --START--
INFO: Run Behavior\ContentReplaceBehavior [ RunTime:0.000082s ]
INFO: [ template_filter ] --END-- [ RunTime:0.000162s ]
NOTIC: [8] Undefined index: title F:\www\jiuxiang\Runtime\Cache\Home\2a94b8bda04ff446dcedd42276fc99ee.php 第 91 行.
NOTIC: [8] Undefined index: title F:\www\jiuxiang\Runtime\Cache\Home\2a94b8bda04ff446dcedd42276fc99ee.php 第 91 行.
NOTIC: [8] Undefined index: title F:\www\jiuxiang\Runtime\Cache\Home\2a94b8bda04ff446dcedd42276fc99ee.php 第 91 行.
NOTIC: [8] Undefined index: title F:\www\jiuxiang\Runtime\Cache\Home\2a94b8bda04ff446dcedd42276fc99ee.php 第 91 行.
NOTIC: [8] Undefined index: title F:\www\jiuxiang\Runtime\Cache\Home\2a94b8bda04ff446dcedd42276fc99ee.php 第 91 行.
NOTIC: [8] Undefined index: title F:\www\jiuxiang\Runtime\Cache\Home\2a94b8bda04ff446dcedd42276fc99ee.php 第 91 行.
NOTIC: [8] Undefined index: title F:\www\jiuxiang\Runtime\Cache\Home\2a94b8bda04ff446dcedd42276fc99ee.php 第 98 行.
NOTIC: [8] Undefined index: title F:\www\jiuxiang\Runtime\Cache\Home\2a94b8bda04ff446dcedd42276fc99ee.php 第 98 行.
NOTIC: [8] Undefined index: title F:\www\jiuxiang\Runtime\Cache\Home\2a94b8bda04ff446dcedd42276fc99ee.php 第 98 行.
INFO: Run Behavior\ParseTemplateBehavior [ RunTime:0.011703s ]
INFO: [ view_parse ] --END-- [ RunTime:0.011750s ]
INFO: [ view_filter ] --START--
INFO: Run Behavior\WriteHtmlCacheBehavior [ RunTime:0.000495s ]
INFO: [ view_filter ] --END-- [ RunTime:0.000546s ]
INFO: [ app_end ] --START--
INFO: Run Behavior\ShowPageTraceBehavior [ RunTime:0.000704s ]
INFO: [ app_end ] --END-- [ RunTime:0.000741s ]

[ 2018-05-13T13:36:10+08:00 ] 127.0.0.1 /
INFO: [ app_init ] --START--
INFO: Run Behavior\BuildLiteBehavior [ RunTime:0.000012s ]
INFO: [ app_init ] --END-- [ RunTime:0.000437s ]
INFO: [ app_begin ] --START--
INFO: Run Behavior\ReadHtmlCacheBehavior [ RunTime:0.001191s ]
INFO: [ app_begin ] --END-- [ RunTime:0.001463s ]
SQL: SHOW COLUMNS FROM `sq_system` [ RunTime:0.0065s ]
SQL: SELECT * FROM `sq_system` WHERE ( id = 1 ) LIMIT 1   [ RunTime:0.0005s ]
SQL: SHOW COLUMNS FROM `sq_link` [ RunTime:0.0053s ]
SQL: SELECT * FROM `sq_link` WHERE `status` = 1 LIMIT 18   [ RunTime:0.0004s ]
SQL: SHOW COLUMNS FROM `sq_category` [ RunTime:0.0058s ]
NOTIC: [8] Undefined variable: where F:\www\jiuxiang\Application\Home\Controller\BaseController.class.php 第 50 行.
SQL: SELECT * FROM `sq_category` ORDER BY sort ASC,id ASC  [ RunTime:0.0007s ]
SQL: SHOW COLUMNS FROM `sq_image` [ RunTime:0.0051s ]
SQL: SELECT * FROM `sq_image` WHERE `status` = 1 AND `cid` = 54 ORDER BY id ASC  [ RunTime:0.0004s ]
SQL: SHOW COLUMNS FROM `sq_views` [ RunTime:0.0048s ]
SQL: INSERT INTO `sq_views` (`ip`) VALUES ('127.0.0.1') [ RunTime:0.1324s ]
SQL: SHOW COLUMNS FROM `sq_news` [ RunTime:0.0056s ]
SQL: SELECT * FROM `sq_category` WHERE ( pid = 2 and status = 2 )  [ RunTime:0.0004s ]
NOTIC: [8] Undefined variable: str F:\www\jiuxiang\Application\Home\Controller\IndexController.class.php 第 11 行.
SQL: SELECT * FROM `sq_news` WHERE `status` = 1 AND `cid` IN ('31','32','33','55','58','') AND `is_recommend` = 1 ORDER BY sort DESC,news_time DESC,id DESC LIMIT 0,5   [ RunTime:0.0009s ]
SQL: SELECT * FROM `sq_image` WHERE ( cid = 54 and status = 1 ) ORDER BY id ASC LIMIT 10,3   [ RunTime:0.0003s ]
SQL: SELECT * FROM `sq_image` WHERE ( cid = 54 and status = 1 ) ORDER BY id ASC LIMIT 14,3   [ RunTime:0.0002s ]
SQL: SELECT * FROM `sq_image` WHERE ( cid = 47 and status = 1 ) ORDER BY id DESC  [ RunTime:0.0003s ]
INFO: [ view_parse ] --START--
INFO: [ template_filter ] --START--
INFO: Run Behavior\ContentReplaceBehavior [ RunTime:0.000093s ]
INFO: [ template_filter ] --END-- [ RunTime:0.000137s ]
NOTIC: [8] Undefined index: title F:\www\jiuxiang\Runtime\Cache\Home\2a94b8bda04ff446dcedd42276fc99ee.php 第 91 行.
NOTIC: [8] Undefined index: title F:\www\jiuxiang\Runtime\Cache\Home\2a94b8bda04ff446dcedd42276fc99ee.php 第 91 行.
NOTIC: [8] Undefined index: title F:\www\jiuxiang\Runtime\Cache\Home\2a94b8bda04ff446dcedd42276fc99ee.php 第 91 行.
NOTIC: [8] Undefined index: title F:\www\jiuxiang\Runtime\Cache\Home\2a94b8bda04ff446dcedd42276fc99ee.php 第 91 行.
NOTIC: [8] Undefined index: title F:\www\jiuxiang\Runtime\Cache\Home\2a94b8bda04ff446dcedd42276fc99ee.php 第 91 行.
NOTIC: [8] Undefined index: title F:\www\jiuxiang\Runtime\Cache\Home\2a94b8bda04ff446dcedd42276fc99ee.php 第 91 行.
NOTIC: [8] Undefined index: title F:\www\jiuxiang\Runtime\Cache\Home\2a94b8bda04ff446dcedd42276fc99ee.php 第 98 行.
NOTIC: [8] Undefined index: title F:\www\jiuxiang\Runtime\Cache\Home\2a94b8bda04ff446dcedd42276fc99ee.php 第 98 行.
NOTIC: [8] Undefined index: title F:\www\jiuxiang\Runtime\Cache\Home\2a94b8bda04ff446dcedd42276fc99ee.php 第 98 行.
INFO: Run Behavior\ParseTemplateBehavior [ RunTime:0.012073s ]
INFO: [ view_parse ] --END-- [ RunTime:0.012117s ]
INFO: [ view_filter ] --START--
INFO: Run Behavior\WriteHtmlCacheBehavior [ RunTime:0.000407s ]
INFO: [ view_filter ] --END-- [ RunTime:0.000442s ]
INFO: [ app_end ] --START--
INFO: Run Behavior\ShowPageTraceBehavior [ RunTime:0.000608s ]
INFO: [ app_end ] --END-- [ RunTime:0.000651s ]

[ 2018-05-13T13:36:14+08:00 ] 127.0.0.1 /
INFO: [ app_init ] --START--
INFO: Run Behavior\BuildLiteBehavior [ RunTime:0.000013s ]
INFO: [ app_init ] --END-- [ RunTime:0.000366s ]
INFO: [ app_begin ] --START--
INFO: Run Behavior\ReadHtmlCacheBehavior [ RunTime:0.000791s ]
INFO: [ app_begin ] --END-- [ RunTime:0.000916s ]
SQL: SHOW COLUMNS FROM `sq_system` [ RunTime:0.0073s ]
SQL: SELECT * FROM `sq_system` WHERE ( id = 1 ) LIMIT 1   [ RunTime:0.0009s ]
SQL: SHOW COLUMNS FROM `sq_link` [ RunTime:0.0096s ]
SQL: SELECT * FROM `sq_link` WHERE `status` = 1 LIMIT 18   [ RunTime:0.0003s ]
SQL: SHOW COLUMNS FROM `sq_category` [ RunTime:0.0124s ]
NOTIC: [8] Undefined variable: where F:\www\jiuxiang\Application\Home\Controller\BaseController.class.php 第 50 行.
SQL: SELECT * FROM `sq_category` ORDER BY sort ASC,id ASC  [ RunTime:0.0007s ]
SQL: SHOW COLUMNS FROM `sq_image` [ RunTime:0.0121s ]
SQL: SELECT * FROM `sq_image` WHERE `status` = 1 AND `cid` = 54 ORDER BY id ASC  [ RunTime:0.0008s ]
SQL: SHOW COLUMNS FROM `sq_views` [ RunTime:0.0078s ]
SQL: INSERT INTO `sq_views` (`ip`) VALUES ('127.0.0.1') [ RunTime:0.0756s ]
SQL: SHOW COLUMNS FROM `sq_news` [ RunTime:0.0094s ]
SQL: SELECT * FROM `sq_category` WHERE ( pid = 2 and status = 2 )  [ RunTime:0.0013s ]
NOTIC: [8] Undefined variable: str F:\www\jiuxiang\Application\Home\Controller\IndexController.class.php 第 11 行.
SQL: SELECT * FROM `sq_news` WHERE `status` = 1 AND `cid` IN ('31','32','33','55','58','') AND `is_recommend` = 1 ORDER BY sort DESC,news_time DESC,id DESC LIMIT 0,5   [ RunTime:0.0020s ]
SQL: SELECT * FROM `sq_image` WHERE ( cid = 54 and status = 1 ) ORDER BY id ASC LIMIT 10,3   [ RunTime:0.0004s ]
SQL: SELECT * FROM `sq_image` WHERE ( cid = 54 and status = 1 ) ORDER BY id ASC LIMIT 14,3   [ RunTime:0.0003s ]
SQL: SELECT * FROM `sq_image` WHERE ( cid = 47 and status = 1 ) ORDER BY id DESC  [ RunTime:0.0003s ]
INFO: [ view_parse ] --START--
INFO: [ template_filter ] --START--
INFO: Run Behavior\ContentReplaceBehavior [ RunTime:0.000107s ]
INFO: [ template_filter ] --END-- [ RunTime:0.000159s ]
NOTIC: [8] Undefined index: title F:\www\jiuxiang\Runtime\Cache\Home\2a94b8bda04ff446dcedd42276fc99ee.php 第 91 行.
NOTIC: [8] Undefined index: title F:\www\jiuxiang\Runtime\Cache\Home\2a94b8bda04ff446dcedd42276fc99ee.php 第 91 行.
NOTIC: [8] Undefined index: title F:\www\jiuxiang\Runtime\Cache\Home\2a94b8bda04ff446dcedd42276fc99ee.php 第 91 行.
NOTIC: [8] Undefined index: title F:\www\jiuxiang\Runtime\Cache\Home\2a94b8bda04ff446dcedd42276fc99ee.php 第 91 行.
NOTIC: [8] Undefined index: title F:\www\jiuxiang\Runtime\Cache\Home\2a94b8bda04ff446dcedd42276fc99ee.php 第 91 行.
NOTIC: [8] Undefined index: title F:\www\jiuxiang\Runtime\Cache\Home\2a94b8bda04ff446dcedd42276fc99ee.php 第 91 行.
NOTIC: [8] Undefined index: title F:\www\jiuxiang\Runtime\Cache\Home\2a94b8bda04ff446dcedd42276fc99ee.php 第 98 行.
NOTIC: [8] Undefined index: title F:\www\jiuxiang\Runtime\Cache\Home\2a94b8bda04ff446dcedd42276fc99ee.php 第 98 行.
NOTIC: [8] Undefined index: title F:\www\jiuxiang\Runtime\Cache\Home\2a94b8bda04ff446dcedd42276fc99ee.php 第 98 行.
INFO: Run Behavior\ParseTemplateBehavior [ RunTime:0.016140s ]
INFO: [ view_parse ] --END-- [ RunTime:0.016198s ]
INFO: [ view_filter ] --START--
INFO: Run Behavior\WriteHtmlCacheBehavior [ RunTime:0.000475s ]
INFO: [ view_filter ] --END-- [ RunTime:0.000518s ]
INFO: [ app_end ] --START--
INFO: Run Behavior\ShowPageTraceBehavior [ RunTime:0.000700s ]
INFO: [ app_end ] --END-- [ RunTime:0.000748s ]

[ 2018-05-13T13:36:34+08:00 ] 127.0.0.1 /
INFO: [ app_init ] --START--
INFO: Run Behavior\BuildLiteBehavior [ RunTime:0.000027s ]
INFO: [ app_init ] --END-- [ RunTime:0.000758s ]
INFO: [ app_begin ] --START--
INFO: Run Behavior\ReadHtmlCacheBehavior [ RunTime:0.001164s ]
INFO: [ app_begin ] --END-- [ RunTime:0.001299s ]
SQL: SHOW COLUMNS FROM `sq_system` [ RunTime:0.0071s ]
SQL: SELECT * FROM `sq_system` WHERE ( id = 1 ) LIMIT 1   [ RunTime:0.0003s ]
SQL: SHOW COLUMNS FROM `sq_link` [ RunTime:0.0057s ]
SQL: SELECT * FROM `sq_link` WHERE `status` = 1 LIMIT 18   [ RunTime:0.0006s ]
SQL: SHOW COLUMNS FROM `sq_category` [ RunTime:0.0063s ]
NOTIC: [8] Undefined variable: where F:\www\jiuxiang\Application\Home\Controller\BaseController.class.php 第 50 行.
SQL: SELECT * FROM `sq_category` ORDER BY sort ASC,id ASC  [ RunTime:0.0006s ]
SQL: SHOW COLUMNS FROM `sq_image` [ RunTime:0.0064s ]
SQL: SELECT * FROM `sq_image` WHERE `status` = 1 AND `cid` = 54 ORDER BY id ASC  [ RunTime:0.0004s ]
SQL: SHOW COLUMNS FROM `sq_views` [ RunTime:0.0045s ]
SQL: INSERT INTO `sq_views` (`ip`) VALUES ('127.0.0.1') [ RunTime:0.1035s ]
SQL: SHOW COLUMNS FROM `sq_news` [ RunTime:0.0053s ]
SQL: SELECT * FROM `sq_category` WHERE ( pid = 2 and status = 2 )  [ RunTime:0.0004s ]
NOTIC: [8] Undefined variable: str F:\www\jiuxiang\Application\Home\Controller\IndexController.class.php 第 11 行.
SQL: SELECT * FROM `sq_news` WHERE `status` = 1 AND `cid` IN ('31','32','33','55','58','') AND `is_recommend` = 1 ORDER BY sort DESC,news_time DESC,id DESC LIMIT 0,5   [ RunTime:0.0009s ]
SQL: SELECT * FROM `sq_image` WHERE ( cid = 54 and status = 1 ) ORDER BY id ASC LIMIT 10,3   [ RunTime:0.0003s ]
SQL: SELECT * FROM `sq_image` WHERE ( cid = 54 and status = 1 ) ORDER BY id ASC LIMIT 14,3   [ RunTime:0.0003s ]
SQL: SELECT * FROM `sq_image` WHERE ( cid = 47 and status = 1 ) ORDER BY id DESC  [ RunTime:0.0003s ]
INFO: [ view_parse ] --START--
INFO: [ template_filter ] --START--
INFO: Run Behavior\ContentReplaceBehavior [ RunTime:0.000087s ]
INFO: [ template_filter ] --END-- [ RunTime:0.000131s ]
NOTIC: [8] Undefined index: title F:\www\jiuxiang\Runtime\Cache\Home\2a94b8bda04ff446dcedd42276fc99ee.php 第 91 行.
NOTIC: [8] Undefined index: title F:\www\jiuxiang\Runtime\Cache\Home\2a94b8bda04ff446dcedd42276fc99ee.php 第 91 行.
NOTIC: [8] Undefined index: title F:\www\jiuxiang\Runtime\Cache\Home\2a94b8bda04ff446dcedd42276fc99ee.php 第 91 行.
NOTIC: [8] Undefined index: title F:\www\jiuxiang\Runtime\Cache\Home\2a94b8bda04ff446dcedd42276fc99ee.php 第 91 行.
NOTIC: [8] Undefined index: title F:\www\jiuxiang\Runtime\Cache\Home\2a94b8bda04ff446dcedd42276fc99ee.php 第 91 行.
NOTIC: [8] Undefined index: title F:\www\jiuxiang\Runtime\Cache\Home\2a94b8bda04ff446dcedd42276fc99ee.php 第 91 行.
NOTIC: [8] Undefined index: title F:\www\jiuxiang\Runtime\Cache\Home\2a94b8bda04ff446dcedd42276fc99ee.php 第 98 行.
NOTIC: [8] Undefined index: title F:\www\jiuxiang\Runtime\Cache\Home\2a94b8bda04ff446dcedd42276fc99ee.php 第 98 行.
NOTIC: [8] Undefined index: title F:\www\jiuxiang\Runtime\Cache\Home\2a94b8bda04ff446dcedd42276fc99ee.php 第 98 行.
INFO: Run Behavior\ParseTemplateBehavior [ RunTime:0.012398s ]
INFO: [ view_parse ] --END-- [ RunTime:0.012440s ]
INFO: [ view_filter ] --START--
INFO: Run Behavior\WriteHtmlCacheBehavior [ RunTime:0.000395s ]
INFO: [ view_filter ] --END-- [ RunTime:0.000429s ]
INFO: [ app_end ] --START--
INFO: Run Behavior\ShowPageTraceBehavior [ RunTime:0.000563s ]
INFO: [ app_end ] --END-- [ RunTime:0.000603s ]

[ 2018-05-13T13:40:34+08:00 ] 127.0.0.1 /Home/Business/index.html
INFO: [ app_init ] --START--
INFO: Run Behavior\BuildLiteBehavior [ RunTime:0.000049s ]
INFO: [ app_init ] --END-- [ RunTime:0.001908s ]
INFO: [ app_begin ] --START--
INFO: Run Behavior\ReadHtmlCacheBehavior [ RunTime:0.002001s ]
INFO: [ app_begin ] --END-- [ RunTime:0.002197s ]
SQL: SHOW COLUMNS FROM `sq_system` [ RunTime:0.0073s ]
SQL: SELECT * FROM `sq_system` WHERE ( id = 1 ) LIMIT 1   [ RunTime:0.0008s ]
SQL: SHOW COLUMNS FROM `sq_link` [ RunTime:0.0081s ]
SQL: SELECT * FROM `sq_link` WHERE `status` = 1 LIMIT 18   [ RunTime:0.0004s ]
SQL: SHOW COLUMNS FROM `sq_category` [ RunTime:0.0081s ]
NOTIC: [8] Undefined variable: where F:\www\jiuxiang\Application\Home\Controller\BaseController.class.php 第 50 行.
SQL: SELECT * FROM `sq_category` ORDER BY sort ASC,id ASC  [ RunTime:0.0019s ]
SQL: SHOW COLUMNS FROM `sq_image` [ RunTime:0.0067s ]
SQL: SELECT * FROM `sq_image` WHERE `status` = 1 AND `cid` = 54 ORDER BY id ASC  [ RunTime:0.0003s ]
INFO: [ view_parse ] --START--
INFO: [ template_filter ] --START--
INFO: Run Behavior\ContentReplaceBehavior [ RunTime:0.000084s ]
INFO: [ template_filter ] --END-- [ RunTime:0.000142s ]
INFO: Run Behavior\ParseTemplateBehavior [ RunTime:0.038958s ]
INFO: [ view_parse ] --END-- [ RunTime:0.039134s ]
INFO: [ view_filter ] --START--
INFO: Run Behavior\WriteHtmlCacheBehavior [ RunTime:0.000314s ]
INFO: [ view_filter ] --END-- [ RunTime:0.000355s ]
INFO: [ app_end ] --START--
INFO: Run Behavior\ShowPageTraceBehavior [ RunTime:0.000542s ]
INFO: [ app_end ] --END-- [ RunTime:0.000590s ]

[ 2018-05-13T13:41:09+08:00 ] 127.0.0.1 /Home/News/index.html
INFO: [ app_init ] --START--
INFO: Run Behavior\BuildLiteBehavior [ RunTime:0.000011s ]
INFO: [ app_init ] --END-- [ RunTime:0.000403s ]
INFO: [ app_begin ] --START--
INFO: Run Behavior\ReadHtmlCacheBehavior [ RunTime:0.001054s ]
INFO: [ app_begin ] --END-- [ RunTime:0.001124s ]
SQL: SHOW COLUMNS FROM `sq_system` [ RunTime:0.0076s ]
SQL: SELECT * FROM `sq_system` WHERE ( id = 1 ) LIMIT 1   [ RunTime:0.0006s ]
SQL: SHOW COLUMNS FROM `sq_link` [ RunTime:0.0091s ]
SQL: SELECT * FROM `sq_link` WHERE `status` = 1 LIMIT 18   [ RunTime:0.0005s ]
SQL: SHOW COLUMNS FROM `sq_category` [ RunTime:0.0058s ]
NOTIC: [8] Undefined variable: where F:\www\jiuxiang\Application\Home\Controller\BaseController.class.php 第 50 行.
SQL: SELECT * FROM `sq_category` ORDER BY sort ASC,id ASC  [ RunTime:0.0006s ]
SQL: SHOW COLUMNS FROM `sq_image` [ RunTime:0.0061s ]
SQL: SELECT * FROM `sq_image` WHERE `status` = 1 AND `cid` = 54 ORDER BY id ASC  [ RunTime:0.0003s ]
INFO: [ view_parse ] --START--
INFO: [ template_filter ] --START--
INFO: Run Behavior\ContentReplaceBehavior [ RunTime:0.000063s ]
INFO: [ template_filter ] --END-- [ RunTime:0.000118s ]
INFO: Run Behavior\ParseTemplateBehavior [ RunTime:0.041560s ]
INFO: [ view_parse ] --END-- [ RunTime:0.041616s ]
INFO: [ view_filter ] --START--
INFO: Run Behavior\WriteHtmlCacheBehavior [ RunTime:0.000430s ]
INFO: [ view_filter ] --END-- [ RunTime:0.000468s ]
INFO: [ app_end ] --START--
INFO: Run Behavior\ShowPageTraceBehavior [ RunTime:0.000634s ]
INFO: [ app_end ] --END-- [ RunTime:0.000681s ]

[ 2018-05-13T13:41:47+08:00 ] 127.0.0.1 /Home/Culture/index.html
INFO: [ app_init ] --START--
INFO: Run Behavior\BuildLiteBehavior [ RunTime:0.000014s ]
INFO: [ app_init ] --END-- [ RunTime:0.000342s ]
INFO: [ app_begin ] --START--
INFO: Run Behavior\ReadHtmlCacheBehavior [ RunTime:0.000409s ]
INFO: [ app_begin ] --END-- [ RunTime:0.000456s ]
SQL: SHOW COLUMNS FROM `sq_system` [ RunTime:0.0106s ]
SQL: SELECT * FROM `sq_system` WHERE ( id = 1 ) LIMIT 1   [ RunTime:0.0004s ]
SQL: SHOW COLUMNS FROM `sq_link` [ RunTime:0.0067s ]
SQL: SELECT * FROM `sq_link` WHERE `status` = 1 LIMIT 18   [ RunTime:0.0003s ]
SQL: SHOW COLUMNS FROM `sq_category` [ RunTime:0.0133s ]
NOTIC: [8] Undefined variable: where F:\www\jiuxiang\Application\Home\Controller\BaseController.class.php 第 50 行.
SQL: SELECT * FROM `sq_category` ORDER BY sort ASC,id ASC  [ RunTime:0.0006s ]
SQL: SHOW COLUMNS FROM `sq_image` [ RunTime:0.0060s ]
SQL: SELECT * FROM `sq_image` WHERE `status` = 1 AND `cid` = 54 ORDER BY id ASC  [ RunTime:0.0004s ]
INFO: [ view_parse ] --START--
INFO: [ template_filter ] --START--
INFO: Run Behavior\ContentReplaceBehavior [ RunTime:0.000071s ]
INFO: [ template_filter ] --END-- [ RunTime:0.000118s ]
INFO: Run Behavior\ParseTemplateBehavior [ RunTime:0.008066s ]
INFO: [ view_parse ] --END-- [ RunTime:0.008132s ]
INFO: [ view_filter ] --START--
INFO: Run Behavior\WriteHtmlCacheBehavior [ RunTime:0.000326s ]
INFO: [ view_filter ] --END-- [ RunTime:0.000372s ]
INFO: [ app_end ] --START--
INFO: Run Behavior\ShowPageTraceBehavior [ RunTime:0.000666s ]
INFO: [ app_end ] --END-- [ RunTime:0.000725s ]

[ 2018-05-13T13:42:51+08:00 ] 127.0.0.1 /Home/News/index.html
INFO: [ app_init ] --START--
INFO: Run Behavior\BuildLiteBehavior [ RunTime:0.000011s ]
INFO: [ app_init ] --END-- [ RunTime:0.000330s ]
INFO: [ app_begin ] --START--
INFO: Run Behavior\ReadHtmlCacheBehavior [ RunTime:0.000418s ]
INFO: [ app_begin ] --END-- [ RunTime:0.000463s ]
SQL: SHOW COLUMNS FROM `sq_system` [ RunTime:0.0093s ]
SQL: SELECT * FROM `sq_system` WHERE ( id = 1 ) LIMIT 1   [ RunTime:0.0004s ]
SQL: SHOW COLUMNS FROM `sq_link` [ RunTime:0.0069s ]
SQL: SELECT * FROM `sq_link` WHERE `status` = 1 LIMIT 18   [ RunTime:0.0003s ]
SQL: SHOW COLUMNS FROM `sq_category` [ RunTime:0.0151s ]
NOTIC: [8] Undefined variable: where F:\www\jiuxiang\Application\Home\Controller\BaseController.class.php 第 50 行.
SQL: SELECT * FROM `sq_category` ORDER BY sort ASC,id ASC  [ RunTime:0.0006s ]
SQL: SHOW COLUMNS FROM `sq_image` [ RunTime:0.0065s ]
SQL: SELECT * FROM `sq_image` WHERE `status` = 1 AND `cid` = 54 ORDER BY id ASC  [ RunTime:0.0004s ]
INFO: [ view_parse ] --START--
INFO: [ template_filter ] --START--
INFO: Run Behavior\ContentReplaceBehavior [ RunTime:0.000071s ]
INFO: [ template_filter ] --END-- [ RunTime:0.000130s ]
INFO: Run Behavior\ParseTemplateBehavior [ RunTime:0.008727s ]
INFO: [ view_parse ] --END-- [ RunTime:0.008789s ]
INFO: [ view_filter ] --START--
INFO: Run Behavior\WriteHtmlCacheBehavior [ RunTime:0.000311s ]
INFO: [ view_filter ] --END-- [ RunTime:0.000354s ]
INFO: [ app_end ] --START--
INFO: Run Behavior\ShowPageTraceBehavior [ RunTime:0.000614s ]
INFO: [ app_end ] --END-- [ RunTime:0.000671s ]

[ 2018-05-13T13:43:12+08:00 ] 127.0.0.1 /Home/News/index.html
INFO: [ app_init ] --START--
INFO: Run Behavior\BuildLiteBehavior [ RunTime:0.000015s ]
INFO: [ app_init ] --END-- [ RunTime:0.000442s ]
INFO: [ app_begin ] --START--
INFO: Run Behavior\ReadHtmlCacheBehavior [ RunTime:0.000752s ]
INFO: [ app_begin ] --END-- [ RunTime:0.000803s ]
SQL: SHOW COLUMNS FROM `sq_system` [ RunTime:0.1587s ]
SQL: SELECT * FROM `sq_system` WHERE ( id = 1 ) LIMIT 1   [ RunTime:0.0005s ]
SQL: SHOW COLUMNS FROM `sq_link` [ RunTime:0.0054s ]
SQL: SELECT * FROM `sq_link` WHERE `status` = 1 LIMIT 18   [ RunTime:0.0003s ]
SQL: SHOW COLUMNS FROM `sq_category` [ RunTime:0.0068s ]
NOTIC: [8] Undefined variable: where F:\www\jiuxiang\Application\Home\Controller\BaseController.class.php 第 50 行.
SQL: SELECT * FROM `sq_category` ORDER BY sort ASC,id ASC  [ RunTime:0.0006s ]
SQL: SHOW COLUMNS FROM `sq_image` [ RunTime:0.0071s ]
SQL: SELECT * FROM `sq_image` WHERE `status` = 1 AND `cid` = 54 ORDER BY id ASC  [ RunTime:0.0003s ]
INFO: [ view_parse ] --START--
INFO: [ template_filter ] --START--
INFO: Run Behavior\ContentReplaceBehavior [ RunTime:0.000051s ]
INFO: [ template_filter ] --END-- [ RunTime:0.000092s ]
INFO: Run Behavior\ParseTemplateBehavior [ RunTime:0.007221s ]
INFO: [ view_parse ] --END-- [ RunTime:0.007265s ]
INFO: [ view_filter ] --START--
INFO: Run Behavior\WriteHtmlCacheBehavior [ RunTime:0.000355s ]
INFO: [ view_filter ] --END-- [ RunTime:0.000388s ]
INFO: [ app_end ] --START--
INFO: Run Behavior\ShowPageTraceBehavior [ RunTime:0.000615s ]
INFO: [ app_end ] --END-- [ RunTime:0.000659s ]

[ 2018-05-13T13:43:40+08:00 ] 127.0.0.1 /Home/Liquor/index.html
INFO: [ app_init ] --START--
INFO: Run Behavior\BuildLiteBehavior [ RunTime:0.000017s ]
INFO: [ app_init ] --END-- [ RunTime:0.000466s ]
INFO: [ app_begin ] --START--
INFO: Run Behavior\ReadHtmlCacheBehavior [ RunTime:0.001006s ]
INFO: [ app_begin ] --END-- [ RunTime:0.001111s ]
SQL: SHOW COLUMNS FROM `sq_system` [ RunTime:0.0137s ]
SQL: SELECT * FROM `sq_system` WHERE ( id = 1 ) LIMIT 1   [ RunTime:0.0003s ]
SQL: SHOW COLUMNS FROM `sq_link` [ RunTime:0.0062s ]
SQL: SELECT * FROM `sq_link` WHERE `status` = 1 LIMIT 18   [ RunTime:0.0003s ]
SQL: SHOW COLUMNS FROM `sq_category` [ RunTime:0.0056s ]
NOTIC: [8] Undefined variable: where F:\www\jiuxiang\Application\Home\Controller\BaseController.class.php 第 50 行.
SQL: SELECT * FROM `sq_category` ORDER BY sort ASC,id ASC  [ RunTime:0.0005s ]
SQL: SHOW COLUMNS FROM `sq_image` [ RunTime:0.0073s ]
SQL: SELECT * FROM `sq_image` WHERE `status` = 1 AND `cid` = 54 ORDER BY id ASC  [ RunTime:0.0004s ]
INFO: [ view_parse ] --START--
INFO: [ template_filter ] --START--
INFO: Run Behavior\ContentReplaceBehavior [ RunTime:0.000055s ]
INFO: [ template_filter ] --END-- [ RunTime:0.000098s ]
NOTIC: [8] Undefined variable: v F:\www\jiuxiang\Runtime\Cache\Home\91ef0a9172c08b425d504cffb9bcd76a.php 第 73 行.
NOTIC: [8] Undefined variable: v F:\www\jiuxiang\Runtime\Cache\Home\91ef0a9172c08b425d504cffb9bcd76a.php 第 73 行.
NOTIC: [8] Undefined variable: v F:\www\jiuxiang\Runtime\Cache\Home\91ef0a9172c08b425d504cffb9bcd76a.php 第 73 行.
INFO: Run Behavior\ParseTemplateBehavior [ RunTime:0.036883s ]
INFO: [ view_parse ] --END-- [ RunTime:0.036928s ]
INFO: [ view_filter ] --START--
INFO: Run Behavior\WriteHtmlCacheBehavior [ RunTime:0.000374s ]
INFO: [ view_filter ] --END-- [ RunTime:0.000407s ]
INFO: [ app_end ] --START--
INFO: Run Behavior\ShowPageTraceBehavior [ RunTime:0.000612s ]
INFO: [ app_end ] --END-- [ RunTime:0.000652s ]

[ 2018-05-13T13:49:17+08:00 ] 127.0.0.1 /Home/Culture/index.html
INFO: [ app_init ] --START--
INFO: Run Behavior\BuildLiteBehavior [ RunTime:0.000014s ]
INFO: [ app_init ] --END-- [ RunTime:0.000447s ]
INFO: [ app_begin ] --START--
INFO: Run Behavior\ReadHtmlCacheBehavior [ RunTime:0.000556s ]
INFO: [ app_begin ] --END-- [ RunTime:0.000618s ]
SQL: SHOW COLUMNS FROM `sq_system` [ RunTime:0.0158s ]
SQL: SELECT * FROM `sq_system` WHERE ( id = 1 ) LIMIT 1   [ RunTime:0.0010s ]
SQL: SHOW COLUMNS FROM `sq_link` [ RunTime:0.0145s ]
SQL: SELECT * FROM `sq_link` WHERE `status` = 1 LIMIT 18   [ RunTime:0.0007s ]
SQL: SHOW COLUMNS FROM `sq_category` [ RunTime:0.0153s ]
NOTIC: [8] Undefined variable: where F:\www\jiuxiang\Application\Home\Controller\BaseController.class.php 第 50 行.
SQL: SELECT * FROM `sq_category` ORDER BY sort ASC,id ASC  [ RunTime:0.0014s ]
SQL: SHOW COLUMNS FROM `sq_image` [ RunTime:0.0136s ]
SQL: SELECT * FROM `sq_image` WHERE `status` = 1 AND `cid` = 54 ORDER BY id ASC  [ RunTime:0.0004s ]
INFO: [ view_parse ] --START--
INFO: [ template_filter ] --START--
INFO: Run Behavior\ContentReplaceBehavior [ RunTime:0.000078s ]
INFO: [ template_filter ] --END-- [ RunTime:0.000121s ]
INFO: Run Behavior\ParseTemplateBehavior [ RunTime:0.007636s ]
INFO: [ view_parse ] --END-- [ RunTime:0.007690s ]
INFO: [ view_filter ] --START--
INFO: Run Behavior\WriteHtmlCacheBehavior [ RunTime:0.000234s ]
INFO: [ view_filter ] --END-- [ RunTime:0.000267s ]
INFO: [ app_end ] --START--
INFO: Run Behavior\ShowPageTraceBehavior [ RunTime:0.000431s ]
INFO: [ app_end ] --END-- [ RunTime:0.000469s ]

[ 2018-05-13T13:49:20+08:00 ] 127.0.0.1 /Home/News/index.html
INFO: [ app_init ] --START--
INFO: Run Behavior\BuildLiteBehavior [ RunTime:0.000010s ]
INFO: [ app_init ] --END-- [ RunTime:0.000337s ]
INFO: [ app_begin ] --START--
INFO: Run Behavior\ReadHtmlCacheBehavior [ RunTime:0.000673s ]
INFO: [ app_begin ] --END-- [ RunTime:0.000733s ]
SQL: SHOW COLUMNS FROM `sq_system` [ RunTime:0.0061s ]
SQL: SELECT * FROM `sq_system` WHERE ( id = 1 ) LIMIT 1   [ RunTime:0.0004s ]
SQL: SHOW COLUMNS FROM `sq_link` [ RunTime:0.0062s ]
SQL: SELECT * FROM `sq_link` WHERE `status` = 1 LIMIT 18   [ RunTime:0.0003s ]
SQL: SHOW COLUMNS FROM `sq_category` [ RunTime:0.0072s ]
NOTIC: [8] Undefined variable: where F:\www\jiuxiang\Application\Home\Controller\BaseController.class.php 第 50 行.
SQL: SELECT * FROM `sq_category` ORDER BY sort ASC,id ASC  [ RunTime:0.0007s ]
SQL: SHOW COLUMNS FROM `sq_image` [ RunTime:0.0059s ]
SQL: SELECT * FROM `sq_image` WHERE `status` = 1 AND `cid` = 54 ORDER BY id ASC  [ RunTime:0.0004s ]
INFO: [ view_parse ] --START--
INFO: [ template_filter ] --START--
INFO: Run Behavior\ContentReplaceBehavior [ RunTime:0.000062s ]
INFO: [ template_filter ] --END-- [ RunTime:0.000120s ]
INFO: Run Behavior\ParseTemplateBehavior [ RunTime:0.007713s ]
INFO: [ view_parse ] --END-- [ RunTime:0.007771s ]
INFO: [ view_filter ] --START--
INFO: Run Behavior\WriteHtmlCacheBehavior [ RunTime:0.000383s ]
INFO: [ view_filter ] --END-- [ RunTime:0.000417s ]
INFO: [ app_end ] --START--
INFO: Run Behavior\ShowPageTraceBehavior [ RunTime:0.000585s ]
INFO: [ app_end ] --END-- [ RunTime:0.000626s ]

[ 2018-05-13T14:11:19+08:00 ] 127.0.0.1 /Home/Index/index.html
INFO: [ app_init ] --START--
INFO: Run Behavior\BuildLiteBehavior [ RunTime:0.000012s ]
INFO: [ app_init ] --END-- [ RunTime:0.000416s ]
INFO: [ app_begin ] --START--
INFO: Run Behavior\ReadHtmlCacheBehavior [ RunTime:0.001013s ]
INFO: [ app_begin ] --END-- [ RunTime:0.001121s ]
SQL: SHOW COLUMNS FROM `sq_system` [ RunTime:0.0112s ]
SQL: SELECT * FROM `sq_system` WHERE ( id = 1 ) LIMIT 1   [ RunTime:0.0005s ]
SQL: SHOW COLUMNS FROM `sq_link` [ RunTime:0.0056s ]
SQL: SELECT * FROM `sq_link` WHERE `status` = 1 LIMIT 18   [ RunTime:0.0003s ]
SQL: SHOW COLUMNS FROM `sq_category` [ RunTime:0.0192s ]
NOTIC: [8] Undefined variable: where F:\www\jiuxiang\Application\Home\Controller\BaseController.class.php 第 50 行.
SQL: SELECT * FROM `sq_category` ORDER BY sort ASC,id ASC  [ RunTime:0.0017s ]
SQL: SHOW COLUMNS FROM `sq_image` [ RunTime:0.0162s ]
SQL: SELECT * FROM `sq_image` WHERE `status` = 1 AND `cid` = 54 ORDER BY id ASC  [ RunTime:0.0009s ]
SQL: SHOW COLUMNS FROM `sq_views` [ RunTime:0.0061s ]
SQL: INSERT INTO `sq_views` (`ip`) VALUES ('127.0.0.1') [ RunTime:0.1262s ]
SQL: SHOW COLUMNS FROM `sq_news` [ RunTime:0.0068s ]
SQL: SELECT * FROM `sq_category` WHERE ( pid = 2 and status = 2 )  [ RunTime:0.0004s ]
NOTIC: [8] Undefined variable: str F:\www\jiuxiang\Application\Home\Controller\IndexController.class.php 第 11 行.
SQL: SELECT * FROM `sq_news` WHERE `status` = 1 AND `cid` IN ('31','32','33','55','58','') AND `is_recommend` = 1 ORDER BY sort DESC,news_time DESC,id DESC LIMIT 0,5   [ RunTime:0.0010s ]
SQL: SELECT * FROM `sq_image` WHERE ( cid = 54 and status = 1 ) ORDER BY id ASC LIMIT 10,3   [ RunTime:0.0002s ]
SQL: SELECT * FROM `sq_image` WHERE ( cid = 54 and status = 1 ) ORDER BY id ASC LIMIT 14,3   [ RunTime:0.0002s ]
SQL: SELECT * FROM `sq_image` WHERE ( cid = 47 and status = 1 ) ORDER BY id DESC  [ RunTime:0.0002s ]
INFO: [ view_parse ] --START--
INFO: [ template_filter ] --START--
INFO: Run Behavior\ContentReplaceBehavior [ RunTime:0.000103s ]
INFO: [ template_filter ] --END-- [ RunTime:0.000155s ]
NOTIC: [8] Undefined index: title F:\www\jiuxiang\Runtime\Cache\Home\2a94b8bda04ff446dcedd42276fc99ee.php 第 91 行.
NOTIC: [8] Undefined index: title F:\www\jiuxiang\Runtime\Cache\Home\2a94b8bda04ff446dcedd42276fc99ee.php 第 91 行.
NOTIC: [8] Undefined index: title F:\www\jiuxiang\Runtime\Cache\Home\2a94b8bda04ff446dcedd42276fc99ee.php 第 91 行.
NOTIC: [8] Undefined index: title F:\www\jiuxiang\Runtime\Cache\Home\2a94b8bda04ff446dcedd42276fc99ee.php 第 91 行.
NOTIC: [8] Undefined index: title F:\www\jiuxiang\Runtime\Cache\Home\2a94b8bda04ff446dcedd42276fc99ee.php 第 91 行.
NOTIC: [8] Undefined index: title F:\www\jiuxiang\Runtime\Cache\Home\2a94b8bda04ff446dcedd42276fc99ee.php 第 91 行.
NOTIC: [8] Undefined index: title F:\www\jiuxiang\Runtime\Cache\Home\2a94b8bda04ff446dcedd42276fc99ee.php 第 98 行.
NOTIC: [8] Undefined index: title F:\www\jiuxiang\Runtime\Cache\Home\2a94b8bda04ff446dcedd42276fc99ee.php 第 98 行.
NOTIC: [8] Undefined index: title F:\www\jiuxiang\Runtime\Cache\Home\2a94b8bda04ff446dcedd42276fc99ee.php 第 98 行.
INFO: Run Behavior\ParseTemplateBehavior [ RunTime:0.012300s ]
INFO: [ view_parse ] --END-- [ RunTime:0.012346s ]
INFO: [ view_filter ] --START--
INFO: Run Behavior\WriteHtmlCacheBehavior [ RunTime:0.000442s ]
INFO: [ view_filter ] --END-- [ RunTime:0.000479s ]
INFO: [ app_end ] --START--
INFO: Run Behavior\ShowPageTraceBehavior [ RunTime:0.000817s ]
INFO: [ app_end ] --END-- [ RunTime:0.000974s ]

