[ 2018-07-04T10:36:22+08:00 ] 127.0.0.1 /favicon.ico
INFO: [ app_init ] --START--
INFO: Run Behavior\BuildLiteBehavior [ RunTime:0.000023s ]
INFO: [ app_init ] --END-- [ RunTime:0.001755s ]
ERR: 无法加载模块:Favicon

[ 2018-07-04T10:36:36+08:00 ] 127.0.0.1 /picture/20151231100738454.jpg
INFO: [ app_init ] --START--
INFO: Run Behavior\BuildLiteBehavior [ RunTime:0.000019s ]
INFO: [ app_init ] --END-- [ RunTime:0.000955s ]
ERR: 无法加载模块:Picture

[ 2018-07-04T10:36:36+08:00 ] 127.0.0.1 /picture/20151231101232107.jpg
INFO: [ app_init ] --START--
INFO: Run Behavior\BuildLiteBehavior [ RunTime:0.000014s ]
INFO: [ app_init ] --END-- [ RunTime:0.000493s ]
ERR: 无法加载模块:Picture

[ 2018-07-04T10:36:36+08:00 ] 127.0.0.1 /picture/20151231101301118.jpg
INFO: [ app_init ] --START--
INFO: Run Behavior\BuildLiteBehavior [ RunTime:0.000013s ]
INFO: [ app_init ] --END-- [ RunTime:0.000509s ]
ERR: 无法加载模块:Picture

[ 2018-07-04T10:36:36+08:00 ] 127.0.0.1 /picture/20151231100655644.jpg
INFO: [ app_init ] --START--
INFO: Run Behavior\BuildLiteBehavior [ RunTime:0.000016s ]
INFO: [ app_init ] --END-- [ RunTime:0.000452s ]
ERR: 无法加载模块:Picture

[ 2018-07-04T10:36:36+08:00 ] 127.0.0.1 /picture/20151231100245249.jpg
INFO: [ app_init ] --START--
INFO: Run Behavior\BuildLiteBehavior [ RunTime:0.000017s ]
INFO: [ app_init ] --END-- [ RunTime:0.000499s ]
ERR: 无法加载模块:Picture

[ 2018-07-04T10:36:36+08:00 ] 127.0.0.1 /picture/20151231100127748.jpg
INFO: [ app_init ] --START--
INFO: Run Behavior\BuildLiteBehavior [ RunTime:0.000019s ]
INFO: [ app_init ] --END-- [ RunTime:0.000658s ]
ERR: 无法加载模块:Picture

[ 2018-07-04T10:36:36+08:00 ] 127.0.0.1 /picture/20151231100213901.jpg
INFO: [ app_init ] --START--
INFO: Run Behavior\BuildLiteBehavior [ RunTime:0.000016s ]
INFO: [ app_init ] --END-- [ RunTime:0.000508s ]
ERR: 无法加载模块:Picture

[ 2018-07-04T10:36:36+08:00 ] 127.0.0.1 /picture/20151231100046442.jpg
INFO: [ app_init ] --START--
INFO: Run Behavior\BuildLiteBehavior [ RunTime:0.000016s ]
INFO: [ app_init ] --END-- [ RunTime:0.000573s ]
ERR: 无法加载模块:Picture

[ 2018-07-04T10:36:36+08:00 ] 127.0.0.1 /picture/20151231095903120.jpg
INFO: [ app_init ] --START--
INFO: Run Behavior\BuildLiteBehavior [ RunTime:0.000019s ]
INFO: [ app_init ] --END-- [ RunTime:0.000774s ]
ERR: 无法加载模块:Picture

[ 2018-07-04T10:36:36+08:00 ] 127.0.0.1 /picture/20151231095824123.jpg
INFO: [ app_init ] --START--
INFO: Run Behavior\BuildLiteBehavior [ RunTime:0.000015s ]
INFO: [ app_init ] --END-- [ RunTime:0.000432s ]
ERR: 无法加载模块:Picture

[ 2018-07-04T10:36:36+08:00 ] 127.0.0.1 /picture/20151231100423959.jpg
INFO: [ app_init ] --START--
INFO: Run Behavior\BuildLiteBehavior [ RunTime:0.000018s ]
INFO: [ app_init ] --END-- [ RunTime:0.000658s ]
ERR: 无法加载模块:Picture

[ 2018-07-04T10:36:36+08:00 ] 127.0.0.1 /picture/20151231095733340.jpg
INFO: [ app_init ] --START--
INFO: Run Behavior\BuildLiteBehavior [ RunTime:0.000015s ]
INFO: [ app_init ] --END-- [ RunTime:0.000433s ]
ERR: 无法加载模块:Picture

[ 2018-07-04T10:36:36+08:00 ] 127.0.0.1 /picture/thumb_100_100_20180628111447513.jpg
INFO: [ app_init ] --START--
INFO: Run Behavior\BuildLiteBehavior [ RunTime:0.000014s ]
INFO: [ app_init ] --END-- [ RunTime:0.000407s ]
ERR: 无法加载模块:Picture

[ 2018-07-04T10:36:36+08:00 ] 127.0.0.1 /picture/20151231093143656.jpg
INFO: [ app_init ] --START--
INFO: Run Behavior\BuildLiteBehavior [ RunTime:0.000016s ]
INFO: [ app_init ] --END-- [ RunTime:0.000504s ]
ERR: 无法加载模块:Picture

[ 2018-07-04T10:36:36+08:00 ] 127.0.0.1 /picture/20151231095549257.jpg
INFO: [ app_init ] --START--
INFO: Run Behavior\BuildLiteBehavior [ RunTime:0.000018s ]
INFO: [ app_init ] --END-- [ RunTime:0.000519s ]
ERR: 无法加载模块:Picture

[ 2018-07-04T10:36:36+08:00 ] 127.0.0.1 /picture/thumb_100_100_ybj_fx_001.jpg
INFO: [ app_init ] --START--
INFO: Run Behavior\BuildLiteBehavior [ RunTime:0.000013s ]
INFO: [ app_init ] --END-- [ RunTime:0.000392s ]
ERR: 无法加载模块:Picture

[ 2018-07-04T10:36:36+08:00 ] 127.0.0.1 /picture/thumb_100_100_ybj_zgh_001.jpg
INFO: [ app_init ] --START--
INFO: Run Behavior\BuildLiteBehavior [ RunTime:0.000014s ]
INFO: [ app_init ] --END-- [ RunTime:0.000400s ]
ERR: 无法加载模块:Picture

[ 2018-07-04T10:36:36+08:00 ] 127.0.0.1 /picture/thumb_100_100_lmj_cx_001.jpg
INFO: [ app_init ] --START--
INFO: Run Behavior\BuildLiteBehavior [ RunTime:0.000022s ]
INFO: [ app_init ] --END-- [ RunTime:0.000452s ]
ERR: 无法加载模块:Picture

[ 2018-07-04T10:36:36+08:00 ] 127.0.0.1 /picture/thumb_100_100_ybj_hkfg_001.jpg
INFO: [ app_init ] --START--
INFO: Run Behavior\BuildLiteBehavior [ RunTime:0.000013s ]
INFO: [ app_init ] --END-- [ RunTime:0.000398s ]
ERR: 无法加载模块:Picture

[ 2018-07-04T10:36:36+08:00 ] 127.0.0.1 /picture/thumb_100_100_hj_375_001.jpg
INFO: [ app_init ] --START--
INFO: Run Behavior\BuildLiteBehavior [ RunTime:0.000013s ]
INFO: [ app_init ] --END-- [ RunTime:0.000398s ]
ERR: 无法加载模块:Picture

[ 2018-07-04T10:36:36+08:00 ] 127.0.0.1 /picture/thumb_100_100_rj_368_001.jpg
INFO: [ app_init ] --START--
INFO: Run Behavior\BuildLiteBehavior [ RunTime:0.000014s ]
INFO: [ app_init ] --END-- [ RunTime:0.000395s ]
ERR: 无法加载模块:Picture

[ 2018-07-04T10:36:36+08:00 ] 127.0.0.1 /picture/thumb_100_100_gzdq_80_a01.jpg
INFO: [ app_init ] --START--
INFO: Run Behavior\BuildLiteBehavior [ RunTime:0.000014s ]
INFO: [ app_init ] --END-- [ RunTime:0.000415s ]
ERR: 无法加载模块:Picture

[ 2018-07-04T10:36:36+08:00 ] 127.0.0.1 /picture/thumb_100_100_lm_dq_001.jpg
INFO: [ app_init ] --START--
INFO: Run Behavior\BuildLiteBehavior [ RunTime:0.000015s ]
INFO: [ app_init ] --END-- [ RunTime:0.000438s ]
ERR: 无法加载模块:Picture

[ 2018-07-04T10:36:36+08:00 ] 127.0.0.1 /picture/thumb_100_100_ybj_lc_001.jpg
INFO: [ app_init ] --START--
INFO: Run Behavior\BuildLiteBehavior [ RunTime:0.000018s ]
INFO: [ app_init ] --END-- [ RunTime:0.000529s ]
ERR: 无法加载模块:Picture

[ 2018-07-04T10:36:36+08:00 ] 127.0.0.1 /picture/thumb_100_100_gzdq_80_001.jpg
INFO: [ app_init ] --START--
INFO: Run Behavior\BuildLiteBehavior [ RunTime:0.000016s ]
INFO: [ app_init ] --END-- [ RunTime:0.000456s ]
ERR: 无法加载模块:Picture

[ 2018-07-04T10:36:36+08:00 ] 127.0.0.1 /picture/thumb_100_100_gzdq_70_001.jpg
INFO: [ app_init ] --START--
INFO: Run Behavior\BuildLiteBehavior [ RunTime:0.000013s ]
INFO: [ app_init ] --END-- [ RunTime:0.000393s ]
ERR: 无法加载模块:Picture

[ 2018-07-04T10:36:36+08:00 ] 127.0.0.1 /picture/thumb_100_100_20170512095022927.jpg
INFO: [ app_init ] --START--
INFO: Run Behavior\BuildLiteBehavior [ RunTime:0.000014s ]
INFO: [ app_init ] --END-- [ RunTime:0.000396s ]
ERR: 无法加载模块:Picture

[ 2018-07-04T10:36:36+08:00 ] 127.0.0.1 /picture/thumb_100_100_wzj_js_001.jpg
INFO: [ app_init ] --START--
INFO: Run Behavior\BuildLiteBehavior [ RunTime:0.000013s ]
INFO: [ app_init ] --END-- [ RunTime:0.000391s ]
ERR: 无法加载模块:Picture

[ 2018-07-04T10:36:37+08:00 ] 127.0.0.1 /Public/home/images/icoleft.gif
INFO: [ app_init ] --START--
INFO: Run Behavior\BuildLiteBehavior [ RunTime:0.000014s ]
INFO: [ app_init ] --END-- [ RunTime:0.000402s ]
ERR: 无法加载模块:Public

[ 2018-07-04T10:36:37+08:00 ] 127.0.0.1 /Public/home/images/slider-arrow.png
INFO: [ app_init ] --START--
INFO: Run Behavior\BuildLiteBehavior [ RunTime:0.000015s ]
INFO: [ app_init ] --END-- [ RunTime:0.004465s ]
ERR: 无法加载模块:Public

cture

[ 2018-07-04T10:36:37+08:00 ] 127.0.0.1 /picture/20151231100738454.jpg
INFO: [ app_init ] --START--
INFO: Run Behavior\BuildLiteBehavior [ RunTime:0.000015s ]
INFO: [ app_init ] --END-- [ RunTime:0.000447s ]
ERR: 无法加载模块:Picture

[ 2018-07-04T10:36:37+08:00 ] 127.0.0.1 /Public/home/images/icoright.gif
INFO: [ app_init ] --START--
INFO: Run Behavior\BuildLiteBehavior [ RunTime:0.000014s ]
INFO: [ app_init ] --END-- [ RunTime:0.000406s ]
ERR: 无法加载模块:Public

[ 2018-07-04T10:55:14+08:00 ] 127.0.0.1 /Public/home/images/list-ioc.png
INFO: [ app_init ] --START--
INFO: Run Behavior\BuildLiteBehavior [ RunTime:0.000015s ]
INFO: [ app_init ] --END-- [ RunTime:0.000407s ]
ERR: 无法加载模块:Public

[ 2018-07-04T11:05:19+08:00 ] 127.0.0.1 /Public/home/images/list-ioc.png
INFO: [ app_init ] --START--
INFO: Run Behavior\BuildLiteBehavior [ RunTime:0.000014s ]
INFO: [ app_init ] --END-- [ RunTime:0.000416s ]
ERR: 无法加载模块:Public

