[ 2018-07-06T20:02:01+08:00 ] 127.0.0.1 /favicon.ico
INFO: [ app_init ] --START--
INFO: Run Behavior\BuildLiteBehavior [ RunTime:0.000038s ]
INFO: [ app_init ] --END-- [ RunTime:0.000711s ]
ERR: 无法加载模块:Favicon

[ 2018-07-06T20:02:15+08:00 ] 127.0.0.1 /picture/20151231100738454.jpg
INFO: [ app_init ] --START--
INFO: Run Behavior\BuildLiteBehavior [ RunTime:0.000017s ]
INFO: [ app_init ] --END-- [ RunTime:0.000604s ]
ERR: 无法加载模块:Picture

[ 2018-07-06T20:02:15+08:00 ] 127.0.0.1 /picture/20151231101301118.jpg
INFO: [ app_init ] --START--
INFO: Run Behavior\BuildLiteBehavior [ RunTime:0.000038s ]
INFO: [ app_init ] --END-- [ RunTime:0.001217s ]
ERR: 无法加载模块:Picture

[ 2018-07-06T20:02:15+08:00 ] 127.0.0.1 /picture/20151231100655644.jpg
INFO: [ app_init ] --START--
INFO: Run Behavior\BuildLiteBehavior [ RunTime:0.000041s ]
INFO: [ app_init ] --END-- [ RunTime:0.001303s ]
ERR: 无法加载模块:Picture

[ 2018-07-06T20:02:15+08:00 ] 127.0.0.1 /picture/20151231101232107.jpg
INFO: [ app_init ] --START--
INFO: Run Behavior\BuildLiteBehavior [ RunTime:0.000018s ]
INFO: [ app_init ] --END-- [ RunTime:0.000650s ]
ERR: 无法加载模块:Picture

[ 2018-07-06T20:02:15+08:00 ] 127.0.0.1 /picture/20151231100423959.jpg
INFO: [ app_init ] --START--
INFO: Run Behavior\BuildLiteBehavior [ RunTime:0.000015s ]
INFO: [ app_init ] --END-- [ RunTime:0.001851s ]
ERR: 无法加载模块:Picture

[ 2018-07-06T20:02:15+08:00 ] 127.0.0.1 /picture/20151231100245249.jpg
INFO: [ app_init ] --START--
INFO: Run Behavior\BuildLiteBehavior [ RunTime:0.000016s ]
INFO: [ app_init ] --END-- [ RunTime:0.000502s ]
ERR: 无法加载模块:Picture

[ 2018-07-06T20:02:15+08:00 ] 127.0.0.1 /picture/20151231100127748.jpg
INFO: [ app_init ] --START--
INFO: Run Behavior\BuildLiteBehavior [ RunTime:0.000016s ]
INFO: [ app_init ] --END-- [ RunTime:0.000509s ]
ERR: 无法加载模块:Picture

[ 2018-07-06T20:02:15+08:00 ] 127.0.0.1 /picture/20151231100213901.jpg
INFO: [ app_init ] --START--
INFO: Run Behavior\BuildLiteBehavior [ RunTime:0.000018s ]
INFO: [ app_init ] --END-- [ RunTime:0.000693s ]
ERR: 无法加载模块:Picture

[ 2018-07-06T20:02:15+08:00 ] 127.0.0.1 /picture/20151231100046442.jpg
INFO: [ app_init ] --START--
INFO: Run Behavior\BuildLiteBehavior [ RunTime:0.000017s ]
INFO: [ app_init ] --END-- [ RunTime:0.000618s ]
ERR: 无法加载模块:Picture

[ 2018-07-06T20:02:15+08:00 ] 127.0.0.1 /picture/20151231095903120.jpg
INFO: [ app_init ] --START--
INFO: Run Behavior\BuildLiteBehavior [ RunTime:0.000040s ]
INFO: [ app_init ] --END-- [ RunTime:0.001220s ]
ERR: 无法加载模块:Picture

[ 2018-07-06T20:02:15+08:00 ] 127.0.0.1 /picture/20151231095733340.jpg
INFO: [ app_init ] --START--
INFO: Run Behavior\BuildLiteBehavior [ RunTime:0.000044s ]
INFO: [ app_init ] --END-- [ RunTime:0.002780s ]
ERR: 无法加载模块:Picture

[ 2018-07-06T20:02:15+08:00 ] 127.0.0.1 /picture/20151231095549257.jpg
INFO: [ app_init ] --START--
INFO: Run Behavior\BuildLiteBehavior [ RunTime:0.000050s ]
INFO: [ app_init ] --END-- [ RunTime:0.001643s ]
ERR: 无法加载模块:Picture

[ 2018-07-06T20:02:15+08:00 ] 127.0.0.1 /picture/20151231095824123.jpg
INFO: [ app_init ] --START--
INFO: Run Behavior\BuildLiteBehavior [ RunTime:0.000040s ]
INFO: [ app_init ] --END-- [ RunTime:0.001234s ]
ERR: 无法加载模块:Picture

[ 2018-07-06T20:02:15+08:00 ] 127.0.0.1 /picture/20151231093143656.jpg
INFO: [ app_init ] --START--
INFO: Run Behavior\BuildLiteBehavior [ RunTime:0.000021s ]
INFO: [ app_init ] --END-- [ RunTime:0.000627s ]
ERR: 无法加载模块:Picture

[ 2018-07-06T20:02:15+08:00 ] 127.0.0.1 /picture/thumb_100_100_20180628111447513.jpg
INFO: [ app_init ] --START--
INFO: Run Behavior\BuildLiteBehavior [ RunTime:0.000021s ]
INFO: [ app_init ] --END-- [ RunTime:0.000643s ]
ERR: 无法加载模块:Picture

[ 2018-07-06T20:02:15+08:00 ] 127.0.0.1 /picture/thumb_100_100_ybj_lc_001.jpg
INFO: [ app_init ] --START--
INFO: Run Behavior\BuildLiteBehavior [ RunTime:0.000016s ]
INFO: [ app_init ] --END-- [ RunTime:0.000536s ]
ERR: 无法加载模块:Picture

[ 2018-07-06T20:02:15+08:00 ] 127.0.0.1 /picture/thumb_100_100_ybj_zgh_001.jpg
INFO: [ app_init ] --START--
INFO: Run Behavior\BuildLiteBehavior [ RunTime:0.000015s ]
INFO: [ app_init ] --END-- [ RunTime:0.000451s ]
ERR: 无法加载模块:Picture

[ 2018-07-06T20:02:15+08:00 ] 127.0.0.1 /picture/thumb_100_100_lmj_cx_001.jpg
INFO: [ app_init ] --START--
INFO: Run Behavior\BuildLiteBehavior [ RunTime:0.000015s ]
INFO: [ app_init ] --END-- [ RunTime:0.000455s ]
ERR: 无法加载模块:Picture

[ 2018-07-06T20:02:15+08:00 ] 127.0.0.1 /picture/thumb_100_100_ybj_hkfg_001.jpg
INFO: [ app_init ] --START--
INFO: Run Behavior\BuildLiteBehavior [ RunTime:0.000015s ]
INFO: [ app_init ] --END-- [ RunTime:0.000447s ]
ERR: 无法加载模块:Picture

[ 2018-07-06T20:02:15+08:00 ] 127.0.0.1 /picture/thumb_100_100_ybj_fx_001.jpg
INFO: [ app_init ] --START--
INFO: Run Behavior\BuildLiteBehavior [ RunTime:0.000015s ]
INFO: [ app_init ] --END-- [ RunTime:0.000483s ]
ERR: 无法加载模块:Picture

[ 2018-07-06T20:02:15+08:00 ] 127.0.0.1 /picture/thumb_100_100_lm_dq_001.jpg
INFO: [ app_init ] --START--
INFO: Run Behavior\BuildLiteBehavior [ RunTime:0.000012s ]
INFO: [ app_init ] --END-- [ RunTime:0.000368s ]
ERR: 无法加载模块:Picture

[ 2018-07-06T20:02:16+08:00 ] 127.0.0.1 /picture/thumb_100_100_hj_375_001.jpg
INFO: [ app_init ] --START--
INFO: Run Behavior\BuildLiteBehavior [ RunTime:0.000041s ]
INFO: [ app_init ] --END-- [ RunTime:0.001328s ]
ERR: 无法加载模块:Picture

[ 2018-07-06T20:02:16+08:00 ] 127.0.0.1 /picture/thumb_100_100_gzdq_80_001.jpg
INFO: [ app_init ] --START--
INFO: Run Behavior\BuildLiteBehavior [ RunTime:0.000037s ]
INFO: [ app_init ] --END-- [ RunTime:0.001393s ]
ERR: 无法加载模块:Picture

[ 2018-07-06T20:02:16+08:00 ] 127.0.0.1 /picture/thumb_100_100_rj_368_001.jpg
INFO: [ app_init ] --START--
INFO: Run Behavior\BuildLiteBehavior [ RunTime:0.000054s ]
INFO: [ app_init ] --END-- [ RunTime:0.001262s ]
ERR: 无法加载模块:Picture

[ 2018-07-06T20:02:16+08:00 ] 127.0.0.1 /picture/thumb_100_100_gzdq_70_001.jpg
INFO: [ app_init ] --START--
INFO: Run Behavior\BuildLiteBehavior [ RunTime:0.000040s ]
INFO: [ app_init ] --END-- [ RunTime:0.001244s ]
ERR: 无法加载模块:Picture

[ 2018-07-06T20:02:16+08:00 ] 127.0.0.1 /picture/thumb_100_100_20170512094433535.jpg
INFO: [ app_init ] --START--
INFO: Run Behavior\BuildLiteBehavior [ RunTime:0.000021s ]
INFO: [ app_init ] --END-- [ RunTime:0.000849s ]
ERR: 无法加载模块:Picture

[ 2018-07-06T20:02:16+08:00 ] 127.0.0.1 /picture/thumb_100_100_wzj_js_001.jpg
INFO: [ app_init ] --START--
INFO: Run Behavior\BuildLiteBehavior [ RunTime:0.000025s ]
INFO: [ app_init ] --END-- [ RunTime:0.001782s ]
ERR: 无法加载模块:Picture

[ 2018-07-06T20:02:16+08:00 ] 127.0.0.1 /picture/thumb_100_100_gzdq_80_a01.jpg
INFO: [ app_init ] --START--
INFO: Run Behavior\BuildLiteBehavior [ RunTime:0.000017s ]
INFO: [ app_init ] --END-- [ RunTime:0.000533s ]
ERR: 无法加载模块:Picture

[ 2018-07-06T20:02:16+08:00 ] 127.0.0.1 /Public/home/images/slider-arrow.png
INFO: [ app_init ] --START--
INFO: Run Behavior\BuildLiteBehavior [ RunTime:0.000018s ]
INFO: [ app_init ] --END-- [ RunTime:0.000533s ]
ERR: 无法加载模块:Public

[ 2018-07-06T20:02:16+08:00 ] 127.0.0.1 /picture/thumb_100_100_20170512095022927.jpg
INFO: [ app_init ] --START--
INFO: Run Behavior\BuildLiteBehavior [ RunTime:0.000016s ]
INFO: [ app_init ] --END-- [ RunTime:0.000509s ]
ERR: 无法加载模块:Picture

[ 2018-07-06T20:02:16+08:00 ] 127.0.0.1 /Public/home/images/icoleft.gif
INFO: [ app_init ] --START--
INFO: Run Behavior\BuildLiteBehavior [ RunTime:0.000021s ]
INFO: [ app_init ] --END-- [ RunTime:0.000536s ]
ERR: 无法加载模块:Public

[ 2018-07-06T20:02:16+08:00 ] 127.0.0.1 /Public/home/images/icoright.gif
INFO: [ app_init ] --START--
INFO: Run Behavior\BuildLiteBehavior [ RunTime:0.000017s ]
INFO: [ app_init ] --END-- [ RunTime:0.000523s ]
ERR: 无法加载模块:Public

[ 2018-07-06T20:02:16+08:00 ] 127.0.0.1 /picture/20151231100655644.jpg
INFO: [ app_init ] --START--
INFO: Run Behavior\BuildLiteBehavior [ RunTime:0.000040s ]
INFO: [ app_init ] --END-- [ RunTime:0.001256s ]
ERR: 无法加载模块:Picture

[ 2018-07-06T20:02:16+08:00 ] 127.0.0.1 /picture/20151231100423959.jpg
INFO: [ app_init ] --START--
INFO: Run Behavior\BuildLiteBehavior [ RunTime:0.000041s ]
INFO: [ app_init ] --END-- [ RunTime:0.002898s ]
ERR: 无法加载模块:Picture

[ 2018-07-06T20:02:16+08:00 ] 127.0.0.1 /picture/20151231093143656.jpg
INFO: [ app_init ] --START--
INFO: Run Behavior\BuildLiteBehavior [ RunTime:0.000045s ]
INFO: [ app_init ] --END-- [ RunTime:0.004056s ]
ERR: 无法加载模块:Picture

[ 2018-07-06T20:02:16+08:00 ] 127.0.0.1 /picture/20151231101301118.jpg
INFO: [ app_init ] --START--
INFO: Run Behavior\BuildLiteBehavior [ RunTime:0.000028s ]
INFO: [ app_init ] --END-- [ RunTime:0.000887s ]
ERR: 无法加载模块:Picture

[ 2018-07-06T20:02:16+08:00 ] 127.0.0.1 /picture/20151231100738454.jpg
INFO: [ app_init ] --START--
INFO: Run Behavior\BuildLiteBehavior [ RunTime:0.000030s ]
INFO: [ app_init ] --END-- [ RunTime:0.001180s ]
ERR: 无法加载模块:Picture

[ 2018-07-06T20:02:16+08:00 ] 127.0.0.1 /picture/20151231100245249.jpg
INFO: [ app_init ] --START--
INFO: Run Behavior\BuildLiteBehavior [ RunTime:0.000016s ]
INFO: [ app_init ] --END-- [ RunTime:0.000499s ]
ERR: 无法加载模块:Picture

[ 2018-07-06T20:02:16+08:00 ] 127.0.0.1 /picture/20151231100213901.jpg
INFO: [ app_init ] --START--
INFO: Run Behavior\BuildLiteBehavior [ RunTime:0.000014s ]
INFO: [ app_init ] --END-- [ RunTime:0.000422s ]
ERR: 无法加载模块:Picture

[ 2018-07-06T20:02:16+08:00 ] 127.0.0.1 /picture/thumb_100_100_wzj_js_001.jpg
INFO: [ app_init ] --START--
INFO: Run Behavior\BuildLiteBehavior [ RunTime:0.000014s ]
INFO: [ app_init ] --END-- [ RunTime:0.000417s ]
ERR: 无法加载模块:Picture

[ 2018-07-06T20:02:16+08:00 ] 127.0.0.1 /picture/thumb_100_100_20180628111447513.jpg
INFO: [ app_init ] --START--
INFO: Run Behavior\BuildLiteBehavior [ RunTime:0.000013s ]
INFO: [ app_init ] --END-- [ RunTime:0.000372s ]
ERR: 无法加载模块:Picture

[ 2018-07-06T20:02:16+08:00 ] 127.0.0.1 /picture/thumb_100_100_ybj_fx_001.jpg
INFO: [ app_init ] --START--
INFO: Run Behavior\BuildLiteBehavior [ RunTime:0.000012s ]
INFO: [ app_init ] --END-- [ RunTime:0.000372s ]
ERR: 无法加载模块:Picture

[ 2018-07-06T20:02:16+08:00 ] 127.0.0.1 /picture/thumb_100_100_ybj_lc_001.jpg
INFO: [ app_init ] --START--
INFO: Run Behavior\BuildLiteBehavior [ RunTime:0.000024s ]
INFO: [ app_init ] --END-- [ RunTime:0.000480s ]
ERR: 无法加载模块:Picture

[ 2018-07-06T20:02:16+08:00 ] 127.0.0.1 /picture/20151231100127748.jpg
INFO: [ app_init ] --START--
INFO: Run Behavior\BuildLiteBehavior [ RunTime:0.000013s ]
INFO: [ app_init ] --END-- [ RunTime:0.000378s ]
ERR: 无法加载模块:Picture

[ 2018-07-06T20:02:16+08:00 ] 127.0.0.1 /picture/thumb_100_100_ybj_hkfg_001.jpg
INFO: [ app_init ] --START--
INFO: Run Behavior\BuildLiteBehavior [ RunTime:0.000014s ]
INFO: [ app_init ] --END-- [ RunTime:0.000408s ]
ERR: 无法加载模块:Picture

[ 2018-07-06T20:02:16+08:00 ] 127.0.0.1 /picture/thumb_100_100_ybj_zgh_001.jpg
INFO: [ app_init ] --START--
INFO: Run Behavior\BuildLiteBehavior [ RunTime:0.000012s ]
INFO: [ app_init ] --END-- [ RunTime:0.000378s ]
ERR: 无法加载模块:Picture

[ 2018-07-06T20:02:16+08:00 ] 127.0.0.1 /picture/20151231101232107.jpg
INFO: [ app_init ] --START--
INFO: Run Behavior\BuildLiteBehavior [ RunTime:0.000014s ]
INFO: [ app_init ] --END-- [ RunTime:0.000758s ]
ERR: 无法加载模块:Picture

[ 2018-07-06T20:02:16+08:00 ] 127.0.0.1 /picture/thumb_100_100_lm_dq_001.jpg
INFO: [ app_init ] --START--
INFO: Run Behavior\BuildLiteBehavior [ RunTime:0.000013s ]
INFO: [ app_init ] --END-- [ RunTime:0.000392s ]
ERR: 无法加载模块:Picture

[ 2018-07-06T20:02:16+08:00 ] 127.0.0.1 /picture/thumb_100_100_lmj_cx_001.jpg
INFO: [ app_init ] --START--
INFO: Run Behavior\BuildLiteBehavior [ RunTime:0.000015s ]
INFO: [ app_init ] --END-- [ RunTime:0.000494s ]
ERR: 无法加载模块:Picture

[ 2018-07-06T20:02:16+08:00 ] 127.0.0.1 /picture/thumb_100_100_rj_368_001.jpg
INFO: [ app_init ] --START--
INFO: Run Behavior\BuildLiteBehavior [ RunTime:0.000019s ]
INFO: [ app_init ] --END-- [ RunTime:0.000492s ]
ERR: 无法加载模块:Picture

[ 2018-07-06T20:02:30+08:00 ] 127.0.0.1 /Public/home/images/list-ioc.png
INFO: [ app_init ] --START--
INFO: Run Behavior\BuildLiteBehavior [ RunTime:0.000013s ]
INFO: [ app_init ] --END-- [ RunTime:0.000405s ]
ERR: 无法加载模块:Public

[ 2018-07-06T20:05:40+08:00 ] 127.0.0.1 /Public/home/images/list-ioc.png
INFO: [ app_init ] --START--
INFO: Run Behavior\BuildLiteBehavior [ RunTime:0.000015s ]
INFO: [ app_init ] --END-- [ RunTime:0.000395s ]
ERR: 无法加载模块:Public

[ 2018-07-06T20:06:51+08:00 ] 127.0.0.1 /Public/home/images/list-ioc.png
INFO: [ app_init ] --START--
INFO: Run Behavior\BuildLiteBehavior [ RunTime:0.000022s ]
INFO: [ app_init ] --END-- [ RunTime:0.000425s ]
ERR: 无法加载模块:Public

[ 2018-07-06T20:07:05+08:00 ] 127.0.0.1 /Public/home/images/list-ioc.png
INFO: [ app_init ] --START--
INFO: Run Behavior\BuildLiteBehavior [ RunTime:0.000051s ]
INFO: [ app_init ] --END-- [ RunTime:0.001542s ]
ERR: 无法加载模块:Public

[ 2018-07-06T20:15:44+08:00 ] 127.0.0.1 /Public/home/css/city-picker.css
INFO: [ app_init ] --START--
INFO: Run Behavior\BuildLiteBehavior [ RunTime:0.000027s ]
INFO: [ app_init ] --END-- [ RunTime:0.000653s ]
ERR: 无法加载模块:Public

[ 2018-07-06T20:15:48+08:00 ] 127.0.0.1 /Public/home/css/city-picker.css
INFO: [ app_init ] --START--
INFO: Run Behavior\BuildLiteBehavior [ RunTime:0.000019s ]
INFO: [ app_init ] --END-- [ RunTime:0.000595s ]
ERR: 无法加载模块:Public

[ 2018-07-06T20:15:57+08:00 ] 127.0.0.1 /Public/home/css/city-picker.css
INFO: [ app_init ] --START--
INFO: Run Behavior\BuildLiteBehavior [ RunTime:0.000017s ]
INFO: [ app_init ] --END-- [ RunTime:0.000527s ]
ERR: 无法加载模块:Public

[ 2018-07-06T20:16:02+08:00 ] 127.0.0.1 /Public/home/css/city-picker.css
INFO: [ app_init ] --START--
INFO: Run Behavior\BuildLiteBehavior [ RunTime:0.000035s ]
INFO: [ app_init ] --END-- [ RunTime:0.001091s ]
ERR: 无法加载模块:Public

[ 2018-07-06T20:17:34+08:00 ] 127.0.0.1 /Public/home/css/city-picker.css
INFO: [ app_init ] --START--
INFO: Run Behavior\BuildLiteBehavior [ RunTime:0.000031s ]
INFO: [ app_init ] --END-- [ RunTime:0.000604s ]
ERR: 无法加载模块:Public

[ 2018-07-06T20:17:40+08:00 ] 127.0.0.1 /Public/home/css/city-picker.css
INFO: [ app_init ] --START--
INFO: Run Behavior\BuildLiteBehavior [ RunTime:0.000013s ]
INFO: [ app_init ] --END-- [ RunTime:0.000409s ]
ERR: 无法加载模块:Public

[ 2018-07-06T20:22:44+08:00 ] 127.0.0.1 /Public/home/images/input.png
INFO: [ app_init ] --START--
INFO: Run Behavior\BuildLiteBehavior [ RunTime:0.000016s ]
INFO: [ app_init ] --END-- [ RunTime:0.000450s ]
ERR: 无法加载模块:Public

[ 2018-07-06T20:23:20+08:00 ] 127.0.0.1 /index.php?m=guestbook&c=index&a=complain
INFO: [ app_init ] --START--
INFO: Run Behavior\BuildLiteBehavior [ RunTime:0.000037s ]
INFO: [ app_init ] --END-- [ RunTime:0.001324s ]
ERR: 无法加载模块:Guestbook

[ 2018-07-06T20:24:34+08:00 ] 127.0.0.1 /Public/home/images/input.png
INFO: [ app_init ] --START--
INFO: Run Behavior\BuildLiteBehavior [ RunTime:0.000016s ]
INFO: [ app_init ] --END-- [ RunTime:0.000429s ]
ERR: 无法加载模块:Public

[ 2018-07-06T20:32:11+08:00 ] 127.0.0.1 /Public/home/images/list-ioc.png
INFO: [ app_init ] --START--
INFO: Run Behavior\BuildLiteBehavior [ RunTime:0.000018s ]
INFO: [ app_init ] --END-- [ RunTime:0.000527s ]
ERR: 无法加载模块:Public

[ 2018-07-06T20:36:40+08:00 ] 127.0.0.1 /Portals/1/image/d-2.gif
INFO: [ app_init ] --START--
INFO: Run Behavior\BuildLiteBehavior [ RunTime:0.000022s ]
INFO: [ app_init ] --END-- [ RunTime:0.000564s ]
ERR: 无法加载模块:Portals

[ 2018-07-06T20:37:49+08:00 ] 127.0.0.1 /Portals/1/image/d-2.gif
INFO: [ app_init ] --START--
INFO: Run Behavior\BuildLiteBehavior [ RunTime:0.000017s ]
INFO: [ app_init ] --END-- [ RunTime:0.010483s ]
ERR: 无法加载模块:Portals

[ 2018-07-06T20:49:41+08:00 ] 127.0.0.1 /Public/home/images/input.png
INFO: [ app_init ] --START--
INFO: Run Behavior\BuildLiteBehavior [ RunTime:0.000017s ]
INFO: [ app_init ] --END-- [ RunTime:0.000472s ]
ERR: 无法加载模块:Public

[ 2018-07-06T20:54:09+08:00 ] 127.0.0.1 /Public/home/images/input.png
INFO: [ app_init ] --START--
INFO: Run Behavior\BuildLiteBehavior [ RunTime:0.000016s ]
INFO: [ app_init ] --END-- [ RunTime:0.000434s ]
ERR: 无法加载模块:Public

[ 2018-07-06T21:26:06+08:00 ] 127.0.0.1 /Portals/1/image/d-2.gif
INFO: [ app_init ] --START--
INFO: Run Behavior\BuildLiteBehavior [ RunTime:0.000014s ]
INFO: [ app_init ] --END-- [ RunTime:0.000395s ]
ERR: 无法加载模块:Portals

[ 2018-07-06T21:27:45+08:00 ] 127.0.0.1 /Portals/1/image/d-2.gif
INFO: [ app_init ] --START--
INFO: Run Behavior\BuildLiteBehavior [ RunTime:0.000022s ]
INFO: [ app_init ] --END-- [ RunTime:0.000686s ]
ERR: 无法加载模块:Portals

[ 2018-07-06T21:29:03+08:00 ] 127.0.0.1 /Portals/1/image/d-2.gif
INFO: [ app_init ] --START--
INFO: Run Behavior\BuildLiteBehavior [ RunTime:0.000016s ]
INFO: [ app_init ] --END-- [ RunTime:0.000465s ]
ERR: 无法加载模块:Portals

[ 2018-07-06T21:30:43+08:00 ] 127.0.0.1 /Portals/1/image/d-2.gif
INFO: [ app_init ] --START--
INFO: Run Behavior\BuildLiteBehavior [ RunTime:0.000014s ]
INFO: [ app_init ] --END-- [ RunTime:0.000418s ]
ERR: 无法加载模块:Portals

[ 2018-07-06T21:34:46+08:00 ] 127.0.0.1 /Public/home/images/list-ioc.png
INFO: [ app_init ] --START--
INFO: Run Behavior\BuildLiteBehavior [ RunTime:0.000016s ]
INFO: [ app_init ] --END-- [ RunTime:0.000406s ]
ERR: 无法加载模块:Public

[ 2018-07-06T21:35:50+08:00 ] 127.0.0.1 /Public/home/images/list-ioc.png
INFO: [ app_init ] --START--
INFO: Run Behavior\BuildLiteBehavior [ RunTime:0.000016s ]
INFO: [ app_init ] --END-- [ RunTime:0.000472s ]
ERR: 无法加载模块:Public

[ 2018-07-06T21:35:53+08:00 ] 127.0.0.1 /Portals/1/image/d-2.gif
INFO: [ app_init ] --START--
INFO: Run Behavior\BuildLiteBehavior [ RunTime:0.000014s ]
INFO: [ app_init ] --END-- [ RunTime:0.000398s ]
ERR: 无法加载模块:Portals

[ 2018-07-06T21:43:08+08:00 ] 127.0.0.1 /Portals/1/image/d-2.gif
INFO: [ app_init ] --START--
INFO: Run Behavior\BuildLiteBehavior [ RunTime:0.000036s ]
INFO: [ app_init ] --END-- [ RunTime:0.000764s ]
ERR: 无法加载模块:Portals

[ 2018-07-06T21:49:47+08:00 ] 127.0.0.1 /Portals/1/image/d-2.gif
INFO: [ app_init ] --START--
INFO: Run Behavior\BuildLiteBehavior [ RunTime:0.000027s ]
INFO: [ app_init ] --END-- [ RunTime:0.000773s ]
ERR: 无法加载模块:Portals

[ 2018-07-06T21:53:47+08:00 ] 127.0.0.1 /picture/20151231100738454.jpg
INFO: [ app_init ] --START--
INFO: Run Behavior\BuildLiteBehavior [ RunTime:0.000030s ]
INFO: [ app_init ] --END-- [ RunTime:0.000547s ]
ERR: 无法加载模块:Picture

[ 2018-07-06T21:53:47+08:00 ] 127.0.0.1 /picture/20151231100655644.jpg
INFO: [ app_init ] --START--
INFO: Run Behavior\BuildLiteBehavior [ RunTime:0.000016s ]
INFO: [ app_init ] --END-- [ RunTime:0.000474s ]
ERR: 无法加载模块:Picture

[ 2018-07-06T21:53:47+08:00 ] 127.0.0.1 /picture/20151231100245249.jpg
INFO: [ app_init ] --START--
INFO: Run Behavior\BuildLiteBehavior [ RunTime:0.000014s ]
INFO: [ app_init ] --END-- [ RunTime:0.000418s ]
ERR: 无法加载模块:Picture

[ 2018-07-06T21:53:47+08:00 ] 127.0.0.1 /picture/20151231101301118.jpg
INFO: [ app_init ] --START--
INFO: Run Behavior\BuildLiteBehavior [ RunTime:0.000023s ]
INFO: [ app_init ] --END-- [ RunTime:0.000474s ]
ERR: 无法加载模块:Picture

[ 2018-07-06T21:53:47+08:00 ] 127.0.0.1 /picture/20151231100423959.jpg
INFO: [ app_init ] --START--
INFO: Run Behavior\BuildLiteBehavior [ RunTime:0.000032s ]
INFO: [ app_init ] --END-- [ RunTime:0.000755s ]
ERR: 无法加载模块:Picture

[ 2018-07-06T21:53:47+08:00 ] 127.0.0.1 /picture/20151231101232107.jpg
INFO: [ app_init ] --START--
INFO: Run Behavior\BuildLiteBehavior [ RunTime:0.000017s ]
INFO: [ app_init ] --END-- [ RunTime:0.000555s ]
ERR: 无法加载模块:Picture

[ 2018-07-06T21:53:47+08:00 ] 127.0.0.1 /picture/20151231100127748.jpg
INFO: [ app_init ] --START--
INFO: Run Behavior\BuildLiteBehavior [ RunTime:0.000015s ]
INFO: [ app_init ] --END-- [ RunTime:0.000399s ]
ERR: 无法加载模块:Picture

[ 2018-07-06T21:53:47+08:00 ] 127.0.0.1 /picture/20151231100213901.jpg
INFO: [ app_init ] --START--
INFO: Run Behavior\BuildLiteBehavior [ RunTime:0.000014s ]
INFO: [ app_init ] --END-- [ RunTime:0.000392s ]
ERR: 无法加载模块:Picture

[ 2018-07-06T21:53:47+08:00 ] 127.0.0.1 /picture/20151231100046442.jpg
INFO: [ app_init ] --START--
INFO: Run Behavior\BuildLiteBehavior [ RunTime:0.000014s ]
INFO: [ app_init ] --END-- [ RunTime:0.000404s ]
ERR: 无法加载模块:Picture

[ 2018-07-06T21:53:47+08:00 ] 127.0.0.1 /picture/20151231095903120.jpg
INFO: [ app_init ] --START--
INFO: Run Behavior\BuildLiteBehavior [ RunTime:0.000014s ]
INFO: [ app_init ] --END-- [ RunTime:0.000402s ]
ERR: 无法加载模块:Picture

[ 2018-07-06T21:53:47+08:00 ] 127.0.0.1 /picture/20151231095824123.jpg
INFO: [ app_init ] --START--
INFO: Run Behavior\BuildLiteBehavior [ RunTime:0.000015s ]
INFO: [ app_init ] --END-- [ RunTime:0.000398s ]
ERR: 无法加载模块:Picture

[ 2018-07-06T21:53:47+08:00 ] 127.0.0.1 /picture/20151231095733340.jpg
INFO: [ app_init ] --START--
INFO: Run Behavior\BuildLiteBehavior [ RunTime:0.000014s ]
INFO: [ app_init ] --END-- [ RunTime:0.000397s ]
ERR: 无法加载模块:Picture

[ 2018-07-06T21:53:47+08:00 ] 127.0.0.1 /picture/thumb_100_100_20180628111447513.jpg
INFO: [ app_init ] --START--
INFO: Run Behavior\BuildLiteBehavior [ RunTime:0.000014s ]
INFO: [ app_init ] --END-- [ RunTime:0.000491s ]
ERR: 无法加载模块:Picture

[ 2018-07-06T21:53:47+08:00 ] 127.0.0.1 /picture/20151231095549257.jpg
INFO: [ app_init ] --START--
INFO: Run Behavior\BuildLiteBehavior [ RunTime:0.000014s ]
INFO: [ app_init ] --END-- [ RunTime:0.000437s ]
ERR: 无法加载模块:Picture

[ 2018-07-06T21:53:47+08:00 ] 127.0.0.1 /picture/thumb_100_100_ybj_fx_001.jpg
INFO: [ app_init ] --START--
INFO: Run Behavior\BuildLiteBehavior [ RunTime:0.000014s ]
INFO: [ app_init ] --END-- [ RunTime:0.000400s ]
ERR: 无法加载模块:Picture

[ 2018-07-06T21:53:47+08:00 ] 127.0.0.1 /picture/20151231093143656.jpg
INFO: [ app_init ] --START--
INFO: Run Behavior\BuildLiteBehavior [ RunTime:0.000014s ]
INFO: [ app_init ] --END-- [ RunTime:0.000400s ]
ERR: 无法加载模块:Picture

[ 2018-07-06T21:53:47+08:00 ] 127.0.0.1 /picture/thumb_100_100_ybj_lc_001.jpg
INFO: [ app_init ] --START--
INFO: Run Behavior\BuildLiteBehavior [ RunTime:0.000015s ]
INFO: [ app_init ] --END-- [ RunTime:0.000402s ]
ERR: 无法加载模块:Picture

[ 2018-07-06T21:53:47+08:00 ] 127.0.0.1 /picture/thumb_100_100_ybj_hkfg_001.jpg
INFO: [ app_init ] --START--
INFO: Run Behavior\BuildLiteBehavior [ RunTime:0.000015s ]
INFO: [ app_init ] --END-- [ RunTime:0.001098s ]
ERR: 无法加载模块:Picture

[ 2018-07-06T21:53:47+08:00 ] 127.0.0.1 /picture/thumb_100_100_lmj_cx_001.jpg
INFO: [ app_init ] --START--
INFO: Run Behavior\BuildLiteBehavior [ RunTime:0.000015s ]
INFO: [ app_init ] --END-- [ RunTime:0.000464s ]
ERR: 无法加载模块:Picture

[ 2018-07-06T21:53:47+08:00 ] 127.0.0.1 /picture/thumb_100_100_lm_dq_001.jpg
INFO: [ app_init ] --START--
INFO: Run Behavior\BuildLiteBehavior [ RunTime:0.000014s ]
INFO: [ app_init ] --END-- [ RunTime:0.000512s ]
ERR: 无法加载模块:Picture

[ 2018-07-06T21:53:47+08:00 ] 127.0.0.1 /picture/thumb_100_100_hj_375_001.jpg
INFO: [ app_init ] --START--
INFO: Run Behavior\BuildLiteBehavior [ RunTime:0.000022s ]
INFO: [ app_init ] --END-- [ RunTime:0.000465s ]
ERR: 无法加载模块:Picture

[ 2018-07-06T21:53:47+08:00 ] 127.0.0.1 /picture/thumb_100_100_rj_368_001.jpg
INFO: [ app_init ] --START--
INFO: Run Behavior\BuildLiteBehavior [ RunTime:0.000020s ]
INFO: [ app_init ] --END-- [ RunTime:0.000570s ]
ERR: 无法加载模块:Picture

[ 2018-07-06T21:53:47+08:00 ] 127.0.0.1 /picture/thumb_100_100_gzdq_80_001.jpg
INFO: [ app_init ] --START--
INFO: Run Behavior\BuildLiteBehavior [ RunTime:0.000015s ]
INFO: [ app_init ] --END-- [ RunTime:0.000406s ]
ERR: 无法加载模块:Picture

[ 2018-07-06T21:53:47+08:00 ] 127.0.0.1 /picture/thumb_100_100_gzdq_80_a01.jpg
INFO: [ app_init ] --START--
INFO: Run Behavior\BuildLiteBehavior [ RunTime:0.000016s ]
INFO: [ app_init ] --END-- [ RunTime:0.002063s ]
ERR: 无法加载模块:Picture

[ 2018-07-06T21:53:47+08:00 ] 127.0.0.1 /picture/thumb_100_100_gzdq_70_001.jpg
INFO: [ app_init ] --START--
INFO: Run Behavior\BuildLiteBehavior [ RunTime:0.000014s ]
INFO: [ app_init ] --END-- [ RunTime:0.000411s ]
ERR: 无法加载模块:Picture

[ 2018-07-06T21:53:47+08:00 ] 127.0.0.1 /picture/thumb_100_100_20170512095022927.jpg
INFO: [ app_init ] --START--
INFO: Run Behavior\BuildLiteBehavior [ RunTime:0.000013s ]
INFO: [ app_init ] --END-- [ RunTime:0.000396s ]
ERR: 无法加载模块:Picture

[ 2018-07-06T21:53:47+08:00 ] 127.0.0.1 /picture/thumb_100_100_wzj_js_001.jpg
INFO: [ app_init ] --START--
INFO: Run Behavior\BuildLiteBehavior [ RunTime:0.000013s ]
INFO: [ app_init ] --END-- [ RunTime:0.000393s ]
ERR: 无法加载模块:Picture

[ 2018-07-06T21:53:47+08:00 ] 127.0.0.1 /Public/home/images/icoleft.gif
INFO: [ app_init ] --START--
INFO: Run Behavior\BuildLiteBehavior [ RunTime:0.000013s ]
INFO: [ app_init ] --END-- [ RunTime:0.000383s ]
ERR: 无法加载模块:Public

[ 2018-07-06T21:53:47+08:00 ] 127.0.0.1 /Public/home/images/slider-arrow.png
INFO: [ app_init ] --START--
INFO: Run Behavior\BuildLiteBehavior [ RunTime:0.000012s ]
INFO: [ app_init ] --END-- [ RunTime:0.000392s ]
ERR: 无法加载模块:Public

[ 2018-07-06T21:53:47+08:00 ] 127.0.0.1 /Public/home/images/icoright.gif
INFO: [ app_init ] --START--
INFO: Run Behavior\BuildLiteBehavior [ RunTime:0.000016s ]
INFO: [ app_init ] --END-- [ RunTime:0.000408s ]
ERR: 无法加载模块:Public

[ 2018-07-06T21:53:47+08:00 ] 127.0.0.1 /picture/thumb_100_100_20170512094433535.jpg
INFO: [ app_init ] --START--
INFO: Run Behavior\BuildLiteBehavior [ RunTime:0.000020s ]
INFO: [ app_init ] --END-- [ RunTime:0.000677s ]
ERR: 无法加载模块:Picture

[ 2018-07-06T21:53:47+08:00 ] 127.0.0.1 /picture/20151231100738454.jpg
INFO: [ app_init ] --START--
INFO: Run Behavior\BuildLiteBehavior [ RunTime:0.000015s ]
INFO: [ app_init ] --END-- [ RunTime:0.000394s ]
ERR: 无法加载模块:Picture

[ 2018-07-06T21:53:47+08:00 ] 127.0.0.1 /picture/20151231101232107.jpg
INFO: [ app_init ] --START--
INFO: Run Behavior\BuildLiteBehavior [ RunTime:0.000013s ]
INFO: [ app_init ] --END-- [ RunTime:0.000404s ]
ERR: 无法加载模块:Picture

[ 2018-07-06T21:53:47+08:00 ] 127.0.0.1 /picture/20151231100423959.jpg
INFO: [ app_init ] --START--
INFO: Run Behavior\BuildLiteBehavior [ RunTime:0.000013s ]
INFO: [ app_init ] --END-- [ RunTime:0.000403s ]
ERR: 无法加载模块:Picture

[ 2018-07-06T21:53:47+08:00 ] 127.0.0.1 /picture/20151231100245249.jpg
INFO: [ app_init ] --START--
INFO: Run Behavior\BuildLiteBehavior [ RunTime:0.000013s ]
INFO: [ app_init ] --END-- [ RunTime:0.000408s ]
ERR: 无法加载模块:Picture

[ 2018-07-06T21:53:47+08:00 ] 127.0.0.1 /picture/20151231100655644.jpg
INFO: [ app_init ] --START--
INFO: Run Behavior\BuildLiteBehavior [ RunTime:0.000016s ]
INFO: [ app_init ] --END-- [ RunTime:0.000448s ]
ERR: 无法加载模块:Picture

[ 2018-07-06T21:53:47+08:00 ] 127.0.0.1 /picture/20151231101301118.jpg
INFO: [ app_init ] --START--
INFO: Run Behavior\BuildLiteBehavior [ RunTime:0.000036s ]
INFO: [ app_init ] --END-- [ RunTime:0.000494s ]
ERR: 无法加载模块:Picture

[ 2018-07-06T21:53:47+08:00 ] 127.0.0.1 /picture/thumb_100_100_20180628111447513.jpg
INFO: [ app_init ] --START--
INFO: Run Behavior\BuildLiteBehavior [ RunTime:0.000015s ]
INFO: [ app_init ] --END-- [ RunTime:0.000406s ]
ERR: 无法加载模块:Picture

[ 2018-07-06T21:53:47+08:00 ] 127.0.0.1 /picture/20151231100213901.jpg
INFO: [ app_init ] --START--
INFO: Run Behavior\BuildLiteBehavior [ RunTime:0.000026s ]
INFO: [ app_init ] --END-- [ RunTime:0.000561s ]
ERR: 无法加载模块:Picture

[ 2018-07-06T21:53:47+08:00 ] 127.0.0.1 /picture/20151231100127748.jpg
INFO: [ app_init ] --START--
INFO: Run Behavior\BuildLiteBehavior [ RunTime:0.000014s ]
INFO: [ app_init ] --END-- [ RunTime:0.000415s ]
ERR: 无法加载模块:Picture

[ 2018-07-06T23:31:27+08:00 ] 127.0.0.1 /picture/20151231100738454.jpg
INFO: [ app_init ] --START--
INFO: Run Behavior\BuildLiteBehavior [ RunTime:0.000041s ]
INFO: [ app_init ] --END-- [ RunTime:0.001269s ]
ERR: 无法加载模块:Picture

[ 2018-07-06T23:31:28+08:00 ] 127.0.0.1 /picture/20151231100127748.jpg
INFO: [ app_init ] --START--
INFO: Run Behavior\BuildLiteBehavior [ RunTime:0.000042s ]
INFO: [ app_init ] --END-- [ RunTime:0.001393s ]
ERR: 无法加载模块:Picture

[ 2018-07-06T23:31:28+08:00 ] 127.0.0.1 /picture/20151231100423959.jpg
INFO: [ app_init ] --START--
INFO: Run Behavior\BuildLiteBehavior [ RunTime:0.000045s ]
INFO: [ app_init ] --END-- [ RunTime:0.001842s ]
ERR: 无法加载模块:Picture

[ 2018-07-06T23:31:28+08:00 ] 127.0.0.1 /picture/20151231101232107.jpg
INFO: [ app_init ] --START--
INFO: Run Behavior\BuildLiteBehavior [ RunTime:0.000049s ]
INFO: [ app_init ] --END-- [ RunTime:0.001746s ]
ERR: 无法加载模块:Picture

[ 2018-07-06T23:31:28+08:00 ] 127.0.0.1 /picture/20151231100213901.jpg
INFO: [ app_init ] --START--
INFO: Run Behavior\BuildLiteBehavior [ RunTime:0.000051s ]
INFO: [ app_init ] --END-- [ RunTime:0.001333s ]
ERR: 无法加载模块:Picture

[ 2018-07-06T23:31:28+08:00 ] 127.0.0.1 /picture/20151231100655644.jpg
INFO: [ app_init ] --START--
INFO: Run Behavior\BuildLiteBehavior [ RunTime:0.000040s ]
INFO: [ app_init ] --END-- [ RunTime:0.031045s ]
ERR: 无法加载模块:Picture

[ 2018-07-06T23:31:28+08:00 ] 127.0.0.1 /picture/20151231100245249.jpg
INFO: [ app_init ] --START--
INFO: Run Behavior\BuildLiteBehavior [ RunTime:0.000045s ]
INFO: [ app_init ] --END-- [ RunTime:0.002822s ]
ERR: 无法加载模块:Picture

[ 2018-07-06T23:31:28+08:00 ] 127.0.0.1 /picture/20151231101301118.jpg
INFO: [ app_init ] --START--
INFO: Run Behavior\BuildLiteBehavior [ RunTime:0.000048s ]
INFO: [ app_init ] --END-- [ RunTime:0.002242s ]
ERR: 无法加载模块:Picture

[ 2018-07-06T23:31:28+08:00 ] 127.0.0.1 /picture/20151231095903120.jpg
INFO: [ app_init ] --START--
INFO: Run Behavior\BuildLiteBehavior [ RunTime:0.000042s ]
INFO: [ app_init ] --END-- [ RunTime:0.001423s ]
ERR: 无法加载模块:Picture

[ 2018-07-06T23:31:28+08:00 ] 127.0.0.1 /picture/20151231100046442.jpg
INFO: [ app_init ] --START--
INFO: Run Behavior\BuildLiteBehavior [ RunTime:0.000043s ]
INFO: [ app_init ] --END-- [ RunTime:0.001567s ]
ERR: 无法加载模块:Picture

[ 2018-07-06T23:31:28+08:00 ] 127.0.0.1 /picture/20151231095733340.jpg
INFO: [ app_init ] --START--
INFO: Run Behavior\BuildLiteBehavior [ RunTime:0.000041s ]
INFO: [ app_init ] --END-- [ RunTime:0.001248s ]
ERR: 无法加载模块:Picture

[ 2018-07-06T23:31:28+08:00 ] 127.0.0.1 /picture/20151231095824123.jpg
INFO: [ app_init ] --START--
INFO: Run Behavior\BuildLiteBehavior [ RunTime:0.000043s ]
INFO: [ app_init ] --END-- [ RunTime:0.001332s ]
ERR: 无法加载模块:Picture

[ 2018-07-06T23:31:28+08:00 ] 127.0.0.1 /picture/thumb_100_100_20180628111447513.jpg
INFO: [ app_init ] --START--
INFO: Run Behavior\BuildLiteBehavior [ RunTime:0.000041s ]
INFO: [ app_init ] --END-- [ RunTime:0.001321s ]
ERR: 无法加载模块:Picture

[ 2018-07-06T23:31:28+08:00 ] 127.0.0.1 /picture/thumb_100_100_ybj_hkfg_001.jpg
INFO: [ app_init ] --START--
INFO: Run Behavior\BuildLiteBehavior [ RunTime:0.000042s ]
INFO: [ app_init ] --END-- [ RunTime:0.001285s ]
ERR: 无法加载模块:Picture

[ 2018-07-06T23:31:28+08:00 ] 127.0.0.1 /picture/thumb_100_100_ybj_zgh_001.jpg
INFO: [ app_init ] --START--
INFO: Run Behavior\BuildLiteBehavior [ RunTime:0.000040s ]
INFO: [ app_init ] --END-- [ RunTime:0.001251s ]
ERR: 无法加载模块:Picture

[ 2018-07-06T23:31:28+08:00 ] 127.0.0.1 /picture/20151231093143656.jpg
INFO: [ app_init ] --START--
INFO: Run Behavior\BuildLiteBehavior [ RunTime:0.000041s ]
INFO: [ app_init ] --END-- [ RunTime:0.001278s ]
ERR: 无法加载模块:Picture

[ 2018-07-06T23:31:28+08:00 ] 127.0.0.1 /picture/20151231095549257.jpg
INFO: [ app_init ] --START--
INFO: Run Behavior\BuildLiteBehavior [ RunTime:0.000042s ]
INFO: [ app_init ] --END-- [ RunTime:0.001372s ]
ERR: 无法加载模块:Picture

[ 2018-07-06T23:31:28+08:00 ] 127.0.0.1 /picture/thumb_100_100_lm_dq_001.jpg
INFO: [ app_init ] --START--
INFO: Run Behavior\BuildLiteBehavior [ RunTime:0.000043s ]
INFO: [ app_init ] --END-- [ RunTime:0.001310s ]
ERR: 无法加载模块:Picture

[ 2018-07-06T23:31:28+08:00 ] 127.0.0.1 /picture/thumb_100_100_ybj_lc_001.jpg
INFO: [ app_init ] --START--
INFO: Run Behavior\BuildLiteBehavior [ RunTime:0.000040s ]
INFO: [ app_init ] --END-- [ RunTime:0.001410s ]
ERR: 无法加载模块:Picture

[ 2018-07-06T23:31:28+08:00 ] 127.0.0.1 /picture/thumb_100_100_ybj_fx_001.jpg
INFO: [ app_init ] --START--
INFO: Run Behavior\BuildLiteBehavior [ RunTime:0.000039s ]
INFO: [ app_init ] --END-- [ RunTime:0.001234s ]
ERR: 无法加载模块:Picture

[ 2018-07-06T23:31:28+08:00 ] 127.0.0.1 /picture/thumb_100_100_lmj_cx_001.jpg
INFO: [ app_init ] --START--
INFO: Run Behavior\BuildLiteBehavior [ RunTime:0.000043s ]
INFO: [ app_init ] --END-- [ RunTime:0.001903s ]
ERR: 无法加载模块:Picture

[ 2018-07-06T23:31:28+08:00 ] 127.0.0.1 /picture/thumb_100_100_gzdq_80_a01.jpg
INFO: [ app_init ] --START--
INFO: Run Behavior\BuildLiteBehavior [ RunTime:0.000041s ]
INFO: [ app_init ] --END-- [ RunTime:0.001563s ]
ERR: 无法加载模块:Picture

[ 2018-07-06T23:31:28+08:00 ] 127.0.0.1 /picture/thumb_100_100_gzdq_80_001.jpg
INFO: [ app_init ] --START--
INFO: Run Behavior\BuildLiteBehavior [ RunTime:0.000040s ]
INFO: [ app_init ] --END-- [ RunTime:0.001323s ]
ERR: 无法加载模块:Picture

[ 2018-07-06T23:31:28+08:00 ] 127.0.0.1 /picture/thumb_100_100_gzdq_70_001.jpg
INFO: [ app_init ] --START--
INFO: Run Behavior\BuildLiteBehavior [ RunTime:0.000040s ]
INFO: [ app_init ] --END-- [ RunTime:0.001276s ]
ERR: 无法加载模块:Picture

[ 2018-07-06T23:31:28+08:00 ] 127.0.0.1 /picture/thumb_100_100_rj_368_001.jpg
INFO: [ app_init ] --START--
INFO: Run Behavior\BuildLiteBehavior [ RunTime:0.000048s ]
INFO: [ app_init ] --END-- [ RunTime:0.001420s ]
ERR: 无法加载模块:Picture

[ 2018-07-06T23:31:28+08:00 ] 127.0.0.1 /picture/thumb_100_100_hj_375_001.jpg
INFO: [ app_init ] --START--
INFO: Run Behavior\BuildLiteBehavior [ RunTime:0.000042s ]
INFO: [ app_init ] --END-- [ RunTime:0.001311s ]
ERR: 无法加载模块:Picture

[ 2018-07-06T23:31:28+08:00 ] 127.0.0.1 /picture/thumb_100_100_20170512094433535.jpg
INFO: [ app_init ] --START--
INFO: Run Behavior\BuildLiteBehavior [ RunTime:0.000040s ]
INFO: [ app_init ] --END-- [ RunTime:0.001483s ]
ERR: 无法加载模块:Picture

[ 2018-07-06T23:31:28+08:00 ] 127.0.0.1 /picture/thumb_100_100_20170512095022927.jpg
INFO: [ app_init ] --START--
INFO: Run Behavior\BuildLiteBehavior [ RunTime:0.000041s ]
INFO: [ app_init ] --END-- [ RunTime:0.001293s ]
ERR: 无法加载模块:Picture

[ 2018-07-06T23:31:28+08:00 ] 127.0.0.1 /picture/20151231100738454.jpg
INFO: [ app_init ] --START--
INFO: Run Behavior\BuildLiteBehavior [ RunTime:0.000042s ]
INFO: [ app_init ] --END-- [ RunTime:0.001733s ]
ERR: 无法加载模块:Picture

[ 2018-07-06T23:31:28+08:00 ] 127.0.0.1 /picture/20151231101301118.jpg
INFO: [ app_init ] --START--
INFO: Run Behavior\BuildLiteBehavior [ RunTime:0.000045s ]
INFO: [ app_init ] --END-- [ RunTime:0.001386s ]
ERR: 无法加载模块:Picture

[ 2018-07-06T23:31:28+08:00 ] 127.0.0.1 /Public/home/images/slider-arrow.png
INFO: [ app_init ] --START--
INFO: Run Behavior\BuildLiteBehavior [ RunTime:0.000043s ]
INFO: [ app_init ] --END-- [ RunTime:0.001282s ]
ERR: 无法加载模块:Public

[ 2018-07-06T23:31:28+08:00 ] 127.0.0.1 /picture/thumb_100_100_wzj_js_001.jpg
INFO: [ app_init ] --START--
INFO: Run Behavior\BuildLiteBehavior [ RunTime:0.000040s ]
INFO: [ app_init ] --END-- [ RunTime:0.001352s ]
ERR: 无法加载模块:Picture

[ 2018-07-06T23:31:28+08:00 ] 127.0.0.1 /Public/home/images/icoright.gif
INFO: [ app_init ] --START--
INFO: Run Behavior\BuildLiteBehavior [ RunTime:0.000087s ]
INFO: [ app_init ] --END-- [ RunTime:0.002256s ]
ERR: 无法加载模块:Public

[ 2018-07-06T23:31:28+08:00 ] 127.0.0.1 /Public/home/images/icoleft.gif
INFO: [ app_init ] --START--
INFO: Run Behavior\BuildLiteBehavior [ RunTime:0.000043s ]
INFO: [ app_init ] --END-- [ RunTime:0.002461s ]
ERR: 无法加载模块:Public

[ 2018-07-06T23:31:28+08:00 ] 127.0.0.1 /picture/20151231100127748.jpg
INFO: [ app_init ] --START--
INFO: Run Behavior\BuildLiteBehavior [ RunTime:0.000041s ]
INFO: [ app_init ] --END-- [ RunTime:0.001265s ]
ERR: 无法加载模块:Picture

[ 2018-07-06T23:31:28+08:00 ] 127.0.0.1 /picture/20151231100655644.jpg
INFO: [ app_init ] --START--
INFO: Run Behavior\BuildLiteBehavior [ RunTime:0.000041s ]
INFO: [ app_init ] --END-- [ RunTime:0.001242s ]
ERR: 无法加载模块:Picture

[ 2018-07-06T23:31:28+08:00 ] 127.0.0.1 /picture/20151231100423959.jpg
INFO: [ app_init ] --START--
INFO: Run Behavior\BuildLiteBehavior [ RunTime:0.000040s ]
INFO: [ app_init ] --END-- [ RunTime:0.001239s ]
ERR: 无法加载模块:Picture

[ 2018-07-06T23:31:28+08:00 ] 127.0.0.1 /picture/20151231101232107.jpg
INFO: [ app_init ] --START--
INFO: Run Behavior\BuildLiteBehavior [ RunTime:0.000041s ]
INFO: [ app_init ] --END-- [ RunTime:0.001273s ]
ERR: 无法加载模块:Picture

[ 2018-07-06T23:31:28+08:00 ] 127.0.0.1 /picture/20151231100245249.jpg
INFO: [ app_init ] --START--
INFO: Run Behavior\BuildLiteBehavior [ RunTime:0.000046s ]
INFO: [ app_init ] --END-- [ RunTime:0.002056s ]
ERR: 无法加载模块:Picture

[ 2018-07-06T23:31:28+08:00 ] 127.0.0.1 /picture/20151231100213901.jpg
INFO: [ app_init ] --START--
INFO: Run Behavior\BuildLiteBehavior [ RunTime:0.000044s ]
INFO: [ app_init ] --END-- [ RunTime:0.001942s ]
ERR: 无法加载模块:Picture

[ 2018-07-06T23:33:43+08:00 ] 127.0.0.1 /picture/20151231100738454.jpg
INFO: [ app_init ] --START--
INFO: Run Behavior\BuildLiteBehavior [ RunTime:0.000053s ]
INFO: [ app_init ] --END-- [ RunTime:0.001283s ]
ERR: 无法加载模块:Picture

[ 2018-07-06T23:33:44+08:00 ] 127.0.0.1 /picture/20151231101301118.jpg
INFO: [ app_init ] --START--
INFO: Run Behavior\BuildLiteBehavior [ RunTime:0.000044s ]
INFO: [ app_init ] --END-- [ RunTime:0.001258s ]
ERR: 无法加载模块:Picture

[ 2018-07-06T23:33:44+08:00 ] 127.0.0.1 /picture/20151231100655644.jpg
INFO: [ app_init ] --START--
INFO: Run Behavior\BuildLiteBehavior [ RunTime:0.000070s ]
INFO: [ app_init ] --END-- [ RunTime:0.002295s ]
ERR: 无法加载模块:Picture

[ 2018-07-06T23:33:44+08:00 ] 127.0.0.1 /picture/20151231101232107.jpg
INFO: [ app_init ] --START--
INFO: Run Behavior\BuildLiteBehavior [ RunTime:0.000056s ]
INFO: [ app_init ] --END-- [ RunTime:0.004238s ]
ERR: 无法加载模块:Picture

[ 2018-07-06T23:33:44+08:00 ] 127.0.0.1 /picture/20151231100423959.jpg
INFO: [ app_init ] --START--
INFO: Run Behavior\BuildLiteBehavior [ RunTime:0.000054s ]
INFO: [ app_init ] --END-- [ RunTime:0.005453s ]
ERR: 无法加载模块:Picture

[ 2018-07-06T23:33:44+08:00 ] 127.0.0.1 /picture/20151231100213901.jpg
INFO: [ app_init ] --START--
INFO: Run Behavior\BuildLiteBehavior [ RunTime:0.000039s ]
INFO: [ app_init ] --END-- [ RunTime:0.001224s ]
ERR: 无法加载模块:Picture

[ 2018-07-06T23:33:44+08:00 ] 127.0.0.1 /picture/20151231100127748.jpg
INFO: [ app_init ] --START--
INFO: Run Behavior\BuildLiteBehavior [ RunTime:0.000055s ]
INFO: [ app_init ] --END-- [ RunTime:0.001806s ]
ERR: 无法加载模块:Picture

[ 2018-07-06T23:33:44+08:00 ] 127.0.0.1 /picture/20151231095903120.jpg
INFO: [ app_init ] --START--
INFO: Run Behavior\BuildLiteBehavior [ RunTime:0.000049s ]
INFO: [ app_init ] --END-- [ RunTime:0.002261s ]
ERR: 无法加载模块:Picture

[ 2018-07-06T23:33:44+08:00 ] 127.0.0.1 /picture/20151231100245249.jpg
INFO: [ app_init ] --START--
INFO: Run Behavior\BuildLiteBehavior [ RunTime:0.000047s ]
INFO: [ app_init ] --END-- [ RunTime:0.083413s ]
ERR: 无法加载模块:Picture

[ 2018-07-06T23:33:44+08:00 ] 127.0.0.1 /picture/20151231095824123.jpg
INFO: [ app_init ] --START--
INFO: Run Behavior\BuildLiteBehavior [ RunTime:0.000044s ]
INFO: [ app_init ] --END-- [ RunTime:0.001458s ]
ERR: 无法加载模块:Picture

[ 2018-07-06T23:33:44+08:00 ] 127.0.0.1 /picture/20151231100046442.jpg
INFO: [ app_init ] --START--
INFO: Run Behavior\BuildLiteBehavior [ RunTime:0.000059s ]
INFO: [ app_init ] --END-- [ RunTime:0.001799s ]
ERR: 无法加载模块:Picture

[ 2018-07-06T23:33:44+08:00 ] 127.0.0.1 /picture/20151231095733340.jpg
INFO: [ app_init ] --START--
INFO: Run Behavior\BuildLiteBehavior [ RunTime:0.000047s ]
INFO: [ app_init ] --END-- [ RunTime:0.001264s ]
ERR: 无法加载模块:Picture

[ 2018-07-06T23:33:44+08:00 ] 127.0.0.1 /picture/thumb_100_100_ybj_lc_001.jpg
INFO: [ app_init ] --START--
INFO: Run Behavior\BuildLiteBehavior [ RunTime:0.000042s ]
INFO: [ app_init ] --END-- [ RunTime:0.001259s ]
ERR: 无法加载模块:Picture

[ 2018-07-06T23:33:44+08:00 ] 127.0.0.1 /picture/20151231093143656.jpg
INFO: [ app_init ] --START--
INFO: Run Behavior\BuildLiteBehavior [ RunTime:0.000044s ]
INFO: [ app_init ] --END-- [ RunTime:0.105712s ]
ERR: 无法加载模块:Picture

[ 2018-07-06T23:33:44+08:00 ] 127.0.0.1 /picture/20151231095549257.jpg
INFO: [ app_init ] --START--
INFO: Run Behavior\BuildLiteBehavior [ RunTime:0.000056s ]
INFO: [ app_init ] --END-- [ RunTime:0.001291s ]
ERR: 无法加载模块:Picture

[ 2018-07-06T23:33:44+08:00 ] 127.0.0.1 /picture/thumb_100_100_ybj_fx_001.jpg
INFO: [ app_init ] --START--
INFO: Run Behavior\BuildLiteBehavior [ RunTime:0.000040s ]
INFO: [ app_init ] --END-- [ RunTime:0.001258s ]
ERR: 无法加载模块:Picture

[ 2018-07-06T23:33:44+08:00 ] 127.0.0.1 /picture/thumb_100_100_lmj_cx_001.jpg
INFO: [ app_init ] --START--
INFO: Run Behavior\BuildLiteBehavior [ RunTime:0.000039s ]
INFO: [ app_init ] --END-- [ RunTime:0.001251s ]
ERR: 无法加载模块:Picture

[ 2018-07-06T23:33:44+08:00 ] 127.0.0.1 /picture/thumb_100_100_20180628111447513.jpg
INFO: [ app_init ] --START--
INFO: Run Behavior\BuildLiteBehavior [ RunTime:0.000040s ]
INFO: [ app_init ] --END-- [ RunTime:0.001257s ]
ERR: 无法加载模块:Picture

[ 2018-07-06T23:33:44+08:00 ] 127.0.0.1 /picture/thumb_100_100_ybj_hkfg_001.jpg
INFO: [ app_init ] --START--
INFO: Run Behavior\BuildLiteBehavior [ RunTime:0.000044s ]
INFO: [ app_init ] --END-- [ RunTime:0.001364s ]
ERR: 无法加载模块:Picture

[ 2018-07-06T23:33:44+08:00 ] 127.0.0.1 /picture/thumb_100_100_rj_368_001.jpg
INFO: [ app_init ] --START--
INFO: Run Behavior\BuildLiteBehavior [ RunTime:0.000040s ]
INFO: [ app_init ] --END-- [ RunTime:0.001261s ]
ERR: 无法加载模块:Picture

[ 2018-07-06T23:33:44+08:00 ] 127.0.0.1 /picture/thumb_100_100_lm_dq_001.jpg
INFO: [ app_init ] --START--
INFO: Run Behavior\BuildLiteBehavior [ RunTime:0.000040s ]
INFO: [ app_init ] --END-- [ RunTime:0.001281s ]
ERR: 无法加载模块:Picture

[ 2018-07-06T23:33:44+08:00 ] 127.0.0.1 /picture/thumb_100_100_hj_375_001.jpg
INFO: [ app_init ] --START--
INFO: Run Behavior\BuildLiteBehavior [ RunTime:0.000046s ]
INFO: [ app_init ] --END-- [ RunTime:0.017561s ]
ERR: 无法加载模块:Picture

[ 2018-07-06T23:33:44+08:00 ] 127.0.0.1 /picture/thumb_100_100_gzdq_80_001.jpg
INFO: [ app_init ] --START--
INFO: Run Behavior\BuildLiteBehavior [ RunTime:0.000040s ]
INFO: [ app_init ] --END-- [ RunTime:0.001253s ]
ERR: 无法加载模块:Picture

[ 2018-07-06T23:33:44+08:00 ] 127.0.0.1 /picture/thumb_100_100_gzdq_70_001.jpg
INFO: [ app_init ] --START--
INFO: Run Behavior\BuildLiteBehavior [ RunTime:0.000039s ]
INFO: [ app_init ] --END-- [ RunTime:0.001240s ]
ERR: 无法加载模块:Picture

[ 2018-07-06T23:33:44+08:00 ] 127.0.0.1 /picture/thumb_100_100_ybj_zgh_001.jpg
INFO: [ app_init ] --START--
INFO: Run Behavior\BuildLiteBehavior [ RunTime:0.000041s ]
INFO: [ app_init ] --END-- [ RunTime:0.001278s ]
ERR: 无法加载模块:Picture

[ 2018-07-06T23:33:44+08:00 ] 127.0.0.1 /picture/thumb_100_100_gzdq_80_a01.jpg
INFO: [ app_init ] --START--
INFO: Run Behavior\BuildLiteBehavior [ RunTime:0.000041s ]
INFO: [ app_init ] --END-- [ RunTime:0.001223s ]
ERR: 无法加载模块:Picture

[ 2018-07-06T23:33:44+08:00 ] 127.0.0.1 /picture/thumb_100_100_20170512095022927.jpg
INFO: [ app_init ] --START--
INFO: Run Behavior\BuildLiteBehavior [ RunTime:0.064290s ]
INFO: [ app_init ] --END-- [ RunTime:0.065534s ]
ERR: 无法加载模块:Picture

[ 2018-07-06T23:33:44+08:00 ] 127.0.0.1 /picture/thumb_100_100_wzj_js_001.jpg
INFO: [ app_init ] --START--
INFO: Run Behavior\BuildLiteBehavior [ RunTime:0.000045s ]
INFO: [ app_init ] --END-- [ RunTime:0.001571s ]
ERR: 无法加载模块:Picture

[ 2018-07-06T23:33:44+08:00 ] 127.0.0.1 /picture/thumb_100_100_20170512094433535.jpg
INFO: [ app_init ] --START--
INFO: Run Behavior\BuildLiteBehavior [ RunTime:0.000041s ]
INFO: [ app_init ] --END-- [ RunTime:0.001276s ]
ERR: 无法加载模块:Picture

[ 2018-07-06T23:33:45+08:00 ] 127.0.0.1 /picture/20151231100423959.jpg
INFO: [ app_init ] --START--
INFO: Run Behavior\BuildLiteBehavior [ RunTime:0.000041s ]
INFO: [ app_init ] --END-- [ RunTime:0.001298s ]
ERR: 无法加载模块:Picture

[ 2018-07-06T23:33:45+08:00 ] 127.0.0.1 /picture/20151231101301118.jpg
INFO: [ app_init ] --START--
INFO: Run Behavior\BuildLiteBehavior [ RunTime:0.000039s ]
INFO: [ app_init ] --END-- [ RunTime:0.001349s ]
ERR: 无法加载模块:Picture

[ 2018-07-06T23:33:45+08:00 ] 127.0.0.1 /picture/20151231100738454.jpg
INFO: [ app_init ] --START--
INFO: Run Behavior\BuildLiteBehavior [ RunTime:0.000043s ]
INFO: [ app_init ] --END-- [ RunTime:0.001287s ]
ERR: 无法加载模块:Picture

[ 2018-07-06T23:33:45+08:00 ] 127.0.0.1 /picture/20151231101232107.jpg
INFO: [ app_init ] --START--
INFO: Run Behavior\BuildLiteBehavior [ RunTime:0.000044s ]
INFO: [ app_init ] --END-- [ RunTime:0.002655s ]
ERR: 无法加载模块:Picture

[ 2018-07-06T23:33:45+08:00 ] 127.0.0.1 /picture/20151231100127748.jpg
INFO: [ app_init ] --START--
INFO: Run Behavior\BuildLiteBehavior [ RunTime:0.000041s ]
INFO: [ app_init ] --END-- [ RunTime:0.001256s ]
ERR: 无法加载模块:Picture

[ 2018-07-06T23:33:45+08:00 ] 127.0.0.1 /picture/20151231100213901.jpg
INFO: [ app_init ] --START--
INFO: Run Behavior\BuildLiteBehavior [ RunTime:0.000041s ]
INFO: [ app_init ] --END-- [ RunTime:0.001268s ]
ERR: 无法加载模块:Picture

[ 2018-07-06T23:33:45+08:00 ] 127.0.0.1 /picture/thumb_100_100_ybj_fx_001.jpg
INFO: [ app_init ] --START--
INFO: Run Behavior\BuildLiteBehavior [ RunTime:0.000042s ]
INFO: [ app_init ] --END-- [ RunTime:0.001577s ]
ERR: 无法加载模块:Picture

[ 2018-07-06T23:33:45+08:00 ] 127.0.0.1 /picture/thumb_100_100_20180628111447513.jpg
INFO: [ app_init ] --START--
INFO: Run Behavior\BuildLiteBehavior [ RunTime:0.000040s ]
INFO: [ app_init ] --END-- [ RunTime:0.001257s ]
ERR: 无法加载模块:Picture

[ 2018-07-06T23:33:45+08:00 ] 127.0.0.1 /picture/thumb_100_100_ybj_lc_001.jpg
INFO: [ app_init ] --START--
INFO: Run Behavior\BuildLiteBehavior [ RunTime:0.000045s ]
INFO: [ app_init ] --END-- [ RunTime:0.001601s ]
ERR: 无法加载模块:Picture

[ 2018-07-06T23:33:45+08:00 ] 127.0.0.1 /picture/20151231100245249.jpg
INFO: [ app_init ] --START--
INFO: Run Behavior\BuildLiteBehavior [ RunTime:0.000089s ]
INFO: [ app_init ] --END-- [ RunTime:0.003492s ]
ERR: 无法加载模块:Picture

[ 2018-07-06T23:33:45+08:00 ] 127.0.0.1 /picture/thumb_100_100_lmj_cx_001.jpg
INFO: [ app_init ] --START--
INFO: Run Behavior\BuildLiteBehavior [ RunTime:0.000041s ]
INFO: [ app_init ] --END-- [ RunTime:0.001276s ]
ERR: 无法加载模块:Picture

[ 2018-07-06T23:33:45+08:00 ] 127.0.0.1 /picture/20151231100655644.jpg
INFO: [ app_init ] --START--
INFO: Run Behavior\BuildLiteBehavior [ RunTime:0.000042s ]
INFO: [ app_init ] --END-- [ RunTime:0.001285s ]
ERR: 无法加载模块:Picture

