[ 2018-06-28T18:13:08+08:00 ] 127.0.0.1 /admin
INFO: [ app_init ] --START--
INFO: Run Behavior\BuildLiteBehavior [ RunTime:0.000015s ]
INFO: [ app_init ] --END-- [ RunTime:0.000409s ]
INFO: [ app_begin ] --START--
INFO: Run Behavior\ReadHtmlCacheBehavior [ RunTime:0.000840s ]
INFO: [ app_begin ] --END-- [ RunTime:0.000899s ]
NOTIC: [8] Undefined index: usermsg F:\www\jiuxiang\Application\Admin\Controller\BaseController.class.php 第 78 行.

[ 2018-06-28T18:13:09+08:00 ] 127.0.0.1 /Admin/Login/index.html
INFO: [ app_init ] --START--
INFO: Run Behavior\BuildLiteBehavior [ RunTime:0.000015s ]
INFO: [ app_init ] --END-- [ RunTime:0.000456s ]
INFO: [ app_begin ] --START--
INFO: Run Behavior\ReadHtmlCacheBehavior [ RunTime:0.000596s ]
INFO: [ app_begin ] --END-- [ RunTime:0.000650s ]
SQL: SHOW COLUMNS FROM `jx_admin` [ RunTime:0.0089s ]
SQL: SHOW COLUMNS FROM `jx_system` [ RunTime:0.0052s ]
SQL: SELECT * FROM `jx_system` WHERE ( id = 1 ) LIMIT 1   [ RunTime:0.0004s ]
INFO: [ view_parse ] --START--
INFO: [ template_filter ] --START--
INFO: Run Behavior\ContentReplaceBehavior [ RunTime:0.011478s ]
INFO: [ template_filter ] --END-- [ RunTime:0.011559s ]
INFO: Run Behavior\ParseTemplateBehavior [ RunTime:0.082751s ]
INFO: [ view_parse ] --END-- [ RunTime:0.082818s ]
INFO: [ view_filter ] --START--
INFO: Run Behavior\WriteHtmlCacheBehavior [ RunTime:0.000632s ]
INFO: [ view_filter ] --END-- [ RunTime:0.000681s ]
INFO: [ app_end ] --START--
INFO: Run Behavior\ShowPageTraceBehavior [ RunTime:0.001044s ]
INFO: [ app_end ] --END-- [ RunTime:0.001098s ]

[ 2018-06-28T18:13:10+08:00 ] 127.0.0.1 /Admin/images/admin-login-bg.jpg
INFO: [ app_init ] --START--
INFO: Run Behavior\BuildLiteBehavior [ RunTime:0.000018s ]
INFO: [ app_init ] --END-- [ RunTime:0.000633s ]

[ 2018-06-28T18:13:10+08:00 ] 127.0.0.1 /Admin/Login/verify
INFO: [ app_init ] --START--
INFO: Run Behavior\BuildLiteBehavior [ RunTime:0.000032s ]
INFO: [ app_init ] --END-- [ RunTime:0.000696s ]
INFO: [ app_begin ] --START--
INFO: Run Behavior\ReadHtmlCacheBehavior [ RunTime:0.001845s ]
INFO: [ app_begin ] --END-- [ RunTime:0.002052s ]
INFO: [ app_end ] --START--
INFO: Run Behavior\ShowPageTraceBehavior [ RunTime:0.002372s ]
INFO: [ app_end ] --END-- [ RunTime:0.002600s ]

[ 2018-06-28T18:13:17+08:00 ] 127.0.0.1 /Admin/Login/index.html
INFO: [ app_init ] --START--
INFO: Run Behavior\BuildLiteBehavior [ RunTime:0.000027s ]
INFO: [ app_init ] --END-- [ RunTime:0.000726s ]
INFO: [ app_begin ] --START--
INFO: Run Behavior\ReadHtmlCacheBehavior [ RunTime:0.000629s ]
INFO: [ app_begin ] --END-- [ RunTime:0.000681s ]
SQL: SHOW COLUMNS FROM `jx_admin` [ RunTime:0.0160s ]
SQL: SELECT * FROM `jx_admin` WHERE ( username = 'admin' ) LIMIT 1   [ RunTime:0.0011s ]
SQL: SHOW COLUMNS FROM `jx_log` [ RunTime:0.0172s ]
SQL: INSERT INTO `jx_log` (`username`,`uip`,`action`,`status`,`note`) VALUES ('admin','127.0.0.1','登陆','1','正常登陆') [ RunTime:0.2367s ]

[ 2018-06-28T18:13:18+08:00 ] 127.0.0.1 /Admin/Index/index.html
INFO: [ app_init ] --START--
INFO: Run Behavior\BuildLiteBehavior [ RunTime:0.000019s ]
INFO: [ app_init ] --END-- [ RunTime:0.000732s ]
INFO: [ app_begin ] --START--
INFO: Run Behavior\ReadHtmlCacheBehavior [ RunTime:0.000843s ]
INFO: [ app_begin ] --END-- [ RunTime:0.000908s ]
SQL: SHOW COLUMNS FROM `jx_system` [ RunTime:0.0387s ]
SQL: SELECT * FROM `jx_system` WHERE ( id = 1 ) LIMIT 1   [ RunTime:0.0006s ]
SQL: SHOW COLUMNS FROM `jx_log` [ RunTime:0.0094s ]
SQL: SELECT * FROM `jx_log` WHERE ( username = 'admin' and action = '登陆' and status = 1 ) ORDER BY id DESC LIMIT 1   [ RunTime:0.0006s ]
SQL: SHOW COLUMNS FROM `jx_category` [ RunTime:0.0097s ]
SQL: SELECT * FROM `jx_category` WHERE `status` = 1 AND `pid` > '0'  [ RunTime:0.0004s ]
SQL: SELECT * FROM `jx_category` WHERE `status` = 2 AND `pid` > '0'  [ RunTime:0.0007s ]
SQL: SHOW COLUMNS FROM `jx_news` [ RunTime:0.0115s ]
SQL: SELECT COUNT(*) AS tp_count FROM `jx_news` WHERE `status` = 1 AND `cid` IN ('5') LIMIT 1   [ RunTime:0.0565s ]
SQL: SELECT COUNT(*) AS tp_count FROM `jx_news` WHERE `status` = 1 AND `cid` IN ('6','7','8','9','10','11','12','13','15') LIMIT 1   [ RunTime:0.0009s ]
SQL: SHOW COLUMNS FROM `jx_image` [ RunTime:0.0083s ]
SQL: SELECT COUNT(*) AS tp_count FROM `jx_image` WHERE `status` = 1 AND `route` <> '' LIMIT 1   [ RunTime:0.0003s ]
SQL: SHOW COLUMNS FROM `jx_admin` [ RunTime:0.0086s ]
SQL: SELECT COUNT(*) AS tp_count FROM `jx_admin` WHERE ( status = 1 ) LIMIT 1   [ RunTime:0.0012s ]
SQL: SHOW COLUMNS FROM `jx_views` [ RunTime:0.0070s ]
SQL: SELECT COUNT(*) AS tp_count FROM `jx_views` LIMIT 1   [ RunTime:0.0003s ]
INFO: [ view_parse ] --START--
INFO: [ template_filter ] --START--
INFO: Run Behavior\ContentReplaceBehavior [ RunTime:0.000350s ]
INFO: [ template_filter ] --END-- [ RunTime:0.000494s ]
INFO: Run Behavior\ParseTemplateBehavior [ RunTime:0.175971s ]
INFO: [ view_parse ] --END-- [ RunTime:0.176054s ]
INFO: [ view_filter ] --START--
INFO: Run Behavior\WriteHtmlCacheBehavior [ RunTime:0.000530s ]
INFO: [ view_filter ] --END-- [ RunTime:0.000589s ]
INFO: [ app_end ] --START--
INFO: Run Behavior\ShowPageTraceBehavior [ RunTime:0.001844s ]
INFO: [ app_end ] --END-- [ RunTime:0.002032s ]

[ 2018-06-28T18:13:22+08:00 ] 127.0.0.1 /Admin/Banner/index.html
INFO: [ app_init ] --START--
INFO: Run Behavior\BuildLiteBehavior [ RunTime:0.000014s ]
INFO: [ app_init ] --END-- [ RunTime:0.000484s ]
INFO: [ app_begin ] --START--
INFO: Run Behavior\ReadHtmlCacheBehavior [ RunTime:0.000840s ]
INFO: [ app_begin ] --END-- [ RunTime:0.000896s ]
SQL: SHOW COLUMNS FROM `jx_system` [ RunTime:0.0054s ]
SQL: SELECT * FROM `jx_system` WHERE ( id = 1 ) LIMIT 1   [ RunTime:0.0003s ]
SQL: SHOW COLUMNS FROM `jx_image` [ RunTime:0.0069s ]
SQL: SELECT * FROM `jx_image` WHERE `status` = 1 AND `cid` = 54  [ RunTime:0.0004s ]
NOTIC: [8] Undefined variable: type F:\www\jiuxiang\Application\Admin\Controller\BannerController.class.php 第 20 行.
INFO: [ view_parse ] --START--
INFO: [ template_filter ] --START--
INFO: Run Behavior\ContentReplaceBehavior [ RunTime:0.000110s ]
INFO: [ template_filter ] --END-- [ RunTime:0.000169s ]
NOTIC: [8] Undefined index: keywords F:\www\jiuxiang\Runtime\Cache\Admin\96f1079dc513765702ec3bb82f6b6e84.php 第 294 行.
NOTIC: [8] Undefined index: content F:\www\jiuxiang\Runtime\Cache\Admin\96f1079dc513765702ec3bb82f6b6e84.php 第 295 行.
NOTIC: [8] Undefined index: keywords F:\www\jiuxiang\Runtime\Cache\Admin\96f1079dc513765702ec3bb82f6b6e84.php 第 294 行.
NOTIC: [8] Undefined index: content F:\www\jiuxiang\Runtime\Cache\Admin\96f1079dc513765702ec3bb82f6b6e84.php 第 295 行.
NOTIC: [8] Undefined index: keywords F:\www\jiuxiang\Runtime\Cache\Admin\96f1079dc513765702ec3bb82f6b6e84.php 第 294 行.
NOTIC: [8] Undefined index: content F:\www\jiuxiang\Runtime\Cache\Admin\96f1079dc513765702ec3bb82f6b6e84.php 第 295 行.
NOTIC: [8] Undefined index: keywords F:\www\jiuxiang\Runtime\Cache\Admin\96f1079dc513765702ec3bb82f6b6e84.php 第 294 行.
NOTIC: [8] Undefined index: content F:\www\jiuxiang\Runtime\Cache\Admin\96f1079dc513765702ec3bb82f6b6e84.php 第 295 行.
NOTIC: [8] Undefined index: keywords F:\www\jiuxiang\Runtime\Cache\Admin\96f1079dc513765702ec3bb82f6b6e84.php 第 294 行.
NOTIC: [8] Undefined index: content F:\www\jiuxiang\Runtime\Cache\Admin\96f1079dc513765702ec3bb82f6b6e84.php 第 295 行.
NOTIC: [8] Undefined index: keywords F:\www\jiuxiang\Runtime\Cache\Admin\96f1079dc513765702ec3bb82f6b6e84.php 第 294 行.
NOTIC: [8] Undefined index: content F:\www\jiuxiang\Runtime\Cache\Admin\96f1079dc513765702ec3bb82f6b6e84.php 第 295 行.
NOTIC: [8] Undefined index: keywords F:\www\jiuxiang\Runtime\Cache\Admin\96f1079dc513765702ec3bb82f6b6e84.php 第 294 行.
NOTIC: [8] Undefined index: content F:\www\jiuxiang\Runtime\Cache\Admin\96f1079dc513765702ec3bb82f6b6e84.php 第 295 行.
NOTIC: [8] Undefined index: keywords F:\www\jiuxiang\Runtime\Cache\Admin\96f1079dc513765702ec3bb82f6b6e84.php 第 294 行.
NOTIC: [8] Undefined index: content F:\www\jiuxiang\Runtime\Cache\Admin\96f1079dc513765702ec3bb82f6b6e84.php 第 295 行.
NOTIC: [8] Undefined index: keywords F:\www\jiuxiang\Runtime\Cache\Admin\96f1079dc513765702ec3bb82f6b6e84.php 第 294 行.
NOTIC: [8] Undefined index: content F:\www\jiuxiang\Runtime\Cache\Admin\96f1079dc513765702ec3bb82f6b6e84.php 第 295 行.
NOTIC: [8] Undefined index: keywords F:\www\jiuxiang\Runtime\Cache\Admin\96f1079dc513765702ec3bb82f6b6e84.php 第 294 行.
NOTIC: [8] Undefined index: content F:\www\jiuxiang\Runtime\Cache\Admin\96f1079dc513765702ec3bb82f6b6e84.php 第 295 行.
NOTIC: [8] Undefined index: keywords F:\www\jiuxiang\Runtime\Cache\Admin\96f1079dc513765702ec3bb82f6b6e84.php 第 294 行.
NOTIC: [8] Undefined index: content F:\www\jiuxiang\Runtime\Cache\Admin\96f1079dc513765702ec3bb82f6b6e84.php 第 295 行.
NOTIC: [8] Undefined index: keywords F:\www\jiuxiang\Runtime\Cache\Admin\96f1079dc513765702ec3bb82f6b6e84.php 第 294 行.
NOTIC: [8] Undefined index: content F:\www\jiuxiang\Runtime\Cache\Admin\96f1079dc513765702ec3bb82f6b6e84.php 第 295 行.
NOTIC: [8] Undefined index: keywords F:\www\jiuxiang\Runtime\Cache\Admin\96f1079dc513765702ec3bb82f6b6e84.php 第 294 行.
NOTIC: [8] Undefined index: content F:\www\jiuxiang\Runtime\Cache\Admin\96f1079dc513765702ec3bb82f6b6e84.php 第 295 行.
NOTIC: [8] Undefined index: keywords F:\www\jiuxiang\Runtime\Cache\Admin\96f1079dc513765702ec3bb82f6b6e84.php 第 294 行.
NOTIC: [8] Undefined index: content F:\www\jiuxiang\Runtime\Cache\Admin\96f1079dc513765702ec3bb82f6b6e84.php 第 295 行.
NOTIC: [8] Undefined index: keywords F:\www\jiuxiang\Runtime\Cache\Admin\96f1079dc513765702ec3bb82f6b6e84.php 第 294 行.
NOTIC: [8] Undefined index: content F:\www\jiuxiang\Runtime\Cache\Admin\96f1079dc513765702ec3bb82f6b6e84.php 第 295 行.
INFO: Run Behavior\ParseTemplateBehavior [ RunTime:0.023195s ]
INFO: [ view_parse ] --END-- [ RunTime:0.023240s ]
INFO: [ view_filter ] --START--
INFO: Run Behavior\WriteHtmlCacheBehavior [ RunTime:0.000463s ]
INFO: [ view_filter ] --END-- [ RunTime:0.000497s ]
INFO: [ app_end ] --START--
INFO: Run Behavior\ShowPageTraceBehavior [ RunTime:0.000722s ]
INFO: [ app_end ] --END-- [ RunTime:0.000762s ]

[ 2018-06-28T18:14:19+08:00 ] 127.0.0.1 /Admin/Banner/index.html
INFO: [ app_init ] --START--
INFO: Run Behavior\BuildLiteBehavior [ RunTime:0.000022s ]
INFO: [ app_init ] --END-- [ RunTime:0.000570s ]
INFO: [ app_begin ] --START--
INFO: Run Behavior\ReadHtmlCacheBehavior [ RunTime:0.000642s ]
INFO: [ app_begin ] --END-- [ RunTime:0.000700s ]
SQL: SHOW COLUMNS FROM `jx_system` [ RunTime:0.0057s ]
SQL: SELECT * FROM `jx_system` WHERE ( id = 1 ) LIMIT 1   [ RunTime:0.0004s ]
SQL: SHOW COLUMNS FROM `jx_image` [ RunTime:0.0051s ]
SQL: SELECT * FROM `jx_image` WHERE `status` = 1 AND `cid` = 54  [ RunTime:0.0005s ]
NOTIC: [8] Undefined variable: type F:\www\jiuxiang\Application\Admin\Controller\BannerController.class.php 第 20 行.
INFO: [ view_parse ] --START--
INFO: [ template_filter ] --START--
INFO: Run Behavior\ContentReplaceBehavior [ RunTime:0.000137s ]
INFO: [ template_filter ] --END-- [ RunTime:0.000206s ]
NOTIC: [8] Undefined index: keywords F:\www\jiuxiang\Runtime\Cache\Admin\96f1079dc513765702ec3bb82f6b6e84.php 第 294 行.
NOTIC: [8] Undefined index: content F:\www\jiuxiang\Runtime\Cache\Admin\96f1079dc513765702ec3bb82f6b6e84.php 第 295 行.
NOTIC: [8] Undefined index: keywords F:\www\jiuxiang\Runtime\Cache\Admin\96f1079dc513765702ec3bb82f6b6e84.php 第 294 行.
NOTIC: [8] Undefined index: content F:\www\jiuxiang\Runtime\Cache\Admin\96f1079dc513765702ec3bb82f6b6e84.php 第 295 行.
NOTIC: [8] Undefined index: keywords F:\www\jiuxiang\Runtime\Cache\Admin\96f1079dc513765702ec3bb82f6b6e84.php 第 294 行.
NOTIC: [8] Undefined index: content F:\www\jiuxiang\Runtime\Cache\Admin\96f1079dc513765702ec3bb82f6b6e84.php 第 295 行.
NOTIC: [8] Undefined index: keywords F:\www\jiuxiang\Runtime\Cache\Admin\96f1079dc513765702ec3bb82f6b6e84.php 第 294 行.
NOTIC: [8] Undefined index: content F:\www\jiuxiang\Runtime\Cache\Admin\96f1079dc513765702ec3bb82f6b6e84.php 第 295 行.
NOTIC: [8] Undefined index: keywords F:\www\jiuxiang\Runtime\Cache\Admin\96f1079dc513765702ec3bb82f6b6e84.php 第 294 行.
NOTIC: [8] Undefined index: content F:\www\jiuxiang\Runtime\Cache\Admin\96f1079dc513765702ec3bb82f6b6e84.php 第 295 行.
NOTIC: [8] Undefined index: keywords F:\www\jiuxiang\Runtime\Cache\Admin\96f1079dc513765702ec3bb82f6b6e84.php 第 294 行.
NOTIC: [8] Undefined index: content F:\www\jiuxiang\Runtime\Cache\Admin\96f1079dc513765702ec3bb82f6b6e84.php 第 295 行.
NOTIC: [8] Undefined index: keywords F:\www\jiuxiang\Runtime\Cache\Admin\96f1079dc513765702ec3bb82f6b6e84.php 第 294 行.
NOTIC: [8] Undefined index: content F:\www\jiuxiang\Runtime\Cache\Admin\96f1079dc513765702ec3bb82f6b6e84.php 第 295 行.
NOTIC: [8] Undefined index: keywords F:\www\jiuxiang\Runtime\Cache\Admin\96f1079dc513765702ec3bb82f6b6e84.php 第 294 行.
NOTIC: [8] Undefined index: content F:\www\jiuxiang\Runtime\Cache\Admin\96f1079dc513765702ec3bb82f6b6e84.php 第 295 行.
NOTIC: [8] Undefined index: keywords F:\www\jiuxiang\Runtime\Cache\Admin\96f1079dc513765702ec3bb82f6b6e84.php 第 294 行.
NOTIC: [8] Undefined index: content F:\www\jiuxiang\Runtime\Cache\Admin\96f1079dc513765702ec3bb82f6b6e84.php 第 295 行.
NOTIC: [8] Undefined index: keywords F:\www\jiuxiang\Runtime\Cache\Admin\96f1079dc513765702ec3bb82f6b6e84.php 第 294 行.
NOTIC: [8] Undefined index: content F:\www\jiuxiang\Runtime\Cache\Admin\96f1079dc513765702ec3bb82f6b6e84.php 第 295 行.
NOTIC: [8] Undefined index: keywords F:\www\jiuxiang\Runtime\Cache\Admin\96f1079dc513765702ec3bb82f6b6e84.php 第 294 行.
NOTIC: [8] Undefined index: content F:\www\jiuxiang\Runtime\Cache\Admin\96f1079dc513765702ec3bb82f6b6e84.php 第 295 行.
NOTIC: [8] Undefined index: keywords F:\www\jiuxiang\Runtime\Cache\Admin\96f1079dc513765702ec3bb82f6b6e84.php 第 294 行.
NOTIC: [8] Undefined index: content F:\www\jiuxiang\Runtime\Cache\Admin\96f1079dc513765702ec3bb82f6b6e84.php 第 295 行.
NOTIC: [8] Undefined index: keywords F:\www\jiuxiang\Runtime\Cache\Admin\96f1079dc513765702ec3bb82f6b6e84.php 第 294 行.
NOTIC: [8] Undefined index: content F:\www\jiuxiang\Runtime\Cache\Admin\96f1079dc513765702ec3bb82f6b6e84.php 第 295 行.
NOTIC: [8] Undefined index: keywords F:\www\jiuxiang\Runtime\Cache\Admin\96f1079dc513765702ec3bb82f6b6e84.php 第 294 行.
NOTIC: [8] Undefined index: content F:\www\jiuxiang\Runtime\Cache\Admin\96f1079dc513765702ec3bb82f6b6e84.php 第 295 行.
NOTIC: [8] Undefined index: keywords F:\www\jiuxiang\Runtime\Cache\Admin\96f1079dc513765702ec3bb82f6b6e84.php 第 294 行.
NOTIC: [8] Undefined index: content F:\www\jiuxiang\Runtime\Cache\Admin\96f1079dc513765702ec3bb82f6b6e84.php 第 295 行.
INFO: Run Behavior\ParseTemplateBehavior [ RunTime:0.014687s ]
INFO: [ view_parse ] --END-- [ RunTime:0.014735s ]
INFO: [ view_filter ] --START--
INFO: Run Behavior\WriteHtmlCacheBehavior [ RunTime:0.000370s ]
INFO: [ view_filter ] --END-- [ RunTime:0.000405s ]
INFO: [ app_end ] --START--
INFO: Run Behavior\ShowPageTraceBehavior [ RunTime:0.000636s ]
INFO: [ app_end ] --END-- [ RunTime:0.000679s ]

[ 2018-06-28T18:15:16+08:00 ] 127.0.0.1 /Admin/Banner/index.html
INFO: [ app_init ] --START--
INFO: Run Behavior\BuildLiteBehavior [ RunTime:0.000014s ]
INFO: [ app_init ] --END-- [ RunTime:0.000407s ]
INFO: [ app_begin ] --START--
INFO: Run Behavior\ReadHtmlCacheBehavior [ RunTime:0.000562s ]
INFO: [ app_begin ] --END-- [ RunTime:0.000612s ]
SQL: SHOW COLUMNS FROM `jx_system` [ RunTime:0.0057s ]
SQL: SELECT * FROM `jx_system` WHERE ( id = 1 ) LIMIT 1   [ RunTime:0.0005s ]
SQL: SHOW COLUMNS FROM `jx_image` [ RunTime:0.0055s ]
SQL: SELECT * FROM `jx_image` WHERE `status` = 1 AND `cid` = 54  [ RunTime:0.0004s ]
NOTIC: [8] Undefined variable: type F:\www\jiuxiang\Application\Admin\Controller\BannerController.class.php 第 20 行.
INFO: [ view_parse ] --START--
INFO: [ template_filter ] --START--
INFO: Run Behavior\ContentReplaceBehavior [ RunTime:0.000110s ]
INFO: [ template_filter ] --END-- [ RunTime:0.000154s ]
NOTIC: [8] Undefined index: keywords F:\www\jiuxiang\Runtime\Cache\Admin\96f1079dc513765702ec3bb82f6b6e84.php 第 294 行.
NOTIC: [8] Undefined index: content F:\www\jiuxiang\Runtime\Cache\Admin\96f1079dc513765702ec3bb82f6b6e84.php 第 295 行.
NOTIC: [8] Undefined index: keywords F:\www\jiuxiang\Runtime\Cache\Admin\96f1079dc513765702ec3bb82f6b6e84.php 第 294 行.
NOTIC: [8] Undefined index: content F:\www\jiuxiang\Runtime\Cache\Admin\96f1079dc513765702ec3bb82f6b6e84.php 第 295 行.
NOTIC: [8] Undefined index: keywords F:\www\jiuxiang\Runtime\Cache\Admin\96f1079dc513765702ec3bb82f6b6e84.php 第 294 行.
NOTIC: [8] Undefined index: content F:\www\jiuxiang\Runtime\Cache\Admin\96f1079dc513765702ec3bb82f6b6e84.php 第 295 行.
NOTIC: [8] Undefined index: keywords F:\www\jiuxiang\Runtime\Cache\Admin\96f1079dc513765702ec3bb82f6b6e84.php 第 294 行.
NOTIC: [8] Undefined index: content F:\www\jiuxiang\Runtime\Cache\Admin\96f1079dc513765702ec3bb82f6b6e84.php 第 295 行.
NOTIC: [8] Undefined index: keywords F:\www\jiuxiang\Runtime\Cache\Admin\96f1079dc513765702ec3bb82f6b6e84.php 第 294 行.
NOTIC: [8] Undefined index: content F:\www\jiuxiang\Runtime\Cache\Admin\96f1079dc513765702ec3bb82f6b6e84.php 第 295 行.
NOTIC: [8] Undefined index: keywords F:\www\jiuxiang\Runtime\Cache\Admin\96f1079dc513765702ec3bb82f6b6e84.php 第 294 行.
NOTIC: [8] Undefined index: content F:\www\jiuxiang\Runtime\Cache\Admin\96f1079dc513765702ec3bb82f6b6e84.php 第 295 行.
NOTIC: [8] Undefined index: keywords F:\www\jiuxiang\Runtime\Cache\Admin\96f1079dc513765702ec3bb82f6b6e84.php 第 294 行.
NOTIC: [8] Undefined index: content F:\www\jiuxiang\Runtime\Cache\Admin\96f1079dc513765702ec3bb82f6b6e84.php 第 295 行.
NOTIC: [8] Undefined index: keywords F:\www\jiuxiang\Runtime\Cache\Admin\96f1079dc513765702ec3bb82f6b6e84.php 第 294 行.
NOTIC: [8] Undefined index: content F:\www\jiuxiang\Runtime\Cache\Admin\96f1079dc513765702ec3bb82f6b6e84.php 第 295 行.
NOTIC: [8] Undefined index: keywords F:\www\jiuxiang\Runtime\Cache\Admin\96f1079dc513765702ec3bb82f6b6e84.php 第 294 行.
NOTIC: [8] Undefined index: content F:\www\jiuxiang\Runtime\Cache\Admin\96f1079dc513765702ec3bb82f6b6e84.php 第 295 行.
NOTIC: [8] Undefined index: keywords F:\www\jiuxiang\Runtime\Cache\Admin\96f1079dc513765702ec3bb82f6b6e84.php 第 294 行.
NOTIC: [8] Undefined index: content F:\www\jiuxiang\Runtime\Cache\Admin\96f1079dc513765702ec3bb82f6b6e84.php 第 295 行.
NOTIC: [8] Undefined index: keywords F:\www\jiuxiang\Runtime\Cache\Admin\96f1079dc513765702ec3bb82f6b6e84.php 第 294 行.
NOTIC: [8] Undefined index: content F:\www\jiuxiang\Runtime\Cache\Admin\96f1079dc513765702ec3bb82f6b6e84.php 第 295 行.
NOTIC: [8] Undefined index: keywords F:\www\jiuxiang\Runtime\Cache\Admin\96f1079dc513765702ec3bb82f6b6e84.php 第 294 行.
NOTIC: [8] Undefined index: content F:\www\jiuxiang\Runtime\Cache\Admin\96f1079dc513765702ec3bb82f6b6e84.php 第 295 行.
NOTIC: [8] Undefined index: keywords F:\www\jiuxiang\Runtime\Cache\Admin\96f1079dc513765702ec3bb82f6b6e84.php 第 294 行.
NOTIC: [8] Undefined index: content F:\www\jiuxiang\Runtime\Cache\Admin\96f1079dc513765702ec3bb82f6b6e84.php 第 295 行.
NOTIC: [8] Undefined index: keywords F:\www\jiuxiang\Runtime\Cache\Admin\96f1079dc513765702ec3bb82f6b6e84.php 第 294 行.
NOTIC: [8] Undefined index: content F:\www\jiuxiang\Runtime\Cache\Admin\96f1079dc513765702ec3bb82f6b6e84.php 第 295 行.
NOTIC: [8] Undefined index: keywords F:\www\jiuxiang\Runtime\Cache\Admin\96f1079dc513765702ec3bb82f6b6e84.php 第 294 行.
NOTIC: [8] Undefined index: content F:\www\jiuxiang\Runtime\Cache\Admin\96f1079dc513765702ec3bb82f6b6e84.php 第 295 行.
INFO: Run Behavior\ParseTemplateBehavior [ RunTime:0.015999s ]
INFO: [ view_parse ] --END-- [ RunTime:0.016041s ]
INFO: [ view_filter ] --START--
INFO: Run Behavior\WriteHtmlCacheBehavior [ RunTime:0.000305s ]
INFO: [ view_filter ] --END-- [ RunTime:0.000342s ]
INFO: [ app_end ] --START--
INFO: Run Behavior\ShowPageTraceBehavior [ RunTime:0.000609s ]
INFO: [ app_end ] --END-- [ RunTime:0.000652s ]

[ 2018-06-28T18:16:25+08:00 ] 127.0.0.1 /Admin/Banner/index.html
INFO: [ app_init ] --START--
INFO: Run Behavior\BuildLiteBehavior [ RunTime:0.000035s ]
INFO: [ app_init ] --END-- [ RunTime:0.001173s ]
INFO: [ app_begin ] --START--
INFO: Run Behavior\ReadHtmlCacheBehavior [ RunTime:0.001060s ]
INFO: [ app_begin ] --END-- [ RunTime:0.001126s ]
SQL: SHOW COLUMNS FROM `jx_system` [ RunTime:0.0064s ]
SQL: SELECT * FROM `jx_system` WHERE ( id = 1 ) LIMIT 1   [ RunTime:0.0004s ]
SQL: SHOW COLUMNS FROM `jx_image` [ RunTime:0.0057s ]
SQL: SELECT * FROM `jx_image` WHERE `status` = 1 AND `cid` = 54  [ RunTime:0.0004s ]
NOTIC: [8] Undefined variable: type F:\www\jiuxiang\Application\Admin\Controller\BannerController.class.php 第 20 行.
INFO: [ view_parse ] --START--
INFO: [ template_filter ] --START--
INFO: Run Behavior\ContentReplaceBehavior [ RunTime:0.000114s ]
INFO: [ template_filter ] --END-- [ RunTime:0.000172s ]
NOTIC: [8] Undefined index: keywords F:\www\jiuxiang\Runtime\Cache\Admin\96f1079dc513765702ec3bb82f6b6e84.php 第 294 行.
NOTIC: [8] Undefined index: content F:\www\jiuxiang\Runtime\Cache\Admin\96f1079dc513765702ec3bb82f6b6e84.php 第 295 行.
NOTIC: [8] Undefined index: keywords F:\www\jiuxiang\Runtime\Cache\Admin\96f1079dc513765702ec3bb82f6b6e84.php 第 294 行.
NOTIC: [8] Undefined index: content F:\www\jiuxiang\Runtime\Cache\Admin\96f1079dc513765702ec3bb82f6b6e84.php 第 295 行.
NOTIC: [8] Undefined index: keywords F:\www\jiuxiang\Runtime\Cache\Admin\96f1079dc513765702ec3bb82f6b6e84.php 第 294 行.
NOTIC: [8] Undefined index: content F:\www\jiuxiang\Runtime\Cache\Admin\96f1079dc513765702ec3bb82f6b6e84.php 第 295 行.
NOTIC: [8] Undefined index: keywords F:\www\jiuxiang\Runtime\Cache\Admin\96f1079dc513765702ec3bb82f6b6e84.php 第 294 行.
NOTIC: [8] Undefined index: content F:\www\jiuxiang\Runtime\Cache\Admin\96f1079dc513765702ec3bb82f6b6e84.php 第 295 行.
NOTIC: [8] Undefined index: keywords F:\www\jiuxiang\Runtime\Cache\Admin\96f1079dc513765702ec3bb82f6b6e84.php 第 294 行.
NOTIC: [8] Undefined index: content F:\www\jiuxiang\Runtime\Cache\Admin\96f1079dc513765702ec3bb82f6b6e84.php 第 295 行.
NOTIC: [8] Undefined index: keywords F:\www\jiuxiang\Runtime\Cache\Admin\96f1079dc513765702ec3bb82f6b6e84.php 第 294 行.
NOTIC: [8] Undefined index: content F:\www\jiuxiang\Runtime\Cache\Admin\96f1079dc513765702ec3bb82f6b6e84.php 第 295 行.
NOTIC: [8] Undefined index: keywords F:\www\jiuxiang\Runtime\Cache\Admin\96f1079dc513765702ec3bb82f6b6e84.php 第 294 行.
NOTIC: [8] Undefined index: content F:\www\jiuxiang\Runtime\Cache\Admin\96f1079dc513765702ec3bb82f6b6e84.php 第 295 行.
NOTIC: [8] Undefined index: keywords F:\www\jiuxiang\Runtime\Cache\Admin\96f1079dc513765702ec3bb82f6b6e84.php 第 294 行.
NOTIC: [8] Undefined index: content F:\www\jiuxiang\Runtime\Cache\Admin\96f1079dc513765702ec3bb82f6b6e84.php 第 295 行.
NOTIC: [8] Undefined index: keywords F:\www\jiuxiang\Runtime\Cache\Admin\96f1079dc513765702ec3bb82f6b6e84.php 第 294 行.
NOTIC: [8] Undefined index: content F:\www\jiuxiang\Runtime\Cache\Admin\96f1079dc513765702ec3bb82f6b6e84.php 第 295 行.
NOTIC: [8] Undefined index: keywords F:\www\jiuxiang\Runtime\Cache\Admin\96f1079dc513765702ec3bb82f6b6e84.php 第 294 行.
NOTIC: [8] Undefined index: content F:\www\jiuxiang\Runtime\Cache\Admin\96f1079dc513765702ec3bb82f6b6e84.php 第 295 行.
NOTIC: [8] Undefined index: keywords F:\www\jiuxiang\Runtime\Cache\Admin\96f1079dc513765702ec3bb82f6b6e84.php 第 294 行.
NOTIC: [8] Undefined index: content F:\www\jiuxiang\Runtime\Cache\Admin\96f1079dc513765702ec3bb82f6b6e84.php 第 295 行.
NOTIC: [8] Undefined index: keywords F:\www\jiuxiang\Runtime\Cache\Admin\96f1079dc513765702ec3bb82f6b6e84.php 第 294 行.
NOTIC: [8] Undefined index: content F:\www\jiuxiang\Runtime\Cache\Admin\96f1079dc513765702ec3bb82f6b6e84.php 第 295 行.
NOTIC: [8] Undefined index: keywords F:\www\jiuxiang\Runtime\Cache\Admin\96f1079dc513765702ec3bb82f6b6e84.php 第 294 行.
NOTIC: [8] Undefined index: content F:\www\jiuxiang\Runtime\Cache\Admin\96f1079dc513765702ec3bb82f6b6e84.php 第 295 行.
NOTIC: [8] Undefined index: keywords F:\www\jiuxiang\Runtime\Cache\Admin\96f1079dc513765702ec3bb82f6b6e84.php 第 294 行.
NOTIC: [8] Undefined index: content F:\www\jiuxiang\Runtime\Cache\Admin\96f1079dc513765702ec3bb82f6b6e84.php 第 295 行.
NOTIC: [8] Undefined index: keywords F:\www\jiuxiang\Runtime\Cache\Admin\96f1079dc513765702ec3bb82f6b6e84.php 第 294 行.
NOTIC: [8] Undefined index: content F:\www\jiuxiang\Runtime\Cache\Admin\96f1079dc513765702ec3bb82f6b6e84.php 第 295 行.
INFO: Run Behavior\ParseTemplateBehavior [ RunTime:0.016755s ]
INFO: [ view_parse ] --END-- [ RunTime:0.016800s ]
INFO: [ view_filter ] --START--
INFO: Run Behavior\WriteHtmlCacheBehavior [ RunTime:0.000506s ]
INFO: [ view_filter ] --END-- [ RunTime:0.000542s ]
INFO: [ app_end ] --START--
INFO: Run Behavior\ShowPageTraceBehavior [ RunTime:0.000785s ]
INFO: [ app_end ] --END-- [ RunTime:0.000828s ]

[ 2018-06-28T18:17:28+08:00 ] 127.0.0.1 /Admin/Login/index.html
INFO: [ app_init ] --START--
INFO: Run Behavior\BuildLiteBehavior [ RunTime:0.000014s ]
INFO: [ app_init ] --END-- [ RunTime:0.000399s ]
INFO: [ app_begin ] --START--
INFO: Run Behavior\ReadHtmlCacheBehavior [ RunTime:0.000549s ]
INFO: [ app_begin ] --END-- [ RunTime:0.000595s ]
SQL: SHOW COLUMNS FROM `jx_admin` [ RunTime:0.0060s ]
SQL: SHOW COLUMNS FROM `jx_system` [ RunTime:0.0057s ]
SQL: SELECT * FROM `jx_system` WHERE ( id = 1 ) LIMIT 1   [ RunTime:0.0005s ]
INFO: [ view_parse ] --START--
INFO: [ template_filter ] --START--
INFO: Run Behavior\ContentReplaceBehavior [ RunTime:0.000052s ]
INFO: [ template_filter ] --END-- [ RunTime:0.000109s ]
INFO: Run Behavior\ParseTemplateBehavior [ RunTime:0.006249s ]
INFO: [ view_parse ] --END-- [ RunTime:0.006305s ]
INFO: [ view_filter ] --START--
INFO: Run Behavior\WriteHtmlCacheBehavior [ RunTime:0.000290s ]
INFO: [ view_filter ] --END-- [ RunTime:0.000326s ]
INFO: [ app_end ] --START--
INFO: Run Behavior\ShowPageTraceBehavior [ RunTime:0.000573s ]
INFO: [ app_end ] --END-- [ RunTime:0.000610s ]

