[ 2018-07-04T10:36:19+08:00 ] 127.0.0.1 /admin
INFO: [ app_init ] --START--
INFO: Run Behavior\BuildLiteBehavior [ RunTime:0.000027s ]
INFO: [ app_init ] --END-- [ RunTime:0.033160s ]
INFO: [ app_begin ] --START--
INFO: Run Behavior\ReadHtmlCacheBehavior [ RunTime:0.014633s ]
INFO: [ app_begin ] --END-- [ RunTime:0.014709s ]
NOTIC: [8] Undefined index: usermsg F:\www\jiuxiang\Application\Admin\Controller\BaseController.class.php 第 85 行.

[ 2018-07-04T10:36:20+08:00 ] 127.0.0.1 /Admin/Login/index.html
INFO: [ app_init ] --START--
INFO: Run Behavior\BuildLiteBehavior [ RunTime:0.000017s ]
INFO: [ app_init ] --END-- [ RunTime:0.000454s ]
INFO: [ app_begin ] --START--
INFO: Run Behavior\ReadHtmlCacheBehavior [ RunTime:0.000576s ]
INFO: [ app_begin ] --END-- [ RunTime:0.000625s ]
SQL: SHOW COLUMNS FROM `jx_admin` [ RunTime:0.1634s ]
SQL: SHOW COLUMNS FROM `jx_system` [ RunTime:0.1057s ]
SQL: SELECT * FROM `jx_system` WHERE ( id = 1 ) LIMIT 1   [ RunTime:0.0015s ]
INFO: [ view_parse ] --START--
INFO: [ template_filter ] --START--
INFO: Run Behavior\ContentReplaceBehavior [ RunTime:0.043645s ]
INFO: [ template_filter ] --END-- [ RunTime:0.043741s ]
INFO: Run Behavior\ParseTemplateBehavior [ RunTime:0.221286s ]
INFO: [ view_parse ] --END-- [ RunTime:0.221358s ]
INFO: [ view_filter ] --START--
INFO: Run Behavior\WriteHtmlCacheBehavior [ RunTime:0.016088s ]
INFO: [ view_filter ] --END-- [ RunTime:0.016136s ]
INFO: [ app_end ] --START--
INFO: Run Behavior\ShowPageTraceBehavior [ RunTime:0.037584s ]
INFO: [ app_end ] --END-- [ RunTime:0.037633s ]

[ 2018-07-04T10:36:22+08:00 ] 127.0.0.1 /Admin/images/admin-login-bg.jpg
INFO: [ app_init ] --START--
INFO: Run Behavior\BuildLiteBehavior [ RunTime:0.000145s ]
INFO: [ app_init ] --END-- [ RunTime:0.161516s ]

[ 2018-07-04T10:36:22+08:00 ] 127.0.0.1 /Admin/Login/verify
INFO: [ app_init ] --START--
INFO: Run Behavior\BuildLiteBehavior [ RunTime:0.000033s ]
INFO: [ app_init ] --END-- [ RunTime:0.000814s ]
INFO: [ app_begin ] --START--
INFO: Run Behavior\ReadHtmlCacheBehavior [ RunTime:0.001365s ]
INFO: [ app_begin ] --END-- [ RunTime:0.001468s ]
INFO: [ app_end ] --START--
INFO: Run Behavior\ShowPageTraceBehavior [ RunTime:0.000747s ]
INFO: [ app_end ] --END-- [ RunTime:0.000814s ]

[ 2018-07-04T10:36:29+08:00 ] 127.0.0.1 /Admin/Login/index.html
INFO: [ app_init ] --START--
INFO: Run Behavior\BuildLiteBehavior [ RunTime:0.000016s ]
INFO: [ app_init ] --END-- [ RunTime:0.000497s ]
INFO: [ app_begin ] --START--
INFO: Run Behavior\ReadHtmlCacheBehavior [ RunTime:0.011054s ]
INFO: [ app_begin ] --END-- [ RunTime:0.011125s ]
SQL: SHOW COLUMNS FROM `jx_admin` [ RunTime:0.0259s ]
SQL: SELECT * FROM `jx_admin` WHERE ( username = 'admin' ) LIMIT 1   [ RunTime:0.0004s ]
SQL: SHOW COLUMNS FROM `jx_log` [ RunTime:0.0725s ]
SQL: INSERT INTO `jx_log` (`username`,`uip`,`action`,`status`,`note`) VALUES ('admin','127.0.0.1','登陆','1','正常登陆') [ RunTime:0.1432s ]

[ 2018-07-04T10:36:31+08:00 ] 127.0.0.1 /Admin/Index/index.html
INFO: [ app_init ] --START--
INFO: Run Behavior\BuildLiteBehavior [ RunTime:0.000045s ]
INFO: [ app_init ] --END-- [ RunTime:0.000763s ]
INFO: [ app_begin ] --START--
INFO: Run Behavior\ReadHtmlCacheBehavior [ RunTime:0.001149s ]
INFO: [ app_begin ] --END-- [ RunTime:0.001288s ]
SQL: SHOW COLUMNS FROM `jx_system` [ RunTime:0.0137s ]
SQL: SELECT * FROM `jx_system` WHERE ( id = 1 ) LIMIT 1   [ RunTime:0.0011s ]
SQL: SHOW COLUMNS FROM `jx_log` [ RunTime:0.0135s ]
SQL: SELECT * FROM `jx_log` WHERE ( username = 'admin' and action = '登陆' and status = 1 ) ORDER BY id DESC LIMIT 1   [ RunTime:0.0004s ]
SQL: SHOW COLUMNS FROM `jx_category` [ RunTime:0.1047s ]
SQL: SELECT * FROM `jx_category` WHERE `status` = 1 AND `pid` > '0'  [ RunTime:0.0015s ]
SQL: SELECT * FROM `jx_category` WHERE `status` = 2 AND `pid` > '0'  [ RunTime:0.0010s ]
SQL: SHOW COLUMNS FROM `jx_news` [ RunTime:0.0885s ]
SQL: SELECT COUNT(*) AS tp_count FROM `jx_news` WHERE `status` = 1 AND `cid` IN ('43','44') LIMIT 1   [ RunTime:0.0019s ]
SQL: SELECT COUNT(*) AS tp_count FROM `jx_news` WHERE `status` = 1 AND `cid` IN ('17','18','19','20','21','22','23','24','25','26','27','28','29','30','31','32','33','34','35','36','37','39','40','41','42') LIMIT 1   [ RunTime:0.0007s ]
SQL: SHOW COLUMNS FROM `jx_image` [ RunTime:0.2917s ]
SQL: SELECT COUNT(*) AS tp_count FROM `jx_image` WHERE `status` = 1 AND `route` <> '' LIMIT 1   [ RunTime:0.0008s ]
SQL: SHOW COLUMNS FROM `jx_admin` [ RunTime:0.0517s ]
SQL: SELECT COUNT(*) AS tp_count FROM `jx_admin` WHERE ( status = 1 ) LIMIT 1   [ RunTime:0.0004s ]
SQL: SHOW COLUMNS FROM `jx_views` [ RunTime:0.2245s ]
SQL: SELECT COUNT(*) AS tp_count FROM `jx_views` LIMIT 1   [ RunTime:0.0003s ]
INFO: [ view_parse ] --START--
INFO: [ template_filter ] --START--
INFO: Run Behavior\ContentReplaceBehavior [ RunTime:0.000194s ]
INFO: [ template_filter ] --END-- [ RunTime:0.000322s ]
INFO: Run Behavior\ParseTemplateBehavior [ RunTime:0.156573s ]
INFO: [ view_parse ] --END-- [ RunTime:0.156788s ]
INFO: [ view_filter ] --START--
INFO: Run Behavior\WriteHtmlCacheBehavior [ RunTime:0.002382s ]
INFO: [ view_filter ] --END-- [ RunTime:0.002604s ]
INFO: [ app_end ] --START--
INFO: Run Behavior\ShowPageTraceBehavior [ RunTime:0.001700s ]
INFO: [ app_end ] --END-- [ RunTime:0.001897s ]

[ 2018-07-04T10:40:52+08:00 ] 127.0.0.1 /Admin/Content/index/pid/1.html
INFO: [ app_init ] --START--
INFO: Run Behavior\BuildLiteBehavior [ RunTime:0.000016s ]
INFO: [ app_init ] --END-- [ RunTime:0.000674s ]
INFO: [ app_begin ] --START--
INFO: Run Behavior\ReadHtmlCacheBehavior [ RunTime:0.000786s ]
INFO: [ app_begin ] --END-- [ RunTime:0.000834s ]
SQL: SHOW COLUMNS FROM `jx_system` [ RunTime:0.0102s ]
SQL: SELECT * FROM `jx_system` WHERE ( id = 1 ) LIMIT 1   [ RunTime:0.0004s ]
SQL: SHOW COLUMNS FROM `jx_news` [ RunTime:0.0064s ]
SQL: SHOW COLUMNS FROM `jx_category` [ RunTime:0.0137s ]
SQL: SELECT * FROM `jx_category` WHERE ( pid=1 and status=2 )  [ RunTime:0.0004s ]
NOTIC: [8] Undefined index: cid F:\www\jiuxiang\Application\Admin\Controller\ContentController.class.php 第 28 行.
NOTIC: [8] Undefined index: keywords F:\www\jiuxiang\Application\Admin\Controller\ContentController.class.php 第 29 行.
NOTIC: [8] Undefined index: page F:\www\jiuxiang\Application\Admin\Controller\ContentController.class.php 第 39 行.
NOTIC: [8] Undefined index: pageSize F:\www\jiuxiang\Application\Admin\Controller\ContentController.class.php 第 41 行.
SQL: SELECT COUNT(*) AS tp_count FROM `jx_news` WHERE `status` = 2 AND `cid` IN ('17','18','19','20','21','22','23','24') LIMIT 1   [ RunTime:0.0003s ]
SQL: SELECT * FROM `jx_news` WHERE `status` = 2 AND `cid` IN ('17','18','19','20','21','22','23','24') ORDER BY news_time DESC,id DESC LIMIT 0,10   [ RunTime:0.0004s ]
INFO: [ view_parse ] --START--
INFO: [ template_filter ] --START--
INFO: Run Behavior\ContentReplaceBehavior [ RunTime:0.000159s ]
INFO: [ template_filter ] --END-- [ RunTime:0.000208s ]
INFO: Run Behavior\ParseTemplateBehavior [ RunTime:0.039652s ]
INFO: [ view_parse ] --END-- [ RunTime:0.039730s ]
INFO: [ view_filter ] --START--
INFO: Run Behavior\WriteHtmlCacheBehavior [ RunTime:0.000597s ]
INFO: [ view_filter ] --END-- [ RunTime:0.000643s ]
INFO: [ app_end ] --START--
INFO: Run Behavior\ShowPageTraceBehavior [ RunTime:0.001070s ]
INFO: [ app_end ] --END-- [ RunTime:0.001124s ]

[ 2018-07-04T10:40:55+08:00 ] 127.0.0.1 /Admin/Content/article_add/pid/1.html
INFO: [ app_init ] --START--
INFO: Run Behavior\BuildLiteBehavior [ RunTime:0.000029s ]
INFO: [ app_init ] --END-- [ RunTime:0.000609s ]
INFO: [ app_begin ] --START--
INFO: Run Behavior\ReadHtmlCacheBehavior [ RunTime:0.000549s ]
INFO: [ app_begin ] --END-- [ RunTime:0.000595s ]
SQL: SHOW COLUMNS FROM `jx_system` [ RunTime:0.0060s ]
SQL: SELECT * FROM `jx_system` WHERE ( id = 1 ) LIMIT 1   [ RunTime:0.0004s ]
SQL: SHOW COLUMNS FROM `jx_news` [ RunTime:0.0062s ]
SQL: SHOW COLUMNS FROM `jx_category` [ RunTime:0.0055s ]
NOTIC: [8] Undefined index: id F:\www\jiuxiang\Application\Admin\Controller\ContentController.class.php 第 74 行.
SQL: SELECT * FROM `jx_category` WHERE ( pid=1 and status=2 )  [ RunTime:0.0003s ]
INFO: [ view_parse ] --START--
INFO: [ template_filter ] --START--
INFO: Run Behavior\ContentReplaceBehavior [ RunTime:0.000173s ]
INFO: [ template_filter ] --END-- [ RunTime:0.000242s ]
NOTIC: [8] Undefined variable: mes F:\www\jiuxiang\Runtime\Cache\Admin\cd778c99350ac29b4ade9bbcc5a2324d.php 第 272 行.
NOTIC: [8] Undefined variable: mes F:\www\jiuxiang\Runtime\Cache\Admin\cd778c99350ac29b4ade9bbcc5a2324d.php 第 276 行.
NOTIC: [8] Undefined variable: mes F:\www\jiuxiang\Runtime\Cache\Admin\cd778c99350ac29b4ade9bbcc5a2324d.php 第 282 行.
NOTIC: [8] Undefined variable: mes F:\www\jiuxiang\Runtime\Cache\Admin\cd778c99350ac29b4ade9bbcc5a2324d.php 第 290 行.
NOTIC: [8] Undefined variable: mes F:\www\jiuxiang\Runtime\Cache\Admin\cd778c99350ac29b4ade9bbcc5a2324d.php 第 290 行.
NOTIC: [8] Undefined variable: mes F:\www\jiuxiang\Runtime\Cache\Admin\cd778c99350ac29b4ade9bbcc5a2324d.php 第 290 行.
NOTIC: [8] Undefined variable: mes F:\www\jiuxiang\Runtime\Cache\Admin\cd778c99350ac29b4ade9bbcc5a2324d.php 第 290 行.
NOTIC: [8] Undefined variable: mes F:\www\jiuxiang\Runtime\Cache\Admin\cd778c99350ac29b4ade9bbcc5a2324d.php 第 290 行.
NOTIC: [8] Undefined variable: mes F:\www\jiuxiang\Runtime\Cache\Admin\cd778c99350ac29b4ade9bbcc5a2324d.php 第 290 行.
NOTIC: [8] Undefined variable: mes F:\www\jiuxiang\Runtime\Cache\Admin\cd778c99350ac29b4ade9bbcc5a2324d.php 第 290 行.
NOTIC: [8] Undefined variable: mes F:\www\jiuxiang\Runtime\Cache\Admin\cd778c99350ac29b4ade9bbcc5a2324d.php 第 290 行.
NOTIC: [8] Undefined variable: mes F:\www\jiuxiang\Runtime\Cache\Admin\cd778c99350ac29b4ade9bbcc5a2324d.php 第 297 行.
NOTIC: [8] Undefined variable: mes F:\www\jiuxiang\Runtime\Cache\Admin\cd778c99350ac29b4ade9bbcc5a2324d.php 第 303 行.
NOTIC: [8] Undefined variable: mes F:\www\jiuxiang\Runtime\Cache\Admin\cd778c99350ac29b4ade9bbcc5a2324d.php 第 309 行.
NOTIC: [8] Undefined variable: mes F:\www\jiuxiang\Runtime\Cache\Admin\cd778c99350ac29b4ade9bbcc5a2324d.php 第 319 行.
NOTIC: [8] Undefined variable: mes F:\www\jiuxiang\Runtime\Cache\Admin\cd778c99350ac29b4ade9bbcc5a2324d.php 第 328 行.
NOTIC: [8] Undefined variable: mes F:\www\jiuxiang\Runtime\Cache\Admin\cd778c99350ac29b4ade9bbcc5a2324d.php 第 337 行.
NOTIC: [8] Undefined variable: mes F:\www\jiuxiang\Runtime\Cache\Admin\cd778c99350ac29b4ade9bbcc5a2324d.php 第 343 行.
NOTIC: [8] Undefined variable: mes F:\www\jiuxiang\Runtime\Cache\Admin\cd778c99350ac29b4ade9bbcc5a2324d.php 第 349 行.
INFO: Run Behavior\ParseTemplateBehavior [ RunTime:0.061847s ]
INFO: [ view_parse ] --END-- [ RunTime:0.061904s ]
INFO: [ view_filter ] --START--
INFO: Run Behavior\WriteHtmlCacheBehavior [ RunTime:0.000429s ]
INFO: [ view_filter ] --END-- [ RunTime:0.000476s ]
INFO: [ app_end ] --START--
INFO: Run Behavior\ShowPageTraceBehavior [ RunTime:0.000896s ]
INFO: [ app_end ] --END-- [ RunTime:0.000994s ]

[ 2018-07-04T10:41:20+08:00 ] 127.0.0.1 /Admin/Content/article_add/id/.html
INFO: [ app_init ] --START--
INFO: Run Behavior\BuildLiteBehavior [ RunTime:0.000043s ]
INFO: [ app_init ] --END-- [ RunTime:0.002118s ]
INFO: [ app_begin ] --START--
INFO: Run Behavior\ReadHtmlCacheBehavior [ RunTime:0.001975s ]
INFO: [ app_begin ] --END-- [ RunTime:0.002132s ]
SQL: SHOW COLUMNS FROM `jx_system` [ RunTime:0.0069s ]
SQL: SELECT * FROM `jx_system` WHERE ( id = 1 ) LIMIT 1   [ RunTime:0.0004s ]
SQL: SHOW COLUMNS FROM `jx_news` [ RunTime:0.0054s ]
SQL: SHOW COLUMNS FROM `jx_category` [ RunTime:0.0077s ]
NOTIC: [8] Undefined index: id F:\www\jiuxiang\Application\Admin\Controller\ContentController.class.php 第 74 行.
NOTIC: [8] Undefined index: pid F:\www\jiuxiang\Application\Admin\Controller\ContentController.class.php 第 88 行.
SQL: INSERT INTO `jx_news` (`title`,`cid`,`aid`,`keywords`,`ftitle`,`author`,`source`,`description`,`summary`,`news_time`,`content`,`status`,`published`) VALUES ('关于公司','17','2','','','1','','','2313','2018-07-04','<p>1231313</p>','1','1530672080') [ RunTime:0.1379s ]
SQL: SHOW COLUMNS FROM `jx_log` [ RunTime:0.0059s ]
SQL: INSERT INTO `jx_log` (`username`,`uip`,`action`,`status`,`note`) VALUES ('admin','127.0.0.1','添加文章','1','添加文章：关于公司') [ RunTime:0.0584s ]

[ 2018-07-04T10:41:21+08:00 ] 127.0.0.1 /Admin/Content/index/pid.html
INFO: [ app_init ] --START--
INFO: Run Behavior\BuildLiteBehavior [ RunTime:0.000013s ]
INFO: [ app_init ] --END-- [ RunTime:0.000388s ]
INFO: [ app_begin ] --START--
INFO: Run Behavior\ReadHtmlCacheBehavior [ RunTime:0.000541s ]
INFO: [ app_begin ] --END-- [ RunTime:0.000586s ]
SQL: SHOW COLUMNS FROM `jx_system` [ RunTime:0.0058s ]
SQL: SELECT * FROM `jx_system` WHERE ( id = 1 ) LIMIT 1   [ RunTime:0.0006s ]
SQL: SHOW COLUMNS FROM `jx_news` [ RunTime:0.0086s ]
SQL: SHOW COLUMNS FROM `jx_category` [ RunTime:0.0123s ]
SQL: SELECT * FROM `jx_category` WHERE ( pid=3 and status=2 )  [ RunTime:0.0008s ]
NOTIC: [8] Undefined index: cid F:\www\jiuxiang\Application\Admin\Controller\ContentController.class.php 第 28 行.
NOTIC: [8] Undefined index: keywords F:\www\jiuxiang\Application\Admin\Controller\ContentController.class.php 第 29 行.
NOTIC: [8] Undefined index: page F:\www\jiuxiang\Application\Admin\Controller\ContentController.class.php 第 39 行.
NOTIC: [8] Undefined index: pageSize F:\www\jiuxiang\Application\Admin\Controller\ContentController.class.php 第 41 行.
SQL: SELECT COUNT(*) AS tp_count FROM `jx_news` WHERE `status` = 2 AND `cid` IN ('25','26','27','28','29','30') LIMIT 1   [ RunTime:0.0006s ]
SQL: SELECT * FROM `jx_news` WHERE `status` = 2 AND `cid` IN ('25','26','27','28','29','30') ORDER BY news_time DESC,id DESC LIMIT 0,10   [ RunTime:0.0010s ]
INFO: [ view_parse ] --START--
INFO: [ template_filter ] --START--
INFO: Run Behavior\ContentReplaceBehavior [ RunTime:0.000506s ]
INFO: [ template_filter ] --END-- [ RunTime:0.000648s ]
INFO: Run Behavior\ParseTemplateBehavior [ RunTime:0.063525s ]
INFO: [ view_parse ] --END-- [ RunTime:0.063842s ]
INFO: [ view_filter ] --START--
INFO: Run Behavior\WriteHtmlCacheBehavior [ RunTime:0.001297s ]
INFO: [ view_filter ] --END-- [ RunTime:0.001424s ]
INFO: [ app_end ] --START--
INFO: Run Behavior\ShowPageTraceBehavior [ RunTime:0.002104s ]
INFO: [ app_end ] --END-- [ RunTime:0.002271s ]

[ 2018-07-04T10:41:25+08:00 ] 127.0.0.1 /Admin/Content/index/pid/1.html
INFO: [ app_init ] --START--
INFO: Run Behavior\BuildLiteBehavior [ RunTime:0.000013s ]
INFO: [ app_init ] --END-- [ RunTime:0.000386s ]
INFO: [ app_begin ] --START--
INFO: Run Behavior\ReadHtmlCacheBehavior [ RunTime:0.000539s ]
INFO: [ app_begin ] --END-- [ RunTime:0.000585s ]
SQL: SHOW COLUMNS FROM `jx_system` [ RunTime:0.0359s ]
SQL: SELECT * FROM `jx_system` WHERE ( id = 1 ) LIMIT 1   [ RunTime:0.0004s ]
SQL: SHOW COLUMNS FROM `jx_news` [ RunTime:0.0059s ]
SQL: SHOW COLUMNS FROM `jx_category` [ RunTime:0.0067s ]
SQL: SELECT * FROM `jx_category` WHERE ( pid=1 and status=2 )  [ RunTime:0.0004s ]
NOTIC: [8] Undefined index: cid F:\www\jiuxiang\Application\Admin\Controller\ContentController.class.php 第 28 行.
NOTIC: [8] Undefined index: keywords F:\www\jiuxiang\Application\Admin\Controller\ContentController.class.php 第 29 行.
NOTIC: [8] Undefined index: page F:\www\jiuxiang\Application\Admin\Controller\ContentController.class.php 第 39 行.
NOTIC: [8] Undefined index: pageSize F:\www\jiuxiang\Application\Admin\Controller\ContentController.class.php 第 41 行.
SQL: SELECT COUNT(*) AS tp_count FROM `jx_news` WHERE `status` = 2 AND `cid` IN ('17','18','19','20','21','22','23','24') LIMIT 1   [ RunTime:0.0003s ]
SQL: SELECT * FROM `jx_news` WHERE `status` = 2 AND `cid` IN ('17','18','19','20','21','22','23','24') ORDER BY news_time DESC,id DESC LIMIT 0,10   [ RunTime:0.0005s ]
INFO: [ view_parse ] --START--
INFO: [ template_filter ] --START--
INFO: Run Behavior\ContentReplaceBehavior [ RunTime:0.000158s ]
INFO: [ template_filter ] --END-- [ RunTime:0.000207s ]
INFO: Run Behavior\ParseTemplateBehavior [ RunTime:0.018760s ]
INFO: [ view_parse ] --END-- [ RunTime:0.018821s ]
INFO: [ view_filter ] --START--
INFO: Run Behavior\WriteHtmlCacheBehavior [ RunTime:0.000284s ]
INFO: [ view_filter ] --END-- [ RunTime:0.000318s ]
INFO: [ app_end ] --START--
INFO: Run Behavior\ShowPageTraceBehavior [ RunTime:0.000565s ]
INFO: [ app_end ] --END-- [ RunTime:0.000603s ]

[ 2018-07-04T10:42:13+08:00 ] 127.0.0.1 /Admin/Content/index/pid/1/pageSize/10.html?cid=17&page=&keywords=
INFO: [ app_init ] --START--
INFO: Run Behavior\BuildLiteBehavior [ RunTime:0.000016s ]
INFO: [ app_init ] --END-- [ RunTime:0.000387s ]
INFO: [ app_begin ] --START--
INFO: Run Behavior\ReadHtmlCacheBehavior [ RunTime:0.000527s ]
INFO: [ app_begin ] --END-- [ RunTime:0.000568s ]
SQL: SHOW COLUMNS FROM `jx_system` [ RunTime:0.0056s ]
SQL: SELECT * FROM `jx_system` WHERE ( id = 1 ) LIMIT 1   [ RunTime:0.0004s ]
SQL: SHOW COLUMNS FROM `jx_news` [ RunTime:0.0054s ]
SQL: SHOW COLUMNS FROM `jx_category` [ RunTime:0.0065s ]
SQL: SELECT * FROM `jx_category` WHERE ( pid=1 and status=2 )  [ RunTime:0.0004s ]
SQL: SELECT COUNT(*) AS tp_count FROM `jx_news` WHERE `status` = 2 AND `cid` = 17 LIMIT 1   [ RunTime:0.0003s ]
SQL: SELECT * FROM `jx_news` WHERE `status` = 2 AND `cid` = 17 ORDER BY news_time DESC,id DESC LIMIT 0,10   [ RunTime:0.0004s ]
INFO: [ view_parse ] --START--
INFO: [ template_filter ] --START--
INFO: Run Behavior\ContentReplaceBehavior [ RunTime:0.000171s ]
INFO: [ template_filter ] --END-- [ RunTime:0.000225s ]
INFO: Run Behavior\ParseTemplateBehavior [ RunTime:0.017757s ]
INFO: [ view_parse ] --END-- [ RunTime:0.017807s ]
INFO: [ view_filter ] --START--
INFO: Run Behavior\WriteHtmlCacheBehavior [ RunTime:0.000308s ]
INFO: [ view_filter ] --END-- [ RunTime:0.000342s ]
INFO: [ app_end ] --START--
INFO: Run Behavior\ShowPageTraceBehavior [ RunTime:0.000650s ]
INFO: [ app_end ] --END-- [ RunTime:0.000694s ]

[ 2018-07-04T10:42:28+08:00 ] 127.0.0.1 /Admin/Content/index/pid/1.html
INFO: [ app_init ] --START--
INFO: Run Behavior\BuildLiteBehavior [ RunTime:0.000015s ]
INFO: [ app_init ] --END-- [ RunTime:0.000430s ]
INFO: [ app_begin ] --START--
INFO: Run Behavior\ReadHtmlCacheBehavior [ RunTime:0.000620s ]
INFO: [ app_begin ] --END-- [ RunTime:0.000672s ]
SQL: SHOW COLUMNS FROM `jx_system` [ RunTime:0.0084s ]
SQL: SELECT * FROM `jx_system` WHERE ( id = 1 ) LIMIT 1   [ RunTime:0.0005s ]
SQL: SHOW COLUMNS FROM `jx_news` [ RunTime:0.0087s ]
SQL: SHOW COLUMNS FROM `jx_category` [ RunTime:0.0072s ]
SQL: SELECT * FROM `jx_category` WHERE ( pid=1 and status=2 )  [ RunTime:0.0004s ]
NOTIC: [8] Undefined index: cid F:\www\jiuxiang\Application\Admin\Controller\ContentController.class.php 第 28 行.
NOTIC: [8] Undefined index: keywords F:\www\jiuxiang\Application\Admin\Controller\ContentController.class.php 第 29 行.
NOTIC: [8] Undefined index: page F:\www\jiuxiang\Application\Admin\Controller\ContentController.class.php 第 39 行.
NOTIC: [8] Undefined index: pageSize F:\www\jiuxiang\Application\Admin\Controller\ContentController.class.php 第 41 行.
SQL: SELECT COUNT(*) AS tp_count FROM `jx_news` WHERE `status` = 2 AND `cid` IN ('17','18','19','20','21','22','23','24') LIMIT 1   [ RunTime:0.0002s ]
SQL: SELECT * FROM `jx_news` WHERE `status` = 2 AND `cid` IN ('17','18','19','20','21','22','23','24') ORDER BY news_time DESC,id DESC LIMIT 0,10   [ RunTime:0.0007s ]
INFO: [ view_parse ] --START--
INFO: [ template_filter ] --START--
INFO: Run Behavior\ContentReplaceBehavior [ RunTime:0.000194s ]
INFO: [ template_filter ] --END-- [ RunTime:0.000302s ]
INFO: Run Behavior\ParseTemplateBehavior [ RunTime:0.019276s ]
INFO: [ view_parse ] --END-- [ RunTime:0.019334s ]
INFO: [ view_filter ] --START--
INFO: Run Behavior\WriteHtmlCacheBehavior [ RunTime:0.000332s ]
INFO: [ view_filter ] --END-- [ RunTime:0.000368s ]
INFO: [ app_end ] --START--
INFO: Run Behavior\ShowPageTraceBehavior [ RunTime:0.000573s ]
INFO: [ app_end ] --END-- [ RunTime:0.000622s ]

[ 2018-07-04T10:44:00+08:00 ] 127.0.0.1 /Admin/Content/index/pid/1.html
INFO: [ app_init ] --START--
INFO: Run Behavior\BuildLiteBehavior [ RunTime:0.000017s ]
INFO: [ app_init ] --END-- [ RunTime:0.000655s ]
INFO: [ app_begin ] --START--
INFO: Run Behavior\ReadHtmlCacheBehavior [ RunTime:0.001789s ]
INFO: [ app_begin ] --END-- [ RunTime:0.001893s ]
SQL: SHOW COLUMNS FROM `jx_system` [ RunTime:0.0065s ]
SQL: SELECT * FROM `jx_system` WHERE ( id = 1 ) LIMIT 1   [ RunTime:0.0004s ]
SQL: SHOW COLUMNS FROM `jx_news` [ RunTime:0.0058s ]
SQL: SHOW COLUMNS FROM `jx_category` [ RunTime:0.0053s ]
SQL: SELECT * FROM `jx_category` WHERE ( pid=1 and status=2 )  [ RunTime:0.0004s ]
NOTIC: [8] Undefined index: cid F:\www\jiuxiang\Application\Admin\Controller\ContentController.class.php 第 28 行.
NOTIC: [8] Undefined index: keywords F:\www\jiuxiang\Application\Admin\Controller\ContentController.class.php 第 29 行.
NOTIC: [8] Undefined index: page F:\www\jiuxiang\Application\Admin\Controller\ContentController.class.php 第 39 行.
NOTIC: [8] Undefined index: pageSize F:\www\jiuxiang\Application\Admin\Controller\ContentController.class.php 第 41 行.
SQL: SELECT COUNT(*) AS tp_count FROM `jx_news` WHERE `status` = 2 AND `cid` IN ('17','18','19','20','21','22','23','24') LIMIT 1   [ RunTime:0.0003s ]
SQL: SELECT * FROM `jx_news` WHERE `status` = 2 AND `cid` IN ('17','18','19','20','21','22','23','24') ORDER BY news_time DESC,id DESC LIMIT 0,10   [ RunTime:0.0004s ]

[ 2018-07-04T10:44:23+08:00 ] 127.0.0.1 /Admin/Content/index/pid/1.html
INFO: [ app_init ] --START--
INFO: Run Behavior\BuildLiteBehavior [ RunTime:0.000033s ]
INFO: [ app_init ] --END-- [ RunTime:0.001412s ]
INFO: [ app_begin ] --START--
INFO: Run Behavior\ReadHtmlCacheBehavior [ RunTime:0.001199s ]
INFO: [ app_begin ] --END-- [ RunTime:0.001259s ]
SQL: SHOW COLUMNS FROM `jx_system` [ RunTime:0.0060s ]
SQL: SELECT * FROM `jx_system` WHERE ( id = 1 ) LIMIT 1   [ RunTime:0.0004s ]
SQL: SHOW COLUMNS FROM `jx_news` [ RunTime:0.0061s ]
SQL: SHOW COLUMNS FROM `jx_category` [ RunTime:0.0058s ]
SQL: SELECT * FROM `jx_category` WHERE ( pid=1 and status=2 )  [ RunTime:0.0005s ]
NOTIC: [8] Undefined index: cid F:\www\jiuxiang\Application\Admin\Controller\ContentController.class.php 第 28 行.
NOTIC: [8] Undefined index: keywords F:\www\jiuxiang\Application\Admin\Controller\ContentController.class.php 第 29 行.
NOTIC: [8] Undefined index: page F:\www\jiuxiang\Application\Admin\Controller\ContentController.class.php 第 39 行.
NOTIC: [8] Undefined index: pageSize F:\www\jiuxiang\Application\Admin\Controller\ContentController.class.php 第 41 行.
SQL: SELECT COUNT(*) AS tp_count FROM `jx_news` WHERE `status` = 2 AND `cid` IN ('17','18','19','20','21','22','23','24') LIMIT 1   [ RunTime:0.0003s ]
SQL: SELECT * FROM `jx_news` WHERE `status` = 2 AND `cid` IN ('17','18','19','20','21','22','23','24') ORDER BY news_time DESC,id DESC LIMIT 0,10   [ RunTime:0.0003s ]

[ 2018-07-04T10:47:46+08:00 ] 127.0.0.1 /Admin/Content/index/pid/1.html
INFO: [ app_init ] --START--
INFO: Run Behavior\BuildLiteBehavior [ RunTime:0.000017s ]
INFO: [ app_init ] --END-- [ RunTime:0.000509s ]
INFO: [ app_begin ] --START--
INFO: Run Behavior\ReadHtmlCacheBehavior [ RunTime:0.005791s ]
INFO: [ app_begin ] --END-- [ RunTime:0.005969s ]
SQL: SHOW COLUMNS FROM `jx_system` [ RunTime:0.0105s ]
SQL: SELECT * FROM `jx_system` WHERE ( id = 1 ) LIMIT 1   [ RunTime:0.0005s ]
SQL: SHOW COLUMNS FROM `jx_news` [ RunTime:0.0074s ]
SQL: SHOW COLUMNS FROM `jx_category` [ RunTime:0.0164s ]
SQL: SELECT * FROM `jx_category` WHERE ( pid=1 and status=2 )  [ RunTime:0.0009s ]
NOTIC: [8] Undefined index: cid F:\www\jiuxiang\Application\Admin\Controller\ContentController.class.php 第 28 行.
NOTIC: [8] Undefined index: keywords F:\www\jiuxiang\Application\Admin\Controller\ContentController.class.php 第 29 行.
NOTIC: [8] Undefined index: page F:\www\jiuxiang\Application\Admin\Controller\ContentController.class.php 第 39 行.
NOTIC: [8] Undefined index: pageSize F:\www\jiuxiang\Application\Admin\Controller\ContentController.class.php 第 41 行.
SQL: SELECT COUNT(*) AS tp_count FROM `jx_news` WHERE `status` = 1 AND `cid` IN ('17','18','19','20','21','22','23','24') LIMIT 1   [ RunTime:0.0012s ]
SQL: SELECT * FROM `jx_news` WHERE `status` = 1 AND `cid` IN ('17','18','19','20','21','22','23','24') ORDER BY news_time DESC,id DESC LIMIT 0,10   [ RunTime:0.0013s ]
SQL: SELECT `cname` FROM `jx_category` WHERE ( id = 17 ) LIMIT 1   [ RunTime:0.0004s ]
SQL: SELECT `cname` FROM `jx_category` WHERE ( id = 17 ) LIMIT 1   [ RunTime:0.0004s ]
SQL: SELECT `cname` FROM `jx_category` WHERE ( id = 18 ) LIMIT 1   [ RunTime:0.0003s ]
SQL: SELECT `cname` FROM `jx_category` WHERE ( id = 18 ) LIMIT 1   [ RunTime:0.0003s ]
INFO: [ view_parse ] --START--
INFO: [ template_filter ] --START--
INFO: Run Behavior\ContentReplaceBehavior [ RunTime:0.000154s ]
INFO: [ template_filter ] --END-- [ RunTime:0.000201s ]
INFO: Run Behavior\ParseTemplateBehavior [ RunTime:0.037434s ]
INFO: [ view_parse ] --END-- [ RunTime:0.037526s ]
INFO: [ view_filter ] --START--
INFO: Run Behavior\WriteHtmlCacheBehavior [ RunTime:0.000450s ]
INFO: [ view_filter ] --END-- [ RunTime:0.000486s ]
INFO: [ app_end ] --START--
INFO: Run Behavior\ShowPageTraceBehavior [ RunTime:0.001931s ]
INFO: [ app_end ] --END-- [ RunTime:0.002016s ]

[ 2018-07-04T10:49:06+08:00 ] 127.0.0.1 /Admin/Content/index/pid/3.html
INFO: [ app_init ] --START--
INFO: Run Behavior\BuildLiteBehavior [ RunTime:0.000014s ]
INFO: [ app_init ] --END-- [ RunTime:0.000402s ]
INFO: [ app_begin ] --START--
INFO: Run Behavior\ReadHtmlCacheBehavior [ RunTime:0.000566s ]
INFO: [ app_begin ] --END-- [ RunTime:0.000612s ]
SQL: SHOW COLUMNS FROM `jx_system` [ RunTime:0.0192s ]
SQL: SELECT * FROM `jx_system` WHERE ( id = 1 ) LIMIT 1   [ RunTime:0.0011s ]
SQL: SHOW COLUMNS FROM `jx_news` [ RunTime:0.0190s ]
SQL: SHOW COLUMNS FROM `jx_category` [ RunTime:0.0173s ]
SQL: SELECT * FROM `jx_category` WHERE ( pid=3 and status=2 )  [ RunTime:0.0007s ]
NOTIC: [8] Undefined index: cid F:\www\jiuxiang\Application\Admin\Controller\ContentController.class.php 第 28 行.
NOTIC: [8] Undefined index: keywords F:\www\jiuxiang\Application\Admin\Controller\ContentController.class.php 第 29 行.
NOTIC: [8] Undefined index: page F:\www\jiuxiang\Application\Admin\Controller\ContentController.class.php 第 39 行.
NOTIC: [8] Undefined index: pageSize F:\www\jiuxiang\Application\Admin\Controller\ContentController.class.php 第 41 行.
SQL: SELECT COUNT(*) AS tp_count FROM `jx_news` WHERE `status` = 1 AND `cid` IN ('25','26','27','28','29','30') LIMIT 1   [ RunTime:0.0006s ]
SQL: SELECT * FROM `jx_news` WHERE `status` = 1 AND `cid` IN ('25','26','27','28','29','30') ORDER BY news_time DESC,id DESC LIMIT 0,10   [ RunTime:0.0008s ]
INFO: [ view_parse ] --START--
INFO: [ template_filter ] --START--
INFO: Run Behavior\ContentReplaceBehavior [ RunTime:0.000155s ]
INFO: [ template_filter ] --END-- [ RunTime:0.000201s ]
INFO: Run Behavior\ParseTemplateBehavior [ RunTime:0.021288s ]
INFO: [ view_parse ] --END-- [ RunTime:0.021369s ]
INFO: [ view_filter ] --START--
INFO: Run Behavior\WriteHtmlCacheBehavior [ RunTime:0.000278s ]
INFO: [ view_filter ] --END-- [ RunTime:0.000311s ]
INFO: [ app_end ] --START--
INFO: Run Behavior\ShowPageTraceBehavior [ RunTime:0.000849s ]
INFO: [ app_end ] --END-- [ RunTime:0.000915s ]

[ 2018-07-04T10:49:10+08:00 ] 127.0.0.1 /Admin/Content/index/pid/1.html
INFO: [ app_init ] --START--
INFO: Run Behavior\BuildLiteBehavior [ RunTime:0.000014s ]
INFO: [ app_init ] --END-- [ RunTime:0.000422s ]
INFO: [ app_begin ] --START--
INFO: Run Behavior\ReadHtmlCacheBehavior [ RunTime:0.000560s ]
INFO: [ app_begin ] --END-- [ RunTime:0.000618s ]
SQL: SHOW COLUMNS FROM `jx_system` [ RunTime:0.0057s ]
SQL: SELECT * FROM `jx_system` WHERE ( id = 1 ) LIMIT 1   [ RunTime:0.0003s ]
SQL: SHOW COLUMNS FROM `jx_news` [ RunTime:0.0050s ]
SQL: SHOW COLUMNS FROM `jx_category` [ RunTime:0.0050s ]
SQL: SELECT * FROM `jx_category` WHERE ( pid=1 and status=2 )  [ RunTime:0.0003s ]
NOTIC: [8] Undefined index: cid F:\www\jiuxiang\Application\Admin\Controller\ContentController.class.php 第 28 行.
NOTIC: [8] Undefined index: keywords F:\www\jiuxiang\Application\Admin\Controller\ContentController.class.php 第 29 行.
NOTIC: [8] Undefined index: page F:\www\jiuxiang\Application\Admin\Controller\ContentController.class.php 第 39 行.
NOTIC: [8] Undefined index: pageSize F:\www\jiuxiang\Application\Admin\Controller\ContentController.class.php 第 41 行.
SQL: SELECT COUNT(*) AS tp_count FROM `jx_news` WHERE `status` = 1 AND `cid` IN ('17','18','19','20','21','22','23','24') LIMIT 1   [ RunTime:0.0002s ]
SQL: SELECT * FROM `jx_news` WHERE `status` = 1 AND `cid` IN ('17','18','19','20','21','22','23','24') ORDER BY news_time DESC,id DESC LIMIT 0,10   [ RunTime:0.0004s ]
SQL: SELECT `cname` FROM `jx_category` WHERE ( id = 17 ) LIMIT 1   [ RunTime:0.0003s ]
SQL: SELECT `cname` FROM `jx_category` WHERE ( id = 17 ) LIMIT 1   [ RunTime:0.0002s ]
SQL: SELECT `cname` FROM `jx_category` WHERE ( id = 18 ) LIMIT 1   [ RunTime:0.0002s ]
SQL: SELECT `cname` FROM `jx_category` WHERE ( id = 18 ) LIMIT 1   [ RunTime:0.0001s ]
INFO: [ view_parse ] --START--
INFO: [ template_filter ] --START--
INFO: Run Behavior\ContentReplaceBehavior [ RunTime:0.000152s ]
INFO: [ template_filter ] --END-- [ RunTime:0.000216s ]
INFO: Run Behavior\ParseTemplateBehavior [ RunTime:0.017774s ]
INFO: [ view_parse ] --END-- [ RunTime:0.017824s ]
INFO: [ view_filter ] --START--
INFO: Run Behavior\WriteHtmlCacheBehavior [ RunTime:0.000279s ]
INFO: [ view_filter ] --END-- [ RunTime:0.000313s ]
INFO: [ app_end ] --START--
INFO: Run Behavior\ShowPageTraceBehavior [ RunTime:0.000573s ]
INFO: [ app_end ] --END-- [ RunTime:0.000614s ]

[ 2018-07-04T10:49:15+08:00 ] 127.0.0.1 /Admin/Content/article_add/id/2/pid/1.html
INFO: [ app_init ] --START--
INFO: Run Behavior\BuildLiteBehavior [ RunTime:0.000013s ]
INFO: [ app_init ] --END-- [ RunTime:0.000385s ]
INFO: [ app_begin ] --START--
INFO: Run Behavior\ReadHtmlCacheBehavior [ RunTime:0.000542s ]
INFO: [ app_begin ] --END-- [ RunTime:0.000587s ]
SQL: SHOW COLUMNS FROM `jx_system` [ RunTime:0.0063s ]
SQL: SELECT * FROM `jx_system` WHERE ( id = 1 ) LIMIT 1   [ RunTime:0.0004s ]
SQL: SHOW COLUMNS FROM `jx_news` [ RunTime:0.0058s ]
SQL: SHOW COLUMNS FROM `jx_category` [ RunTime:0.0058s ]
SQL: SELECT * FROM `jx_category` WHERE ( pid=1 and status=2 )  [ RunTime:0.0004s ]
SQL: SELECT * FROM `jx_news` WHERE ( id =2 ) LIMIT 1   [ RunTime:0.0004s ]
INFO: [ view_parse ] --START--
INFO: [ template_filter ] --START--
INFO: Run Behavior\ContentReplaceBehavior [ RunTime:0.000118s ]
INFO: [ template_filter ] --END-- [ RunTime:0.000163s ]
INFO: Run Behavior\ParseTemplateBehavior [ RunTime:0.015389s ]
INFO: [ view_parse ] --END-- [ RunTime:0.015441s ]
INFO: [ view_filter ] --START--
INFO: Run Behavior\WriteHtmlCacheBehavior [ RunTime:0.000269s ]
INFO: [ view_filter ] --END-- [ RunTime:0.000302s ]
INFO: [ app_end ] --START--
INFO: Run Behavior\ShowPageTraceBehavior [ RunTime:0.000572s ]
INFO: [ app_end ] --END-- [ RunTime:0.000617s ]

[ 2018-07-04T10:49:36+08:00 ] 127.0.0.1 /Admin/Content/article_add/id/7/pid/1.html
INFO: [ app_init ] --START--
INFO: Run Behavior\BuildLiteBehavior [ RunTime:0.000023s ]
INFO: [ app_init ] --END-- [ RunTime:0.000524s ]
INFO: [ app_begin ] --START--
INFO: Run Behavior\ReadHtmlCacheBehavior [ RunTime:0.000662s ]
INFO: [ app_begin ] --END-- [ RunTime:0.000720s ]
SQL: SHOW COLUMNS FROM `jx_system` [ RunTime:0.0103s ]
SQL: SELECT * FROM `jx_system` WHERE ( id = 1 ) LIMIT 1   [ RunTime:0.0005s ]
SQL: SHOW COLUMNS FROM `jx_news` [ RunTime:0.0073s ]
SQL: SHOW COLUMNS FROM `jx_category` [ RunTime:0.0113s ]
SQL: SELECT * FROM `jx_category` WHERE ( pid=1 and status=2 )  [ RunTime:0.0004s ]
SQL: SELECT * FROM `jx_news` WHERE ( id =7 ) LIMIT 1   [ RunTime:0.0004s ]
INFO: [ view_parse ] --START--
INFO: [ template_filter ] --START--
INFO: Run Behavior\ContentReplaceBehavior [ RunTime:0.000177s ]
INFO: [ template_filter ] --END-- [ RunTime:0.000248s ]
INFO: Run Behavior\ParseTemplateBehavior [ RunTime:0.017622s ]
INFO: [ view_parse ] --END-- [ RunTime:0.017686s ]
INFO: [ view_filter ] --START--
INFO: Run Behavior\WriteHtmlCacheBehavior [ RunTime:0.000366s ]
INFO: [ view_filter ] --END-- [ RunTime:0.000409s ]
INFO: [ app_end ] --START--
INFO: Run Behavior\ShowPageTraceBehavior [ RunTime:0.000723s ]
INFO: [ app_end ] --END-- [ RunTime:0.000777s ]

[ 2018-07-04T10:49:57+08:00 ] 127.0.0.1 /Admin/Content/article_add/id/7/pid/1.html
INFO: [ app_init ] --START--
INFO: Run Behavior\BuildLiteBehavior [ RunTime:0.000016s ]
INFO: [ app_init ] --END-- [ RunTime:0.000479s ]
INFO: [ app_begin ] --START--
INFO: Run Behavior\ReadHtmlCacheBehavior [ RunTime:0.000768s ]
INFO: [ app_begin ] --END-- [ RunTime:0.000816s ]
SQL: SHOW COLUMNS FROM `jx_system` [ RunTime:0.0356s ]
SQL: SELECT * FROM `jx_system` WHERE ( id = 1 ) LIMIT 1   [ RunTime:0.0004s ]
SQL: SHOW COLUMNS FROM `jx_news` [ RunTime:0.0090s ]
SQL: SHOW COLUMNS FROM `jx_category` [ RunTime:0.0060s ]
SQL: SELECT * FROM `jx_category` WHERE ( pid=1 and status=2 )  [ RunTime:0.0006s ]
SQL: SELECT * FROM `jx_news` WHERE ( id =7 ) LIMIT 1   [ RunTime:0.0004s ]
INFO: [ view_parse ] --START--
INFO: [ template_filter ] --START--
INFO: Run Behavior\ContentReplaceBehavior [ RunTime:0.000228s ]
INFO: [ template_filter ] --END-- [ RunTime:0.000348s ]
INFO: Run Behavior\ParseTemplateBehavior [ RunTime:0.025371s ]
INFO: [ view_parse ] --END-- [ RunTime:0.025455s ]
INFO: [ view_filter ] --START--
INFO: Run Behavior\WriteHtmlCacheBehavior [ RunTime:0.000627s ]
INFO: [ view_filter ] --END-- [ RunTime:0.000676s ]
INFO: [ app_end ] --START--
INFO: Run Behavior\ShowPageTraceBehavior [ RunTime:0.000965s ]
INFO: [ app_end ] --END-- [ RunTime:0.001019s ]

[ 2018-07-04T10:50:00+08:00 ] 127.0.0.1 /Admin/Content/index/pid/3.html
INFO: [ app_init ] --START--
INFO: Run Behavior\BuildLiteBehavior [ RunTime:0.000015s ]
INFO: [ app_init ] --END-- [ RunTime:0.000405s ]
INFO: [ app_begin ] --START--
INFO: Run Behavior\ReadHtmlCacheBehavior [ RunTime:0.000709s ]
INFO: [ app_begin ] --END-- [ RunTime:0.000787s ]
SQL: SHOW COLUMNS FROM `jx_system` [ RunTime:0.0058s ]
SQL: SELECT * FROM `jx_system` WHERE ( id = 1 ) LIMIT 1   [ RunTime:0.0004s ]
SQL: SHOW COLUMNS FROM `jx_news` [ RunTime:0.0063s ]
SQL: SHOW COLUMNS FROM `jx_category` [ RunTime:0.0072s ]
SQL: SELECT * FROM `jx_category` WHERE ( pid=3 and status=2 )  [ RunTime:0.0004s ]
NOTIC: [8] Undefined index: cid F:\www\jiuxiang\Application\Admin\Controller\ContentController.class.php 第 28 行.
NOTIC: [8] Undefined index: keywords F:\www\jiuxiang\Application\Admin\Controller\ContentController.class.php 第 29 行.
NOTIC: [8] Undefined index: page F:\www\jiuxiang\Application\Admin\Controller\ContentController.class.php 第 39 行.
NOTIC: [8] Undefined index: pageSize F:\www\jiuxiang\Application\Admin\Controller\ContentController.class.php 第 41 行.
SQL: SELECT COUNT(*) AS tp_count FROM `jx_news` WHERE `status` = 1 AND `cid` IN ('25','26','27','28','29','30') LIMIT 1   [ RunTime:0.0006s ]
SQL: SELECT * FROM `jx_news` WHERE `status` = 1 AND `cid` IN ('25','26','27','28','29','30') ORDER BY news_time DESC,id DESC LIMIT 0,10   [ RunTime:0.0008s ]
INFO: [ view_parse ] --START--
INFO: [ template_filter ] --START--
INFO: Run Behavior\ContentReplaceBehavior [ RunTime:0.000157s ]
INFO: [ template_filter ] --END-- [ RunTime:0.000210s ]
INFO: Run Behavior\ParseTemplateBehavior [ RunTime:0.020263s ]
INFO: [ view_parse ] --END-- [ RunTime:0.020388s ]
INFO: [ view_filter ] --START--
INFO: Run Behavior\WriteHtmlCacheBehavior [ RunTime:0.000731s ]
INFO: [ view_filter ] --END-- [ RunTime:0.000776s ]
INFO: [ app_end ] --START--
INFO: Run Behavior\ShowPageTraceBehavior [ RunTime:0.000809s ]
INFO: [ app_end ] --END-- [ RunTime:0.000895s ]

[ 2018-07-04T10:50:03+08:00 ] 127.0.0.1 /Admin/Content/article_add/pid/3.html
INFO: [ app_init ] --START--
INFO: Run Behavior\BuildLiteBehavior [ RunTime:0.000014s ]
INFO: [ app_init ] --END-- [ RunTime:0.000391s ]
INFO: [ app_begin ] --START--
INFO: Run Behavior\ReadHtmlCacheBehavior [ RunTime:0.000566s ]
INFO: [ app_begin ] --END-- [ RunTime:0.000615s ]
SQL: SHOW COLUMNS FROM `jx_system` [ RunTime:0.0057s ]
SQL: SELECT * FROM `jx_system` WHERE ( id = 1 ) LIMIT 1   [ RunTime:0.0004s ]
SQL: SHOW COLUMNS FROM `jx_news` [ RunTime:0.0056s ]
SQL: SHOW COLUMNS FROM `jx_category` [ RunTime:0.0059s ]
NOTIC: [8] Undefined index: id F:\www\jiuxiang\Application\Admin\Controller\ContentController.class.php 第 76 行.
SQL: SELECT * FROM `jx_category` WHERE ( pid=3 and status=2 )  [ RunTime:0.0003s ]
INFO: [ view_parse ] --START--
INFO: [ template_filter ] --START--
INFO: Run Behavior\ContentReplaceBehavior [ RunTime:0.000126s ]
INFO: [ template_filter ] --END-- [ RunTime:0.000178s ]
NOTIC: [8] Undefined variable: mes F:\www\jiuxiang\Runtime\Cache\Admin\cd778c99350ac29b4ade9bbcc5a2324d.php 第 272 行.
NOTIC: [8] Undefined variable: mes F:\www\jiuxiang\Runtime\Cache\Admin\cd778c99350ac29b4ade9bbcc5a2324d.php 第 276 行.
NOTIC: [8] Undefined variable: mes F:\www\jiuxiang\Runtime\Cache\Admin\cd778c99350ac29b4ade9bbcc5a2324d.php 第 282 行.
NOTIC: [8] Undefined variable: mes F:\www\jiuxiang\Runtime\Cache\Admin\cd778c99350ac29b4ade9bbcc5a2324d.php 第 290 行.
NOTIC: [8] Undefined variable: mes F:\www\jiuxiang\Runtime\Cache\Admin\cd778c99350ac29b4ade9bbcc5a2324d.php 第 290 行.
NOTIC: [8] Undefined variable: mes F:\www\jiuxiang\Runtime\Cache\Admin\cd778c99350ac29b4ade9bbcc5a2324d.php 第 290 行.
NOTIC: [8] Undefined variable: mes F:\www\jiuxiang\Runtime\Cache\Admin\cd778c99350ac29b4ade9bbcc5a2324d.php 第 290 行.
NOTIC: [8] Undefined variable: mes F:\www\jiuxiang\Runtime\Cache\Admin\cd778c99350ac29b4ade9bbcc5a2324d.php 第 290 行.
NOTIC: [8] Undefined variable: mes F:\www\jiuxiang\Runtime\Cache\Admin\cd778c99350ac29b4ade9bbcc5a2324d.php 第 290 行.
NOTIC: [8] Undefined variable: mes F:\www\jiuxiang\Runtime\Cache\Admin\cd778c99350ac29b4ade9bbcc5a2324d.php 第 297 行.
NOTIC: [8] Undefined variable: mes F:\www\jiuxiang\Runtime\Cache\Admin\cd778c99350ac29b4ade9bbcc5a2324d.php 第 303 行.
NOTIC: [8] Undefined variable: mes F:\www\jiuxiang\Runtime\Cache\Admin\cd778c99350ac29b4ade9bbcc5a2324d.php 第 309 行.
NOTIC: [8] Undefined variable: mes F:\www\jiuxiang\Runtime\Cache\Admin\cd778c99350ac29b4ade9bbcc5a2324d.php 第 319 行.
NOTIC: [8] Undefined variable: mes F:\www\jiuxiang\Runtime\Cache\Admin\cd778c99350ac29b4ade9bbcc5a2324d.php 第 328 行.
NOTIC: [8] Undefined variable: mes F:\www\jiuxiang\Runtime\Cache\Admin\cd778c99350ac29b4ade9bbcc5a2324d.php 第 337 行.
NOTIC: [8] Undefined variable: mes F:\www\jiuxiang\Runtime\Cache\Admin\cd778c99350ac29b4ade9bbcc5a2324d.php 第 343 行.
NOTIC: [8] Undefined variable: mes F:\www\jiuxiang\Runtime\Cache\Admin\cd778c99350ac29b4ade9bbcc5a2324d.php 第 349 行.
INFO: Run Behavior\ParseTemplateBehavior [ RunTime:0.015195s ]
INFO: [ view_parse ] --END-- [ RunTime:0.015241s ]
INFO: [ view_filter ] --START--
INFO: Run Behavior\WriteHtmlCacheBehavior [ RunTime:0.000318s ]
INFO: [ view_filter ] --END-- [ RunTime:0.000351s ]
INFO: [ app_end ] --START--
INFO: Run Behavior\ShowPageTraceBehavior [ RunTime:0.000679s ]
INFO: [ app_end ] --END-- [ RunTime:0.000725s ]

[ 2018-07-04T10:50:15+08:00 ] 127.0.0.1 /Admin/Content/article_add/id/.html
INFO: [ app_init ] --START--
INFO: Run Behavior\BuildLiteBehavior [ RunTime:0.000015s ]
INFO: [ app_init ] --END-- [ RunTime:0.000407s ]
INFO: [ app_begin ] --START--
INFO: Run Behavior\ReadHtmlCacheBehavior [ RunTime:0.000546s ]
INFO: [ app_begin ] --END-- [ RunTime:0.000592s ]
SQL: SHOW COLUMNS FROM `jx_system` [ RunTime:0.0064s ]
SQL: SELECT * FROM `jx_system` WHERE ( id = 1 ) LIMIT 1   [ RunTime:0.0003s ]
SQL: SHOW COLUMNS FROM `jx_news` [ RunTime:0.0059s ]
SQL: SHOW COLUMNS FROM `jx_category` [ RunTime:0.0060s ]
NOTIC: [8] Undefined index: id F:\www\jiuxiang\Application\Admin\Controller\ContentController.class.php 第 76 行.
NOTIC: [8] Undefined index: pid F:\www\jiuxiang\Application\Admin\Controller\ContentController.class.php 第 92 行.
SQL: INSERT INTO `jx_news` (`title`,`cid`,`aid`,`keywords`,`ftitle`,`author`,`source`,`description`,`summary`,`news_time`,`content`,`status`,`published`) VALUES ('测试','25','2','','','','','','12313','2018-07-04','<p>1231</p>','1','1530672615') [ RunTime:0.2602s ]
SQL: SHOW COLUMNS FROM `jx_log` [ RunTime:0.0165s ]
SQL: INSERT INTO `jx_log` (`username`,`uip`,`action`,`status`,`note`) VALUES ('admin','127.0.0.1','添加文章','1','添加文章：测试') [ RunTime:0.0554s ]

[ 2018-07-04T10:50:17+08:00 ] 127.0.0.1 /Admin/Content/index/pid.html
INFO: [ app_init ] --START--
INFO: Run Behavior\BuildLiteBehavior [ RunTime:0.000016s ]
INFO: [ app_init ] --END-- [ RunTime:0.000422s ]
INFO: [ app_begin ] --START--
INFO: Run Behavior\ReadHtmlCacheBehavior [ RunTime:0.000586s ]
INFO: [ app_begin ] --END-- [ RunTime:0.000637s ]
SQL: SHOW COLUMNS FROM `jx_system` [ RunTime:0.0066s ]
SQL: SELECT * FROM `jx_system` WHERE ( id = 1 ) LIMIT 1   [ RunTime:0.0004s ]
SQL: SHOW COLUMNS FROM `jx_news` [ RunTime:0.0083s ]
SQL: SHOW COLUMNS FROM `jx_category` [ RunTime:0.0053s ]
SQL: SELECT * FROM `jx_category` WHERE ( pid=3 and status=2 )  [ RunTime:0.0004s ]
NOTIC: [8] Undefined index: cid F:\www\jiuxiang\Application\Admin\Controller\ContentController.class.php 第 28 行.
NOTIC: [8] Undefined index: keywords F:\www\jiuxiang\Application\Admin\Controller\ContentController.class.php 第 29 行.
NOTIC: [8] Undefined index: page F:\www\jiuxiang\Application\Admin\Controller\ContentController.class.php 第 39 行.
NOTIC: [8] Undefined index: pageSize F:\www\jiuxiang\Application\Admin\Controller\ContentController.class.php 第 41 行.
SQL: SELECT COUNT(*) AS tp_count FROM `jx_news` WHERE `status` = 1 AND `cid` IN ('25','26','27','28','29','30') LIMIT 1   [ RunTime:0.0003s ]
SQL: SELECT * FROM `jx_news` WHERE `status` = 1 AND `cid` IN ('25','26','27','28','29','30') ORDER BY news_time DESC,id DESC LIMIT 0,10   [ RunTime:0.0005s ]
SQL: SELECT `cname` FROM `jx_category` WHERE ( id = 25 ) LIMIT 1   [ RunTime:0.0002s ]
INFO: [ view_parse ] --START--
INFO: [ template_filter ] --START--
INFO: Run Behavior\ContentReplaceBehavior [ RunTime:0.000170s ]
INFO: [ template_filter ] --END-- [ RunTime:0.000220s ]
INFO: Run Behavior\ParseTemplateBehavior [ RunTime:0.027578s ]
INFO: [ view_parse ] --END-- [ RunTime:0.027631s ]
INFO: [ view_filter ] --START--
INFO: Run Behavior\WriteHtmlCacheBehavior [ RunTime:0.000295s ]
INFO: [ view_filter ] --END-- [ RunTime:0.000326s ]
INFO: [ app_end ] --START--
INFO: Run Behavior\ShowPageTraceBehavior [ RunTime:0.000549s ]
INFO: [ app_end ] --END-- [ RunTime:0.000587s ]

[ 2018-07-04T10:50:20+08:00 ] 127.0.0.1 /Admin/Content/index/pid/4.html
INFO: [ app_init ] --START--
INFO: Run Behavior\BuildLiteBehavior [ RunTime:0.000013s ]
INFO: [ app_init ] --END-- [ RunTime:0.000401s ]
INFO: [ app_begin ] --START--
INFO: Run Behavior\ReadHtmlCacheBehavior [ RunTime:0.000539s ]
INFO: [ app_begin ] --END-- [ RunTime:0.000584s ]
SQL: SHOW COLUMNS FROM `jx_system` [ RunTime:0.0098s ]
SQL: SELECT * FROM `jx_system` WHERE ( id = 1 ) LIMIT 1   [ RunTime:0.0003s ]
SQL: SHOW COLUMNS FROM `jx_news` [ RunTime:0.0060s ]
SQL: SHOW COLUMNS FROM `jx_category` [ RunTime:0.0984s ]
SQL: SELECT * FROM `jx_category` WHERE ( pid=4 and status=2 )  [ RunTime:0.0003s ]
NOTIC: [8] Undefined index: cid F:\www\jiuxiang\Application\Admin\Controller\ContentController.class.php 第 28 行.
NOTIC: [8] Undefined index: keywords F:\www\jiuxiang\Application\Admin\Controller\ContentController.class.php 第 29 行.
NOTIC: [8] Undefined index: page F:\www\jiuxiang\Application\Admin\Controller\ContentController.class.php 第 39 行.
NOTIC: [8] Undefined index: pageSize F:\www\jiuxiang\Application\Admin\Controller\ContentController.class.php 第 41 行.
SQL: SELECT COUNT(*) AS tp_count FROM `jx_news` WHERE `status` = 1 AND `cid` IN ('31','32','33','34','35','36','37','39') LIMIT 1   [ RunTime:0.0002s ]
SQL: SELECT * FROM `jx_news` WHERE `status` = 1 AND `cid` IN ('31','32','33','34','35','36','37','39') ORDER BY news_time DESC,id DESC LIMIT 0,10   [ RunTime:0.0003s ]
INFO: [ view_parse ] --START--
INFO: [ template_filter ] --START--
INFO: Run Behavior\ContentReplaceBehavior [ RunTime:0.000165s ]
INFO: [ template_filter ] --END-- [ RunTime:0.000277s ]
INFO: Run Behavior\ParseTemplateBehavior [ RunTime:0.017809s ]
INFO: [ view_parse ] --END-- [ RunTime:0.017869s ]
INFO: [ view_filter ] --START--
INFO: Run Behavior\WriteHtmlCacheBehavior [ RunTime:0.000305s ]
INFO: [ view_filter ] --END-- [ RunTime:0.000340s ]
INFO: [ app_end ] --START--
INFO: Run Behavior\ShowPageTraceBehavior [ RunTime:0.000871s ]
INFO: [ app_end ] --END-- [ RunTime:0.000968s ]

[ 2018-07-04T10:50:22+08:00 ] 127.0.0.1 /Admin/Content/article_add/pid/4.html
INFO: [ app_init ] --START--
INFO: Run Behavior\BuildLiteBehavior [ RunTime:0.000029s ]
INFO: [ app_init ] --END-- [ RunTime:0.000591s ]
INFO: [ app_begin ] --START--
INFO: Run Behavior\ReadHtmlCacheBehavior [ RunTime:0.000668s ]
INFO: [ app_begin ] --END-- [ RunTime:0.000720s ]
SQL: SHOW COLUMNS FROM `jx_system` [ RunTime:0.0060s ]
SQL: SELECT * FROM `jx_system` WHERE ( id = 1 ) LIMIT 1   [ RunTime:0.0004s ]
SQL: SHOW COLUMNS FROM `jx_news` [ RunTime:0.0059s ]
SQL: SHOW COLUMNS FROM `jx_category` [ RunTime:0.0057s ]
NOTIC: [8] Undefined index: id F:\www\jiuxiang\Application\Admin\Controller\ContentController.class.php 第 76 行.
SQL: SELECT * FROM `jx_category` WHERE ( pid=4 and status=2 )  [ RunTime:0.0003s ]
INFO: [ view_parse ] --START--
INFO: [ template_filter ] --START--
INFO: Run Behavior\ContentReplaceBehavior [ RunTime:0.000128s ]
INFO: [ template_filter ] --END-- [ RunTime:0.000180s ]
NOTIC: [8] Undefined variable: mes F:\www\jiuxiang\Runtime\Cache\Admin\cd778c99350ac29b4ade9bbcc5a2324d.php 第 272 行.
NOTIC: [8] Undefined variable: mes F:\www\jiuxiang\Runtime\Cache\Admin\cd778c99350ac29b4ade9bbcc5a2324d.php 第 276 行.
NOTIC: [8] Undefined variable: mes F:\www\jiuxiang\Runtime\Cache\Admin\cd778c99350ac29b4ade9bbcc5a2324d.php 第 282 行.
NOTIC: [8] Undefined variable: mes F:\www\jiuxiang\Runtime\Cache\Admin\cd778c99350ac29b4ade9bbcc5a2324d.php 第 290 行.
NOTIC: [8] Undefined variable: mes F:\www\jiuxiang\Runtime\Cache\Admin\cd778c99350ac29b4ade9bbcc5a2324d.php 第 290 行.
NOTIC: [8] Undefined variable: mes F:\www\jiuxiang\Runtime\Cache\Admin\cd778c99350ac29b4ade9bbcc5a2324d.php 第 290 行.
NOTIC: [8] Undefined variable: mes F:\www\jiuxiang\Runtime\Cache\Admin\cd778c99350ac29b4ade9bbcc5a2324d.php 第 290 行.
NOTIC: [8] Undefined variable: mes F:\www\jiuxiang\Runtime\Cache\Admin\cd778c99350ac29b4ade9bbcc5a2324d.php 第 290 行.
NOTIC: [8] Undefined variable: mes F:\www\jiuxiang\Runtime\Cache\Admin\cd778c99350ac29b4ade9bbcc5a2324d.php 第 290 行.
NOTIC: [8] Undefined variable: mes F:\www\jiuxiang\Runtime\Cache\Admin\cd778c99350ac29b4ade9bbcc5a2324d.php 第 290 行.
NOTIC: [8] Undefined variable: mes F:\www\jiuxiang\Runtime\Cache\Admin\cd778c99350ac29b4ade9bbcc5a2324d.php 第 290 行.
NOTIC: [8] Undefined variable: mes F:\www\jiuxiang\Runtime\Cache\Admin\cd778c99350ac29b4ade9bbcc5a2324d.php 第 297 行.
NOTIC: [8] Undefined variable: mes F:\www\jiuxiang\Runtime\Cache\Admin\cd778c99350ac29b4ade9bbcc5a2324d.php 第 303 行.
NOTIC: [8] Undefined variable: mes F:\www\jiuxiang\Runtime\Cache\Admin\cd778c99350ac29b4ade9bbcc5a2324d.php 第 309 行.
NOTIC: [8] Undefined variable: mes F:\www\jiuxiang\Runtime\Cache\Admin\cd778c99350ac29b4ade9bbcc5a2324d.php 第 319 行.
NOTIC: [8] Undefined variable: mes F:\www\jiuxiang\Runtime\Cache\Admin\cd778c99350ac29b4ade9bbcc5a2324d.php 第 328 行.
NOTIC: [8] Undefined variable: mes F:\www\jiuxiang\Runtime\Cache\Admin\cd778c99350ac29b4ade9bbcc5a2324d.php 第 337 行.
NOTIC: [8] Undefined variable: mes F:\www\jiuxiang\Runtime\Cache\Admin\cd778c99350ac29b4ade9bbcc5a2324d.php 第 343 行.
NOTIC: [8] Undefined variable: mes F:\www\jiuxiang\Runtime\Cache\Admin\cd778c99350ac29b4ade9bbcc5a2324d.php 第 349 行.
INFO: Run Behavior\ParseTemplateBehavior [ RunTime:0.015158s ]
INFO: [ view_parse ] --END-- [ RunTime:0.015209s ]
INFO: [ view_filter ] --START--
INFO: Run Behavior\WriteHtmlCacheBehavior [ RunTime:0.000400s ]
INFO: [ view_filter ] --END-- [ RunTime:0.000438s ]
INFO: [ app_end ] --START--
INFO: Run Behavior\ShowPageTraceBehavior [ RunTime:0.000807s ]
INFO: [ app_end ] --END-- [ RunTime:0.000856s ]

[ 2018-07-04T10:50:34+08:00 ] 127.0.0.1 /Admin/Content/article_add/id/.html
INFO: [ app_init ] --START--
INFO: Run Behavior\BuildLiteBehavior [ RunTime:0.000017s ]
INFO: [ app_init ] --END-- [ RunTime:0.000492s ]
INFO: [ app_begin ] --START--
INFO: Run Behavior\ReadHtmlCacheBehavior [ RunTime:0.001041s ]
INFO: [ app_begin ] --END-- [ RunTime:0.001143s ]
SQL: SHOW COLUMNS FROM `jx_system` [ RunTime:0.0201s ]
SQL: SELECT * FROM `jx_system` WHERE ( id = 1 ) LIMIT 1   [ RunTime:0.0004s ]
SQL: SHOW COLUMNS FROM `jx_news` [ RunTime:0.0527s ]
SQL: SHOW COLUMNS FROM `jx_category` [ RunTime:0.0103s ]
NOTIC: [8] Undefined index: id F:\www\jiuxiang\Application\Admin\Controller\ContentController.class.php 第 76 行.
NOTIC: [8] Undefined index: pid F:\www\jiuxiang\Application\Admin\Controller\ContentController.class.php 第 92 行.
SQL: INSERT INTO `jx_news` (`title`,`cid`,`aid`,`keywords`,`ftitle`,`author`,`source`,`description`,`summary`,`news_time`,`content`,`status`,`published`) VALUES ('测试','31','2','','','','','','1231','2018-07-04','<p>1232131</p>','1','1530672634') [ RunTime:0.0622s ]
SQL: SHOW COLUMNS FROM `jx_log` [ RunTime:0.0062s ]
SQL: INSERT INTO `jx_log` (`username`,`uip`,`action`,`status`,`note`) VALUES ('admin','127.0.0.1','添加文章','1','添加文章：测试') [ RunTime:0.0581s ]

[ 2018-07-04T10:50:35+08:00 ] 127.0.0.1 /Admin/Content/index/pid/5.html
INFO: [ app_init ] --START--
INFO: Run Behavior\BuildLiteBehavior [ RunTime:0.000014s ]
INFO: [ app_init ] --END-- [ RunTime:0.000468s ]
INFO: [ app_begin ] --START--
INFO: Run Behavior\ReadHtmlCacheBehavior [ RunTime:0.000956s ]
INFO: [ app_begin ] --END-- [ RunTime:0.001006s ]
SQL: SHOW COLUMNS FROM `jx_system` [ RunTime:0.0062s ]
SQL: SELECT * FROM `jx_system` WHERE ( id = 1 ) LIMIT 1   [ RunTime:0.0004s ]
SQL: SHOW COLUMNS FROM `jx_news` [ RunTime:0.0058s ]
SQL: SHOW COLUMNS FROM `jx_category` [ RunTime:0.0065s ]
SQL: SELECT * FROM `jx_category` WHERE ( pid=5 and status=2 )  [ RunTime:0.0004s ]
NOTIC: [8] Undefined index: cid F:\www\jiuxiang\Application\Admin\Controller\ContentController.class.php 第 28 行.
NOTIC: [8] Undefined index: keywords F:\www\jiuxiang\Application\Admin\Controller\ContentController.class.php 第 29 行.
NOTIC: [8] Undefined index: page F:\www\jiuxiang\Application\Admin\Controller\ContentController.class.php 第 39 行.
NOTIC: [8] Undefined index: pageSize F:\www\jiuxiang\Application\Admin\Controller\ContentController.class.php 第 41 行.
SQL: SELECT COUNT(*) AS tp_count FROM `jx_news` WHERE `status` = 1 AND `cid` IN ('40','41','42') LIMIT 1   [ RunTime:0.0003s ]
SQL: SELECT * FROM `jx_news` WHERE `status` = 1 AND `cid` IN ('40','41','42') ORDER BY news_time DESC,id DESC LIMIT 0,10   [ RunTime:0.0004s ]
INFO: [ view_parse ] --START--
INFO: [ template_filter ] --START--
INFO: Run Behavior\ContentReplaceBehavior [ RunTime:0.000157s ]
INFO: [ template_filter ] --END-- [ RunTime:0.000208s ]
INFO: Run Behavior\ParseTemplateBehavior [ RunTime:0.019255s ]
INFO: [ view_parse ] --END-- [ RunTime:0.019307s ]
INFO: [ view_filter ] --START--
INFO: Run Behavior\WriteHtmlCacheBehavior [ RunTime:0.000453s ]
INFO: [ view_filter ] --END-- [ RunTime:0.000487s ]
INFO: [ app_end ] --START--
INFO: Run Behavior\ShowPageTraceBehavior [ RunTime:0.000733s ]
INFO: [ app_end ] --END-- [ RunTime:0.000774s ]

[ 2018-07-04T10:50:38+08:00 ] 127.0.0.1 /Admin/Content/index/pid/4.html
INFO: [ app_init ] --START--
INFO: Run Behavior\BuildLiteBehavior [ RunTime:0.000014s ]
INFO: [ app_init ] --END-- [ RunTime:0.000391s ]
INFO: [ app_begin ] --START--
INFO: Run Behavior\ReadHtmlCacheBehavior [ RunTime:0.000547s ]
INFO: [ app_begin ] --END-- [ RunTime:0.000592s ]
SQL: SHOW COLUMNS FROM `jx_system` [ RunTime:0.0058s ]
SQL: SELECT * FROM `jx_system` WHERE ( id = 1 ) LIMIT 1   [ RunTime:0.0003s ]
SQL: SHOW COLUMNS FROM `jx_news` [ RunTime:0.0052s ]
SQL: SHOW COLUMNS FROM `jx_category` [ RunTime:0.0050s ]
SQL: SELECT * FROM `jx_category` WHERE ( pid=4 and status=2 )  [ RunTime:0.0003s ]
NOTIC: [8] Undefined index: cid F:\www\jiuxiang\Application\Admin\Controller\ContentController.class.php 第 28 行.
NOTIC: [8] Undefined index: keywords F:\www\jiuxiang\Application\Admin\Controller\ContentController.class.php 第 29 行.
NOTIC: [8] Undefined index: page F:\www\jiuxiang\Application\Admin\Controller\ContentController.class.php 第 39 行.
NOTIC: [8] Undefined index: pageSize F:\www\jiuxiang\Application\Admin\Controller\ContentController.class.php 第 41 行.
SQL: SELECT COUNT(*) AS tp_count FROM `jx_news` WHERE `status` = 1 AND `cid` IN ('31','32','33','34','35','36','37','39') LIMIT 1   [ RunTime:0.0003s ]
SQL: SELECT * FROM `jx_news` WHERE `status` = 1 AND `cid` IN ('31','32','33','34','35','36','37','39') ORDER BY news_time DESC,id DESC LIMIT 0,10   [ RunTime:0.0003s ]
SQL: SELECT `cname` FROM `jx_category` WHERE ( id = 31 ) LIMIT 1   [ RunTime:0.0003s ]
INFO: [ view_parse ] --START--
INFO: [ template_filter ] --START--
INFO: Run Behavior\ContentReplaceBehavior [ RunTime:0.000148s ]
INFO: [ template_filter ] --END-- [ RunTime:0.000200s ]
INFO: Run Behavior\ParseTemplateBehavior [ RunTime:0.020672s ]
INFO: [ view_parse ] --END-- [ RunTime:0.020722s ]
INFO: [ view_filter ] --START--
INFO: Run Behavior\WriteHtmlCacheBehavior [ RunTime:0.000286s ]
INFO: [ view_filter ] --END-- [ RunTime:0.000318s ]
INFO: [ app_end ] --START--
INFO: Run Behavior\ShowPageTraceBehavior [ RunTime:0.000549s ]
INFO: [ app_end ] --END-- [ RunTime:0.000586s ]

[ 2018-07-04T10:50:40+08:00 ] 127.0.0.1 /Admin/Content/index/pid/5.html
INFO: [ app_init ] --START--
INFO: Run Behavior\BuildLiteBehavior [ RunTime:0.000013s ]
INFO: [ app_init ] --END-- [ RunTime:0.000384s ]
INFO: [ app_begin ] --START--
INFO: Run Behavior\ReadHtmlCacheBehavior [ RunTime:0.000537s ]
INFO: [ app_begin ] --END-- [ RunTime:0.000582s ]
SQL: SHOW COLUMNS FROM `jx_system` [ RunTime:0.0095s ]
SQL: SELECT * FROM `jx_system` WHERE ( id = 1 ) LIMIT 1   [ RunTime:0.0003s ]
SQL: SHOW COLUMNS FROM `jx_news` [ RunTime:0.0054s ]
SQL: SHOW COLUMNS FROM `jx_category` [ RunTime:0.0151s ]
SQL: SELECT * FROM `jx_category` WHERE ( pid=5 and status=2 )  [ RunTime:0.0003s ]
NOTIC: [8] Undefined index: cid F:\www\jiuxiang\Application\Admin\Controller\ContentController.class.php 第 28 行.
NOTIC: [8] Undefined index: keywords F:\www\jiuxiang\Application\Admin\Controller\ContentController.class.php 第 29 行.
NOTIC: [8] Undefined index: page F:\www\jiuxiang\Application\Admin\Controller\ContentController.class.php 第 39 行.
NOTIC: [8] Undefined index: pageSize F:\www\jiuxiang\Application\Admin\Controller\ContentController.class.php 第 41 行.
SQL: SELECT COUNT(*) AS tp_count FROM `jx_news` WHERE `status` = 1 AND `cid` IN ('40','41','42') LIMIT 1   [ RunTime:0.0002s ]
SQL: SELECT * FROM `jx_news` WHERE `status` = 1 AND `cid` IN ('40','41','42') ORDER BY news_time DESC,id DESC LIMIT 0,10   [ RunTime:0.0003s ]
INFO: [ view_parse ] --START--
INFO: [ template_filter ] --START--
INFO: Run Behavior\ContentReplaceBehavior [ RunTime:0.000160s ]
INFO: [ template_filter ] --END-- [ RunTime:0.000214s ]
INFO: Run Behavior\ParseTemplateBehavior [ RunTime:0.017830s ]
INFO: [ view_parse ] --END-- [ RunTime:0.017884s ]
INFO: [ view_filter ] --START--
INFO: Run Behavior\WriteHtmlCacheBehavior [ RunTime:0.000306s ]
INFO: [ view_filter ] --END-- [ RunTime:0.000377s ]
INFO: [ app_end ] --START--
INFO: Run Behavior\ShowPageTraceBehavior [ RunTime:0.000674s ]
INFO: [ app_end ] --END-- [ RunTime:0.000741s ]

[ 2018-07-04T10:50:42+08:00 ] 127.0.0.1 /Admin/Content/article_add/pid/5.html
INFO: [ app_init ] --START--
INFO: Run Behavior\BuildLiteBehavior [ RunTime:0.000015s ]
INFO: [ app_init ] --END-- [ RunTime:0.000432s ]
INFO: [ app_begin ] --START--
INFO: Run Behavior\ReadHtmlCacheBehavior [ RunTime:0.000624s ]
INFO: [ app_begin ] --END-- [ RunTime:0.000675s ]
SQL: SHOW COLUMNS FROM `jx_system` [ RunTime:0.0068s ]
SQL: SELECT * FROM `jx_system` WHERE ( id = 1 ) LIMIT 1   [ RunTime:0.0004s ]
SQL: SHOW COLUMNS FROM `jx_news` [ RunTime:0.0059s ]
SQL: SHOW COLUMNS FROM `jx_category` [ RunTime:0.0056s ]
NOTIC: [8] Undefined index: id F:\www\jiuxiang\Application\Admin\Controller\ContentController.class.php 第 76 行.
SQL: SELECT * FROM `jx_category` WHERE ( pid=5 and status=2 )  [ RunTime:0.0003s ]
INFO: [ view_parse ] --START--
INFO: [ template_filter ] --START--
INFO: Run Behavior\ContentReplaceBehavior [ RunTime:0.000119s ]
INFO: [ template_filter ] --END-- [ RunTime:0.000167s ]
NOTIC: [8] Undefined variable: mes F:\www\jiuxiang\Runtime\Cache\Admin\cd778c99350ac29b4ade9bbcc5a2324d.php 第 272 行.
NOTIC: [8] Undefined variable: mes F:\www\jiuxiang\Runtime\Cache\Admin\cd778c99350ac29b4ade9bbcc5a2324d.php 第 276 行.
NOTIC: [8] Undefined variable: mes F:\www\jiuxiang\Runtime\Cache\Admin\cd778c99350ac29b4ade9bbcc5a2324d.php 第 282 行.
NOTIC: [8] Undefined variable: mes F:\www\jiuxiang\Runtime\Cache\Admin\cd778c99350ac29b4ade9bbcc5a2324d.php 第 290 行.
NOTIC: [8] Undefined variable: mes F:\www\jiuxiang\Runtime\Cache\Admin\cd778c99350ac29b4ade9bbcc5a2324d.php 第 290 行.
NOTIC: [8] Undefined variable: mes F:\www\jiuxiang\Runtime\Cache\Admin\cd778c99350ac29b4ade9bbcc5a2324d.php 第 290 行.
NOTIC: [8] Undefined variable: mes F:\www\jiuxiang\Runtime\Cache\Admin\cd778c99350ac29b4ade9bbcc5a2324d.php 第 297 行.
NOTIC: [8] Undefined variable: mes F:\www\jiuxiang\Runtime\Cache\Admin\cd778c99350ac29b4ade9bbcc5a2324d.php 第 303 行.
NOTIC: [8] Undefined variable: mes F:\www\jiuxiang\Runtime\Cache\Admin\cd778c99350ac29b4ade9bbcc5a2324d.php 第 309 行.
NOTIC: [8] Undefined variable: mes F:\www\jiuxiang\Runtime\Cache\Admin\cd778c99350ac29b4ade9bbcc5a2324d.php 第 319 行.
NOTIC: [8] Undefined variable: mes F:\www\jiuxiang\Runtime\Cache\Admin\cd778c99350ac29b4ade9bbcc5a2324d.php 第 328 行.
NOTIC: [8] Undefined variable: mes F:\www\jiuxiang\Runtime\Cache\Admin\cd778c99350ac29b4ade9bbcc5a2324d.php 第 337 行.
NOTIC: [8] Undefined variable: mes F:\www\jiuxiang\Runtime\Cache\Admin\cd778c99350ac29b4ade9bbcc5a2324d.php 第 343 行.
NOTIC: [8] Undefined variable: mes F:\www\jiuxiang\Runtime\Cache\Admin\cd778c99350ac29b4ade9bbcc5a2324d.php 第 349 行.
INFO: Run Behavior\ParseTemplateBehavior [ RunTime:0.015986s ]
INFO: [ view_parse ] --END-- [ RunTime:0.016034s ]
INFO: [ view_filter ] --START--
INFO: Run Behavior\WriteHtmlCacheBehavior [ RunTime:0.000392s ]
INFO: [ view_filter ] --END-- [ RunTime:0.000433s ]
INFO: [ app_end ] --START--
INFO: Run Behavior\ShowPageTraceBehavior [ RunTime:0.000658s ]
INFO: [ app_end ] --END-- [ RunTime:0.000705s ]

[ 2018-07-04T10:50:53+08:00 ] 127.0.0.1 /Admin/Content/article_add/id/.html
INFO: [ app_init ] --START--
INFO: Run Behavior\BuildLiteBehavior [ RunTime:0.000013s ]
INFO: [ app_init ] --END-- [ RunTime:0.000387s ]
INFO: [ app_begin ] --START--
INFO: Run Behavior\ReadHtmlCacheBehavior [ RunTime:0.000536s ]
INFO: [ app_begin ] --END-- [ RunTime:0.000579s ]
SQL: SHOW COLUMNS FROM `jx_system` [ RunTime:0.0821s ]
SQL: SELECT * FROM `jx_system` WHERE ( id = 1 ) LIMIT 1   [ RunTime:0.0005s ]
SQL: SHOW COLUMNS FROM `jx_news` [ RunTime:0.0091s ]
SQL: SHOW COLUMNS FROM `jx_category` [ RunTime:0.0111s ]
NOTIC: [8] Undefined index: id F:\www\jiuxiang\Application\Admin\Controller\ContentController.class.php 第 76 行.
NOTIC: [8] Undefined index: pid F:\www\jiuxiang\Application\Admin\Controller\ContentController.class.php 第 92 行.
SQL: INSERT INTO `jx_news` (`title`,`cid`,`aid`,`keywords`,`ftitle`,`author`,`source`,`description`,`summary`,`news_time`,`content`,`status`,`published`) VALUES ('测试','40','2','','','','','','1231','2018-07-04','<p>12313</p>','1','1530672653') [ RunTime:0.0892s ]
SQL: SHOW COLUMNS FROM `jx_log` [ RunTime:0.0069s ]
SQL: INSERT INTO `jx_log` (`username`,`uip`,`action`,`status`,`note`) VALUES ('admin','127.0.0.1','添加文章','1','添加文章：测试') [ RunTime:0.0662s ]

[ 2018-07-04T10:50:55+08:00 ] 127.0.0.1 /Admin/Content/index/pid.html
INFO: [ app_init ] --START--
INFO: Run Behavior\BuildLiteBehavior [ RunTime:0.000020s ]
INFO: [ app_init ] --END-- [ RunTime:0.000470s ]
INFO: [ app_begin ] --START--
INFO: Run Behavior\ReadHtmlCacheBehavior [ RunTime:0.000619s ]
INFO: [ app_begin ] --END-- [ RunTime:0.000674s ]
SQL: SHOW COLUMNS FROM `jx_system` [ RunTime:0.0066s ]
SQL: SELECT * FROM `jx_system` WHERE ( id = 1 ) LIMIT 1   [ RunTime:0.0004s ]
SQL: SHOW COLUMNS FROM `jx_news` [ RunTime:0.0082s ]
SQL: SHOW COLUMNS FROM `jx_category` [ RunTime:0.0060s ]
SQL: SELECT * FROM `jx_category` WHERE ( pid=3 and status=2 )  [ RunTime:0.0004s ]
NOTIC: [8] Undefined index: cid F:\www\jiuxiang\Application\Admin\Controller\ContentController.class.php 第 28 行.
NOTIC: [8] Undefined index: keywords F:\www\jiuxiang\Application\Admin\Controller\ContentController.class.php 第 29 行.
NOTIC: [8] Undefined index: page F:\www\jiuxiang\Application\Admin\Controller\ContentController.class.php 第 39 行.
NOTIC: [8] Undefined index: pageSize F:\www\jiuxiang\Application\Admin\Controller\ContentController.class.php 第 41 行.
SQL: SELECT COUNT(*) AS tp_count FROM `jx_news` WHERE `status` = 1 AND `cid` IN ('25','26','27','28','29','30') LIMIT 1   [ RunTime:0.0003s ]
SQL: SELECT * FROM `jx_news` WHERE `status` = 1 AND `cid` IN ('25','26','27','28','29','30') ORDER BY news_time DESC,id DESC LIMIT 0,10   [ RunTime:0.0004s ]
SQL: SELECT `cname` FROM `jx_category` WHERE ( id = 25 ) LIMIT 1   [ RunTime:0.0002s ]
INFO: [ view_parse ] --START--
INFO: [ template_filter ] --START--
INFO: Run Behavior\ContentReplaceBehavior [ RunTime:0.000147s ]
INFO: [ template_filter ] --END-- [ RunTime:0.000192s ]
INFO: Run Behavior\ParseTemplateBehavior [ RunTime:0.018162s ]
INFO: [ view_parse ] --END-- [ RunTime:0.018214s ]
INFO: [ view_filter ] --START--
INFO: Run Behavior\WriteHtmlCacheBehavior [ RunTime:0.000293s ]
INFO: [ view_filter ] --END-- [ RunTime:0.000327s ]
INFO: [ app_end ] --START--
INFO: Run Behavior\ShowPageTraceBehavior [ RunTime:0.000637s ]
INFO: [ app_end ] --END-- [ RunTime:0.000681s ]

[ 2018-07-04T10:51:29+08:00 ] 127.0.0.1 /Admin/Content/index/pid/5.html
INFO: [ app_init ] --START--
INFO: Run Behavior\BuildLiteBehavior [ RunTime:0.000016s ]
INFO: [ app_init ] --END-- [ RunTime:0.000544s ]
INFO: [ app_begin ] --START--
INFO: Run Behavior\ReadHtmlCacheBehavior [ RunTime:0.000816s ]
INFO: [ app_begin ] --END-- [ RunTime:0.000872s ]
SQL: SHOW COLUMNS FROM `jx_system` [ RunTime:0.0097s ]
SQL: SELECT * FROM `jx_system` WHERE ( id = 1 ) LIMIT 1   [ RunTime:0.0005s ]
SQL: SHOW COLUMNS FROM `jx_news` [ RunTime:0.0059s ]
SQL: SHOW COLUMNS FROM `jx_category` [ RunTime:0.0154s ]
SQL: SELECT * FROM `jx_category` WHERE ( pid=5 and status=2 )  [ RunTime:0.0004s ]
NOTIC: [8] Undefined index: cid F:\www\jiuxiang\Application\Admin\Controller\ContentController.class.php 第 28 行.
NOTIC: [8] Undefined index: keywords F:\www\jiuxiang\Application\Admin\Controller\ContentController.class.php 第 29 行.
NOTIC: [8] Undefined index: page F:\www\jiuxiang\Application\Admin\Controller\ContentController.class.php 第 39 行.
NOTIC: [8] Undefined index: pageSize F:\www\jiuxiang\Application\Admin\Controller\ContentController.class.php 第 41 行.
SQL: SELECT COUNT(*) AS tp_count FROM `jx_news` WHERE `status` = 1 AND `cid` IN ('40','41','42') LIMIT 1   [ RunTime:0.0003s ]
SQL: SELECT * FROM `jx_news` WHERE `status` = 1 AND `cid` IN ('40','41','42') ORDER BY news_time DESC,id DESC LIMIT 0,10   [ RunTime:0.0005s ]
SQL: SELECT `cname` FROM `jx_category` WHERE ( id = 40 ) LIMIT 1   [ RunTime:0.0003s ]
INFO: [ view_parse ] --START--
INFO: [ template_filter ] --START--
INFO: Run Behavior\ContentReplaceBehavior [ RunTime:0.000156s ]
INFO: [ template_filter ] --END-- [ RunTime:0.000215s ]
INFO: Run Behavior\ParseTemplateBehavior [ RunTime:0.021654s ]
INFO: [ view_parse ] --END-- [ RunTime:0.021714s ]
INFO: [ view_filter ] --START--
INFO: Run Behavior\WriteHtmlCacheBehavior [ RunTime:0.000286s ]
INFO: [ view_filter ] --END-- [ RunTime:0.000318s ]
INFO: [ app_end ] --START--
INFO: Run Behavior\ShowPageTraceBehavior [ RunTime:0.000662s ]
INFO: [ app_end ] --END-- [ RunTime:0.000716s ]

[ 2018-07-04T10:51:32+08:00 ] 127.0.0.1 /Admin/Content/article_add/pid/5.html
INFO: [ app_init ] --START--
INFO: Run Behavior\BuildLiteBehavior [ RunTime:0.000030s ]
INFO: [ app_init ] --END-- [ RunTime:0.000647s ]
INFO: [ app_begin ] --START--
INFO: Run Behavior\ReadHtmlCacheBehavior [ RunTime:0.000807s ]
INFO: [ app_begin ] --END-- [ RunTime:0.000901s ]
SQL: SHOW COLUMNS FROM `jx_system` [ RunTime:0.0062s ]
SQL: SELECT * FROM `jx_system` WHERE ( id = 1 ) LIMIT 1   [ RunTime:0.0004s ]
SQL: SHOW COLUMNS FROM `jx_news` [ RunTime:0.0062s ]
SQL: SHOW COLUMNS FROM `jx_category` [ RunTime:0.0056s ]
NOTIC: [8] Undefined index: id F:\www\jiuxiang\Application\Admin\Controller\ContentController.class.php 第 76 行.
SQL: SELECT * FROM `jx_category` WHERE ( pid=5 and status=2 )  [ RunTime:0.0003s ]
INFO: [ view_parse ] --START--
INFO: [ template_filter ] --START--
INFO: Run Behavior\ContentReplaceBehavior [ RunTime:0.000119s ]
INFO: [ template_filter ] --END-- [ RunTime:0.000166s ]
NOTIC: [8] Undefined variable: mes F:\www\jiuxiang\Runtime\Cache\Admin\cd778c99350ac29b4ade9bbcc5a2324d.php 第 272 行.
NOTIC: [8] Undefined variable: mes F:\www\jiuxiang\Runtime\Cache\Admin\cd778c99350ac29b4ade9bbcc5a2324d.php 第 276 行.
NOTIC: [8] Undefined variable: mes F:\www\jiuxiang\Runtime\Cache\Admin\cd778c99350ac29b4ade9bbcc5a2324d.php 第 282 行.
NOTIC: [8] Undefined variable: mes F:\www\jiuxiang\Runtime\Cache\Admin\cd778c99350ac29b4ade9bbcc5a2324d.php 第 290 行.
NOTIC: [8] Undefined variable: mes F:\www\jiuxiang\Runtime\Cache\Admin\cd778c99350ac29b4ade9bbcc5a2324d.php 第 290 行.
NOTIC: [8] Undefined variable: mes F:\www\jiuxiang\Runtime\Cache\Admin\cd778c99350ac29b4ade9bbcc5a2324d.php 第 290 行.
NOTIC: [8] Undefined variable: mes F:\www\jiuxiang\Runtime\Cache\Admin\cd778c99350ac29b4ade9bbcc5a2324d.php 第 297 行.
NOTIC: [8] Undefined variable: mes F:\www\jiuxiang\Runtime\Cache\Admin\cd778c99350ac29b4ade9bbcc5a2324d.php 第 303 行.
NOTIC: [8] Undefined variable: mes F:\www\jiuxiang\Runtime\Cache\Admin\cd778c99350ac29b4ade9bbcc5a2324d.php 第 309 行.
NOTIC: [8] Undefined variable: mes F:\www\jiuxiang\Runtime\Cache\Admin\cd778c99350ac29b4ade9bbcc5a2324d.php 第 319 行.
NOTIC: [8] Undefined variable: mes F:\www\jiuxiang\Runtime\Cache\Admin\cd778c99350ac29b4ade9bbcc5a2324d.php 第 328 行.
NOTIC: [8] Undefined variable: mes F:\www\jiuxiang\Runtime\Cache\Admin\cd778c99350ac29b4ade9bbcc5a2324d.php 第 337 行.
NOTIC: [8] Undefined variable: mes F:\www\jiuxiang\Runtime\Cache\Admin\cd778c99350ac29b4ade9bbcc5a2324d.php 第 343 行.
NOTIC: [8] Undefined variable: mes F:\www\jiuxiang\Runtime\Cache\Admin\cd778c99350ac29b4ade9bbcc5a2324d.php 第 349 行.
INFO: Run Behavior\ParseTemplateBehavior [ RunTime:0.014698s ]
INFO: [ view_parse ] --END-- [ RunTime:0.014740s ]
INFO: [ view_filter ] --START--
INFO: Run Behavior\WriteHtmlCacheBehavior [ RunTime:0.000277s ]
INFO: [ view_filter ] --END-- [ RunTime:0.000311s ]
INFO: [ app_end ] --START--
INFO: Run Behavior\ShowPageTraceBehavior [ RunTime:0.000560s ]
INFO: [ app_end ] --END-- [ RunTime:0.000599s ]

[ 2018-07-04T10:52:35+08:00 ] 127.0.0.1 /Admin/Content/article_add/pid/5.html
INFO: [ app_init ] --START--
INFO: Run Behavior\BuildLiteBehavior [ RunTime:0.000028s ]
INFO: [ app_init ] --END-- [ RunTime:0.000564s ]
INFO: [ app_begin ] --START--
INFO: Run Behavior\ReadHtmlCacheBehavior [ RunTime:0.000577s ]
INFO: [ app_begin ] --END-- [ RunTime:0.000627s ]
SQL: SHOW COLUMNS FROM `jx_system` [ RunTime:0.0064s ]
SQL: SELECT * FROM `jx_system` WHERE ( id = 1 ) LIMIT 1   [ RunTime:0.0004s ]
SQL: SHOW COLUMNS FROM `jx_news` [ RunTime:0.0059s ]
SQL: SHOW COLUMNS FROM `jx_category` [ RunTime:0.0054s ]
NOTIC: [8] Undefined index: id F:\www\jiuxiang\Application\Admin\Controller\ContentController.class.php 第 76 行.
SQL: SELECT * FROM `jx_category` WHERE ( pid=5 and status=2 )  [ RunTime:0.0003s ]
INFO: [ view_parse ] --START--
INFO: [ template_filter ] --START--
INFO: Run Behavior\ContentReplaceBehavior [ RunTime:0.000115s ]
INFO: [ template_filter ] --END-- [ RunTime:0.000163s ]
NOTIC: [8] Undefined variable: mes F:\www\jiuxiang\Runtime\Cache\Admin\cd778c99350ac29b4ade9bbcc5a2324d.php 第 272 行.
NOTIC: [8] Undefined variable: mes F:\www\jiuxiang\Runtime\Cache\Admin\cd778c99350ac29b4ade9bbcc5a2324d.php 第 276 行.
NOTIC: [8] Undefined variable: mes F:\www\jiuxiang\Runtime\Cache\Admin\cd778c99350ac29b4ade9bbcc5a2324d.php 第 282 行.
NOTIC: [8] Undefined variable: mes F:\www\jiuxiang\Runtime\Cache\Admin\cd778c99350ac29b4ade9bbcc5a2324d.php 第 290 行.
NOTIC: [8] Undefined variable: mes F:\www\jiuxiang\Runtime\Cache\Admin\cd778c99350ac29b4ade9bbcc5a2324d.php 第 290 行.
NOTIC: [8] Undefined variable: mes F:\www\jiuxiang\Runtime\Cache\Admin\cd778c99350ac29b4ade9bbcc5a2324d.php 第 290 行.
NOTIC: [8] Undefined variable: mes F:\www\jiuxiang\Runtime\Cache\Admin\cd778c99350ac29b4ade9bbcc5a2324d.php 第 297 行.
NOTIC: [8] Undefined variable: mes F:\www\jiuxiang\Runtime\Cache\Admin\cd778c99350ac29b4ade9bbcc5a2324d.php 第 303 行.
NOTIC: [8] Undefined variable: mes F:\www\jiuxiang\Runtime\Cache\Admin\cd778c99350ac29b4ade9bbcc5a2324d.php 第 309 行.
NOTIC: [8] Undefined variable: mes F:\www\jiuxiang\Runtime\Cache\Admin\cd778c99350ac29b4ade9bbcc5a2324d.php 第 319 行.
NOTIC: [8] Undefined variable: mes F:\www\jiuxiang\Runtime\Cache\Admin\cd778c99350ac29b4ade9bbcc5a2324d.php 第 328 行.
NOTIC: [8] Undefined variable: mes F:\www\jiuxiang\Runtime\Cache\Admin\cd778c99350ac29b4ade9bbcc5a2324d.php 第 337 行.
NOTIC: [8] Undefined variable: mes F:\www\jiuxiang\Runtime\Cache\Admin\cd778c99350ac29b4ade9bbcc5a2324d.php 第 343 行.
NOTIC: [8] Undefined variable: mes F:\www\jiuxiang\Runtime\Cache\Admin\cd778c99350ac29b4ade9bbcc5a2324d.php 第 349 行.
INFO: Run Behavior\ParseTemplateBehavior [ RunTime:0.014015s ]
INFO: [ view_parse ] --END-- [ RunTime:0.014056s ]
INFO: [ view_filter ] --START--
INFO: Run Behavior\WriteHtmlCacheBehavior [ RunTime:0.000284s ]
INFO: [ view_filter ] --END-- [ RunTime:0.000317s ]
INFO: [ app_end ] --START--
INFO: Run Behavior\ShowPageTraceBehavior [ RunTime:0.000552s ]
INFO: [ app_end ] --END-- [ RunTime:0.000591s ]

