[ 2018-05-13T13:32:48+08:00 ] 127.0.0.1 /Home/Index/index.html
INFO: [ app_init ] --START--
INFO: Run Behavior\BuildLiteBehavior [ RunTime:0.000024s ]
INFO: [ app_init ] --END-- [ RunTime:0.000548s ]
INFO: [ app_begin ] --START--
INFO: Run Behavior\ReadHtmlCacheBehavior [ RunTime:0.000801s ]
INFO: [ app_begin ] --END-- [ RunTime:0.000876s ]
ERR: 无法加载控制器:Home

[ 2018-05-13T13:32:49+08:00 ] 127.0.0.1 /Home/Index/index.html
INFO: [ app_init ] --START--
INFO: Run Behavior\BuildLiteBehavior [ RunTime:0.000021s ]
INFO: [ app_init ] --END-- [ RunTime:0.000652s ]
INFO: [ app_begin ] --START--
INFO: Run Behavior\ReadHtmlCacheBehavior [ RunTime:0.000654s ]
INFO: [ app_begin ] --END-- [ RunTime:0.000724s ]
ERR: 无法加载控制器:Home

[ 2018-05-13T13:32:49+08:00 ] 127.0.0.1 /Home/Index/index.html
INFO: [ app_init ] --START--
INFO: Run Behavior\BuildLiteBehavior [ RunTime:0.000011s ]
INFO: [ app_init ] --END-- [ RunTime:0.000335s ]
INFO: [ app_begin ] --START--
INFO: Run Behavior\ReadHtmlCacheBehavior [ RunTime:0.000413s ]
INFO: [ app_begin ] --END-- [ RunTime:0.000455s ]
ERR: 无法加载控制器:Home

[ 2018-05-13T13:32:49+08:00 ] 127.0.0.1 /Home/Index/index.html
INFO: [ app_init ] --START--
INFO: Run Behavior\BuildLiteBehavior [ RunTime:0.000011s ]
INFO: [ app_init ] --END-- [ RunTime:0.000344s ]
INFO: [ app_begin ] --START--
INFO: Run Behavior\ReadHtmlCacheBehavior [ RunTime:0.000425s ]
INFO: [ app_begin ] --END-- [ RunTime:0.000468s ]
ERR: 无法加载控制器:Home

[ 2018-05-13T13:32:50+08:00 ] 127.0.0.1 /Home/Index/index.html
INFO: [ app_init ] --START--
INFO: Run Behavior\BuildLiteBehavior [ RunTime:0.000013s ]
INFO: [ app_init ] --END-- [ RunTime:0.000412s ]
INFO: [ app_begin ] --START--
INFO: Run Behavior\ReadHtmlCacheBehavior [ RunTime:0.000507s ]
INFO: [ app_begin ] --END-- [ RunTime:0.000560s ]
ERR: 无法加载控制器:Home

[ 2018-05-13T13:32:50+08:00 ] 127.0.0.1 /Home/Index/index.html
INFO: [ app_init ] --START--
INFO: Run Behavior\BuildLiteBehavior [ RunTime:0.000012s ]
INFO: [ app_init ] --END-- [ RunTime:0.000363s ]
INFO: [ app_begin ] --START--
INFO: Run Behavior\ReadHtmlCacheBehavior [ RunTime:0.000544s ]
INFO: [ app_begin ] --END-- [ RunTime:0.000595s ]
ERR: 无法加载控制器:Home

[ 2018-05-13T13:32:50+08:00 ] 127.0.0.1 /Home/Index/index.html
INFO: [ app_init ] --START--
INFO: Run Behavior\BuildLiteBehavior [ RunTime:0.000016s ]
INFO: [ app_init ] --END-- [ RunTime:0.000505s ]
INFO: [ app_begin ] --START--
INFO: Run Behavior\ReadHtmlCacheBehavior [ RunTime:0.000632s ]
INFO: [ app_begin ] --END-- [ RunTime:0.000700s ]
ERR: 无法加载控制器:Home

[ 2018-05-13T13:32:50+08:00 ] 127.0.0.1 /Home/Index/index.html
INFO: [ app_init ] --START--
INFO: Run Behavior\BuildLiteBehavior [ RunTime:0.000011s ]
INFO: [ app_init ] --END-- [ RunTime:0.000330s ]
INFO: [ app_begin ] --START--
INFO: Run Behavior\ReadHtmlCacheBehavior [ RunTime:0.000406s ]
INFO: [ app_begin ] --END-- [ RunTime:0.000449s ]
ERR: 无法加载控制器:Home

[ 2018-05-13T13:32:50+08:00 ] 127.0.0.1 /Home/Index/index.html
INFO: [ app_init ] --START--
INFO: Run Behavior\BuildLiteBehavior [ RunTime:0.000016s ]
INFO: [ app_init ] --END-- [ RunTime:0.000436s ]
INFO: [ app_begin ] --START--
INFO: Run Behavior\ReadHtmlCacheBehavior [ RunTime:0.000673s ]
INFO: [ app_begin ] --END-- [ RunTime:0.000736s ]
ERR: 无法加载控制器:Home

[ 2018-05-13T13:32:55+08:00 ] 127.0.0.1 /
INFO: [ app_init ] --START--
INFO: Run Behavior\BuildLiteBehavior [ RunTime:0.000014s ]
INFO: [ app_init ] --END-- [ RunTime:0.000346s ]
INFO: [ app_begin ] --START--
INFO: Run Behavior\ReadHtmlCacheBehavior [ RunTime:0.000408s ]
INFO: [ app_begin ] --END-- [ RunTime:0.000450s ]
SQL: SHOW COLUMNS FROM `sq_system` [ RunTime:0.0059s ]
SQL: SELECT * FROM `sq_system` WHERE ( id = 1 ) LIMIT 1   [ RunTime:0.0004s ]
SQL: SHOW COLUMNS FROM `sq_link` [ RunTime:0.0069s ]
SQL: SELECT * FROM `sq_link` WHERE `status` = 1 LIMIT 18   [ RunTime:0.0003s ]
SQL: SHOW COLUMNS FROM `sq_category` [ RunTime:0.0052s ]
NOTIC: [8] Undefined variable: where F:\www\jiuxiang\Application\Mobile\Controller\BaseController.class.php 第 56 行.
SQL: SELECT * FROM `sq_category` ORDER BY sort ASC,id ASC  [ RunTime:0.0005s ]
SQL: SHOW COLUMNS FROM `sq_image` [ RunTime:0.0063s ]
SQL: SELECT * FROM `sq_image` WHERE `status` = 1 AND `cid` = 54 ORDER BY id ASC  [ RunTime:0.0003s ]
SQL: SHOW COLUMNS FROM `sq_views` [ RunTime:0.0051s ]
SQL: INSERT INTO `sq_views` (`ip`) VALUES ('127.0.0.1') [ RunTime:0.1393s ]
SQL: SHOW COLUMNS FROM `sq_news` [ RunTime:0.0065s ]
SQL: SELECT * FROM `sq_category` WHERE ( pid = 2 and status = 2 )  [ RunTime:0.0004s ]
NOTIC: [8] Undefined variable: str F:\www\jiuxiang\Application\Mobile\Controller\IndexController.class.php 第 11 行.
SQL: SELECT * FROM `sq_news` WHERE `status` = 1 AND `cid` IN ('31','32','33','55','58','') AND `is_recommend` = 1 ORDER BY sort DESC,news_time DESC,id DESC LIMIT 0,7   [ RunTime:0.0011s ]
SQL: SELECT * FROM `sq_news` WHERE `status` = 1 AND `cid` = 55 ORDER BY id DESC LIMIT 0,10   [ RunTime:0.0015s ]
SQL: SELECT * FROM `sq_news` WHERE `status` = 1 AND `cid` = 58 ORDER BY id DESC LIMIT 0,10   [ RunTime:0.0016s ]
SQL: SELECT * FROM `sq_news` WHERE `status` = 1 AND `cid` = 32 ORDER BY id DESC LIMIT 0,10   [ RunTime:0.0056s ]
SQL: SELECT * FROM `sq_news` WHERE `status` = 1 AND `cid` = 33 ORDER BY id DESC LIMIT 0,10   [ RunTime:0.0015s ]
SQL: SELECT * FROM `sq_news` WHERE `cid` = 59 AND `status` = 1 AND `type` = 1 AND `is_recommend` = 1 LIMIT 1   [ RunTime:0.0014s ]
SQL: SELECT * FROM `sq_news` WHERE `cid` = 59 AND `status` = 1 AND `type` = 2 AND `is_recommend` = 1 LIMIT 1   [ RunTime:0.0015s ]
SQL: SELECT * FROM `sq_system` WHERE ( id = 1 ) LIMIT 1   [ RunTime:0.0003s ]
NOTIC: [8] Undefined variable: recommend F:\www\jiuxiang\Application\Mobile\Controller\IndexController.class.php 第 60 行.
SQL: SELECT * FROM `sq_link` WHERE ( status = 1 ) ORDER BY id DESC  [ RunTime:0.0002s ]
SQL: SELECT * FROM `sq_image` WHERE ( cid = 54 and status = 1 ) ORDER BY id ASC LIMIT 10,3   [ RunTime:0.0002s ]
SQL: SELECT * FROM `sq_image` WHERE ( cid = 54 and status = 1 ) ORDER BY id ASC LIMIT 14,3   [ RunTime:0.0002s ]
SQL: SELECT * FROM `sq_image` WHERE `Id` = 57 LIMIT 1   [ RunTime:0.0002s ]
SQL: SELECT * FROM `sq_image` WHERE ( cid = 47 and status = 1 ) ORDER BY id DESC  [ RunTime:0.0002s ]
INFO: [ view_parse ] --START--
INFO: [ template_filter ] --START--
INFO: Run Behavior\ContentReplaceBehavior [ RunTime:0.000091s ]
INFO: [ template_filter ] --END-- [ RunTime:0.000139s ]
INFO: Run Behavior\ParseTemplateBehavior [ RunTime:0.038706s ]
INFO: [ view_parse ] --END-- [ RunTime:0.038767s ]
INFO: [ view_filter ] --START--
INFO: Run Behavior\WriteHtmlCacheBehavior [ RunTime:0.000578s ]
INFO: [ view_filter ] --END-- [ RunTime:0.000620s ]
INFO: [ app_end ] --START--
INFO: Run Behavior\ShowPageTraceBehavior [ RunTime:0.000661s ]
INFO: [ app_end ] --END-- [ RunTime:0.000705s ]

[ 2018-05-13T13:32:55+08:00 ] 127.0.0.1 /Public/mobile/style/frozen.css
INFO: [ app_init ] --START--
INFO: Run Behavior\BuildLiteBehavior [ RunTime:0.000014s ]
INFO: [ app_init ] --END-- [ RunTime:0.000421s ]
INFO: [ app_begin ] --START--
INFO: Run Behavior\ReadHtmlCacheBehavior [ RunTime:0.000503s ]
INFO: [ app_begin ] --END-- [ RunTime:0.000553s ]
ERR: 无法加载控制器:Public

[ 2018-05-13T13:32:55+08:00 ] 127.0.0.1 /Public/mobile/style/font-awesome.min.css
INFO: [ app_init ] --START--
INFO: Run Behavior\BuildLiteBehavior [ RunTime:0.000013s ]
INFO: [ app_init ] --END-- [ RunTime:0.000543s ]
INFO: [ app_begin ] --START--
INFO: Run Behavior\ReadHtmlCacheBehavior [ RunTime:0.000849s ]
INFO: [ app_begin ] --END-- [ RunTime:0.000910s ]
ERR: 无法加载控制器:Public

[ 2018-05-13T13:32:55+08:00 ] 127.0.0.1 /Public/mobile/js/main.js
INFO: [ app_init ] --START--
INFO: Run Behavior\BuildLiteBehavior [ RunTime:0.000011s ]
INFO: [ app_init ] --END-- [ RunTime:0.000363s ]
INFO: [ app_begin ] --START--
INFO: Run Behavior\ReadHtmlCacheBehavior [ RunTime:0.000441s ]
INFO: [ app_begin ] --END-- [ RunTime:0.000487s ]
ERR: 无法加载控制器:Public

[ 2018-05-13T13:32:55+08:00 ] 127.0.0.1 /Public/mobile/style/css.css
INFO: [ app_init ] --START--
INFO: Run Behavior\BuildLiteBehavior [ RunTime:0.000011s ]
INFO: [ app_init ] --END-- [ RunTime:0.000420s ]
INFO: [ app_begin ] --START--
INFO: Run Behavior\ReadHtmlCacheBehavior [ RunTime:0.001295s ]
INFO: [ app_begin ] --END-- [ RunTime:0.001355s ]
ERR: 无法加载控制器:Public

[ 2018-05-13T13:32:55+08:00 ] 127.0.0.1 /Public/mobile/js/jquery-3.1.1.min.js
INFO: [ app_init ] --START--
INFO: Run Behavior\BuildLiteBehavior [ RunTime:0.000011s ]
INFO: [ app_init ] --END-- [ RunTime:0.000424s ]
INFO: [ app_begin ] --START--
INFO: Run Behavior\ReadHtmlCacheBehavior [ RunTime:0.000688s ]
INFO: [ app_begin ] --END-- [ RunTime:0.000740s ]
ERR: 无法加载控制器:Public

[ 2018-05-13T13:32:55+08:00 ] 127.0.0.1 /Public/mobile/js/TouchSlide.1.1.js
INFO: [ app_init ] --START--
INFO: Run Behavior\BuildLiteBehavior [ RunTime:0.000016s ]
INFO: [ app_init ] --END-- [ RunTime:0.000521s ]
INFO: [ app_begin ] --START--
INFO: Run Behavior\ReadHtmlCacheBehavior [ RunTime:0.000945s ]
INFO: [ app_begin ] --END-- [ RunTime:0.001042s ]
ERR: 无法加载控制器:Public

[ 2018-05-13T13:32:55+08:00 ] 127.0.0.1 /Public/mobile/js/xiala.js
INFO: [ app_init ] --START--
INFO: Run Behavior\BuildLiteBehavior [ RunTime:0.000017s ]
INFO: [ app_init ] --END-- [ RunTime:0.001028s ]
INFO: [ app_begin ] --START--
INFO: Run Behavior\ReadHtmlCacheBehavior [ RunTime:0.000821s ]
INFO: [ app_begin ] --END-- [ RunTime:0.000890s ]
ERR: 无法加载控制器:Public

[ 2018-05-13T13:32:55+08:00 ] 127.0.0.1 /Public/mobile/js/modernizr.js
INFO: [ app_init ] --START--
INFO: Run Behavior\BuildLiteBehavior [ RunTime:0.000016s ]
INFO: [ app_init ] --END-- [ RunTime:0.000413s ]
INFO: [ app_begin ] --START--
INFO: Run Behavior\ReadHtmlCacheBehavior [ RunTime:0.000419s ]
INFO: [ app_begin ] --END-- [ RunTime:0.000462s ]
ERR: 无法加载控制器:Public

[ 2018-05-13T13:32:55+08:00 ] 127.0.0.1 /Public/mobile/js/TouchSlide.1.1.js
INFO: [ app_init ] --START--
INFO: Run Behavior\BuildLiteBehavior [ RunTime:0.000013s ]
INFO: [ app_init ] --END-- [ RunTime:0.000349s ]
INFO: [ app_begin ] --START--
INFO: Run Behavior\ReadHtmlCacheBehavior [ RunTime:0.000427s ]
INFO: [ app_begin ] --END-- [ RunTime:0.000475s ]
ERR: 无法加载控制器:Public

[ 2018-05-13T13:32:55+08:00 ] 127.0.0.1 /Public/mobile/images/logo.png
INFO: [ app_init ] --START--
INFO: Run Behavior\BuildLiteBehavior [ RunTime:0.000013s ]
INFO: [ app_init ] --END-- [ RunTime:0.000361s ]

[ 2018-05-13T13:32:55+08:00 ] 127.0.0.1 /Public/mobile/js/main.js
INFO: [ app_init ] --START--
INFO: Run Behavior\BuildLiteBehavior [ RunTime:0.000012s ]
INFO: [ app_init ] --END-- [ RunTime:0.000360s ]
INFO: [ app_begin ] --START--
INFO: Run Behavior\ReadHtmlCacheBehavior [ RunTime:0.000445s ]
INFO: [ app_begin ] --END-- [ RunTime:0.000496s ]
ERR: 无法加载控制器:Public

[ 2018-05-13T13:32:55+08:00 ] 127.0.0.1 /Public/mobile/images/yq1.png
INFO: [ app_init ] --START--
INFO: Run Behavior\BuildLiteBehavior [ RunTime:0.000013s ]
INFO: [ app_init ] --END-- [ RunTime:0.000394s ]

[ 2018-05-13T13:32:55+08:00 ] 127.0.0.1 /Public/mobile/images/yq3.jpg
INFO: [ app_init ] --START--
INFO: Run Behavior\BuildLiteBehavior [ RunTime:0.000016s ]
INFO: [ app_init ] --END-- [ RunTime:0.000373s ]

[ 2018-05-13T13:32:55+08:00 ] 127.0.0.1 /Public/mobile/images/yq2.jpg
INFO: [ app_init ] --START--
INFO: Run Behavior\BuildLiteBehavior [ RunTime:0.000014s ]
INFO: [ app_init ] --END-- [ RunTime:0.000392s ]

[ 2018-05-13T13:32:56+08:00 ] 127.0.0.1 /Public/mobile/js/modernizr.js
INFO: [ app_init ] --START--
INFO: Run Behavior\BuildLiteBehavior [ RunTime:0.000022s ]
INFO: [ app_init ] --END-- [ RunTime:0.000724s ]
INFO: [ app_begin ] --START--
INFO: Run Behavior\ReadHtmlCacheBehavior [ RunTime:0.000925s ]
INFO: [ app_begin ] --END-- [ RunTime:0.001018s ]
ERR: 无法加载控制器:Public

[ 2018-05-13T13:33:22+08:00 ] 127.0.0.1 /
INFO: [ app_init ] --START--
INFO: Run Behavior\BuildLiteBehavior [ RunTime:0.000013s ]
INFO: [ app_init ] --END-- [ RunTime:0.000381s ]
INFO: [ app_begin ] --START--
INFO: Run Behavior\ReadHtmlCacheBehavior [ RunTime:0.000655s ]
INFO: [ app_begin ] --END-- [ RunTime:0.000711s ]
SQL: SHOW COLUMNS FROM `sq_system` [ RunTime:0.0055s ]
SQL: SELECT * FROM `sq_system` WHERE ( id = 1 ) LIMIT 1   [ RunTime:0.0004s ]
SQL: SHOW COLUMNS FROM `sq_link` [ RunTime:0.0055s ]
SQL: SELECT * FROM `sq_link` WHERE `status` = 1 LIMIT 18   [ RunTime:0.0003s ]
SQL: SHOW COLUMNS FROM `sq_category` [ RunTime:0.0054s ]
NOTIC: [8] Undefined variable: where F:\www\jiuxiang\Application\Mobile\Controller\BaseController.class.php 第 56 行.
SQL: SELECT * FROM `sq_category` ORDER BY sort ASC,id ASC  [ RunTime:0.0006s ]
SQL: SHOW COLUMNS FROM `sq_image` [ RunTime:0.0068s ]
SQL: SELECT * FROM `sq_image` WHERE `status` = 1 AND `cid` = 54 ORDER BY id ASC  [ RunTime:0.0005s ]
SQL: SHOW COLUMNS FROM `sq_views` [ RunTime:0.0064s ]
SQL: INSERT INTO `sq_views` (`ip`) VALUES ('127.0.0.1') [ RunTime:0.0909s ]
SQL: SHOW COLUMNS FROM `sq_news` [ RunTime:0.0056s ]
SQL: SELECT * FROM `sq_category` WHERE ( pid = 2 and status = 2 )  [ RunTime:0.0007s ]
NOTIC: [8] Undefined variable: str F:\www\jiuxiang\Application\Mobile\Controller\IndexController.class.php 第 11 行.
SQL: SELECT * FROM `sq_news` WHERE `status` = 1 AND `cid` IN ('31','32','33','55','58','') AND `is_recommend` = 1 ORDER BY sort DESC,news_time DESC,id DESC LIMIT 0,7   [ RunTime:0.0010s ]
SQL: SELECT * FROM `sq_news` WHERE `status` = 1 AND `cid` = 55 ORDER BY id DESC LIMIT 0,10   [ RunTime:0.0007s ]
SQL: SELECT * FROM `sq_news` WHERE `status` = 1 AND `cid` = 58 ORDER BY id DESC LIMIT 0,10   [ RunTime:0.0009s ]
SQL: SELECT * FROM `sq_news` WHERE `status` = 1 AND `cid` = 32 ORDER BY id DESC LIMIT 0,10   [ RunTime:0.0024s ]
SQL: SELECT * FROM `sq_news` WHERE `status` = 1 AND `cid` = 33 ORDER BY id DESC LIMIT 0,10   [ RunTime:0.0014s ]
SQL: SELECT * FROM `sq_news` WHERE `cid` = 59 AND `status` = 1 AND `type` = 1 AND `is_recommend` = 1 LIMIT 1   [ RunTime:0.0014s ]
SQL: SELECT * FROM `sq_news` WHERE `cid` = 59 AND `status` = 1 AND `type` = 2 AND `is_recommend` = 1 LIMIT 1   [ RunTime:0.0015s ]
SQL: SELECT * FROM `sq_system` WHERE ( id = 1 ) LIMIT 1   [ RunTime:0.0003s ]
NOTIC: [8] Undefined variable: recommend F:\www\jiuxiang\Application\Mobile\Controller\IndexController.class.php 第 60 行.
SQL: SELECT * FROM `sq_link` WHERE ( status = 1 ) ORDER BY id DESC  [ RunTime:0.0003s ]
SQL: SELECT * FROM `sq_image` WHERE ( cid = 54 and status = 1 ) ORDER BY id ASC LIMIT 10,3   [ RunTime:0.0006s ]
SQL: SELECT * FROM `sq_image` WHERE ( cid = 54 and status = 1 ) ORDER BY id ASC LIMIT 14,3   [ RunTime:0.0003s ]
SQL: SELECT * FROM `sq_image` WHERE `Id` = 57 LIMIT 1   [ RunTime:0.0003s ]
SQL: SELECT * FROM `sq_image` WHERE ( cid = 47 and status = 1 ) ORDER BY id DESC  [ RunTime:0.0004s ]
INFO: [ view_parse ] --START--
INFO: [ template_filter ] --START--
INFO: Run Behavior\ContentReplaceBehavior [ RunTime:0.000093s ]
INFO: [ template_filter ] --END-- [ RunTime:0.000140s ]
INFO: Run Behavior\ParseTemplateBehavior [ RunTime:0.013414s ]
INFO: [ view_parse ] --END-- [ RunTime:0.013472s ]
INFO: [ view_filter ] --START--
INFO: Run Behavior\WriteHtmlCacheBehavior [ RunTime:0.000441s ]
INFO: [ view_filter ] --END-- [ RunTime:0.000479s ]
INFO: [ app_end ] --START--
INFO: Run Behavior\ShowPageTraceBehavior [ RunTime:0.000650s ]
INFO: [ app_end ] --END-- [ RunTime:0.000696s ]

[ 2018-05-13T13:35:48+08:00 ] 127.0.0.1 /
INFO: [ app_init ] --START--
INFO: Run Behavior\BuildLiteBehavior [ RunTime:0.000012s ]
INFO: [ app_init ] --END-- [ RunTime:0.000511s ]
INFO: [ app_begin ] --START--
INFO: Run Behavior\ReadHtmlCacheBehavior [ RunTime:0.000918s ]
INFO: [ app_begin ] --END-- [ RunTime:0.000992s ]
SQL: SHOW COLUMNS FROM `sq_system` [ RunTime:0.0074s ]
SQL: SELECT * FROM `sq_system` WHERE ( id = 1 ) LIMIT 1   [ RunTime:0.0006s ]
SQL: SHOW COLUMNS FROM `sq_link` [ RunTime:0.0087s ]
SQL: SELECT * FROM `sq_link` WHERE `status` = 1 LIMIT 18   [ RunTime:0.0004s ]
SQL: SHOW COLUMNS FROM `sq_category` [ RunTime:0.0087s ]
NOTIC: [8] Undefined variable: where F:\www\jiuxiang\Application\Mobile\Controller\BaseController.class.php 第 56 行.
SQL: SELECT * FROM `sq_category` ORDER BY sort ASC,id ASC  [ RunTime:0.0009s ]
SQL: SHOW COLUMNS FROM `sq_image` [ RunTime:0.0130s ]
SQL: SELECT * FROM `sq_image` WHERE `status` = 1 AND `cid` = 54 ORDER BY id ASC  [ RunTime:0.0005s ]
SQL: SHOW COLUMNS FROM `sq_views` [ RunTime:0.0083s ]
SQL: INSERT INTO `sq_views` (`ip`) VALUES ('127.0.0.1') [ RunTime:0.0724s ]
SQL: SHOW COLUMNS FROM `sq_news` [ RunTime:0.0084s ]
SQL: SELECT * FROM `sq_category` WHERE ( pid = 2 and status = 2 )  [ RunTime:0.0004s ]
NOTIC: [8] Undefined variable: str F:\www\jiuxiang\Application\Mobile\Controller\IndexController.class.php 第 11 行.
SQL: SELECT * FROM `sq_news` WHERE `status` = 1 AND `cid` IN ('31','32','33','55','58','') AND `is_recommend` = 1 ORDER BY sort DESC,news_time DESC,id DESC LIMIT 0,7   [ RunTime:0.0013s ]
SQL: SELECT * FROM `sq_news` WHERE `status` = 1 AND `cid` = 55 ORDER BY id DESC LIMIT 0,10   [ RunTime:0.0010s ]
SQL: SELECT * FROM `sq_news` WHERE `status` = 1 AND `cid` = 58 ORDER BY id DESC LIMIT 0,10   [ RunTime:0.0012s ]
SQL: SELECT * FROM `sq_news` WHERE `status` = 1 AND `cid` = 32 ORDER BY id DESC LIMIT 0,10   [ RunTime:0.0029s ]
SQL: SELECT * FROM `sq_news` WHERE `status` = 1 AND `cid` = 33 ORDER BY id DESC LIMIT 0,10   [ RunTime:0.0015s ]
SQL: SELECT * FROM `sq_news` WHERE `cid` = 59 AND `status` = 1 AND `type` = 1 AND `is_recommend` = 1 LIMIT 1   [ RunTime:0.0014s ]
SQL: SELECT * FROM `sq_news` WHERE `cid` = 59 AND `status` = 1 AND `type` = 2 AND `is_recommend` = 1 LIMIT 1   [ RunTime:0.0015s ]
SQL: SELECT * FROM `sq_system` WHERE ( id = 1 ) LIMIT 1   [ RunTime:0.0003s ]
NOTIC: [8] Undefined variable: recommend F:\www\jiuxiang\Application\Mobile\Controller\IndexController.class.php 第 60 行.
SQL: SELECT * FROM `sq_link` WHERE ( status = 1 ) ORDER BY id DESC  [ RunTime:0.0003s ]
SQL: SELECT * FROM `sq_image` WHERE ( cid = 54 and status = 1 ) ORDER BY id ASC LIMIT 10,3   [ RunTime:0.0003s ]
SQL: SELECT * FROM `sq_image` WHERE ( cid = 54 and status = 1 ) ORDER BY id ASC LIMIT 14,3   [ RunTime:0.0003s ]
SQL: SELECT * FROM `sq_image` WHERE `Id` = 57 LIMIT 1   [ RunTime:0.0002s ]
SQL: SELECT * FROM `sq_image` WHERE ( cid = 47 and status = 1 ) ORDER BY id DESC  [ RunTime:0.0002s ]
INFO: [ view_parse ] --START--
INFO: [ template_filter ] --START--
INFO: Run Behavior\ContentReplaceBehavior [ RunTime:0.000093s ]
INFO: [ template_filter ] --END-- [ RunTime:0.000140s ]
INFO: Run Behavior\ParseTemplateBehavior [ RunTime:0.013474s ]
INFO: [ view_parse ] --END-- [ RunTime:0.013543s ]
INFO: [ view_filter ] --START--
INFO: Run Behavior\WriteHtmlCacheBehavior [ RunTime:0.000447s ]
INFO: [ view_filter ] --END-- [ RunTime:0.000486s ]
INFO: [ app_end ] --START--
INFO: Run Behavior\ShowPageTraceBehavior [ RunTime:0.000679s ]
INFO: [ app_end ] --END-- [ RunTime:0.000728s ]

[ 2018-05-13T13:37:24+08:00 ] 127.0.0.1 /News/index.html
INFO: [ app_init ] --START--
INFO: Run Behavior\BuildLiteBehavior [ RunTime:0.000011s ]
INFO: [ app_init ] --END-- [ RunTime:0.000340s ]
INFO: [ app_begin ] --START--
INFO: Run Behavior\ReadHtmlCacheBehavior [ RunTime:0.000412s ]
INFO: [ app_begin ] --END-- [ RunTime:0.000455s ]
SQL: SHOW COLUMNS FROM `sq_system` [ RunTime:0.0112s ]
SQL: SELECT * FROM `sq_system` WHERE ( id = 1 ) LIMIT 1   [ RunTime:0.0006s ]
SQL: SHOW COLUMNS FROM `sq_link` [ RunTime:0.0184s ]
SQL: SELECT * FROM `sq_link` WHERE `status` = 1 LIMIT 18   [ RunTime:0.0010s ]
SQL: SHOW COLUMNS FROM `sq_category` [ RunTime:0.0155s ]
NOTIC: [8] Undefined variable: where F:\www\jiuxiang\Application\Mobile\Controller\BaseController.class.php 第 56 行.
SQL: SELECT * FROM `sq_category` ORDER BY sort ASC,id ASC  [ RunTime:0.0014s ]
SQL: SHOW COLUMNS FROM `sq_image` [ RunTime:0.0173s ]
SQL: SELECT * FROM `sq_image` WHERE `status` = 1 AND `cid` = 54 ORDER BY id ASC  [ RunTime:0.0009s ]
SQL: SHOW COLUMNS FROM `sq_news` [ RunTime:0.0189s ]
SQL: SELECT * FROM `sq_category` WHERE ( id=31 ) LIMIT 1   [ RunTime:0.0006s ]
SQL: SELECT `cname` FROM `sq_category` WHERE ( id=31 ) LIMIT 1   [ RunTime:0.0005s ]
SQL: SELECT COUNT(*) AS tp_count FROM `sq_news` WHERE `cid` = 31 AND `status` = 1 LIMIT 1   [ RunTime:0.0589s ]
SQL: SELECT * FROM `sq_news` WHERE `cid` = 31 AND `status` = 1 ORDER BY news_time DESC,id DESC LIMIT 0,20   [ RunTime:0.0016s ]
SQL: SELECT * FROM `sq_system` WHERE ( id = 1 ) LIMIT 1   [ RunTime:0.0003s ]
SQL: SELECT * FROM `sq_image` WHERE `status` = 1 AND `cid` = 54 ORDER BY id ASC  [ RunTime:0.0004s ]
INFO: [ view_parse ] --START--
INFO: [ template_filter ] --START--
INFO: Run Behavior\ContentReplaceBehavior [ RunTime:0.000065s ]
INFO: [ template_filter ] --END-- [ RunTime:0.000111s ]
INFO: Run Behavior\ParseTemplateBehavior [ RunTime:0.010786s ]
INFO: [ view_parse ] --END-- [ RunTime:0.010855s ]
INFO: [ view_filter ] --START--
INFO: Run Behavior\WriteHtmlCacheBehavior [ RunTime:0.000419s ]
INFO: [ view_filter ] --END-- [ RunTime:0.000459s ]
INFO: [ app_end ] --START--
INFO: Run Behavior\ShowPageTraceBehavior [ RunTime:0.000670s ]
INFO: [ app_end ] --END-- [ RunTime:0.000722s ]

[ 2018-05-13T13:37:44+08:00 ] 127.0.0.1 /Hpe/index.html
INFO: [ app_init ] --START--
INFO: Run Behavior\BuildLiteBehavior [ RunTime:0.000024s ]
INFO: [ app_init ] --END-- [ RunTime:0.000616s ]
INFO: [ app_begin ] --START--
INFO: Run Behavior\ReadHtmlCacheBehavior [ RunTime:0.000784s ]
INFO: [ app_begin ] --END-- [ RunTime:0.000869s ]
SQL: SHOW COLUMNS FROM `sq_system` [ RunTime:0.0094s ]
SQL: SELECT * FROM `sq_system` WHERE ( id = 1 ) LIMIT 1   [ RunTime:0.0005s ]
SQL: SHOW COLUMNS FROM `sq_link` [ RunTime:0.0064s ]
SQL: SELECT * FROM `sq_link` WHERE `status` = 1 LIMIT 18   [ RunTime:0.0003s ]
SQL: SHOW COLUMNS FROM `sq_category` [ RunTime:0.0145s ]
NOTIC: [8] Undefined variable: where F:\www\jiuxiang\Application\Mobile\Controller\BaseController.class.php 第 56 行.
SQL: SELECT * FROM `sq_category` ORDER BY sort ASC,id ASC  [ RunTime:0.0009s ]
SQL: SHOW COLUMNS FROM `sq_image` [ RunTime:0.0058s ]
SQL: SELECT * FROM `sq_image` WHERE `status` = 1 AND `cid` = 54 ORDER BY id ASC  [ RunTime:0.0004s ]
INFO: [ view_parse ] --START--
INFO: [ template_filter ] --START--
INFO: Run Behavior\ContentReplaceBehavior [ RunTime:0.000105s ]
INFO: [ template_filter ] --END-- [ RunTime:0.000154s ]
NOTIC: [8] Undefined variable: v F:\www\jiuxiang\Runtime\Cache\Mobile\7e164711bb6b6177767dae9f8dd8f9ae.php 第 251 行.
NOTIC: [8] Undefined variable: v F:\www\jiuxiang\Runtime\Cache\Mobile\7e164711bb6b6177767dae9f8dd8f9ae.php 第 252 行.
NOTIC: [8] Undefined variable: v F:\www\jiuxiang\Runtime\Cache\Mobile\7e164711bb6b6177767dae9f8dd8f9ae.php 第 253 行.
INFO: Run Behavior\ParseTemplateBehavior [ RunTime:0.007903s ]
INFO: [ view_parse ] --END-- [ RunTime:0.007948s ]
INFO: [ view_filter ] --START--
INFO: Run Behavior\WriteHtmlCacheBehavior [ RunTime:0.000252s ]
INFO: [ view_filter ] --END-- [ RunTime:0.000285s ]
INFO: [ app_end ] --START--
INFO: Run Behavior\ShowPageTraceBehavior [ RunTime:0.000494s ]
INFO: [ app_end ] --END-- [ RunTime:0.000539s ]

[ 2018-05-13T13:38:06+08:00 ] 127.0.0.1 /About/honor.html
INFO: [ app_init ] --START--
INFO: Run Behavior\BuildLiteBehavior [ RunTime:0.000010s ]
INFO: [ app_init ] --END-- [ RunTime:0.000341s ]
INFO: [ app_begin ] --START--
INFO: Run Behavior\ReadHtmlCacheBehavior [ RunTime:0.000429s ]
INFO: [ app_begin ] --END-- [ RunTime:0.000477s ]
SQL: SHOW COLUMNS FROM `sq_system` [ RunTime:0.0156s ]
SQL: SELECT * FROM `sq_system` WHERE ( id = 1 ) LIMIT 1   [ RunTime:0.0009s ]
SQL: SHOW COLUMNS FROM `sq_link` [ RunTime:0.0193s ]
SQL: SELECT * FROM `sq_link` WHERE `status` = 1 LIMIT 18   [ RunTime:0.0007s ]
SQL: SHOW COLUMNS FROM `sq_category` [ RunTime:0.0152s ]
NOTIC: [8] Undefined variable: where F:\www\jiuxiang\Application\Mobile\Controller\BaseController.class.php 第 56 行.
SQL: SELECT * FROM `sq_category` ORDER BY sort ASC,id ASC  [ RunTime:0.0014s ]
SQL: SHOW COLUMNS FROM `sq_image` [ RunTime:0.0150s ]
SQL: SELECT * FROM `sq_image` WHERE `status` = 1 AND `cid` = 54 ORDER BY id ASC  [ RunTime:0.0009s ]
SQL: SELECT * FROM `sq_image` WHERE `cid` = 48 AND `status` = 1 ORDER BY id DESC  [ RunTime:0.0008s ]
INFO: [ view_parse ] --START--
INFO: [ template_filter ] --START--
INFO: Run Behavior\ContentReplaceBehavior [ RunTime:0.000065s ]
INFO: [ template_filter ] --END-- [ RunTime:0.000110s ]
INFO: Run Behavior\ParseTemplateBehavior [ RunTime:0.011984s ]
INFO: [ view_parse ] --END-- [ RunTime:0.012081s ]
INFO: [ view_filter ] --START--
INFO: Run Behavior\WriteHtmlCacheBehavior [ RunTime:0.000237s ]
INFO: [ view_filter ] --END-- [ RunTime:0.000270s ]
INFO: [ app_end ] --START--
INFO: Run Behavior\ShowPageTraceBehavior [ RunTime:0.000415s ]
INFO: [ app_end ] --END-- [ RunTime:0.000456s ]

[ 2018-05-13T13:40:22+08:00 ] 127.0.0.1 /About/honor.html
INFO: [ app_init ] --START--
INFO: Run Behavior\BuildLiteBehavior [ RunTime:0.000012s ]
INFO: [ app_init ] --END-- [ RunTime:0.000417s ]
INFO: [ app_begin ] --START--
INFO: Run Behavior\ReadHtmlCacheBehavior [ RunTime:0.000711s ]
INFO: [ app_begin ] --END-- [ RunTime:0.000756s ]
SQL: SHOW COLUMNS FROM `sq_system` [ RunTime:0.0075s ]
SQL: SELECT * FROM `sq_system` WHERE ( id = 1 ) LIMIT 1   [ RunTime:0.0005s ]
SQL: SHOW COLUMNS FROM `sq_link` [ RunTime:0.0069s ]
SQL: SELECT * FROM `sq_link` WHERE `status` = 1 LIMIT 18   [ RunTime:0.0003s ]
SQL: SHOW COLUMNS FROM `sq_category` [ RunTime:0.0056s ]
NOTIC: [8] Undefined variable: where F:\www\jiuxiang\Application\Mobile\Controller\BaseController.class.php 第 56 行.
SQL: SELECT * FROM `sq_category` ORDER BY sort ASC,id ASC  [ RunTime:0.0006s ]
SQL: SHOW COLUMNS FROM `sq_image` [ RunTime:0.0057s ]
SQL: SELECT * FROM `sq_image` WHERE `status` = 1 AND `cid` = 54 ORDER BY id ASC  [ RunTime:0.0004s ]
SQL: SELECT * FROM `sq_image` WHERE `cid` = 48 AND `status` = 1 ORDER BY id DESC  [ RunTime:0.0003s ]
INFO: [ view_parse ] --START--
INFO: [ template_filter ] --START--
INFO: Run Behavior\ContentReplaceBehavior [ RunTime:0.000062s ]
INFO: [ template_filter ] --END-- [ RunTime:0.000103s ]
INFO: Run Behavior\ParseTemplateBehavior [ RunTime:0.008990s ]
INFO: [ view_parse ] --END-- [ RunTime:0.009044s ]
INFO: [ view_filter ] --START--
INFO: Run Behavior\WriteHtmlCacheBehavior [ RunTime:0.000390s ]
INFO: [ view_filter ] --END-- [ RunTime:0.000425s ]
INFO: [ app_end ] --START--
INFO: Run Behavior\ShowPageTraceBehavior [ RunTime:0.000721s ]
INFO: [ app_end ] --END-- [ RunTime:0.000777s ]

[ 2018-05-13T13:45:43+08:00 ] 127.0.0.1 /About/honor.html
INFO: [ app_init ] --START--
INFO: Run Behavior\BuildLiteBehavior [ RunTime:0.000023s ]
INFO: [ app_init ] --END-- [ RunTime:0.000571s ]
INFO: [ app_begin ] --START--
INFO: Run Behavior\ReadHtmlCacheBehavior [ RunTime:0.000604s ]
INFO: [ app_begin ] --END-- [ RunTime:0.000649s ]
SQL: SHOW COLUMNS FROM `sq_system` [ RunTime:0.0102s ]
SQL: SELECT * FROM `sq_system` WHERE ( id = 1 ) LIMIT 1   [ RunTime:0.0005s ]
SQL: SHOW COLUMNS FROM `sq_link` [ RunTime:0.0059s ]
SQL: SELECT * FROM `sq_link` WHERE `status` = 1 LIMIT 18   [ RunTime:0.0003s ]
SQL: SHOW COLUMNS FROM `sq_category` [ RunTime:0.0154s ]
NOTIC: [8] Undefined variable: where F:\www\jiuxiang\Application\Mobile\Controller\BaseController.class.php 第 56 行.
SQL: SELECT * FROM `sq_category` ORDER BY sort ASC,id ASC  [ RunTime:0.0006s ]
SQL: SHOW COLUMNS FROM `sq_image` [ RunTime:0.0072s ]
SQL: SELECT * FROM `sq_image` WHERE `status` = 1 AND `cid` = 54 ORDER BY id ASC  [ RunTime:0.0004s ]
SQL: SELECT * FROM `sq_image` WHERE `cid` = 48 AND `status` = 1 ORDER BY id DESC  [ RunTime:0.0003s ]
INFO: [ view_parse ] --START--
INFO: [ template_filter ] --START--
INFO: Run Behavior\ContentReplaceBehavior [ RunTime:0.000085s ]
INFO: [ template_filter ] --END-- [ RunTime:0.000145s ]
INFO: Run Behavior\ParseTemplateBehavior [ RunTime:0.012039s ]
INFO: [ view_parse ] --END-- [ RunTime:0.012109s ]
INFO: [ view_filter ] --START--
INFO: Run Behavior\WriteHtmlCacheBehavior [ RunTime:0.000579s ]
INFO: [ view_filter ] --END-- [ RunTime:0.000630s ]
INFO: [ app_end ] --START--
INFO: Run Behavior\ShowPageTraceBehavior [ RunTime:0.000961s ]
INFO: [ app_end ] --END-- [ RunTime:0.001029s ]

[ 2018-05-13T13:46:03+08:00 ] 127.0.0.1 /
INFO: [ app_init ] --START--
INFO: Run Behavior\BuildLiteBehavior [ RunTime:0.000013s ]
INFO: [ app_init ] --END-- [ RunTime:0.000416s ]
INFO: [ app_begin ] --START--
INFO: Run Behavior\ReadHtmlCacheBehavior [ RunTime:0.000532s ]
INFO: [ app_begin ] --END-- [ RunTime:0.000588s ]
SQL: SHOW COLUMNS FROM `sq_system` [ RunTime:0.0723s ]
SQL: SELECT * FROM `sq_system` WHERE ( id = 1 ) LIMIT 1   [ RunTime:0.0004s ]
SQL: SHOW COLUMNS FROM `sq_link` [ RunTime:0.0052s ]
SQL: SELECT * FROM `sq_link` WHERE `status` = 1 LIMIT 18   [ RunTime:0.0003s ]
SQL: SHOW COLUMNS FROM `sq_category` [ RunTime:0.0054s ]
NOTIC: [8] Undefined variable: where F:\www\jiuxiang\Application\Mobile\Controller\BaseController.class.php 第 56 行.
SQL: SELECT * FROM `sq_category` ORDER BY sort ASC,id ASC  [ RunTime:0.0005s ]
SQL: SHOW COLUMNS FROM `sq_image` [ RunTime:0.0075s ]
SQL: SELECT * FROM `sq_image` WHERE `status` = 1 AND `cid` = 54 ORDER BY id ASC  [ RunTime:0.0004s ]
SQL: SHOW COLUMNS FROM `sq_views` [ RunTime:0.0064s ]
SQL: INSERT INTO `sq_views` (`ip`) VALUES ('127.0.0.1') [ RunTime:0.0917s ]
SQL: SHOW COLUMNS FROM `sq_news` [ RunTime:0.0133s ]
SQL: SELECT * FROM `sq_category` WHERE ( pid = 2 and status = 2 )  [ RunTime:0.0003s ]
NOTIC: [8] Undefined variable: str F:\www\jiuxiang\Application\Mobile\Controller\IndexController.class.php 第 11 行.
SQL: SELECT * FROM `sq_news` WHERE `status` = 1 AND `cid` IN ('31','32','33','55','58','') AND `is_recommend` = 1 ORDER BY sort DESC,news_time DESC,id DESC LIMIT 0,7   [ RunTime:0.0009s ]
SQL: SELECT * FROM `sq_news` WHERE `status` = 1 AND `cid` = 55 ORDER BY id DESC LIMIT 0,10   [ RunTime:0.0007s ]
SQL: SELECT * FROM `sq_news` WHERE `status` = 1 AND `cid` = 58 ORDER BY id DESC LIMIT 0,10   [ RunTime:0.0009s ]
SQL: SELECT * FROM `sq_news` WHERE `status` = 1 AND `cid` = 32 ORDER BY id DESC LIMIT 0,10   [ RunTime:0.0020s ]
SQL: SELECT * FROM `sq_news` WHERE `status` = 1 AND `cid` = 33 ORDER BY id DESC LIMIT 0,10   [ RunTime:0.0016s ]
SQL: SELECT * FROM `sq_news` WHERE `cid` = 59 AND `status` = 1 AND `type` = 1 AND `is_recommend` = 1 LIMIT 1   [ RunTime:0.0015s ]
SQL: SELECT * FROM `sq_news` WHERE `cid` = 59 AND `status` = 1 AND `type` = 2 AND `is_recommend` = 1 LIMIT 1   [ RunTime:0.0014s ]
SQL: SELECT * FROM `sq_system` WHERE ( id = 1 ) LIMIT 1   [ RunTime:0.0002s ]
NOTIC: [8] Undefined variable: recommend F:\www\jiuxiang\Application\Mobile\Controller\IndexController.class.php 第 60 行.
SQL: SELECT * FROM `sq_link` WHERE ( status = 1 ) ORDER BY id DESC  [ RunTime:0.0001s ]
SQL: SELECT * FROM `sq_image` WHERE ( cid = 54 and status = 1 ) ORDER BY id ASC LIMIT 10,3   [ RunTime:0.0001s ]
SQL: SELECT * FROM `sq_image` WHERE ( cid = 54 and status = 1 ) ORDER BY id ASC LIMIT 14,3   [ RunTime:0.0002s ]
SQL: SELECT * FROM `sq_image` WHERE `Id` = 57 LIMIT 1   [ RunTime:0.0001s ]
SQL: SELECT * FROM `sq_image` WHERE ( cid = 47 and status = 1 ) ORDER BY id DESC  [ RunTime:0.0002s ]
INFO: [ view_parse ] --START--
INFO: [ template_filter ] --START--
INFO: Run Behavior\ContentReplaceBehavior [ RunTime:0.000078s ]
INFO: [ template_filter ] --END-- [ RunTime:0.000124s ]
INFO: Run Behavior\ParseTemplateBehavior [ RunTime:0.011563s ]
INFO: [ view_parse ] --END-- [ RunTime:0.011611s ]
INFO: [ view_filter ] --START--
INFO: Run Behavior\WriteHtmlCacheBehavior [ RunTime:0.000251s ]
INFO: [ view_filter ] --END-- [ RunTime:0.000283s ]
INFO: [ app_end ] --START--
INFO: Run Behavior\ShowPageTraceBehavior [ RunTime:0.000553s ]
INFO: [ app_end ] --END-- [ RunTime:0.000614s ]

[ 2018-05-13T13:46:48+08:00 ] 127.0.0.1 /
INFO: [ app_init ] --START--
INFO: Run Behavior\BuildLiteBehavior [ RunTime:0.000011s ]
INFO: [ app_init ] --END-- [ RunTime:0.000373s ]
INFO: [ app_begin ] --START--
INFO: Run Behavior\ReadHtmlCacheBehavior [ RunTime:0.000431s ]
INFO: [ app_begin ] --END-- [ RunTime:0.000476s ]
SQL: SHOW COLUMNS FROM `sq_system` [ RunTime:0.0129s ]
SQL: SELECT * FROM `sq_system` WHERE ( id = 1 ) LIMIT 1   [ RunTime:0.0005s ]
SQL: SHOW COLUMNS FROM `sq_link` [ RunTime:0.0077s ]
SQL: SELECT * FROM `sq_link` WHERE `status` = 1 LIMIT 18   [ RunTime:0.0004s ]
SQL: SHOW COLUMNS FROM `sq_category` [ RunTime:0.0142s ]
NOTIC: [8] Undefined variable: where F:\www\jiuxiang\Application\Mobile\Controller\BaseController.class.php 第 56 行.
SQL: SELECT * FROM `sq_category` ORDER BY sort ASC,id ASC  [ RunTime:0.0013s ]
SQL: SHOW COLUMNS FROM `sq_image` [ RunTime:0.0133s ]
SQL: SELECT * FROM `sq_image` WHERE `status` = 1 AND `cid` = 54 ORDER BY id ASC  [ RunTime:0.0008s ]
SQL: SHOW COLUMNS FROM `sq_views` [ RunTime:0.0118s ]
SQL: INSERT INTO `sq_views` (`ip`) VALUES ('127.0.0.1') [ RunTime:0.1108s ]
SQL: SHOW COLUMNS FROM `sq_news` [ RunTime:0.0069s ]
SQL: SELECT * FROM `sq_category` WHERE ( pid = 2 and status = 2 )  [ RunTime:0.0006s ]
NOTIC: [8] Undefined variable: str F:\www\jiuxiang\Application\Mobile\Controller\IndexController.class.php 第 11 行.
SQL: SELECT * FROM `sq_news` WHERE `status` = 1 AND `cid` IN ('31','32','33','55','58','') AND `is_recommend` = 1 ORDER BY sort DESC,news_time DESC,id DESC LIMIT 0,7   [ RunTime:0.0016s ]
SQL: SELECT * FROM `sq_news` WHERE `status` = 1 AND `cid` = 55 ORDER BY id DESC LIMIT 0,10   [ RunTime:0.0009s ]
SQL: SELECT * FROM `sq_news` WHERE `status` = 1 AND `cid` = 58 ORDER BY id DESC LIMIT 0,10   [ RunTime:0.0010s ]
SQL: SELECT * FROM `sq_news` WHERE `status` = 1 AND `cid` = 32 ORDER BY id DESC LIMIT 0,10   [ RunTime:0.0025s ]
SQL: SELECT * FROM `sq_news` WHERE `status` = 1 AND `cid` = 33 ORDER BY id DESC LIMIT 0,10   [ RunTime:0.0019s ]
SQL: SELECT * FROM `sq_news` WHERE `cid` = 59 AND `status` = 1 AND `type` = 1 AND `is_recommend` = 1 LIMIT 1   [ RunTime:0.0018s ]
SQL: SELECT * FROM `sq_news` WHERE `cid` = 59 AND `status` = 1 AND `type` = 2 AND `is_recommend` = 1 LIMIT 1   [ RunTime:0.0018s ]
SQL: SELECT * FROM `sq_system` WHERE ( id = 1 ) LIMIT 1   [ RunTime:0.0005s ]
NOTIC: [8] Undefined variable: recommend F:\www\jiuxiang\Application\Mobile\Controller\IndexController.class.php 第 60 行.
SQL: SELECT * FROM `sq_link` WHERE ( status = 1 ) ORDER BY id DESC  [ RunTime:0.0003s ]
SQL: SELECT * FROM `sq_image` WHERE ( cid = 54 and status = 1 ) ORDER BY id ASC LIMIT 10,3   [ RunTime:0.0003s ]
SQL: SELECT * FROM `sq_image` WHERE ( cid = 54 and status = 1 ) ORDER BY id ASC LIMIT 14,3   [ RunTime:0.0002s ]
SQL: SELECT * FROM `sq_image` WHERE `Id` = 57 LIMIT 1   [ RunTime:0.0002s ]
SQL: SELECT * FROM `sq_image` WHERE ( cid = 47 and status = 1 ) ORDER BY id DESC  [ RunTime:0.0002s ]
INFO: [ view_parse ] --START--
INFO: [ template_filter ] --START--
INFO: Run Behavior\ContentReplaceBehavior [ RunTime:0.000074s ]
INFO: [ template_filter ] --END-- [ RunTime:0.000114s ]
INFO: Run Behavior\ParseTemplateBehavior [ RunTime:0.011566s ]
INFO: [ view_parse ] --END-- [ RunTime:0.011620s ]
INFO: [ view_filter ] --START--
INFO: Run Behavior\WriteHtmlCacheBehavior [ RunTime:0.000292s ]
INFO: [ view_filter ] --END-- [ RunTime:0.000327s ]
INFO: [ app_end ] --START--
INFO: Run Behavior\ShowPageTraceBehavior [ RunTime:0.000460s ]
INFO: [ app_end ] --END-- [ RunTime:0.000498s ]

[ 2018-05-13T13:47:45+08:00 ] 127.0.0.1 /
INFO: [ app_init ] --START--
INFO: Run Behavior\BuildLiteBehavior [ RunTime:0.000011s ]
INFO: [ app_init ] --END-- [ RunTime:0.000401s ]
INFO: [ app_begin ] --START--
INFO: Run Behavior\ReadHtmlCacheBehavior [ RunTime:0.000612s ]
INFO: [ app_begin ] --END-- [ RunTime:0.000655s ]
SQL: SHOW COLUMNS FROM `sq_system` [ RunTime:0.0075s ]
SQL: SELECT * FROM `sq_system` WHERE ( id = 1 ) LIMIT 1   [ RunTime:0.0006s ]
SQL: SHOW COLUMNS FROM `sq_link` [ RunTime:0.0120s ]
SQL: SELECT * FROM `sq_link` WHERE `status` = 1 LIMIT 18   [ RunTime:0.0004s ]
SQL: SHOW COLUMNS FROM `sq_category` [ RunTime:0.0075s ]
NOTIC: [8] Undefined variable: where F:\www\jiuxiang\Application\Mobile\Controller\BaseController.class.php 第 56 行.
SQL: SELECT * FROM `sq_category` ORDER BY sort ASC,id ASC  [ RunTime:0.0005s ]
SQL: SHOW COLUMNS FROM `sq_image` [ RunTime:0.0067s ]
SQL: SELECT * FROM `sq_image` WHERE `status` = 1 AND `cid` = 54 ORDER BY id ASC  [ RunTime:0.0004s ]
SQL: SHOW COLUMNS FROM `sq_views` [ RunTime:0.0055s ]
SQL: INSERT INTO `sq_views` (`ip`) VALUES ('127.0.0.1') [ RunTime:0.0528s ]
SQL: SHOW COLUMNS FROM `sq_news` [ RunTime:0.0064s ]
SQL: SELECT * FROM `sq_category` WHERE ( pid = 2 and status = 2 )  [ RunTime:0.0004s ]
NOTIC: [8] Undefined variable: str F:\www\jiuxiang\Application\Mobile\Controller\IndexController.class.php 第 11 行.
SQL: SELECT * FROM `sq_news` WHERE `status` = 1 AND `cid` IN ('31','32','33','55','58','') AND `is_recommend` = 1 ORDER BY sort DESC,news_time DESC,id DESC LIMIT 0,7   [ RunTime:0.0009s ]
SQL: SELECT * FROM `sq_news` WHERE `status` = 1 AND `cid` = 55 ORDER BY id DESC LIMIT 0,10   [ RunTime:0.0007s ]
SQL: SELECT * FROM `sq_news` WHERE `status` = 1 AND `cid` = 58 ORDER BY id DESC LIMIT 0,10   [ RunTime:0.0008s ]
SQL: SELECT * FROM `sq_news` WHERE `status` = 1 AND `cid` = 32 ORDER BY id DESC LIMIT 0,10   [ RunTime:0.0018s ]
SQL: SELECT * FROM `sq_news` WHERE `status` = 1 AND `cid` = 33 ORDER BY id DESC LIMIT 0,10   [ RunTime:0.0016s ]
SQL: SELECT * FROM `sq_news` WHERE `cid` = 59 AND `status` = 1 AND `type` = 1 AND `is_recommend` = 1 LIMIT 1   [ RunTime:0.0021s ]
SQL: SELECT * FROM `sq_news` WHERE `cid` = 59 AND `status` = 1 AND `type` = 2 AND `is_recommend` = 1 LIMIT 1   [ RunTime:0.0016s ]
SQL: SELECT * FROM `sq_system` WHERE ( id = 1 ) LIMIT 1   [ RunTime:0.0003s ]
NOTIC: [8] Undefined variable: recommend F:\www\jiuxiang\Application\Mobile\Controller\IndexController.class.php 第 60 行.
SQL: SELECT * FROM `sq_link` WHERE ( status = 1 ) ORDER BY id DESC  [ RunTime:0.0003s ]
SQL: SELECT * FROM `sq_image` WHERE ( cid = 54 and status = 1 ) ORDER BY id ASC LIMIT 10,3   [ RunTime:0.0003s ]
SQL: SELECT * FROM `sq_image` WHERE ( cid = 54 and status = 1 ) ORDER BY id ASC LIMIT 14,3   [ RunTime:0.0003s ]
SQL: SELECT * FROM `sq_image` WHERE `Id` = 57 LIMIT 1   [ RunTime:0.0003s ]
SQL: SELECT * FROM `sq_image` WHERE ( cid = 47 and status = 1 ) ORDER BY id DESC  [ RunTime:0.0004s ]
INFO: [ view_parse ] --START--
INFO: [ template_filter ] --START--
INFO: Run Behavior\ContentReplaceBehavior [ RunTime:0.000171s ]
INFO: [ template_filter ] --END-- [ RunTime:0.000268s ]
INFO: Run Behavior\ParseTemplateBehavior [ RunTime:0.014106s ]
INFO: [ view_parse ] --END-- [ RunTime:0.014169s ]
INFO: [ view_filter ] --START--
INFO: Run Behavior\WriteHtmlCacheBehavior [ RunTime:0.000502s ]
INFO: [ view_filter ] --END-- [ RunTime:0.000546s ]
INFO: [ app_end ] --START--
INFO: Run Behavior\ShowPageTraceBehavior [ RunTime:0.000722s ]
INFO: [ app_end ] --END-- [ RunTime:0.000774s ]

[ 2018-05-13T13:48:53+08:00 ] 127.0.0.1 /
INFO: [ app_init ] --START--
INFO: Run Behavior\BuildLiteBehavior [ RunTime:0.000010s ]
INFO: [ app_init ] --END-- [ RunTime:0.000356s ]
INFO: [ app_begin ] --START--
INFO: Run Behavior\ReadHtmlCacheBehavior [ RunTime:0.000430s ]
INFO: [ app_begin ] --END-- [ RunTime:0.000474s ]
SQL: SHOW COLUMNS FROM `sq_system` [ RunTime:0.0106s ]
SQL: SELECT * FROM `sq_system` WHERE ( id = 1 ) LIMIT 1   [ RunTime:0.0005s ]
SQL: SHOW COLUMNS FROM `sq_link` [ RunTime:0.0177s ]
SQL: SELECT * FROM `sq_link` WHERE `status` = 1 LIMIT 18   [ RunTime:0.0004s ]
SQL: SHOW COLUMNS FROM `sq_category` [ RunTime:0.0066s ]
NOTIC: [8] Undefined variable: where F:\www\jiuxiang\Application\Mobile\Controller\BaseController.class.php 第 56 行.
SQL: SELECT * FROM `sq_category` ORDER BY sort ASC,id ASC  [ RunTime:0.0006s ]
SQL: SHOW COLUMNS FROM `sq_image` [ RunTime:0.0064s ]
SQL: SELECT * FROM `sq_image` WHERE `status` = 1 AND `cid` = 54 ORDER BY id ASC LIMIT 3   [ RunTime:0.0003s ]
SQL: SHOW COLUMNS FROM `sq_views` [ RunTime:0.0047s ]
SQL: INSERT INTO `sq_views` (`ip`) VALUES ('127.0.0.1') [ RunTime:0.1565s ]
SQL: SHOW COLUMNS FROM `sq_news` [ RunTime:0.0064s ]
SQL: SELECT * FROM `sq_category` WHERE ( pid = 2 and status = 2 )  [ RunTime:0.0004s ]
NOTIC: [8] Undefined variable: str F:\www\jiuxiang\Application\Mobile\Controller\IndexController.class.php 第 11 行.
SQL: SELECT * FROM `sq_news` WHERE `status` = 1 AND `cid` IN ('31','32','33','55','58','') AND `is_recommend` = 1 ORDER BY sort DESC,news_time DESC,id DESC LIMIT 0,7   [ RunTime:0.0010s ]
SQL: SELECT * FROM `sq_news` WHERE `status` = 1 AND `cid` = 55 ORDER BY id DESC LIMIT 0,10   [ RunTime:0.0008s ]
SQL: SELECT * FROM `sq_news` WHERE `status` = 1 AND `cid` = 58 ORDER BY id DESC LIMIT 0,10   [ RunTime:0.0009s ]
SQL: SELECT * FROM `sq_news` WHERE `status` = 1 AND `cid` = 32 ORDER BY id DESC LIMIT 0,10   [ RunTime:0.0021s ]
SQL: SELECT * FROM `sq_news` WHERE `status` = 1 AND `cid` = 33 ORDER BY id DESC LIMIT 0,10   [ RunTime:0.0020s ]
SQL: SELECT * FROM `sq_news` WHERE `cid` = 59 AND `status` = 1 AND `type` = 1 AND `is_recommend` = 1 LIMIT 1   [ RunTime:0.0016s ]
SQL: SELECT * FROM `sq_news` WHERE `cid` = 59 AND `status` = 1 AND `type` = 2 AND `is_recommend` = 1 LIMIT 1   [ RunTime:0.0015s ]
SQL: SELECT * FROM `sq_system` WHERE ( id = 1 ) LIMIT 1   [ RunTime:0.0003s ]
NOTIC: [8] Undefined variable: recommend F:\www\jiuxiang\Application\Mobile\Controller\IndexController.class.php 第 60 行.
SQL: SELECT * FROM `sq_link` WHERE ( status = 1 ) ORDER BY id DESC  [ RunTime:0.0003s ]
SQL: SELECT * FROM `sq_image` WHERE ( cid = 54 and status = 1 ) ORDER BY id ASC LIMIT 10,3   [ RunTime:0.0003s ]
SQL: SELECT * FROM `sq_image` WHERE ( cid = 54 and status = 1 ) ORDER BY id ASC LIMIT 14,3   [ RunTime:0.0003s ]
SQL: SELECT * FROM `sq_image` WHERE `Id` = 57 LIMIT 1   [ RunTime:0.0003s ]
SQL: SELECT * FROM `sq_image` WHERE ( cid = 47 and status = 1 ) ORDER BY id DESC  [ RunTime:0.0003s ]
INFO: [ view_parse ] --START--
INFO: [ template_filter ] --START--
INFO: Run Behavior\ContentReplaceBehavior [ RunTime:0.000080s ]
INFO: [ template_filter ] --END-- [ RunTime:0.000135s ]
INFO: Run Behavior\ParseTemplateBehavior [ RunTime:0.012581s ]
INFO: [ view_parse ] --END-- [ RunTime:0.012671s ]
INFO: [ view_filter ] --START--
INFO: Run Behavior\WriteHtmlCacheBehavior [ RunTime:0.000349s ]
INFO: [ view_filter ] --END-- [ RunTime:0.000388s ]
INFO: [ app_end ] --START--
INFO: Run Behavior\ShowPageTraceBehavior [ RunTime:0.000501s ]
INFO: [ app_end ] --END-- [ RunTime:0.000545s ]

[ 2018-05-13T13:50:11+08:00 ] 127.0.0.1 /
INFO: [ app_init ] --START--
INFO: Run Behavior\BuildLiteBehavior [ RunTime:0.000014s ]
INFO: [ app_init ] --END-- [ RunTime:0.000434s ]
INFO: [ app_begin ] --START--
INFO: Run Behavior\ReadHtmlCacheBehavior [ RunTime:0.000764s ]
INFO: [ app_begin ] --END-- [ RunTime:0.000820s ]
SQL: SHOW COLUMNS FROM `sq_system` [ RunTime:0.0078s ]
SQL: SELECT * FROM `sq_system` WHERE ( id = 1 ) LIMIT 1   [ RunTime:0.0012s ]
SQL: SHOW COLUMNS FROM `sq_link` [ RunTime:0.0072s ]
SQL: SELECT * FROM `sq_link` WHERE `status` = 1 LIMIT 18   [ RunTime:0.0004s ]
SQL: SHOW COLUMNS FROM `sq_category` [ RunTime:0.0092s ]
NOTIC: [8] Undefined variable: where F:\www\jiuxiang\Application\Mobile\Controller\BaseController.class.php 第 56 行.
SQL: SELECT * FROM `sq_category` ORDER BY sort ASC,id ASC  [ RunTime:0.0007s ]
SQL: SHOW COLUMNS FROM `sq_image` [ RunTime:0.0092s ]
SQL: SELECT * FROM `sq_image` WHERE `status` = 1 AND `cid` = 54 ORDER BY id ASC LIMIT 3   [ RunTime:0.0004s ]
SQL: SHOW COLUMNS FROM `sq_views` [ RunTime:0.0075s ]
SQL: INSERT INTO `sq_views` (`ip`) VALUES ('127.0.0.1') [ RunTime:0.0657s ]
SQL: SHOW COLUMNS FROM `sq_news` [ RunTime:0.0064s ]
SQL: SELECT * FROM `sq_category` WHERE ( pid = 2 and status = 2 )  [ RunTime:0.0004s ]
NOTIC: [8] Undefined variable: str F:\www\jiuxiang\Application\Mobile\Controller\IndexController.class.php 第 11 行.
SQL: SELECT * FROM `sq_news` WHERE `status` = 1 AND `cid` IN ('31','32','33','55','58','') AND `is_recommend` = 1 ORDER BY sort DESC,news_time DESC,id DESC LIMIT 0,7   [ RunTime:0.0012s ]
SQL: SELECT * FROM `sq_news` WHERE `status` = 1 AND `cid` = 55 ORDER BY id DESC LIMIT 0,10   [ RunTime:0.0008s ]
SQL: SELECT * FROM `sq_news` WHERE `status` = 1 AND `cid` = 58 ORDER BY id DESC LIMIT 0,10   [ RunTime:0.0012s ]
SQL: SELECT * FROM `sq_news` WHERE `status` = 1 AND `cid` = 32 ORDER BY id DESC LIMIT 0,10   [ RunTime:0.0033s ]
SQL: SELECT * FROM `sq_news` WHERE `status` = 1 AND `cid` = 33 ORDER BY id DESC LIMIT 0,10   [ RunTime:0.0023s ]
SQL: SELECT * FROM `sq_news` WHERE `cid` = 59 AND `status` = 1 AND `type` = 1 AND `is_recommend` = 1 LIMIT 1   [ RunTime:0.0021s ]
SQL: SELECT * FROM `sq_news` WHERE `cid` = 59 AND `status` = 1 AND `type` = 2 AND `is_recommend` = 1 LIMIT 1   [ RunTime:0.0021s ]
SQL: SELECT * FROM `sq_system` WHERE ( id = 1 ) LIMIT 1   [ RunTime:0.0004s ]
NOTIC: [8] Undefined variable: recommend F:\www\jiuxiang\Application\Mobile\Controller\IndexController.class.php 第 60 行.
SQL: SELECT * FROM `sq_link` WHERE ( status = 1 ) ORDER BY id DESC  [ RunTime:0.0002s ]
SQL: SELECT * FROM `sq_image` WHERE ( cid = 54 and status = 1 ) ORDER BY id ASC LIMIT 10,3   [ RunTime:0.0002s ]
SQL: SELECT * FROM `sq_image` WHERE ( cid = 54 and status = 1 ) ORDER BY id ASC LIMIT 14,3   [ RunTime:0.0002s ]
SQL: SELECT * FROM `sq_image` WHERE `Id` = 57 LIMIT 1   [ RunTime:0.0002s ]
SQL: SELECT * FROM `sq_image` WHERE ( cid = 47 and status = 1 ) ORDER BY id DESC  [ RunTime:0.0002s ]
INFO: [ view_parse ] --START--
INFO: [ template_filter ] --START--
INFO: Run Behavior\ContentReplaceBehavior [ RunTime:0.000081s ]
INFO: [ template_filter ] --END-- [ RunTime:0.000128s ]
INFO: Run Behavior\ParseTemplateBehavior [ RunTime:0.012353s ]
INFO: [ view_parse ] --END-- [ RunTime:0.012419s ]
INFO: [ view_filter ] --START--
INFO: Run Behavior\WriteHtmlCacheBehavior [ RunTime:0.000456s ]
INFO: [ view_filter ] --END-- [ RunTime:0.000494s ]
INFO: [ app_end ] --START--
INFO: Run Behavior\ShowPageTraceBehavior [ RunTime:0.000659s ]
INFO: [ app_end ] --END-- [ RunTime:0.000704s ]

[ 2018-05-13T13:51:26+08:00 ] 127.0.0.1 /
INFO: [ app_init ] --START--
INFO: Run Behavior\BuildLiteBehavior [ RunTime:0.000025s ]
INFO: [ app_init ] --END-- [ RunTime:0.000832s ]
INFO: [ app_begin ] --START--
INFO: Run Behavior\ReadHtmlCacheBehavior [ RunTime:0.000630s ]
INFO: [ app_begin ] --END-- [ RunTime:0.000695s ]
SQL: SHOW COLUMNS FROM `sq_system` [ RunTime:0.0095s ]
SQL: SELECT * FROM `sq_system` WHERE ( id = 1 ) LIMIT 1   [ RunTime:0.0005s ]
SQL: SHOW COLUMNS FROM `sq_link` [ RunTime:0.0057s ]
SQL: SELECT * FROM `sq_link` WHERE `status` = 1 LIMIT 18   [ RunTime:0.0004s ]
SQL: SHOW COLUMNS FROM `sq_category` [ RunTime:0.0138s ]
NOTIC: [8] Undefined variable: where F:\www\jiuxiang\Application\Mobile\Controller\BaseController.class.php 第 56 行.
SQL: SELECT * FROM `sq_category` ORDER BY sort ASC,id ASC  [ RunTime:0.0006s ]
SQL: SHOW COLUMNS FROM `sq_image` [ RunTime:0.0058s ]
SQL: SELECT * FROM `sq_image` WHERE `status` = 1 AND `cid` = 54 ORDER BY id ASC LIMIT 3   [ RunTime:0.0002s ]
SQL: SHOW COLUMNS FROM `sq_views` [ RunTime:0.0048s ]
SQL: INSERT INTO `sq_views` (`ip`) VALUES ('127.0.0.1') [ RunTime:0.1284s ]
SQL: SHOW COLUMNS FROM `sq_news` [ RunTime:0.0067s ]
SQL: SELECT * FROM `sq_category` WHERE ( pid = 2 and status = 2 )  [ RunTime:0.0005s ]
NOTIC: [8] Undefined variable: str F:\www\jiuxiang\Application\Mobile\Controller\IndexController.class.php 第 11 行.
SQL: SELECT * FROM `sq_news` WHERE `status` = 1 AND `cid` IN ('31','32','33','55','58','') AND `is_recommend` = 1 ORDER BY sort DESC,news_time DESC,id DESC LIMIT 0,7   [ RunTime:0.0012s ]
SQL: SELECT * FROM `sq_news` WHERE `status` = 1 AND `cid` = 55 ORDER BY id DESC LIMIT 0,10   [ RunTime:0.0007s ]
SQL: SELECT * FROM `sq_news` WHERE `status` = 1 AND `cid` = 58 ORDER BY id DESC LIMIT 0,10   [ RunTime:0.0008s ]
SQL: SELECT * FROM `sq_news` WHERE `status` = 1 AND `cid` = 32 ORDER BY id DESC LIMIT 0,10   [ RunTime:0.0020s ]
SQL: SELECT * FROM `sq_news` WHERE `status` = 1 AND `cid` = 33 ORDER BY id DESC LIMIT 0,10   [ RunTime:0.0017s ]
SQL: SELECT * FROM `sq_news` WHERE `cid` = 59 AND `status` = 1 AND `type` = 1 AND `is_recommend` = 1 LIMIT 1   [ RunTime:0.0016s ]
SQL: SELECT * FROM `sq_news` WHERE `cid` = 59 AND `status` = 1 AND `type` = 2 AND `is_recommend` = 1 LIMIT 1   [ RunTime:0.0016s ]
SQL: SELECT * FROM `sq_system` WHERE ( id = 1 ) LIMIT 1   [ RunTime:0.0003s ]
NOTIC: [8] Undefined variable: recommend F:\www\jiuxiang\Application\Mobile\Controller\IndexController.class.php 第 60 行.
SQL: SELECT * FROM `sq_link` WHERE ( status = 1 ) ORDER BY id DESC  [ RunTime:0.0002s ]
SQL: SELECT * FROM `sq_image` WHERE ( cid = 54 and status = 1 ) ORDER BY id ASC LIMIT 10,3   [ RunTime:0.0003s ]
SQL: SELECT * FROM `sq_image` WHERE ( cid = 54 and status = 1 ) ORDER BY id ASC LIMIT 14,3   [ RunTime:0.0003s ]
SQL: SELECT * FROM `sq_image` WHERE `Id` = 57 LIMIT 1   [ RunTime:0.0002s ]
SQL: SELECT * FROM `sq_image` WHERE ( cid = 47 and status = 1 ) ORDER BY id DESC  [ RunTime:0.0003s ]
INFO: [ view_parse ] --START--
INFO: [ template_filter ] --START--
INFO: Run Behavior\ContentReplaceBehavior [ RunTime:0.000082s ]
INFO: [ template_filter ] --END-- [ RunTime:0.000124s ]
INFO: Run Behavior\ParseTemplateBehavior [ RunTime:0.011531s ]
INFO: [ view_parse ] --END-- [ RunTime:0.011606s ]
INFO: [ view_filter ] --START--
INFO: Run Behavior\WriteHtmlCacheBehavior [ RunTime:0.000266s ]
INFO: [ view_filter ] --END-- [ RunTime:0.000303s ]
INFO: [ app_end ] --START--
INFO: Run Behavior\ShowPageTraceBehavior [ RunTime:0.000515s ]
INFO: [ app_end ] --END-- [ RunTime:0.000576s ]

[ 2018-05-13T13:51:28+08:00 ] 127.0.0.1 /
INFO: [ app_init ] --START--
INFO: Run Behavior\BuildLiteBehavior [ RunTime:0.000014s ]
INFO: [ app_init ] --END-- [ RunTime:0.000447s ]
INFO: [ app_begin ] --START--
INFO: Run Behavior\ReadHtmlCacheBehavior [ RunTime:0.000546s ]
INFO: [ app_begin ] --END-- [ RunTime:0.000602s ]
SQL: SHOW COLUMNS FROM `sq_system` [ RunTime:0.0094s ]
SQL: SELECT * FROM `sq_system` WHERE ( id = 1 ) LIMIT 1   [ RunTime:0.0003s ]
SQL: SHOW COLUMNS FROM `sq_link` [ RunTime:0.0058s ]
SQL: SELECT * FROM `sq_link` WHERE `status` = 1 LIMIT 18   [ RunTime:0.0004s ]
SQL: SHOW COLUMNS FROM `sq_category` [ RunTime:0.0145s ]
NOTIC: [8] Undefined variable: where F:\www\jiuxiang\Application\Mobile\Controller\BaseController.class.php 第 56 行.
SQL: SELECT * FROM `sq_category` ORDER BY sort ASC,id ASC  [ RunTime:0.0005s ]
SQL: SHOW COLUMNS FROM `sq_image` [ RunTime:0.0063s ]
SQL: SELECT * FROM `sq_image` WHERE `status` = 1 AND `cid` = 54 ORDER BY id ASC LIMIT 3   [ RunTime:0.0004s ]
SQL: SHOW COLUMNS FROM `sq_views` [ RunTime:0.0055s ]
SQL: INSERT INTO `sq_views` (`ip`) VALUES ('127.0.0.1') [ RunTime:0.1265s ]
SQL: SHOW COLUMNS FROM `sq_news` [ RunTime:0.0485s ]
SQL: SELECT * FROM `sq_category` WHERE ( pid = 2 and status = 2 )  [ RunTime:0.0003s ]
NOTIC: [8] Undefined variable: str F:\www\jiuxiang\Application\Mobile\Controller\IndexController.class.php 第 11 行.
SQL: SELECT * FROM `sq_news` WHERE `status` = 1 AND `cid` IN ('31','32','33','55','58','') AND `is_recommend` = 1 ORDER BY sort DESC,news_time DESC,id DESC LIMIT 0,7   [ RunTime:0.0008s ]
SQL: SELECT * FROM `sq_news` WHERE `status` = 1 AND `cid` = 55 ORDER BY id DESC LIMIT 0,10   [ RunTime:0.0006s ]
SQL: SELECT * FROM `sq_news` WHERE `status` = 1 AND `cid` = 58 ORDER BY id DESC LIMIT 0,10   [ RunTime:0.0008s ]
SQL: SELECT * FROM `sq_news` WHERE `status` = 1 AND `cid` = 32 ORDER BY id DESC LIMIT 0,10   [ RunTime:0.0018s ]
SQL: SELECT * FROM `sq_news` WHERE `status` = 1 AND `cid` = 33 ORDER BY id DESC LIMIT 0,10   [ RunTime:0.0015s ]
SQL: SELECT * FROM `sq_news` WHERE `cid` = 59 AND `status` = 1 AND `type` = 1 AND `is_recommend` = 1 LIMIT 1   [ RunTime:0.0019s ]
SQL: SELECT * FROM `sq_news` WHERE `cid` = 59 AND `status` = 1 AND `type` = 2 AND `is_recommend` = 1 LIMIT 1   [ RunTime:0.0024s ]
SQL: SELECT * FROM `sq_system` WHERE ( id = 1 ) LIMIT 1   [ RunTime:0.0003s ]
NOTIC: [8] Undefined variable: recommend F:\www\jiuxiang\Application\Mobile\Controller\IndexController.class.php 第 60 行.
SQL: SELECT * FROM `sq_link` WHERE ( status = 1 ) ORDER BY id DESC  [ RunTime:0.0002s ]
SQL: SELECT * FROM `sq_image` WHERE ( cid = 54 and status = 1 ) ORDER BY id ASC LIMIT 10,3   [ RunTime:0.0003s ]
SQL: SELECT * FROM `sq_image` WHERE ( cid = 54 and status = 1 ) ORDER BY id ASC LIMIT 14,3   [ RunTime:0.0003s ]
SQL: SELECT * FROM `sq_image` WHERE `Id` = 57 LIMIT 1   [ RunTime:0.0002s ]
SQL: SELECT * FROM `sq_image` WHERE ( cid = 47 and status = 1 ) ORDER BY id DESC  [ RunTime:0.0003s ]
INFO: [ view_parse ] --START--
INFO: [ template_filter ] --START--
INFO: Run Behavior\ContentReplaceBehavior [ RunTime:0.000078s ]
INFO: [ template_filter ] --END-- [ RunTime:0.000124s ]
INFO: Run Behavior\ParseTemplateBehavior [ RunTime:0.011450s ]
INFO: [ view_parse ] --END-- [ RunTime:0.011575s ]
INFO: [ view_filter ] --START--
INFO: Run Behavior\WriteHtmlCacheBehavior [ RunTime:0.000513s ]
INFO: [ view_filter ] --END-- [ RunTime:0.000553s ]
INFO: [ app_end ] --START--
INFO: Run Behavior\ShowPageTraceBehavior [ RunTime:0.000460s ]
INFO: [ app_end ] --END-- [ RunTime:0.000500s ]

[ 2018-05-13T13:52:29+08:00 ] 127.0.0.1 /
INFO: [ app_init ] --START--
INFO: Run Behavior\BuildLiteBehavior [ RunTime:0.000012s ]
INFO: [ app_init ] --END-- [ RunTime:0.000331s ]
INFO: [ app_begin ] --START--
INFO: Run Behavior\ReadHtmlCacheBehavior [ RunTime:0.000593s ]
INFO: [ app_begin ] --END-- [ RunTime:0.000637s ]
SQL: SHOW COLUMNS FROM `sq_system` [ RunTime:0.0159s ]
SQL: SELECT * FROM `sq_system` WHERE ( id = 1 ) LIMIT 1   [ RunTime:0.0011s ]
SQL: SHOW COLUMNS FROM `sq_link` [ RunTime:0.0153s ]
SQL: SELECT * FROM `sq_link` WHERE `status` = 1 LIMIT 18   [ RunTime:0.0007s ]
SQL: SHOW COLUMNS FROM `sq_category` [ RunTime:0.0170s ]
NOTIC: [8] Undefined variable: where F:\www\jiuxiang\Application\Mobile\Controller\BaseController.class.php 第 56 行.
SQL: SELECT * FROM `sq_category` ORDER BY sort ASC,id ASC  [ RunTime:0.0014s ]
SQL: SHOW COLUMNS FROM `sq_image` [ RunTime:0.0161s ]
SQL: SELECT * FROM `sq_image` WHERE `status` = 1 AND `cid` = 54 ORDER BY id ASC LIMIT 3   [ RunTime:0.0007s ]
SQL: SHOW COLUMNS FROM `sq_views` [ RunTime:0.0155s ]
SQL: INSERT INTO `sq_views` (`ip`) VALUES ('127.0.0.1') [ RunTime:0.0510s ]
SQL: SHOW COLUMNS FROM `sq_news` [ RunTime:0.0077s ]
SQL: SELECT * FROM `sq_category` WHERE ( pid = 2 and status = 2 )  [ RunTime:0.0004s ]
NOTIC: [8] Undefined variable: str F:\www\jiuxiang\Application\Mobile\Controller\IndexController.class.php 第 11 行.
SQL: SELECT * FROM `sq_news` WHERE `status` = 1 AND `cid` IN ('31','32','33','55','58','') AND `is_recommend` = 1 ORDER BY sort DESC,news_time DESC,id DESC LIMIT 0,7   [ RunTime:0.0009s ]
SQL: SELECT * FROM `sq_news` WHERE `status` = 1 AND `cid` = 55 ORDER BY id DESC LIMIT 0,10   [ RunTime:0.0007s ]
SQL: SELECT * FROM `sq_news` WHERE `status` = 1 AND `cid` = 58 ORDER BY id DESC LIMIT 0,10   [ RunTime:0.0009s ]
SQL: SELECT * FROM `sq_news` WHERE `status` = 1 AND `cid` = 32 ORDER BY id DESC LIMIT 0,10   [ RunTime:0.0020s ]
SQL: SELECT * FROM `sq_news` WHERE `status` = 1 AND `cid` = 33 ORDER BY id DESC LIMIT 0,10   [ RunTime:0.0015s ]
SQL: SELECT * FROM `sq_news` WHERE `cid` = 59 AND `status` = 1 AND `type` = 1 AND `is_recommend` = 1 LIMIT 1   [ RunTime:0.0014s ]
SQL: SELECT * FROM `sq_news` WHERE `cid` = 59 AND `status` = 1 AND `type` = 2 AND `is_recommend` = 1 LIMIT 1   [ RunTime:0.0014s ]
SQL: SELECT * FROM `sq_system` WHERE ( id = 1 ) LIMIT 1   [ RunTime:0.0003s ]
NOTIC: [8] Undefined variable: recommend F:\www\jiuxiang\Application\Mobile\Controller\IndexController.class.php 第 60 行.
SQL: SELECT * FROM `sq_link` WHERE ( status = 1 ) ORDER BY id DESC  [ RunTime:0.0003s ]
SQL: SELECT * FROM `sq_image` WHERE ( cid = 54 and status = 1 ) ORDER BY id ASC LIMIT 10,3   [ RunTime:0.0003s ]
SQL: SELECT * FROM `sq_image` WHERE ( cid = 54 and status = 1 ) ORDER BY id ASC LIMIT 14,3   [ RunTime:0.0004s ]
SQL: SELECT * FROM `sq_image` WHERE `Id` = 57 LIMIT 1   [ RunTime:0.0002s ]
SQL: SELECT * FROM `sq_image` WHERE ( cid = 47 and status = 1 ) ORDER BY id DESC  [ RunTime:0.0004s ]
INFO: [ view_parse ] --START--
INFO: [ template_filter ] --START--
INFO: Run Behavior\ContentReplaceBehavior [ RunTime:0.000082s ]
INFO: [ template_filter ] --END-- [ RunTime:0.000134s ]
INFO: Run Behavior\ParseTemplateBehavior [ RunTime:0.011985s ]
INFO: [ view_parse ] --END-- [ RunTime:0.012053s ]
INFO: [ view_filter ] --START--
INFO: Run Behavior\WriteHtmlCacheBehavior [ RunTime:0.000448s ]
INFO: [ view_filter ] --END-- [ RunTime:0.000486s ]
INFO: [ app_end ] --START--
INFO: Run Behavior\ShowPageTraceBehavior [ RunTime:0.000580s ]
INFO: [ app_end ] --END-- [ RunTime:0.000621s ]

[ 2018-05-13T14:13:47+08:00 ] 127.0.0.1 /
INFO: [ app_init ] --START--
INFO: Run Behavior\BuildLiteBehavior [ RunTime:0.000012s ]
INFO: [ app_init ] --END-- [ RunTime:0.000449s ]
INFO: [ app_begin ] --START--
INFO: Run Behavior\ReadHtmlCacheBehavior [ RunTime:0.000663s ]
INFO: [ app_begin ] --END-- [ RunTime:0.000713s ]
SQL: SHOW COLUMNS FROM `sq_system` [ RunTime:0.0558s ]
SQL: SELECT * FROM `sq_system` WHERE ( id = 1 ) LIMIT 1   [ RunTime:0.0010s ]
SQL: SHOW COLUMNS FROM `sq_link` [ RunTime:0.0151s ]
SQL: SELECT * FROM `sq_link` WHERE `status` = 1 LIMIT 18   [ RunTime:0.0007s ]
SQL: SHOW COLUMNS FROM `sq_category` [ RunTime:0.0141s ]
NOTIC: [8] Undefined variable: where F:\www\jiuxiang\Application\Mobile\Controller\BaseController.class.php 第 56 行.
SQL: SELECT * FROM `sq_category` ORDER BY sort ASC,id ASC  [ RunTime:0.0014s ]
SQL: SHOW COLUMNS FROM `sq_image` [ RunTime:0.0066s ]
SQL: SELECT * FROM `sq_image` WHERE `status` = 1 AND `cid` = 54 ORDER BY id ASC LIMIT 3   [ RunTime:0.0004s ]
SQL: SHOW COLUMNS FROM `sq_views` [ RunTime:0.0045s ]
SQL: INSERT INTO `sq_views` (`ip`) VALUES ('127.0.0.1') [ RunTime:0.0691s ]
SQL: SHOW COLUMNS FROM `sq_news` [ RunTime:0.0145s ]
SQL: SELECT * FROM `sq_category` WHERE ( pid = 2 and status = 2 )  [ RunTime:0.0003s ]
NOTIC: [8] Undefined variable: str F:\www\jiuxiang\Application\Mobile\Controller\IndexController.class.php 第 11 行.
SQL: SELECT * FROM `sq_news` WHERE `status` = 1 AND `cid` IN ('31','32','33','55','58','') AND `is_recommend` = 1 ORDER BY sort DESC,news_time DESC,id DESC LIMIT 0,7   [ RunTime:0.0009s ]
SQL: SELECT * FROM `sq_news` WHERE `status` = 1 AND `cid` = 55 ORDER BY id DESC LIMIT 0,10   [ RunTime:0.0007s ]
SQL: SELECT * FROM `sq_news` WHERE `status` = 1 AND `cid` = 58 ORDER BY id DESC LIMIT 0,10   [ RunTime:0.0009s ]
SQL: SELECT * FROM `sq_news` WHERE `status` = 1 AND `cid` = 32 ORDER BY id DESC LIMIT 0,10   [ RunTime:0.0026s ]
SQL: SELECT * FROM `sq_news` WHERE `status` = 1 AND `cid` = 33 ORDER BY id DESC LIMIT 0,10   [ RunTime:0.0023s ]
SQL: SELECT * FROM `sq_news` WHERE `cid` = 59 AND `status` = 1 AND `type` = 1 AND `is_recommend` = 1 LIMIT 1   [ RunTime:0.0018s ]
SQL: SELECT * FROM `sq_news` WHERE `cid` = 59 AND `status` = 1 AND `type` = 2 AND `is_recommend` = 1 LIMIT 1   [ RunTime:0.0016s ]
SQL: SELECT * FROM `sq_system` WHERE ( id = 1 ) LIMIT 1   [ RunTime:0.0003s ]
NOTIC: [8] Undefined variable: recommend F:\www\jiuxiang\Application\Mobile\Controller\IndexController.class.php 第 60 行.
SQL: SELECT * FROM `sq_link` WHERE ( status = 1 ) ORDER BY id DESC  [ RunTime:0.0002s ]
SQL: SELECT * FROM `sq_image` WHERE ( cid = 54 and status = 1 ) ORDER BY id ASC LIMIT 10,3   [ RunTime:0.0002s ]
SQL: SELECT * FROM `sq_image` WHERE ( cid = 54 and status = 1 ) ORDER BY id ASC LIMIT 14,3   [ RunTime:0.0003s ]
SQL: SELECT * FROM `sq_image` WHERE `Id` = 57 LIMIT 1   [ RunTime:0.0002s ]
SQL: SELECT * FROM `sq_image` WHERE ( cid = 47 and status = 1 ) ORDER BY id DESC  [ RunTime:0.0003s ]
INFO: [ view_parse ] --START--
INFO: [ template_filter ] --START--
INFO: Run Behavior\ContentReplaceBehavior [ RunTime:0.000079s ]
INFO: [ template_filter ] --END-- [ RunTime:0.000130s ]
INFO: Run Behavior\ParseTemplateBehavior [ RunTime:0.012701s ]
INFO: [ view_parse ] --END-- [ RunTime:0.012769s ]
INFO: [ view_filter ] --START--
INFO: Run Behavior\WriteHtmlCacheBehavior [ RunTime:0.000391s ]
INFO: [ view_filter ] --END-- [ RunTime:0.000425s ]
INFO: [ app_end ] --START--
INFO: Run Behavior\ShowPageTraceBehavior [ RunTime:0.000576s ]
INFO: [ app_end ] --END-- [ RunTime:0.000615s ]

[ 2018-05-13T14:14:06+08:00 ] 127.0.0.1 /
INFO: [ app_init ] --START--
INFO: Run Behavior\BuildLiteBehavior [ RunTime:0.000024s ]
INFO: [ app_init ] --END-- [ RunTime:0.000793s ]
INFO: [ app_begin ] --START--
INFO: Run Behavior\ReadHtmlCacheBehavior [ RunTime:0.000974s ]
INFO: [ app_begin ] --END-- [ RunTime:0.001074s ]
SQL: SHOW COLUMNS FROM `sq_system` [ RunTime:0.0124s ]
SQL: SELECT * FROM `sq_system` WHERE ( id = 1 ) LIMIT 1   [ RunTime:0.0003s ]
SQL: SHOW COLUMNS FROM `sq_link` [ RunTime:0.0059s ]
SQL: SELECT * FROM `sq_link` WHERE `status` = 1 LIMIT 18   [ RunTime:0.0004s ]
SQL: SHOW COLUMNS FROM `sq_category` [ RunTime:0.0146s ]
NOTIC: [8] Undefined variable: where F:\www\jiuxiang\Application\Mobile\Controller\BaseController.class.php 第 56 行.
SQL: SELECT * FROM `sq_category` ORDER BY sort ASC,id ASC  [ RunTime:0.0006s ]
SQL: SHOW COLUMNS FROM `sq_image` [ RunTime:0.0070s ]
SQL: SELECT * FROM `sq_image` WHERE `status` = 1 AND `cid` = 54 ORDER BY id ASC LIMIT 3   [ RunTime:0.0004s ]
SQL: SHOW COLUMNS FROM `sq_views` [ RunTime:0.0076s ]
SQL: INSERT INTO `sq_views` (`ip`) VALUES ('127.0.0.1') [ RunTime:0.1412s ]
SQL: SHOW COLUMNS FROM `sq_news` [ RunTime:0.0057s ]
SQL: SELECT * FROM `sq_category` WHERE ( pid = 2 and status = 2 )  [ RunTime:0.0006s ]
NOTIC: [8] Undefined variable: str F:\www\jiuxiang\Application\Mobile\Controller\IndexController.class.php 第 11 行.
SQL: SELECT * FROM `sq_news` WHERE `status` = 1 AND `cid` IN ('31','32','33','55','58','') AND `is_recommend` = 1 ORDER BY sort DESC,news_time DESC,id DESC LIMIT 0,7   [ RunTime:0.0010s ]
SQL: SELECT * FROM `sq_news` WHERE `status` = 1 AND `cid` = 55 ORDER BY id DESC LIMIT 0,10   [ RunTime:0.0009s ]
SQL: SELECT * FROM `sq_news` WHERE `status` = 1 AND `cid` = 58 ORDER BY id DESC LIMIT 0,10   [ RunTime:0.0010s ]
SQL: SELECT * FROM `sq_news` WHERE `status` = 1 AND `cid` = 32 ORDER BY id DESC LIMIT 0,10   [ RunTime:0.0021s ]
SQL: SELECT * FROM `sq_news` WHERE `status` = 1 AND `cid` = 33 ORDER BY id DESC LIMIT 0,10   [ RunTime:0.0018s ]
SQL: SELECT * FROM `sq_news` WHERE `cid` = 59 AND `status` = 1 AND `type` = 1 AND `is_recommend` = 1 LIMIT 1   [ RunTime:0.0020s ]
SQL: SELECT * FROM `sq_news` WHERE `cid` = 59 AND `status` = 1 AND `type` = 2 AND `is_recommend` = 1 LIMIT 1   [ RunTime:0.0019s ]
SQL: SELECT * FROM `sq_system` WHERE ( id = 1 ) LIMIT 1   [ RunTime:0.0003s ]
NOTIC: [8] Undefined variable: recommend F:\www\jiuxiang\Application\Mobile\Controller\IndexController.class.php 第 60 行.
SQL: SELECT * FROM `sq_link` WHERE ( status = 1 ) ORDER BY id DESC  [ RunTime:0.0003s ]
SQL: SELECT * FROM `sq_image` WHERE ( cid = 54 and status = 1 ) ORDER BY id ASC LIMIT 10,3   [ RunTime:0.0003s ]
SQL: SELECT * FROM `sq_image` WHERE ( cid = 54 and status = 1 ) ORDER BY id ASC LIMIT 14,3   [ RunTime:0.0004s ]
SQL: SELECT * FROM `sq_image` WHERE `Id` = 57 LIMIT 1   [ RunTime:0.0004s ]
SQL: SELECT * FROM `sq_image` WHERE ( cid = 47 and status = 1 ) ORDER BY id DESC  [ RunTime:0.0006s ]
INFO: [ view_parse ] --START--
INFO: [ template_filter ] --START--
INFO: Run Behavior\ContentReplaceBehavior [ RunTime:0.000121s ]
INFO: [ template_filter ] --END-- [ RunTime:0.000194s ]
INFO: Run Behavior\ParseTemplateBehavior [ RunTime:0.018566s ]
INFO: [ view_parse ] --END-- [ RunTime:0.018699s ]
INFO: [ view_filter ] --START--
INFO: Run Behavior\WriteHtmlCacheBehavior [ RunTime:0.000397s ]
INFO: [ view_filter ] --END-- [ RunTime:0.000449s ]
INFO: [ app_end ] --START--
INFO: Run Behavior\ShowPageTraceBehavior [ RunTime:0.000678s ]
INFO: [ app_end ] --END-- [ RunTime:0.000737s ]

[ 2018-05-13T14:14:41+08:00 ] 127.0.0.1 /
INFO: [ app_init ] --START--
INFO: Run Behavior\BuildLiteBehavior [ RunTime:0.000011s ]
INFO: [ app_init ] --END-- [ RunTime:0.000350s ]
INFO: [ app_begin ] --START--
INFO: Run Behavior\ReadHtmlCacheBehavior [ RunTime:0.000420s ]
INFO: [ app_begin ] --END-- [ RunTime:0.000466s ]
SQL: SHOW COLUMNS FROM `sq_system` [ RunTime:0.0094s ]
SQL: SELECT * FROM `sq_system` WHERE ( id = 1 ) LIMIT 1   [ RunTime:0.0004s ]
SQL: SHOW COLUMNS FROM `sq_link` [ RunTime:0.0061s ]
SQL: SELECT * FROM `sq_link` WHERE `status` = 1 LIMIT 18   [ RunTime:0.0004s ]
SQL: SHOW COLUMNS FROM `sq_category` [ RunTime:0.0138s ]
NOTIC: [8] Undefined variable: where F:\www\jiuxiang\Application\Mobile\Controller\BaseController.class.php 第 56 行.
SQL: SELECT * FROM `sq_category` ORDER BY sort ASC,id ASC  [ RunTime:0.0005s ]
SQL: SHOW COLUMNS FROM `sq_image` [ RunTime:0.0059s ]
SQL: SELECT * FROM `sq_image` WHERE `status` = 1 AND `cid` = 54 ORDER BY id ASC LIMIT 3   [ RunTime:0.0003s ]
SQL: SHOW COLUMNS FROM `sq_views` [ RunTime:0.0048s ]
SQL: INSERT INTO `sq_views` (`ip`) VALUES ('127.0.0.1') [ RunTime:0.1452s ]
SQL: SHOW COLUMNS FROM `sq_news` [ RunTime:0.0064s ]
SQL: SELECT * FROM `sq_category` WHERE ( pid = 2 and status = 2 )  [ RunTime:0.0004s ]
NOTIC: [8] Undefined variable: str F:\www\jiuxiang\Application\Mobile\Controller\IndexController.class.php 第 11 行.
SQL: SELECT * FROM `sq_news` WHERE `status` = 1 AND `cid` IN ('31','32','33','55','58','') AND `is_recommend` = 1 ORDER BY sort DESC,news_time DESC,id DESC LIMIT 0,7   [ RunTime:0.0009s ]
SQL: SELECT * FROM `sq_news` WHERE `status` = 1 AND `cid` = 55 ORDER BY id DESC LIMIT 0,10   [ RunTime:0.0008s ]
SQL: SELECT * FROM `sq_news` WHERE `status` = 1 AND `cid` = 58 ORDER BY id DESC LIMIT 0,10   [ RunTime:0.0009s ]
SQL: SELECT * FROM `sq_news` WHERE `status` = 1 AND `cid` = 32 ORDER BY id DESC LIMIT 0,10   [ RunTime:0.0023s ]
SQL: SELECT * FROM `sq_news` WHERE `status` = 1 AND `cid` = 33 ORDER BY id DESC LIMIT 0,10   [ RunTime:0.0018s ]
SQL: SELECT * FROM `sq_news` WHERE `cid` = 59 AND `status` = 1 AND `type` = 1 AND `is_recommend` = 1 LIMIT 1   [ RunTime:0.0016s ]
SQL: SELECT * FROM `sq_news` WHERE `cid` = 59 AND `status` = 1 AND `type` = 2 AND `is_recommend` = 1 LIMIT 1   [ RunTime:0.0018s ]
SQL: SELECT * FROM `sq_system` WHERE ( id = 1 ) LIMIT 1   [ RunTime:0.0003s ]
NOTIC: [8] Undefined variable: recommend F:\www\jiuxiang\Application\Mobile\Controller\IndexController.class.php 第 60 行.
SQL: SELECT * FROM `sq_link` WHERE ( status = 1 ) ORDER BY id DESC  [ RunTime:0.0002s ]
SQL: SELECT * FROM `sq_image` WHERE ( cid = 54 and status = 1 ) ORDER BY id ASC LIMIT 10,3   [ RunTime:0.0002s ]
SQL: SELECT * FROM `sq_image` WHERE ( cid = 54 and status = 1 ) ORDER BY id ASC LIMIT 14,3   [ RunTime:0.0002s ]
SQL: SELECT * FROM `sq_image` WHERE `Id` = 57 LIMIT 1   [ RunTime:0.0002s ]
SQL: SELECT * FROM `sq_image` WHERE ( cid = 47 and status = 1 ) ORDER BY id DESC  [ RunTime:0.0002s ]
INFO: [ view_parse ] --START--
INFO: [ template_filter ] --START--
INFO: Run Behavior\ContentReplaceBehavior [ RunTime:0.000074s ]
INFO: [ template_filter ] --END-- [ RunTime:0.000119s ]
INFO: Run Behavior\ParseTemplateBehavior [ RunTime:0.012435s ]
INFO: [ view_parse ] --END-- [ RunTime:0.012511s ]
INFO: [ view_filter ] --START--
INFO: Run Behavior\WriteHtmlCacheBehavior [ RunTime:0.000256s ]
INFO: [ view_filter ] --END-- [ RunTime:0.000292s ]
INFO: [ app_end ] --START--
INFO: Run Behavior\ShowPageTraceBehavior [ RunTime:0.000591s ]
INFO: [ app_end ] --END-- [ RunTime:0.000648s ]

